0 info it worked if it ends with ok
1 verbose cli [
1 verbose cli   '/usr/local/bin/node',
1 verbose cli   '/usr/local/bin/npm',
1 verbose cli   'install',
1 verbose cli   '--ignore-scripts',
1 verbose cli   '@types/memorystream@ts3.6',
1 verbose cli   '@types/merge-descriptors@ts3.6',
1 verbose cli   '@types/merge-stream@ts3.6',
1 verbose cli   '@types/merge2@ts3.6',
1 verbose cli   '@types/methods@ts3.6',
1 verbose cli   '@types/micromatch@ts3.6',
1 verbose cli   '@types/mime@ts3.6',
1 verbose cli   '@types/mime-db@ts3.6',
1 verbose cli   '@types/mime-types@ts3.6',
1 verbose cli   '@types/min-indent@ts3.6',
1 verbose cli   '@types/minimalistic-assert@ts3.6',
1 verbose cli   '@types/minimatch@ts3.6',
1 verbose cli   '@types/minimist@ts3.6',
1 verbose cli   '@types/minipass@ts3.6',
1 verbose cli   '@types/minizlib@ts3.6',
1 verbose cli   '@types/mkdirp@ts3.6',
1 verbose cli   '@types/move-concurrently@ts3.6',
1 verbose cli   '@types/ms@ts3.6',
1 verbose cli   '@types/multicast-dns@ts3.6',
1 verbose cli   '@types/mute-stream@ts3.6',
1 verbose cli   '@types/natural-compare@ts3.6',
1 verbose cli   '@types/negotiator@ts3.6',
1 verbose cli   '@types/next-tick@ts3.6',
1 verbose cli   '@types/nice-try@ts3.6',
1 verbose cli   '@types/node-fetch@ts3.6',
1 verbose cli   '@types/node-forge@ts3.6',
1 verbose cli   '@types/node-int64@ts3.6',
1 verbose cli   '@types/node-notifier@ts3.6',
1 verbose cli   '@types/normalize-package-data@ts3.6',
1 verbose cli   '@types/normalize-path@ts3.6',
1 verbose cli   '@types/num2fraction@ts3.6',
1 verbose cli   '@types/nwsapi@ts3.6',
1 verbose cli   '@types/object-assign@ts3.6',
1 verbose cli   '@types/object-inspect@ts3.6',
1 verbose cli   '@types/object-keys@ts3.6',
1 verbose cli   '@types/object.fromentries@ts3.6',
1 verbose cli   '@types/object.getownpropertydescriptors@ts3.6',
1 verbose cli   '@types/object.pick@ts3.6',
1 verbose cli   '@types/on-finished@ts3.6',
1 verbose cli   '@types/on-headers@ts3.6',
1 verbose cli   '@types/once@ts3.6',
1 verbose cli   '@types/optimize-css-assets-webpack-plugin@ts3.6',
1 verbose cli   '@types/original@ts3.6',
1 verbose cli   '@types/os-tmpdir@ts3.6',
1 verbose cli   '@types/pako@ts3.6',
1 verbose cli   '@types/parallel-transform@ts3.6',
1 verbose cli   '@types/parse-json@ts3.6',
1 verbose cli   '@types/parse5@ts3.6',
1 verbose cli   '@types/parseurl@ts3.6',
1 verbose cli   '@types/pascalcase@ts3.6',
1 verbose cli   '@types/path-browserify@ts3.6',
1 verbose cli   '@types/path-is-absolute@ts3.6',
1 verbose cli   '@types/path-is-inside@ts3.6',
1 verbose cli   '@types/path-parse@ts3.6',
1 verbose cli   '@types/pbkdf2@ts3.6',
1 verbose cli   '@types/picomatch@ts3.6',
1 verbose cli   '@types/pify@ts3.6',
1 verbose cli   '@types/postcss-flexbugs-fixes@ts3.6',
1 verbose cli   '@types/postcss-gap-properties@ts3.6',
1 verbose cli   '@types/postcss-modules-extract-imports@ts3.6',
1 verbose cli   '@types/postcss-modules-local-by-default@ts3.6',
1 verbose cli   '@types/postcss-modules-scope@ts3.6',
1 verbose cli   '@types/postcss-modules-values@ts3.6',
1 verbose cli   '@types/postcss-normalize@ts3.6',
1 verbose cli   '@types/postcss-preset-env@ts3.6',
1 verbose cli   '@types/postcss-safe-parser@ts3.6',
1 verbose cli   '@types/prelude-ls@ts3.6',
1 verbose cli   '@types/prettier-linter-helpers@ts3.6',
1 verbose cli   '@types/progress@ts3.6',
1 verbose cli   '@types/promise-inflight@ts3.6',
1 verbose cli   '@types/prompts@ts3.6',
1 verbose cli   '@types/prop-types@ts3.6',
1 verbose cli   '@types/proxy-addr@ts3.6',
1 verbose cli   '@types/psl@ts3.6',
1 verbose cli   '@types/pump@ts3.6',
1 verbose cli   '@types/pumpify@ts3.6',
1 verbose cli   '@types/punycode@ts3.6',
1 verbose cli   '@types/q@ts3.6',
1 verbose cli   '@types/qs@ts3.6',
1 verbose cli   '@types/querystringify@ts3.6',
1 verbose cli   '@types/raf@ts3.6',
1 verbose cli   '@types/randombytes@ts3.6',
1 verbose cli   '@types/range-parser@ts3.6',
1 verbose cli   '@types/react-dev-utils@ts3.6',
1 verbose cli   '@types/react-is@ts3.6',
1 verbose cli   '@types/react-router@ts3.6',
1 verbose cli   '@types/readable-stream@ts3.6',
1 verbose cli   '@types/recursive-readdir@ts3.6',
1 verbose cli   '@types/regenerate@ts3.6',
1 verbose cli   '@types/regenerator-runtime@ts3.6',
1 verbose cli   '@types/regex-not@ts3.6',
1 verbose cli   '@types/relateurl@ts3.6',
1 verbose cli   '@types/repeat-element@ts3.6',
1 verbose cli   '@types/repeat-string@ts3.6',
1 verbose cli   '@types/require-directory@ts3.6',
1 verbose cli   '@types/require-from-string@ts3.6',
1 verbose cli   ... 104 more items
1 verbose cli ]
2 info using npm@6.14.6
3 info using node@v12.18.3
4 verbose npm-session 7c974da22e5713d7
5 silly install loadCurrentTree
6 silly install readLocalPackageData
7 http fetch GET 304 https://registry.npmjs.org/@types%2fmerge-stream 430ms (from cache)
8 http fetch GET 304 https://registry.npmjs.org/@types%2fmicromatch 425ms (from cache)
9 silly pacote tag manifest for @types/merge-stream@ts3.6 fetched in 439ms
10 silly pacote tag manifest for @types/micromatch@ts3.6 fetched in 434ms
11 http fetch GET 304 https://registry.npmjs.org/@types%2fmime-db 464ms (from cache)
12 silly pacote tag manifest for @types/mime-db@ts3.6 fetched in 468ms
13 http fetch GET 304 https://registry.npmjs.org/@types%2fmime 499ms (from cache)
14 silly pacote tag manifest for @types/mime@ts3.6 fetched in 501ms
15 http fetch GET 304 https://registry.npmjs.org/@types%2fminimatch 98ms (from cache)
16 silly pacote tag manifest for @types/minimatch@ts3.6 fetched in 101ms
17 http fetch GET 304 https://registry.npmjs.org/@types%2fminimist 96ms (from cache)
18 silly pacote tag manifest for @types/minimist@ts3.6 fetched in 99ms
19 http fetch GET 304 https://registry.npmjs.org/@types%2fmkdirp 89ms (from cache)
20 silly pacote tag manifest for @types/mkdirp@ts3.6 fetched in 91ms
21 http fetch GET 304 https://registry.npmjs.org/@types%2fmerge2 930ms (from cache)
22 silly pacote tag manifest for @types/merge2@ts3.6 fetched in 934ms
23 http fetch GET 304 https://registry.npmjs.org/@types%2fmin-indent 982ms (from cache)
24 silly pacote tag manifest for @types/min-indent@ts3.6 fetched in 984ms
25 http fetch GET 304 https://registry.npmjs.org/@types%2fms 94ms (from cache)
26 silly pacote tag manifest for @types/ms@ts3.6 fetched in 97ms
27 http fetch GET 304 https://registry.npmjs.org/@types%2fmime-types 1706ms (from cache)
28 silly pacote tag manifest for @types/mime-types@ts3.6 fetched in 1710ms
29 http fetch GET 304 https://registry.npmjs.org/@types%2fminimalistic-assert 1358ms (from cache)
30 silly pacote tag manifest for @types/minimalistic-assert@ts3.6 fetched in 1361ms
31 http fetch GET 304 https://registry.npmjs.org/@types%2fmethods 1809ms (from cache)
32 silly pacote tag manifest for @types/methods@ts3.6 fetched in 1816ms
33 http fetch GET 304 https://registry.npmjs.org/@types%2fminipass 1323ms (from cache)
34 silly pacote tag manifest for @types/minipass@ts3.6 fetched in 1326ms
35 http fetch GET 304 https://registry.npmjs.org/@types%2fmemorystream 2324ms (from cache)
36 silly pacote tag manifest for @types/memorystream@ts3.6 fetched in 2334ms
37 http fetch GET 304 https://registry.npmjs.org/@types%2fmulticast-dns 1346ms (from cache)
38 silly pacote tag manifest for @types/multicast-dns@ts3.6 fetched in 1347ms
39 http fetch GET 304 https://registry.npmjs.org/@types%2fnode-fetch 84ms (from cache)
40 silly pacote tag manifest for @types/node-fetch@ts3.6 fetched in 87ms
41 http fetch GET 304 https://registry.npmjs.org/@types%2fnode-forge 81ms (from cache)
42 silly pacote tag manifest for @types/node-forge@ts3.6 fetched in 85ms
43 http fetch GET 304 https://registry.npmjs.org/@types%2fnode-notifier 81ms (from cache)
44 silly pacote tag manifest for @types/node-notifier@ts3.6 fetched in 83ms
45 http fetch GET 304 https://registry.npmjs.org/@types%2fnormalize-package-data 92ms (from cache)
46 silly pacote tag manifest for @types/normalize-package-data@ts3.6 fetched in 95ms
47 http fetch GET 304 https://registry.npmjs.org/@types%2fmove-concurrently 2152ms (from cache)
48 http fetch GET 304 https://registry.npmjs.org/@types%2fminizlib 2279ms (from cache)
49 silly pacote tag manifest for @types/move-concurrently@ts3.6 fetched in 2160ms
50 silly pacote tag manifest for @types/minizlib@ts3.6 fetched in 2287ms
51 http fetch GET 304 https://registry.npmjs.org/@types%2fnatural-compare 1346ms (from cache)
52 silly pacote tag manifest for @types/natural-compare@ts3.6 fetched in 1349ms
53 http fetch GET 304 https://registry.npmjs.org/@types%2fnice-try 1375ms (from cache)
54 silly pacote tag manifest for @types/nice-try@ts3.6 fetched in 1377ms
55 http fetch GET 304 https://registry.npmjs.org/@types%2fmerge-descriptors 3360ms (from cache)
56 silly pacote tag manifest for @types/merge-descriptors@ts3.6 fetched in 3362ms
57 http fetch GET 304 https://registry.npmjs.org/@types%2fmute-stream 2368ms (from cache)
58 silly pacote tag manifest for @types/mute-stream@ts3.6 fetched in 2373ms
59 http fetch GET 304 https://registry.npmjs.org/@types%2fobject-keys 94ms (from cache)
60 silly pacote tag manifest for @types/object-keys@ts3.6 fetched in 97ms
61 http fetch GET 304 https://registry.npmjs.org/@types%2fobject.getownpropertydescriptors 88ms (from cache)
62 silly pacote tag manifest for @types/object.getownpropertydescriptors@ts3.6 fetched in 90ms
63 http fetch GET 304 https://registry.npmjs.org/@types%2fobject.pick 107ms (from cache)
64 silly pacote tag manifest for @types/object.pick@ts3.6 fetched in 111ms
65 http fetch GET 304 https://registry.npmjs.org/@types%2fon-finished 98ms (from cache)
66 silly pacote tag manifest for @types/on-finished@ts3.6 fetched in 102ms
67 http fetch GET 304 https://registry.npmjs.org/@types%2fnegotiator 2060ms (from cache)
68 silly pacote tag manifest for @types/negotiator@ts3.6 fetched in 2062ms
69 http fetch GET 304 https://registry.npmjs.org/@types%2fnext-tick 2110ms (from cache)
70 silly pacote tag manifest for @types/next-tick@ts3.6 fetched in 2112ms
71 http fetch GET 304 https://registry.npmjs.org/@types%2fnwsapi 1804ms (from cache)
72 http fetch GET 304 https://registry.npmjs.org/@types%2fnode-int64 2228ms (from cache)
73 http fetch GET 304 https://registry.npmjs.org/@types%2fobject-assign 1569ms (from cache)
74 silly pacote tag manifest for @types/nwsapi@ts3.6 fetched in 1809ms
75 http fetch GET 304 https://registry.npmjs.org/@types%2fon-headers 880ms (from cache)
76 silly pacote tag manifest for @types/node-int64@ts3.6 fetched in 2236ms
77 silly pacote tag manifest for @types/object-assign@ts3.6 fetched in 1578ms
78 silly pacote tag manifest for @types/on-headers@ts3.6 fetched in 889ms
79 http fetch GET 304 https://registry.npmjs.org/@types%2fnormalize-path 2076ms (from cache)
80 silly pacote tag manifest for @types/normalize-path@ts3.6 fetched in 2077ms
81 http fetch GET 304 https://registry.npmjs.org/@types%2fpako 104ms (from cache)
82 silly pacote tag manifest for @types/pako@ts3.6 fetched in 106ms
83 http fetch GET 304 https://registry.npmjs.org/@types%2fparse-json 99ms (from cache)
84 silly pacote tag manifest for @types/parse-json@ts3.6 fetched in 101ms
85 http fetch GET 304 https://registry.npmjs.org/@types%2fparseurl 100ms (from cache)
86 silly pacote tag manifest for @types/parseurl@ts3.6 fetched in 103ms
87 http fetch GET 304 https://registry.npmjs.org/@types%2fnum2fraction 2067ms (from cache)
88 silly pacote tag manifest for @types/num2fraction@ts3.6 fetched in 2073ms
89 http fetch GET 304 https://registry.npmjs.org/@types%2fpascalcase 104ms (from cache)
90 http fetch GET 304 https://registry.npmjs.org/@types%2fpath-browserify 98ms (from cache)
91 silly registry:manifest no matching version for @types/path-browserify@ts3.6 in the cache. Forcing revalidation.
92 silly pacote tag manifest for @types/pascalcase@ts3.6 fetched in 109ms
93 http fetch GET 304 https://registry.npmjs.org/@types%2fonce 1358ms (from cache)
94 silly pacote tag manifest for @types/once@ts3.6 fetched in 1361ms
95 http fetch GET 304 https://registry.npmjs.org/@types%2fobject-inspect 2104ms (from cache)
96 silly pacote tag manifest for @types/object-inspect@ts3.6 fetched in 2107ms
97 http fetch GET 304 https://registry.npmjs.org/@types%2fobject.fromentries 2053ms (from cache)
98 silly pacote tag manifest for @types/object.fromentries@ts3.6 fetched in 2055ms
99 http fetch GET 304 https://registry.npmjs.org/@types%2fpath-is-inside 631ms (from cache)
100 silly pacote tag manifest for @types/path-is-inside@ts3.6 fetched in 633ms
101 http fetch GET 304 https://registry.npmjs.org/@types%2fpicomatch 84ms (from cache)
102 silly pacote tag manifest for @types/picomatch@ts3.6 fetched in 86ms
103 http fetch GET 304 https://registry.npmjs.org/@types%2fos-tmpdir 1339ms (from cache)
104 silly pacote tag manifest for @types/os-tmpdir@ts3.6 fetched in 1341ms
105 http fetch GET 304 https://registry.npmjs.org/@types%2foriginal 1365ms (from cache)
106 silly pacote tag manifest for @types/original@ts3.6 fetched in 1367ms
107 http fetch GET 304 https://registry.npmjs.org/@types%2foptimize-css-assets-webpack-plugin 2106ms (from cache)
108 http fetch GET 304 https://registry.npmjs.org/@types%2fpify 96ms (from cache)
109 silly pacote tag manifest for @types/optimize-css-assets-webpack-plugin@ts3.6 fetched in 2110ms
110 silly pacote tag manifest for @types/pify@ts3.6 fetched in 99ms
111 http fetch GET 304 https://registry.npmjs.org/@types%2fparallel-transform 2081ms (from cache)
112 silly pacote tag manifest for @types/parallel-transform@ts3.6 fetched in 2083ms
113 http fetch GET 304 https://registry.npmjs.org/@types%2fpbkdf2 1360ms (from cache)
114 silly pacote tag manifest for @types/pbkdf2@ts3.6 fetched in 1362ms
115 http fetch GET 304 https://registry.npmjs.org/@types%2fpostcss-modules-scope 89ms (from cache)
116 silly pacote tag manifest for @types/postcss-modules-scope@ts3.6 fetched in 94ms
117 http fetch GET 304 https://registry.npmjs.org/@types%2fparse5 2128ms (from cache)
118 silly pacote tag manifest for @types/parse5@ts3.6 fetched in 2131ms
119 http fetch GET 304 https://registry.npmjs.org/@types%2fpostcss-modules-values 85ms (from cache)
120 silly pacote tag manifest for @types/postcss-modules-values@ts3.6 fetched in 87ms
121 http fetch GET 304 https://registry.npmjs.org/@types%2fpostcss-normalize 102ms (from cache)
122 silly pacote tag manifest for @types/postcss-normalize@ts3.6 fetched in 106ms
123 http fetch GET 304 https://registry.npmjs.org/@types%2fpath-is-absolute 2026ms (from cache)
124 silly pacote tag manifest for @types/path-is-absolute@ts3.6 fetched in 2028ms
125 http fetch GET 200 https://registry.npmjs.org/@types%2fpath-browserify 2083ms
126 silly fetchPackageMetaData error for @types/path-browserify@ts3.6 No matching version found for @types/path-browserify@ts3.6.
127 http fetch GET 304 https://registry.npmjs.org/@types%2fpostcss-flexbugs-fixes 1353ms (from cache)
128 silly pacote tag manifest for @types/postcss-flexbugs-fixes@ts3.6 fetched in 1358ms
129 http fetch GET 304 https://registry.npmjs.org/@types%2fpath-parse 2035ms (from cache)
130 silly pacote tag manifest for @types/path-parse@ts3.6 fetched in 2039ms
131 http fetch GET 304 https://registry.npmjs.org/@types%2fpostcss-modules-local-by-default 1328ms (from cache)
132 silly pacote tag manifest for @types/postcss-modules-local-by-default@ts3.6 fetched in 1330ms
133 http fetch GET 304 https://registry.npmjs.org/@types%2fpostcss-modules-extract-imports 1354ms (from cache)
134 silly pacote tag manifest for @types/postcss-modules-extract-imports@ts3.6 fetched in 1357ms
135 http fetch GET 304 https://registry.npmjs.org/@types%2fprop-types 96ms (from cache)
136 silly pacote tag manifest for @types/prop-types@ts3.6 fetched in 98ms
137 http fetch GET 304 https://registry.npmjs.org/@types%2fpsl 105ms (from cache)
138 silly pacote tag manifest for @types/psl@ts3.6 fetched in 108ms
139 http fetch GET 304 https://registry.npmjs.org/@types%2fpump 82ms (from cache)
140 silly pacote tag manifest for @types/pump@ts3.6 fetched in 84ms
141 http fetch GET 304 https://registry.npmjs.org/@types%2fpumpify 79ms (from cache)
142 silly pacote tag manifest for @types/pumpify@ts3.6 fetched in 81ms
143 http fetch GET 304 https://registry.npmjs.org/@types%2fpunycode 79ms (from cache)
144 silly pacote tag manifest for @types/punycode@ts3.6 fetched in 82ms
145 http fetch GET 304 https://registry.npmjs.org/@types%2fq 90ms (from cache)
146 silly pacote tag manifest for @types/q@ts3.6 fetched in 93ms
147 http fetch GET 304 https://registry.npmjs.org/@types%2fqs 75ms (from cache)
148 silly pacote tag manifest for @types/qs@ts3.6 fetched in 77ms
149 http fetch GET 304 https://registry.npmjs.org/@types%2fpostcss-gap-properties 2096ms (from cache)
150 silly pacote tag manifest for @types/postcss-gap-properties@ts3.6 fetched in 2099ms
151 http fetch GET 304 https://registry.npmjs.org/@types%2fraf 86ms (from cache)
152 silly pacote tag manifest for @types/raf@ts3.6 fetched in 88ms
153 http fetch GET 304 https://registry.npmjs.org/@types%2fprelude-ls 1346ms (from cache)
154 silly pacote tag manifest for @types/prelude-ls@ts3.6 fetched in 1348ms
155 http fetch GET 304 https://registry.npmjs.org/@types%2fprettier-linter-helpers 1311ms (from cache)
156 silly pacote tag manifest for @types/prettier-linter-helpers@ts3.6 fetched in 1314ms
157 http fetch GET 304 https://registry.npmjs.org/@types%2frange-parser 84ms (from cache)
158 silly pacote tag manifest for @types/range-parser@ts3.6 fetched in 86ms
159 http fetch GET 304 https://registry.npmjs.org/@types%2freact-is 86ms (from cache)
160 silly pacote tag manifest for @types/react-is@ts3.6 fetched in 90ms
161 http fetch GET 304 https://registry.npmjs.org/@types%2freact-router 87ms (from cache)
162 silly pacote tag manifest for @types/react-router@ts3.6 fetched in 90ms
163 http fetch GET 304 https://registry.npmjs.org/@types%2fpostcss-safe-parser 2085ms (from cache)
164 http fetch GET 304 https://registry.npmjs.org/@types%2fpostcss-preset-env 2109ms (from cache)
165 silly registry:manifest no matching version for @types/postcss-preset-env@ts3.6 in the cache. Forcing revalidation.
166 silly pacote tag manifest for @types/postcss-safe-parser@ts3.6 fetched in 2090ms
167 http fetch GET 304 https://registry.npmjs.org/@types%2fprogress 2095ms (from cache)
168 silly pacote tag manifest for @types/progress@ts3.6 fetched in 2097ms
169 http fetch GET 304 https://registry.npmjs.org/@types%2fpromise-inflight 2055ms (from cache)
170 silly pacote tag manifest for @types/promise-inflight@ts3.6 fetched in 2058ms
171 http fetch GET 304 https://registry.npmjs.org/@types%2fprompts 2091ms (from cache)
172 silly pacote tag manifest for @types/prompts@ts3.6 fetched in 2096ms
173 http fetch GET 304 https://registry.npmjs.org/@types%2fproxy-addr 2077ms (from cache)
174 silly pacote tag manifest for @types/proxy-addr@ts3.6 fetched in 2081ms
175 http fetch GET 304 https://registry.npmjs.org/@types%2frandombytes 1325ms (from cache)
176 silly pacote tag manifest for @types/randombytes@ts3.6 fetched in 1326ms
177 http fetch GET 304 https://registry.npmjs.org/@types%2frepeat-element 86ms (from cache)
178 silly pacote tag manifest for @types/repeat-element@ts3.6 fetched in 89ms
179 http fetch GET 304 https://registry.npmjs.org/@types%2fquerystringify 2111ms (from cache)
180 silly pacote tag manifest for @types/querystringify@ts3.6 fetched in 2114ms
181 http fetch GET 304 https://registry.npmjs.org/@types%2freact-dev-utils 2112ms (from cache)
182 silly pacote tag manifest for @types/react-dev-utils@ts3.6 fetched in 2114ms
183 http fetch GET 304 https://registry.npmjs.org/@types%2freadable-stream 2130ms (from cache)
184 silly pacote tag manifest for @types/readable-stream@ts3.6 fetched in 2133ms
185 http fetch GET 304 https://registry.npmjs.org/@types%2fregex-not 1400ms (from cache)
186 silly registry:manifest no matching version for @types/regex-not@ts3.6 in the cache. Forcing revalidation.
187 http fetch GET 200 https://registry.npmjs.org/@types%2fpostcss-preset-env 2065ms
188 silly fetchPackageMetaData error for @types/postcss-preset-env@ts3.6 No matching version found for @types/postcss-preset-env@ts3.6.
189 http fetch GET 304 https://registry.npmjs.org/@types%2frecursive-readdir 2122ms (from cache)
190 silly pacote tag manifest for @types/recursive-readdir@ts3.6 fetched in 2124ms
191 http fetch GET 304 https://registry.npmjs.org/@types%2fresolve 77ms (from cache)
192 silly pacote tag manifest for @types/resolve@ts3.6 fetched in 80ms
193 http fetch GET 304 https://registry.npmjs.org/@types%2fretry 82ms (from cache)
194 silly pacote tag manifest for @types/retry@ts3.6 fetched in 85ms
195 http fetch GET 304 https://registry.npmjs.org/@types%2frimraf 99ms (from cache)
196 silly pacote tag manifest for @types/rimraf@ts3.6 fetched in 101ms
197 http fetch GET 304 https://registry.npmjs.org/@types%2fregenerate 2085ms (from cache)
198 silly registry:manifest no matching version for @types/regenerate@ts3.6 in the cache. Forcing revalidation.
199 http fetch GET 304 https://registry.npmjs.org/@types%2fripemd160 81ms (from cache)
200 silly pacote tag manifest for @types/ripemd160@ts3.6 fetched in 83ms
201 http fetch GET 304 https://registry.npmjs.org/@types%2frsvp 92ms (from cache)
202 silly pacote tag manifest for @types/rsvp@ts3.6 fetched in 94ms
203 http fetch GET 304 https://registry.npmjs.org/@types%2fsafe-regex 84ms (from cache)
204 silly pacote tag manifest for @types/safe-regex@ts3.6 fetched in 88ms
205 http fetch GET 304 https://registry.npmjs.org/@types%2fregenerator-runtime 2122ms (from cache)
206 http fetch GET 304 https://registry.npmjs.org/@types%2fsafer-buffer 90ms (from cache)
207 silly pacote tag manifest for @types/regenerator-runtime@ts3.6 fetched in 2124ms
208 silly pacote tag manifest for @types/safer-buffer@ts3.6 fetched in 94ms
209 http fetch GET 304 https://registry.npmjs.org/@types%2frelateurl 2126ms (from cache)
210 silly pacote tag manifest for @types/relateurl@ts3.6 fetched in 2128ms
211 http fetch GET 304 https://registry.npmjs.org/@types%2frepeat-string 2059ms (from cache)
212 silly pacote tag manifest for @types/repeat-string@ts3.6 fetched in 2061ms
213 http fetch GET 304 https://registry.npmjs.org/@types%2fscheduler 81ms (from cache)
214 silly pacote tag manifest for @types/scheduler@ts3.6 fetched in 83ms
215 http fetch GET 304 https://registry.npmjs.org/@types%2frequire-directory 2128ms (from cache)
216 silly pacote tag manifest for @types/require-directory@ts3.6 fetched in 2131ms
217 http fetch GET 304 https://registry.npmjs.org/@types%2fsemver 91ms (from cache)
218 silly pacote tag manifest for @types/semver@ts3.6 fetched in 94ms
219 http fetch GET 304 https://registry.npmjs.org/@types%2frequire-from-string 2175ms (from cache)
220 http fetch GET 304 https://registry.npmjs.org/@types%2frun-parallel 1340ms (from cache)
221 silly pacote tag manifest for @types/require-from-string@ts3.6 fetched in 2177ms
222 silly pacote tag manifest for @types/run-parallel@ts3.6 fetched in 1345ms
223 http fetch GET 304 https://registry.npmjs.org/@types%2fsend 125ms (from cache)
224 silly pacote tag manifest for @types/send@ts3.6 fetched in 127ms
225 http fetch GET 304 https://registry.npmjs.org/@types%2frequires-port 2084ms (from cache)
226 silly pacote tag manifest for @types/requires-port@ts3.6 fetched in 2090ms
227 http fetch GET 304 https://registry.npmjs.org/@types%2fserve-index 84ms (from cache)
228 silly pacote tag manifest for @types/serve-index@ts3.6 fetched in 88ms
229 http fetch GET 304 https://registry.npmjs.org/@types%2fserve-static 91ms (from cache)
230 silly pacote tag manifest for @types/serve-static@ts3.6 fetched in 94ms
231 http fetch GET 304 https://registry.npmjs.org/@types%2fset-value 79ms (from cache)
232 silly pacote tag manifest for @types/set-value@ts3.6 fetched in 81ms
233 http fetch GET 200 https://registry.npmjs.org/@types%2fregex-not 2115ms
234 silly fetchPackageMetaData error for @types/regex-not@ts3.6 No matching version found for @types/regex-not@ts3.6.
235 http fetch GET 304 https://registry.npmjs.org/@types%2fsax 1397ms (from cache)
236 silly pacote tag manifest for @types/sax@ts3.6 fetched in 1399ms
237 http fetch GET 304 https://registry.npmjs.org/@types%2fsetimmediate 82ms (from cache)
238 silly pacote tag manifest for @types/setimmediate@ts3.6 fetched in 84ms
239 http fetch GET 304 https://registry.npmjs.org/@types%2fsha.js 88ms (from cache)
240 silly pacote tag manifest for @types/sha.js@ts3.6 fetched in 89ms
241 http fetch GET 304 https://registry.npmjs.org/@types%2fshebang-command 83ms (from cache)
242 silly pacote tag manifest for @types/shebang-command@ts3.6 fetched in 89ms
243 http fetch GET 304 https://registry.npmjs.org/@types%2fsignal-exit 94ms (from cache)
244 silly pacote tag manifest for @types/signal-exit@ts3.6 fetched in 97ms
245 http fetch GET 200 https://registry.npmjs.org/@types%2fsimple-swizzle 81ms
246 silly fetchPackageMetaData error for @types/simple-swizzle@ts3.6 No matching version found for @types/simple-swizzle@ts3.6.
247 http fetch GET 304 https://registry.npmjs.org/@types%2fsockjs 83ms (from cache)
248 silly pacote tag manifest for @types/sockjs@ts3.6 fetched in 85ms
249 http fetch GET 304 https://registry.npmjs.org/@types%2fselfsigned 1559ms (from cache)
250 silly registry:manifest no matching version for @types/selfsigned@ts3.6 in the cache. Forcing revalidation.
251 http fetch GET 200 https://registry.npmjs.org/@types%2fregenerate 2116ms
252 silly fetchPackageMetaData error for @types/regenerate@ts3.6 No matching version found for @types/regenerate@ts3.6.
253 http fetch GET 304 https://registry.npmjs.org/@types%2fsource-list-map 90ms (from cache)
254 silly pacote tag manifest for @types/source-list-map@ts3.6 fetched in 92ms
255 http fetch GET 304 https://registry.npmjs.org/@types%2fsource-map-support 81ms (from cache)
256 silly pacote tag manifest for @types/source-map-support@ts3.6 fetched in 84ms
257 http fetch GET 304 https://registry.npmjs.org/@types%2fsass-loader 2130ms (from cache)
258 http fetch GET 304 https://registry.npmjs.org/@types%2fsane 2133ms (from cache)
259 silly pacote tag manifest for @types/sass-loader@ts3.6 fetched in 2133ms
260 silly pacote tag manifest for @types/sane@ts3.6 fetched in 2137ms
261 http fetch GET 304 https://registry.npmjs.org/@types%2fspdx-expression-parse 99ms (from cache)
262 silly pacote tag manifest for @types/spdx-expression-parse@ts3.6 fetched in 101ms
263 http fetch GET 304 https://registry.npmjs.org/@types%2fsprintf 72ms (from cache)
264 silly pacote tag manifest for @types/sprintf@ts3.6 fetched in 75ms
265 http fetch GET 304 https://registry.npmjs.org/@types%2fset-cookie-parser 1334ms (from cache)
266 silly pacote tag manifest for @types/set-cookie-parser@ts3.6 fetched in 1336ms
267 http fetch GET 304 https://registry.npmjs.org/@types%2fsemver-compare 2087ms (from cache)
268 silly pacote tag manifest for @types/semver-compare@ts3.6 fetched in 2089ms
269 http fetch GET 304 https://registry.npmjs.org/@types%2fstack-utils 85ms (from cache)
270 silly pacote tag manifest for @types/stack-utils@ts3.6 fetched in 89ms
271 http fetch GET 304 https://registry.npmjs.org/@types%2fstatuses 86ms (from cache)
272 silly pacote tag manifest for @types/statuses@ts3.6 fetched in 87ms
273 http fetch GET 200 https://registry.npmjs.org/@types%2fselfsigned 1346ms
274 silly fetchPackageMetaData error for @types/selfsigned@ts3.6 No matching version found for @types/selfsigned@ts3.6.
275 http fetch GET 304 https://registry.npmjs.org/@types%2fserialize-javascript 2054ms (from cache)
276 silly pacote tag manifest for @types/serialize-javascript@ts3.6 fetched in 2056ms
277 http fetch GET 304 https://registry.npmjs.org/@types%2fstream-shift 84ms (from cache)
278 silly pacote tag manifest for @types/stream-shift@ts3.6 fetched in 86ms
279 http fetch GET 304 https://registry.npmjs.org/@types%2fshell-quote 2099ms (from cache)
280 silly pacote tag manifest for @types/shell-quote@ts3.6 fetched in 2102ms
281 http fetch GET 304 https://registry.npmjs.org/@types%2fslice-ansi 2074ms (from cache)
282 silly pacote tag manifest for @types/slice-ansi@ts3.6 fetched in 2077ms
283 http fetch GET 304 https://registry.npmjs.org/@types%2fsockjs-client 2120ms (from cache)
284 silly pacote tag manifest for @types/sockjs-client@ts3.6 fetched in 2123ms
285 http fetch GET 304 https://registry.npmjs.org/@types%2fssri 1306ms (from cache)
286 silly pacote tag manifest for @types/ssri@ts3.6 fetched in 1308ms
287 http fetch GET 304 https://registry.npmjs.org/@types%2fstrip-final-newline 89ms (from cache)
288 silly pacote tag manifest for @types/strip-final-newline@ts3.6 fetched in 91ms
289 http fetch GET 304 https://registry.npmjs.org/@types%2fspdx-correct 2103ms (from cache)
290 silly pacote tag manifest for @types/spdx-correct@ts3.6 fetched in 2111ms
291 http fetch GET 304 https://registry.npmjs.org/@types%2fsupports-color 105ms (from cache)
292 silly pacote tag manifest for @types/supports-color@ts3.6 fetched in 111ms
293 http fetch GET 304 https://registry.npmjs.org/@types%2fspdy 2158ms (from cache)
294 silly pacote tag manifest for @types/spdy@ts3.6 fetched in 2159ms
295 http fetch GET 304 https://registry.npmjs.org/@types%2fsymbol-tree 85ms (from cache)
296 http fetch GET 304 https://registry.npmjs.org/@types%2fsprintf-js 2070ms (from cache)
297 silly pacote tag manifest for @types/symbol-tree@ts3.6 fetched in 89ms
298 silly pacote tag manifest for @types/sprintf-js@ts3.6 fetched in 2077ms
299 http fetch GET 304 https://registry.npmjs.org/@types%2fstream-each 1330ms (from cache)
300 silly pacote tag manifest for @types/stream-each@ts3.6 fetched in 1332ms
301 http fetch GET 304 https://registry.npmjs.org/@types%2ftapable 79ms (from cache)
302 silly pacote tag manifest for @types/tapable@ts3.6 fetched in 82ms
303 http fetch GET 304 https://registry.npmjs.org/@types%2fstrict-uri-encode 1332ms (from cache)
304 silly pacote tag manifest for @types/strict-uri-encode@ts3.6 fetched in 1333ms
305 http fetch GET 304 https://registry.npmjs.org/@types%2fthrough 79ms (from cache)
306 silly pacote tag manifest for @types/through@ts3.6 fetched in 81ms
307 http fetch GET 304 https://registry.npmjs.org/@types%2fstring-natural-compare 1397ms (from cache)
308 silly pacote tag manifest for @types/string-natural-compare@ts3.6 fetched in 1400ms
309 http fetch GET 304 https://registry.npmjs.org/@types%2fsvg-parser 659ms (from cache)
310 silly pacote tag manifest for @types/svg-parser@ts3.6 fetched in 661ms
311 http fetch GET 304 https://registry.npmjs.org/@types%2fstringify-object 1328ms (from cache)
312 silly pacote tag manifest for @types/stringify-object@ts3.6 fetched in 1331ms
313 http fetch GET 304 https://registry.npmjs.org/@types%2ftext-table 635ms (from cache)
314 silly pacote tag manifest for @types/text-table@ts3.6 fetched in 649ms
315 http fetch GET 200 https://registry.npmjs.org/@types%2ftmpl 81ms
316 silly fetchPackageMetaData error for @types/tmpl@ts3.6 No matching version found for @types/tmpl@ts3.6.
317 http fetch GET 200 https://registry.npmjs.org/@types%2fto-regex 79ms
318 silly fetchPackageMetaData error for @types/to-regex@ts3.6 No matching version found for @types/to-regex@ts3.6.
319 http fetch GET 304 https://registry.npmjs.org/@types%2ftough-cookie 83ms (from cache)
320 silly pacote tag manifest for @types/tough-cookie@ts3.6 fetched in 85ms
321 http fetch GET 200 https://registry.npmjs.org/@types%2fto-regex-range 114ms
322 silly fetchPackageMetaData error for @types/to-regex-range@ts3.6 No matching version found for @types/to-regex-range@ts3.6.
323 http fetch GET 304 https://registry.npmjs.org/@types%2ftype-check 82ms (from cache)
324 silly pacote tag manifest for @types/type-check@ts3.6 fetched in 84ms
325 http fetch GET 304 https://registry.npmjs.org/@types%2fstring.prototype.matchall 2121ms (from cache)
326 silly pacote tag manifest for @types/string.prototype.matchall@ts3.6 fetched in 2125ms
327 http fetch GET 304 https://registry.npmjs.org/@types%2fstrip-comments 2043ms (from cache)
328 silly pacote tag manifest for @types/strip-comments@ts3.6 fetched in 2045ms
329 http fetch GET 304 https://registry.npmjs.org/@types%2fthunky 1398ms (from cache)
330 silly pacote tag manifest for @types/thunky@ts3.6 fetched in 1400ms
331 http fetch GET 200 https://registry.npmjs.org/@types%2ftypedarray-to-buffer 76ms
332 silly fetchPackageMetaData error for @types/typedarray-to-buffer@ts3.6 No matching version found for @types/typedarray-to-buffer@ts3.6.
333 http fetch GET 304 https://registry.npmjs.org/@types%2funiversalify 83ms (from cache)
334 silly pacote tag manifest for @types/universalify@ts3.6 fetched in 84ms
335 http fetch GET 304 https://registry.npmjs.org/@types%2furix 76ms (from cache)
336 silly pacote tag manifest for @types/urix@ts3.6 fetched in 78ms
337 http fetch GET 304 https://registry.npmjs.org/@types%2fsvgo 2087ms (from cache)
338 silly pacote tag manifest for @types/svgo@ts3.6 fetched in 2090ms
339 http fetch GET 304 https://registry.npmjs.org/@types%2ftar 2100ms (from cache)
340 silly pacote tag manifest for @types/tar@ts3.6 fetched in 2107ms
341 http fetch GET 304 https://registry.npmjs.org/@types%2ftryer 1336ms (from cache)
342 silly pacote tag manifest for @types/tryer@ts3.6 fetched in 1337ms
343 http fetch GET 304 https://registry.npmjs.org/@types%2futil.promisify 90ms (from cache)
344 silly pacote tag manifest for @types/util.promisify@ts3.6 fetched in 92ms
345 http fetch GET 304 https://registry.npmjs.org/@types%2fthrough2 2105ms (from cache)
346 silly pacote tag manifest for @types/through2@ts3.6 fetched in 2107ms
347 http fetch GET 304 https://registry.npmjs.org/@types%2fvalidate-npm-package-license 90ms (from cache)
348 silly pacote tag manifest for @types/validate-npm-package-license@ts3.6 fetched in 93ms
349 http fetch GET 304 https://registry.npmjs.org/@types%2ftype-detect 1364ms (from cache)
350 silly pacote tag manifest for @types/type-detect@ts3.6 fetched in 1367ms
351 http fetch GET 304 https://registry.npmjs.org/@types%2ftimsort 2102ms (from cache)
352 silly pacote tag manifest for @types/timsort@ts3.6 fetched in 2103ms
353 http fetch GET 304 https://registry.npmjs.org/@types%2fw3c-hr-time 108ms (from cache)
354 silly pacote tag manifest for @types/w3c-hr-time@ts3.6 fetched in 110ms
355 http fetch GET 304 https://registry.npmjs.org/@types%2fw3c-xmlserializer 107ms (from cache)
356 silly pacote tag manifest for @types/w3c-xmlserializer@ts3.6 fetched in 110ms
357 http fetch GET 200 https://registry.npmjs.org/@types%2ftmp 2083ms
358 silly pacote tag manifest for @types/tmp@ts3.6 fetched in 2086ms
359 http fetch GET 304 https://registry.npmjs.org/@types%2fwebidl-conversions 110ms (from cache)
360 http fetch GET 304 https://registry.npmjs.org/@types%2fwebpack 105ms (from cache)
361 silly pacote tag manifest for @types/webidl-conversions@ts3.6 fetched in 118ms
362 silly pacote tag manifest for @types/webpack@ts3.6 fetched in 114ms
363 http fetch GET 304 https://registry.npmjs.org/@types%2fwebpack-sources 89ms (from cache)
364 silly pacote tag manifest for @types/webpack-sources@ts3.6 fetched in 91ms
365 http fetch GET 304 https://registry.npmjs.org/@types%2ftype-is 1370ms (from cache)
366 silly pacote tag manifest for @types/type-is@ts3.6 fetched in 1372ms
367 http fetch GET 304 https://registry.npmjs.org/@types%2fwhatwg-url 105ms (from cache)
368 silly pacote tag manifest for @types/whatwg-url@ts3.6 fetched in 108ms
369 http fetch GET 304 https://registry.npmjs.org/@types%2fwhich 360ms (from cache)
370 silly pacote tag manifest for @types/which@ts3.6 fetched in 361ms
371 http fetch GET 304 https://registry.npmjs.org/@types%2futil-deprecate 1345ms (from cache)
372 silly pacote tag manifest for @types/util-deprecate@ts3.6 fetched in 1346ms
373 http fetch GET 304 https://registry.npmjs.org/@types%2funiq 2191ms (from cache)
374 silly pacote tag manifest for @types/uniq@ts3.6 fetched in 2194ms
375 http fetch GET 304 https://registry.npmjs.org/@types%2furl-parse 2042ms (from cache)
376 silly pacote tag manifest for @types/url-parse@ts3.6 fetched in 2045ms
377 http fetch GET 304 https://registry.npmjs.org/@types%2futils-merge 2092ms (from cache)
378 silly pacote tag manifest for @types/utils-merge@ts3.6 fetched in 2098ms
379 http fetch GET 304 https://registry.npmjs.org/@types%2fvary 2069ms (from cache)
380 silly pacote tag manifest for @types/vary@ts3.6 fetched in 2071ms
381 http fetch GET 304 https://registry.npmjs.org/@types%2fwrap-ansi 81ms (from cache)
382 silly pacote tag manifest for @types/wrap-ansi@ts3.6 fetched in 83ms
383 http fetch GET 304 https://registry.npmjs.org/@types%2fwatchpack 2090ms (from cache)
384 silly pacote tag manifest for @types/watchpack@ts3.6 fetched in 2093ms
385 http fetch GET 304 https://registry.npmjs.org/@types%2fwebpack-manifest-plugin 2031ms (from cache)
386 silly pacote tag manifest for @types/webpack-manifest-plugin@ts3.6 fetched in 2034ms
387 http fetch GET 304 https://registry.npmjs.org/@types%2fwhatwg-encoding 2097ms (from cache)
388 silly pacote tag manifest for @types/whatwg-encoding@ts3.6 fetched in 2098ms
389 http fetch GET 304 https://registry.npmjs.org/@types%2fxtend 86ms (from cache)
390 silly pacote tag manifest for @types/xtend@ts3.6 fetched in 88ms
391 http fetch GET 304 https://registry.npmjs.org/@types%2fwhatwg-mimetype 2075ms (from cache)
392 silly pacote tag manifest for @types/whatwg-mimetype@ts3.6 fetched in 2077ms
393 http fetch GET 304 https://registry.npmjs.org/@types%2fyallist 96ms (from cache)
394 silly pacote tag manifest for @types/yallist@ts3.6 fetched in 98ms
395 http fetch GET 304 https://registry.npmjs.org/@types%2fyargs 92ms (from cache)
396 silly pacote tag manifest for @types/yargs@ts3.6 fetched in 96ms
397 http fetch GET 304 https://registry.npmjs.org/@types%2fyargs-parser 81ms (from cache)
398 silly pacote tag manifest for @types/yargs-parser@ts3.6 fetched in 83ms
399 http fetch GET 304 https://registry.npmjs.org/@types%2fwrite-file-atomic 617ms (from cache)
400 silly pacote tag manifest for @types/write-file-atomic@ts3.6 fetched in 619ms
401 http fetch GET 304 https://registry.npmjs.org/@types%2fwhich-pm-runs 2100ms (from cache)
402 silly pacote tag manifest for @types/which-pm-runs@ts3.6 fetched in 2102ms
403 http fetch GET 304 https://registry.npmjs.org/@types%2fworkbox-build 2406ms (from cache)
404 silly pacote tag manifest for @types/workbox-build@ts3.6 fetched in 2408ms
405 http fetch GET 200 https://registry.npmjs.org/@types%2fxml-name-validator 1372ms
406 silly fetchPackageMetaData error for @types/xml-name-validator@ts3.6 No matching version found for @types/xml-name-validator@ts3.6.
407 http fetch GET 304 https://registry.npmjs.org/@types%2fworkbox-sw 2110ms (from cache)
408 silly pacote tag manifest for @types/workbox-sw@ts3.6 fetched in 2115ms
409 http fetch GET 304 https://registry.npmjs.org/@types%2fworkbox-webpack-plugin 2072ms (from cache)
410 silly pacote tag manifest for @types/workbox-webpack-plugin@ts3.6 fetched in 2074ms
411 http fetch GET 304 https://registry.npmjs.org/@types%2fws 2082ms (from cache)
412 silly pacote tag manifest for @types/ws@ts3.6 fetched in 2084ms
413 timing stage:rollbackFailedOptional Completed in 1ms
414 timing stage:runTopLevelLifecycles Completed in 22560ms
415 verbose type tag
416 verbose stack @types/path-browserify: No matching version found for @types/path-browserify@ts3.6.
416 verbose stack     at pickManifest (/usr/local/lib/node_modules/npm/node_modules/npm-pick-manifest/index.js:122:13)
416 verbose stack     at /usr/local/lib/node_modules/npm/node_modules/pacote/lib/fetchers/registry/manifest.js:43:18
416 verbose stack     at tryCatcher (/usr/local/lib/node_modules/npm/node_modules/bluebird/js/release/util.js:16:23)
416 verbose stack     at Promise._settlePromiseFromHandler (/usr/local/lib/node_modules/npm/node_modules/bluebird/js/release/promise.js:517:31)
416 verbose stack     at Promise._settlePromise (/usr/local/lib/node_modules/npm/node_modules/bluebird/js/release/promise.js:574:18)
416 verbose stack     at Promise._settlePromise0 (/usr/local/lib/node_modules/npm/node_modules/bluebird/js/release/promise.js:619:10)
416 verbose stack     at Promise._settlePromises (/usr/local/lib/node_modules/npm/node_modules/bluebird/js/release/promise.js:699:18)
416 verbose stack     at _drainQueueStep (/usr/local/lib/node_modules/npm/node_modules/bluebird/js/release/async.js:138:12)
416 verbose stack     at _drainQueue (/usr/local/lib/node_modules/npm/node_modules/bluebird/js/release/async.js:131:9)
416 verbose stack     at Async._drainQueues (/usr/local/lib/node_modules/npm/node_modules/bluebird/js/release/async.js:147:5)
416 verbose stack     at Immediate.Async.drainQueues [as _onImmediate] (/usr/local/lib/node_modules/npm/node_modules/bluebird/js/release/async.js:17:14)
416 verbose stack     at processImmediate (internal/timers.js:456:21)
417 verbose cwd /home/theia/.cache/typescript/3.6
418 verbose Linux 5.4.72-microsoft-standard-WSL2
419 verbose argv "/usr/local/bin/node" "/usr/local/bin/npm" "install" "--ignore-scripts" "@types/memorystream@ts3.6" "@types/merge-descriptors@ts3.6" "@types/merge-stream@ts3.6" "@types/merge2@ts3.6" "@types/methods@ts3.6" "@types/micromatch@ts3.6" "@types/mime@ts3.6" "@types/mime-db@ts3.6" "@types/mime-types@ts3.6" "@types/min-indent@ts3.6" "@types/minimalistic-assert@ts3.6" "@types/minimatch@ts3.6" "@types/minimist@ts3.6" "@types/minipass@ts3.6" "@types/minizlib@ts3.6" "@types/mkdirp@ts3.6" "@types/move-concurrently@ts3.6" "@types/ms@ts3.6" "@types/multicast-dns@ts3.6" "@types/mute-stream@ts3.6" "@types/natural-compare@ts3.6" "@types/negotiator@ts3.6" "@types/next-tick@ts3.6" "@types/nice-try@ts3.6" "@types/node-fetch@ts3.6" "@types/node-forge@ts3.6" "@types/node-int64@ts3.6" "@types/node-notifier@ts3.6" "@types/normalize-package-data@ts3.6" "@types/normalize-path@ts3.6" "@types/num2fraction@ts3.6" "@types/nwsapi@ts3.6" "@types/object-assign@ts3.6" "@types/object-inspect@ts3.6" "@types/object-keys@ts3.6" "@types/object.fromentries@ts3.6" "@types/object.getownpropertydescriptors@ts3.6" "@types/object.pick@ts3.6" "@types/on-finished@ts3.6" "@types/on-headers@ts3.6" "@types/once@ts3.6" "@types/optimize-css-assets-webpack-plugin@ts3.6" "@types/original@ts3.6" "@types/os-tmpdir@ts3.6" "@types/pako@ts3.6" "@types/parallel-transform@ts3.6" "@types/parse-json@ts3.6" "@types/parse5@ts3.6" "@types/parseurl@ts3.6" "@types/pascalcase@ts3.6" "@types/path-browserify@ts3.6" "@types/path-is-absolute@ts3.6" "@types/path-is-inside@ts3.6" "@types/path-parse@ts3.6" "@types/pbkdf2@ts3.6" "@types/picomatch@ts3.6" "@types/pify@ts3.6" "@types/postcss-flexbugs-fixes@ts3.6" "@types/postcss-gap-properties@ts3.6" "@types/postcss-modules-extract-imports@ts3.6" "@types/postcss-modules-local-by-default@ts3.6" "@types/postcss-modules-scope@ts3.6" "@types/postcss-modules-values@ts3.6" "@types/postcss-normalize@ts3.6" "@types/postcss-preset-env@ts3.6" "@types/postcss-safe-parser@ts3.6" "@types/prelude-ls@ts3.6" "@types/prettier-linter-helpers@ts3.6" "@types/progress@ts3.6" "@types/promise-inflight@ts3.6" "@types/prompts@ts3.6" "@types/prop-types@ts3.6" "@types/proxy-addr@ts3.6" "@types/psl@ts3.6" "@types/pump@ts3.6" "@types/pumpify@ts3.6" "@types/punycode@ts3.6" "@types/q@ts3.6" "@types/qs@ts3.6" "@types/querystringify@ts3.6" "@types/raf@ts3.6" "@types/randombytes@ts3.6" "@types/range-parser@ts3.6" "@types/react-dev-utils@ts3.6" "@types/react-is@ts3.6" "@types/react-router@ts3.6" "@types/readable-stream@ts3.6" "@types/recursive-readdir@ts3.6" "@types/regenerate@ts3.6" "@types/regenerator-runtime@ts3.6" "@types/regex-not@ts3.6" "@types/relateurl@ts3.6" "@types/repeat-element@ts3.6" "@types/repeat-string@ts3.6" "@types/require-directory@ts3.6" "@types/require-from-string@ts3.6" "@types/requires-port@ts3.6" "@types/resolve@ts3.6" "@types/retry@ts3.6" "@types/rimraf@ts3.6" "@types/ripemd160@ts3.6" "@types/rsvp@ts3.6" "@types/run-parallel@ts3.6" "@types/safe-regex@ts3.6" "@types/safer-buffer@ts3.6" "@types/sane@ts3.6" "@types/sass-loader@ts3.6" "@types/sax@ts3.6" "@types/scheduler@ts3.6" "@types/selfsigned@ts3.6" "@types/semver@ts3.6" "@types/semver-compare@ts3.6" "@types/send@ts3.6" "@types/serialize-javascript@ts3.6" "@types/serve-index@ts3.6" "@types/serve-static@ts3.6" "@types/set-cookie-parser@ts3.6" "@types/set-value@ts3.6" "@types/setimmediate@ts3.6" "@types/sha.js@ts3.6" "@types/shebang-command@ts3.6" "@types/shell-quote@ts3.6" "@types/signal-exit@ts3.6" "@types/simple-swizzle@ts3.6" "@types/slice-ansi@ts3.6" "@types/sockjs@ts3.6" "@types/sockjs-client@ts3.6" "@types/source-list-map@ts3.6" "@types/source-map-support@ts3.6" "@types/spdx-correct@ts3.6" "@types/spdx-expression-parse@ts3.6" "@types/spdy@ts3.6" "@types/sprintf@ts3.6" "@types/sprintf-js@ts3.6" "@types/ssri@ts3.6" "@types/stack-utils@ts3.6" "@types/statuses@ts3.6" "@types/stream-each@ts3.6" "@types/stream-shift@ts3.6" "@types/strict-uri-encode@ts3.6" "@types/string-natural-compare@ts3.6" "@types/string.prototype.matchall@ts3.6" "@types/stringify-object@ts3.6" "@types/strip-comments@ts3.6" "@types/strip-final-newline@ts3.6" "@types/supports-color@ts3.6" "@types/svg-parser@ts3.6" "@types/svgo@ts3.6" "@types/symbol-tree@ts3.6" "@types/tapable@ts3.6" "@types/tar@ts3.6" "@types/text-table@ts3.6" "@types/through@ts3.6" "@types/through2@ts3.6" "@types/thunky@ts3.6" "@types/timsort@ts3.6" "@types/tmp@ts3.6" "@types/tmpl@ts3.6" "@types/to-regex@ts3.6" "@types/to-regex-range@ts3.6" "@types/tough-cookie@ts3.6" "@types/tryer@ts3.6" "@types/type-check@ts3.6" "@types/type-detect@ts3.6" "@types/type-is@ts3.6" "@types/typedarray-to-buffer@ts3.6" "@types/uniq@ts3.6" "@types/universalify@ts3.6" "@types/urix@ts3.6" "@types/url-parse@ts3.6" "@types/util-deprecate@ts3.6" "@types/util.promisify@ts3.6" "@types/utils-merge@ts3.6" "@types/validate-npm-package-license@ts3.6" "@types/vary@ts3.6" "@types/w3c-hr-time@ts3.6" "@types/w3c-xmlserializer@ts3.6" "@types/watchpack@ts3.6" "@types/webidl-conversions@ts3.6" "@types/webpack@ts3.6" "@types/webpack-manifest-plugin@ts3.6" "@types/webpack-sources@ts3.6" "@types/whatwg-encoding@ts3.6" "@types/whatwg-mimetype@ts3.6" "@types/whatwg-url@ts3.6" "@types/which@ts3.6" "@types/which-pm-runs@ts3.6" "@types/workbox-build@ts3.6" "@types/workbox-sw@ts3.6" "@types/workbox-webpack-plugin@ts3.6" "@types/wrap-ansi@ts3.6" "@types/write-file-atomic@ts3.6" "@types/ws@ts3.6" "@types/xml-name-validator@ts3.6" "@types/xtend@ts3.6" "@types/yallist@ts3.6" "@types/yargs@ts3.6" "@types/yargs-parser@ts3.6" "--save-dev" "--user-agent=typesInstaller/3.6.3"
420 verbose node v12.18.3
421 verbose npm  v6.14.6
422 error code ETARGET
423 error notarget No matching version found for @types/path-browserify@ts3.6.
424 error notarget In most cases you or one of your dependencies are requesting
424 error notarget a package version that doesn't exist.
425 verbose exit [ 1, true ]
