0 info it worked if it ends with ok
1 verbose cli [
1 verbose cli   '/usr/local/bin/node',
1 verbose cli   '/usr/local/bin/npm',
1 verbose cli   'install',
1 verbose cli   '--ignore-scripts',
1 verbose cli   '@types/accepts@ts3.6',
1 verbose cli   '@types/acorn@ts3.6',
1 verbose cli   '@types/argparse@ts3.6',
1 verbose cli   '@types/aria-query@ts3.6',
1 verbose cli   '@types/arr-diff@ts3.6',
1 verbose cli   '@types/arr-union@ts3.6',
1 verbose cli   '@types/array-unique@ts3.6',
1 verbose cli   '@types/array.prototype.flat@ts3.6',
1 verbose cli   '@types/array.prototype.flatmap@ts3.6',
1 verbose cli   '@types/asap@ts3.6',
1 verbose cli   '@types/assert@ts3.6',
1 verbose cli   '@types/async@ts3.6',
1 verbose cli   '@types/atob@ts3.6',
1 verbose cli   '@types/babel-plugin-macros@ts3.6',
1 verbose cli   '@types/babylon@ts3.6',
1 verbose cli   '@types/balanced-match@ts3.6',
1 verbose cli   '@types/big.js@ts3.6',
1 verbose cli   '@types/bluebird@ts3.6',
1 verbose cli   '@types/bn.js@ts3.6',
1 verbose cli   '@types/body-parser@ts3.6',
1 verbose cli   '@types/bonjour@ts3.6',
1 verbose cli   '@types/boolbase@ts3.6',
1 verbose cli   '@types/brace-expansion@ts3.6',
1 verbose cli   '@types/braces@ts3.6',
1 verbose cli   '@types/brorand@ts3.6',
1 verbose cli   '@types/bser@ts3.6',
1 verbose cli   '@types/buffer-from@ts3.6',
1 verbose cli   '@types/buffer-xor@ts3.6',
1 verbose cli   '@types/bytes@ts3.6',
1 verbose cli   '@types/cacache@ts3.6',
1 verbose cli   '@types/call-bind@ts3.6',
1 verbose cli   '@types/caniuse-api@ts3.6',
1 verbose cli   '@types/caniuse-lite@ts3.6',
1 verbose cli   '@types/case-sensitive-paths-webpack-plugin@ts3.6',
1 verbose cli   '@types/charcodes@ts3.6',
1 verbose cli   '@types/check-types@ts3.6',
1 verbose cli   '@types/chownr@ts3.6',
1 verbose cli   '@types/cipher-base@ts3.6',
1 verbose cli   '@types/clean-css@ts3.6',
1 verbose cli   '@types/co@ts3.6',
1 verbose cli   '@types/color@ts3.6',
1 verbose cli   '@types/color-convert@ts3.6',
1 verbose cli   '@types/color-name@ts3.6',
1 verbose cli   '@types/color-string@ts3.6',
1 verbose cli   '@types/combined-stream@ts3.6',
1 verbose cli   '@types/common-tags@ts3.6',
1 verbose cli   '@types/commondir@ts3.6',
1 verbose cli   '@types/component-emitter@ts3.6',
1 verbose cli   '@types/compose-function@ts3.6',
1 verbose cli   '@types/compressible@ts3.6',
1 verbose cli   '@types/compression@ts3.6',
1 verbose cli   '@types/concat-map@ts3.6',
1 verbose cli   '@types/concat-stream@ts3.6',
1 verbose cli   '@types/confusing-browser-globals@ts3.6',
1 verbose cli   '@types/connect-history-api-fallback@ts3.6',
1 verbose cli   '@types/content-disposition@ts3.6',
1 verbose cli   '@types/content-type@ts3.6',
1 verbose cli   '@types/convert-source-map@ts3.6',
1 verbose cli   '@types/cookie@ts3.6',
1 verbose cli   '@types/cookie-signature@ts3.6',
1 verbose cli   '@types/core-js@ts3.6',
1 verbose cli   '@types/create-hash@ts3.6',
1 verbose cli   '@types/create-hmac@ts3.6',
1 verbose cli   '@types/cross-spawn@ts3.6',
1 verbose cli   '@types/css@ts3.6',
1 verbose cli   '@types/css-declaration-sorter@ts3.6',
1 verbose cli   '@types/css-tree@ts3.6',
1 verbose cli   '@types/cssesc@ts3.6',
1 verbose cli   '@types/csso@ts3.6',
1 verbose cli   '@types/cssom@ts3.6',
1 verbose cli   '@types/cssstyle@ts3.6',
1 verbose cli   '@types/d@ts3.6',
1 verbose cli   '@types/damerau-levenshtein@ts3.6',
1 verbose cli   '@types/data-urls@ts3.6',
1 verbose cli   '@types/debug@ts3.6',
1 verbose cli   '@types/decode-uri-component@ts3.6',
1 verbose cli   '@types/dedent@ts3.6',
1 verbose cli   '@types/deep-equal@ts3.6',
1 verbose cli   '@types/default-gateway@ts3.6',
1 verbose cli   '@types/define-properties@ts3.6',
1 verbose cli   '@types/depd@ts3.6',
1 verbose cli   '@types/destroy@ts3.6',
1 verbose cli   '@types/detect-node@ts3.6',
1 verbose cli   '@types/diffie-hellman@ts3.6',
1 verbose cli   '@types/dir-glob@ts3.6',
1 verbose cli   '@types/dns-packet@ts3.6',
1 verbose cli   '@types/doctrine@ts3.6',
1 verbose cli   '@types/domexception@ts3.6',
1 verbose cli   '@types/domutils@ts3.6',
1 verbose cli   '@types/duplexify@ts3.6',
1 verbose cli   '@types/ee-first@ts3.6',
1 verbose cli   '@types/ejs@ts3.6',
1 verbose cli   '@types/elliptic@ts3.6',
1 verbose cli   '@types/encodeurl@ts3.6',
1 verbose cli   '@types/end-of-stream@ts3.6',
1 verbose cli   '@types/enhanced-resolve@ts3.6',
1 verbose cli   ... 100 more items
1 verbose cli ]
2 info using npm@6.14.6
3 info using node@v12.18.3
4 verbose npm-session 172f76a04d259b09
5 silly install loadCurrentTree
6 silly install readLocalPackageData
7 http fetch GET 304 https://registry.npmjs.org/@types%2farr-union 760ms (from cache)
8 http fetch GET 304 https://registry.npmjs.org/@types%2faccepts 779ms (from cache)
9 http fetch GET 304 https://registry.npmjs.org/@types%2fasap 762ms (from cache)
10 http fetch GET 304 https://registry.npmjs.org/@types%2faria-query 777ms (from cache)
11 silly pacote tag manifest for @types/arr-union@ts3.6 fetched in 779ms
12 silly pacote tag manifest for @types/accepts@ts3.6 fetched in 806ms
13 silly pacote tag manifest for @types/asap@ts3.6 fetched in 782ms
14 silly pacote tag manifest for @types/aria-query@ts3.6 fetched in 810ms
15 http fetch GET 304 https://registry.npmjs.org/@types%2fassert 159ms (from cache)
16 silly pacote tag manifest for @types/assert@ts3.6 fetched in 162ms
17 http fetch GET 304 https://registry.npmjs.org/@types%2fasync 202ms (from cache)
18 http fetch GET 304 https://registry.npmjs.org/@types%2fatob 196ms (from cache)
19 silly pacote tag manifest for @types/async@ts3.6 fetched in 208ms
20 http fetch GET 304 https://registry.npmjs.org/@types%2fbabel-plugin-macros 182ms (from cache)
21 silly pacote tag manifest for @types/atob@ts3.6 fetched in 204ms
22 silly pacote tag manifest for @types/babel-plugin-macros@ts3.6 fetched in 200ms
23 http fetch GET 304 https://registry.npmjs.org/@types%2fbabylon 112ms (from cache)
24 silly pacote tag manifest for @types/babylon@ts3.6 fetched in 115ms
25 http fetch GET 304 https://registry.npmjs.org/@types%2fbalanced-match 217ms (from cache)
26 silly pacote tag manifest for @types/balanced-match@ts3.6 fetched in 234ms
27 http fetch GET 304 https://registry.npmjs.org/@types%2fbig.js 258ms (from cache)
28 http fetch GET 304 https://registry.npmjs.org/@types%2fbluebird 256ms (from cache)
29 silly pacote tag manifest for @types/big.js@ts3.6 fetched in 265ms
30 http fetch GET 304 https://registry.npmjs.org/@types%2fbn.js 210ms (from cache)
31 silly pacote tag manifest for @types/bluebird@ts3.6 fetched in 270ms
32 silly pacote tag manifest for @types/bn.js@ts3.6 fetched in 226ms
33 http fetch GET 304 https://registry.npmjs.org/@types%2fbody-parser 245ms (from cache)
34 http fetch GET 304 https://registry.npmjs.org/@types%2fbonjour 214ms (from cache)
35 silly pacote tag manifest for @types/body-parser@ts3.6 fetched in 254ms
36 silly pacote tag manifest for @types/bonjour@ts3.6 fetched in 223ms
37 http fetch GET 304 https://registry.npmjs.org/@types%2fboolbase 215ms (from cache)
38 http fetch GET 304 https://registry.npmjs.org/@types%2fbrace-expansion 219ms (from cache)
39 silly pacote tag manifest for @types/boolbase@ts3.6 fetched in 230ms
40 silly pacote tag manifest for @types/brace-expansion@ts3.6 fetched in 230ms
41 http fetch GET 304 https://registry.npmjs.org/@types%2fbraces 160ms (from cache)
42 http fetch GET 304 https://registry.npmjs.org/@types%2fbrorand 159ms (from cache)
43 silly pacote tag manifest for @types/braces@ts3.6 fetched in 169ms
44 silly pacote tag manifest for @types/brorand@ts3.6 fetched in 167ms
45 http fetch GET 304 https://registry.npmjs.org/@types%2farray-unique 1682ms (from cache)
46 silly pacote tag manifest for @types/array-unique@ts3.6 fetched in 1685ms
47 http fetch GET 304 https://registry.npmjs.org/@types%2fargparse 1700ms (from cache)
48 http fetch GET 304 https://registry.npmjs.org/@types%2fbuffer-from 188ms (from cache)
49 silly pacote tag manifest for @types/argparse@ts3.6 fetched in 1713ms
50 silly pacote tag manifest for @types/buffer-from@ts3.6 fetched in 196ms
51 http fetch GET 304 https://registry.npmjs.org/@types%2fbuffer-xor 167ms (from cache)
52 http fetch GET 304 https://registry.npmjs.org/@types%2fbytes 174ms (from cache)
53 silly pacote tag manifest for @types/buffer-xor@ts3.6 fetched in 180ms
54 silly pacote tag manifest for @types/bytes@ts3.6 fetched in 186ms
55 http fetch GET 200 https://registry.npmjs.org/@types%2fcall-bind 163ms
56 silly fetchPackageMetaData error for @types/call-bind@ts3.6 No matching version found for @types/call-bind@ts3.6.
57 http fetch GET 304 https://registry.npmjs.org/@types%2fcacache 187ms (from cache)
58 silly pacote tag manifest for @types/cacache@ts3.6 fetched in 209ms
59 http fetch GET 304 https://registry.npmjs.org/@types%2fcaniuse-api 189ms (from cache)
60 silly pacote tag manifest for @types/caniuse-api@ts3.6 fetched in 198ms
61 http fetch GET 304 https://registry.npmjs.org/@types%2fcaniuse-lite 122ms (from cache)
62 silly pacote tag manifest for @types/caniuse-lite@ts3.6 fetched in 127ms
63 http fetch GET 304 https://registry.npmjs.org/@types%2fcase-sensitive-paths-webpack-plugin 141ms (from cache)
64 silly pacote tag manifest for @types/case-sensitive-paths-webpack-plugin@ts3.6 fetched in 148ms
65 http fetch GET 304 https://registry.npmjs.org/@types%2fcheck-types 111ms (from cache)
66 silly pacote tag manifest for @types/check-types@ts3.6 fetched in 114ms
67 http fetch GET 304 https://registry.npmjs.org/@types%2fcharcodes 162ms (from cache)
68 silly registry:manifest no matching version for @types/charcodes@ts3.6 in the cache. Forcing revalidation.
69 http fetch GET 304 https://registry.npmjs.org/@types%2fchownr 128ms (from cache)
70 silly pacote tag manifest for @types/chownr@ts3.6 fetched in 131ms
71 http fetch GET 304 https://registry.npmjs.org/@types%2fcipher-base 116ms (from cache)
72 silly pacote tag manifest for @types/cipher-base@ts3.6 fetched in 118ms
73 http fetch GET 304 https://registry.npmjs.org/@types%2fclean-css 115ms (from cache)
74 silly pacote tag manifest for @types/clean-css@ts3.6 fetched in 118ms
75 http fetch GET 200 https://registry.npmjs.org/@types%2fcharcodes 107ms
76 silly fetchPackageMetaData error for @types/charcodes@ts3.6 No matching version found for @types/charcodes@ts3.6.
77 http fetch GET 304 https://registry.npmjs.org/@types%2fcolor 119ms (from cache)
78 silly pacote tag manifest for @types/color@ts3.6 fetched in 121ms
79 http fetch GET 304 https://registry.npmjs.org/@types%2fcolor-convert 119ms (from cache)
80 silly pacote tag manifest for @types/color-convert@ts3.6 fetched in 121ms
81 http fetch GET 304 https://registry.npmjs.org/@types%2fcolor-name 113ms (from cache)
82 silly pacote tag manifest for @types/color-name@ts3.6 fetched in 115ms
83 http fetch GET 304 https://registry.npmjs.org/@types%2fcolor-string 110ms (from cache)
84 silly pacote tag manifest for @types/color-string@ts3.6 fetched in 118ms
85 http fetch GET 304 https://registry.npmjs.org/@types%2fcombined-stream 132ms (from cache)
86 silly pacote tag manifest for @types/combined-stream@ts3.6 fetched in 135ms
87 http fetch GET 304 https://registry.npmjs.org/@types%2fcommondir 146ms (from cache)
88 silly pacote tag manifest for @types/commondir@ts3.6 fetched in 159ms
89 http fetch GET 304 https://registry.npmjs.org/@types%2fcomponent-emitter 150ms (from cache)
90 silly pacote tag manifest for @types/component-emitter@ts3.6 fetched in 153ms
91 http fetch GET 304 https://registry.npmjs.org/@types%2fcompose-function 127ms (from cache)
92 silly pacote tag manifest for @types/compose-function@ts3.6 fetched in 130ms
93 http fetch GET 304 https://registry.npmjs.org/@types%2fcompressible 152ms (from cache)
94 silly pacote tag manifest for @types/compressible@ts3.6 fetched in 160ms
95 http fetch GET 304 https://registry.npmjs.org/@types%2fcompression 142ms (from cache)
96 silly pacote tag manifest for @types/compression@ts3.6 fetched in 147ms
97 http fetch GET 304 https://registry.npmjs.org/@types%2farray.prototype.flatmap 2629ms (from cache)
98 silly pacote tag manifest for @types/array.prototype.flatmap@ts3.6 fetched in 2631ms
99 http fetch GET 304 https://registry.npmjs.org/@types%2farr-diff 2656ms (from cache)
100 silly pacote tag manifest for @types/arr-diff@ts3.6 fetched in 2663ms
101 http fetch GET 304 https://registry.npmjs.org/@types%2facorn 2702ms (from cache)
102 http fetch GET 304 https://registry.npmjs.org/@types%2fconcat-stream 149ms (from cache)
103 silly pacote tag manifest for @types/acorn@ts3.6 fetched in 2708ms
104 http fetch GET 304 https://registry.npmjs.org/@types%2fconfusing-browser-globals 131ms (from cache)
105 silly pacote tag manifest for @types/concat-stream@ts3.6 fetched in 156ms
106 silly pacote tag manifest for @types/confusing-browser-globals@ts3.6 fetched in 137ms
107 http fetch GET 304 https://registry.npmjs.org/@types%2farray.prototype.flat 2720ms (from cache)
108 silly pacote tag manifest for @types/array.prototype.flat@ts3.6 fetched in 2722ms
109 http fetch GET 304 https://registry.npmjs.org/@types%2fconnect-history-api-fallback 114ms (from cache)
110 silly pacote tag manifest for @types/connect-history-api-fallback@ts3.6 fetched in 115ms
111 http fetch GET 304 https://registry.npmjs.org/@types%2fcontent-disposition 122ms (from cache)
112 silly pacote tag manifest for @types/content-disposition@ts3.6 fetched in 124ms
113 http fetch GET 304 https://registry.npmjs.org/@types%2fcontent-type 118ms (from cache)
114 silly pacote tag manifest for @types/content-type@ts3.6 fetched in 127ms
115 http fetch GET 304 https://registry.npmjs.org/@types%2fcookie 146ms (from cache)
116 silly pacote tag manifest for @types/cookie@ts3.6 fetched in 150ms
117 http fetch GET 304 https://registry.npmjs.org/@types%2fconvert-source-map 163ms (from cache)
118 silly pacote tag manifest for @types/convert-source-map@ts3.6 fetched in 167ms
119 http fetch GET 304 https://registry.npmjs.org/@types%2fcookie-signature 148ms (from cache)
120 silly pacote tag manifest for @types/cookie-signature@ts3.6 fetched in 152ms
121 http fetch GET 304 https://registry.npmjs.org/@types%2fcreate-hash 108ms (from cache)
122 silly pacote tag manifest for @types/create-hash@ts3.6 fetched in 111ms
123 http fetch GET 304 https://registry.npmjs.org/@types%2fbser 1405ms (from cache)
124 silly pacote tag manifest for @types/bser@ts3.6 fetched in 1407ms
125 http fetch GET 304 https://registry.npmjs.org/@types%2fcreate-hmac 111ms (from cache)
126 silly pacote tag manifest for @types/create-hmac@ts3.6 fetched in 113ms
127 http fetch GET 304 https://registry.npmjs.org/@types%2fcross-spawn 112ms (from cache)
128 silly pacote tag manifest for @types/cross-spawn@ts3.6 fetched in 119ms
129 http fetch GET 304 https://registry.npmjs.org/@types%2fcss-declaration-sorter 128ms (from cache)
130 silly pacote tag manifest for @types/css-declaration-sorter@ts3.6 fetched in 133ms
131 http fetch GET 304 https://registry.npmjs.org/@types%2fcss 152ms (from cache)
132 http fetch GET 304 https://registry.npmjs.org/@types%2fcss-tree 130ms (from cache)
133 silly pacote tag manifest for @types/css@ts3.6 fetched in 159ms
134 silly pacote tag manifest for @types/css-tree@ts3.6 fetched in 140ms
135 http fetch GET 304 https://registry.npmjs.org/@types%2fcssesc 158ms (from cache)
136 silly pacote tag manifest for @types/cssesc@ts3.6 fetched in 161ms
137 http fetch GET 304 https://registry.npmjs.org/@types%2fcsso 142ms (from cache)
138 silly pacote tag manifest for @types/csso@ts3.6 fetched in 146ms
139 http fetch GET 304 https://registry.npmjs.org/@types%2fcssom 121ms (from cache)
140 silly pacote tag manifest for @types/cssom@ts3.6 fetched in 124ms
141 http fetch GET 304 https://registry.npmjs.org/@types%2fcore-js 371ms (from cache)
142 silly pacote tag manifest for @types/core-js@ts3.6 fetched in 374ms
143 http fetch GET 304 https://registry.npmjs.org/@types%2fdamerau-levenshtein 113ms (from cache)
144 silly pacote tag manifest for @types/damerau-levenshtein@ts3.6 fetched in 115ms
145 http fetch GET 304 https://registry.npmjs.org/@types%2fdebug 121ms (from cache)
146 silly pacote tag manifest for @types/debug@ts3.6 fetched in 130ms
147 http fetch GET 304 https://registry.npmjs.org/@types%2fdecode-uri-component 144ms (from cache)
148 silly pacote tag manifest for @types/decode-uri-component@ts3.6 fetched in 150ms
149 http fetch GET 304 https://registry.npmjs.org/@types%2fdata-urls 182ms (from cache)
150 silly pacote tag manifest for @types/data-urls@ts3.6 fetched in 188ms
151 http fetch GET 304 https://registry.npmjs.org/@types%2fdedent 145ms (from cache)
152 silly pacote tag manifest for @types/dedent@ts3.6 fetched in 151ms
153 http fetch GET 304 https://registry.npmjs.org/@types%2fdeep-equal 124ms (from cache)
154 silly pacote tag manifest for @types/deep-equal@ts3.6 fetched in 130ms
155 http fetch GET 304 https://registry.npmjs.org/@types%2fdefault-gateway 119ms (from cache)
156 silly pacote tag manifest for @types/default-gateway@ts3.6 fetched in 120ms
157 http fetch GET 304 https://registry.npmjs.org/@types%2fdefine-properties 162ms (from cache)
158 silly pacote tag manifest for @types/define-properties@ts3.6 fetched in 165ms
159 http fetch GET 304 https://registry.npmjs.org/@types%2fdestroy 147ms (from cache)
160 http fetch GET 304 https://registry.npmjs.org/@types%2fdepd 157ms (from cache)
161 http fetch GET 304 https://registry.npmjs.org/@types%2fdetect-node 141ms (from cache)
162 silly pacote tag manifest for @types/destroy@ts3.6 fetched in 151ms
163 silly pacote tag manifest for @types/depd@ts3.6 fetched in 164ms
164 silly pacote tag manifest for @types/detect-node@ts3.6 fetched in 150ms
165 http fetch GET 304 https://registry.npmjs.org/@types%2fdiffie-hellman 103ms (from cache)
166 silly pacote tag manifest for @types/diffie-hellman@ts3.6 fetched in 105ms
167 http fetch GET 304 https://registry.npmjs.org/@types%2fdir-glob 105ms (from cache)
168 silly pacote tag manifest for @types/dir-glob@ts3.6 fetched in 110ms
169 http fetch GET 304 https://registry.npmjs.org/@types%2fdns-packet 114ms (from cache)
170 silly pacote tag manifest for @types/dns-packet@ts3.6 fetched in 118ms
171 http fetch GET 304 https://registry.npmjs.org/@types%2fdomexception 131ms (from cache)
172 silly pacote tag manifest for @types/domexception@ts3.6 fetched in 133ms
173 http fetch GET 304 https://registry.npmjs.org/@types%2fdomutils 114ms (from cache)
174 silly pacote tag manifest for @types/domutils@ts3.6 fetched in 119ms
175 http fetch GET 304 https://registry.npmjs.org/@types%2fduplexify 196ms (from cache)
176 silly pacote tag manifest for @types/duplexify@ts3.6 fetched in 200ms
177 http fetch GET 304 https://registry.npmjs.org/@types%2fee-first 188ms (from cache)
178 http fetch GET 304 https://registry.npmjs.org/@types%2felliptic 161ms (from cache)
179 http fetch GET 304 https://registry.npmjs.org/@types%2fejs 171ms (from cache)
180 silly pacote tag manifest for @types/ee-first@ts3.6 fetched in 195ms
181 silly pacote tag manifest for @types/elliptic@ts3.6 fetched in 169ms
182 silly pacote tag manifest for @types/ejs@ts3.6 fetched in 178ms
183 http fetch GET 304 https://registry.npmjs.org/@types%2fencodeurl 114ms (from cache)
184 silly pacote tag manifest for @types/encodeurl@ts3.6 fetched in 118ms
185 http fetch GET 304 https://registry.npmjs.org/@types%2fend-of-stream 133ms (from cache)
186 silly pacote tag manifest for @types/end-of-stream@ts3.6 fetched in 136ms
187 http fetch GET 304 https://registry.npmjs.org/@types%2fenhanced-resolve 142ms (from cache)
188 http fetch GET 304 https://registry.npmjs.org/@types%2fes-abstract 142ms (from cache)
189 silly pacote tag manifest for @types/enhanced-resolve@ts3.6 fetched in 145ms
190 silly pacote tag manifest for @types/es-abstract@ts3.6 fetched in 145ms
191 http fetch GET 304 https://registry.npmjs.org/@types%2fes-to-primitive 184ms (from cache)
192 silly pacote tag manifest for @types/es-to-primitive@ts3.6 fetched in 191ms
193 http fetch GET 304 https://registry.npmjs.org/@types%2fescape-html 173ms (from cache)
194 http fetch GET 304 https://registry.npmjs.org/@types%2feslint 159ms (from cache)
195 http fetch GET 304 https://registry.npmjs.org/@types%2fescodegen 164ms (from cache)
196 silly pacote tag manifest for @types/escape-html@ts3.6 fetched in 178ms
197 silly pacote tag manifest for @types/eslint@ts3.6 fetched in 164ms
198 silly pacote tag manifest for @types/escodegen@ts3.6 fetched in 168ms
199 http fetch GET 304 https://registry.npmjs.org/@types%2fco 2106ms (from cache)
200 silly pacote tag manifest for @types/co@ts3.6 fetched in 2109ms
201 http fetch GET 304 https://registry.npmjs.org/@types%2feslint-scope 98ms (from cache)
202 silly pacote tag manifest for @types/eslint-scope@ts3.6 fetched in 100ms
203 http fetch GET 304 https://registry.npmjs.org/@types%2feslint-utils 122ms (from cache)
204 http fetch GET 304 https://registry.npmjs.org/@types%2feslint-visitor-keys 124ms (from cache)
205 http fetch GET 304 https://registry.npmjs.org/@types%2fesprima 121ms (from cache)
206 silly pacote tag manifest for @types/eslint-utils@ts3.6 fetched in 127ms
207 silly pacote tag manifest for @types/eslint-visitor-keys@ts3.6 fetched in 129ms
208 silly pacote tag manifest for @types/esprima@ts3.6 fetched in 129ms
209 http fetch GET 304 https://registry.npmjs.org/@types%2fesquery 114ms (from cache)
210 silly pacote tag manifest for @types/esquery@ts3.6 fetched in 120ms
211 http fetch GET 304 https://registry.npmjs.org/@types%2festraverse 107ms (from cache)
212 silly pacote tag manifest for @types/estraverse@ts3.6 fetched in 109ms
213 http fetch GET 304 https://registry.npmjs.org/@types%2fesutils 124ms (from cache)
214 http fetch GET 304 https://registry.npmjs.org/@types%2fcommon-tags 2116ms (from cache)
215 silly pacote tag manifest for @types/esutils@ts3.6 fetched in 135ms
216 silly pacote tag manifest for @types/common-tags@ts3.6 fetched in 2122ms
217 http fetch GET 304 https://registry.npmjs.org/@types%2fevents 147ms (from cache)
218 http fetch GET 304 https://registry.npmjs.org/@types%2fetag 151ms (from cache)
219 silly pacote tag manifest for @types/events@ts3.6 fetched in 151ms
220 silly pacote tag manifest for @types/etag@ts3.6 fetched in 171ms
221 http fetch GET 304 https://registry.npmjs.org/@types%2fexit 128ms (from cache)
222 http fetch GET 304 https://registry.npmjs.org/@types%2feventsource 141ms (from cache)
223 silly pacote tag manifest for @types/exit@ts3.6 fetched in 130ms
224 silly pacote tag manifest for @types/eventsource@ts3.6 fetched in 144ms
225 http fetch GET 304 https://registry.npmjs.org/@types%2ffast-levenshtein 152ms (from cache)
226 silly pacote tag manifest for @types/fast-levenshtein@ts3.6 fetched in 157ms
227 http fetch GET 304 https://registry.npmjs.org/@types%2fcssstyle 1475ms (from cache)
228 http fetch GET 304 https://registry.npmjs.org/@types%2fexpress 169ms (from cache)
229 silly pacote tag manifest for @types/cssstyle@ts3.6 fetched in 1484ms
230 http fetch GET 304 https://registry.npmjs.org/@types%2ffb-watchman 159ms (from cache)
231 silly pacote tag manifest for @types/express@ts3.6 fetched in 178ms
232 silly pacote tag manifest for @types/fb-watchman@ts3.6 fetched in 168ms
233 http fetch GET 304 https://registry.npmjs.org/@types%2ffile-entry-cache 157ms (from cache)
234 silly pacote tag manifest for @types/file-entry-cache@ts3.6 fetched in 166ms
235 http fetch GET 304 https://registry.npmjs.org/@types%2ffile-loader 151ms (from cache)
236 silly pacote tag manifest for @types/file-loader@ts3.6 fetched in 153ms
237 http fetch GET 304 https://registry.npmjs.org/@types%2fconcat-map 2111ms (from cache)
238 silly pacote tag manifest for @types/concat-map@ts3.6 fetched in 2114ms
239 http fetch GET 304 https://registry.npmjs.org/@types%2ffinalhandler 198ms (from cache)
240 http fetch GET 304 https://registry.npmjs.org/@types%2fflat-cache 180ms (from cache)
241 http fetch GET 304 https://registry.npmjs.org/@types%2ffind-cache-dir 187ms (from cache)
242 http fetch GET 304 https://registry.npmjs.org/@types%2fflush-write-stream 175ms (from cache)
243 http fetch GET 304 https://registry.npmjs.org/@types%2ffollow-redirects 161ms (from cache)
244 silly pacote tag manifest for @types/finalhandler@ts3.6 fetched in 204ms
245 silly pacote tag manifest for @types/flat-cache@ts3.6 fetched in 187ms
246 http fetch GET 304 https://registry.npmjs.org/@types%2fforwarded 151ms (from cache)
247 silly pacote tag manifest for @types/find-cache-dir@ts3.6 fetched in 194ms
248 silly pacote tag manifest for @types/flush-write-stream@ts3.6 fetched in 185ms
249 silly pacote tag manifest for @types/follow-redirects@ts3.6 fetched in 169ms
250 silly pacote tag manifest for @types/forwarded@ts3.6 fetched in 167ms
251 http fetch GET 304 https://registry.npmjs.org/@types%2ffresh 166ms (from cache)
252 silly pacote tag manifest for @types/fresh@ts3.6 fetched in 176ms
253 http fetch GET 304 https://registry.npmjs.org/@types%2ffrom2 169ms (from cache)
254 http fetch GET 304 https://registry.npmjs.org/@types%2ffs-extra 174ms (from cache)
255 http fetch GET 304 https://registry.npmjs.org/@types%2ffunction-bind 178ms (from cache)
256 silly pacote tag manifest for @types/from2@ts3.6 fetched in 185ms
257 silly pacote tag manifest for @types/fs-extra@ts3.6 fetched in 185ms
258 http fetch GET 304 https://registry.npmjs.org/@types%2fglob 154ms (from cache)
259 http fetch GET 304 https://registry.npmjs.org/@types%2fget-value 171ms (from cache)
260 http fetch GET 304 https://registry.npmjs.org/@types%2ffunctional-red-black-tree 183ms (from cache)
261 silly pacote tag manifest for @types/function-bind@ts3.6 fetched in 190ms
262 silly pacote tag manifest for @types/glob@ts3.6 fetched in 179ms
263 silly pacote tag manifest for @types/get-value@ts3.6 fetched in 201ms
264 silly pacote tag manifest for @types/functional-red-black-tree@ts3.6 fetched in 213ms
265 http fetch GET 200 https://registry.npmjs.org/@types%2fget-intrinsic 231ms
266 silly fetchPackageMetaData error for @types/get-intrinsic@ts3.6 No matching version found for @types/get-intrinsic@ts3.6.
267 http fetch GET 304 https://registry.npmjs.org/@types%2fglob-parent 167ms (from cache)
268 silly pacote tag manifest for @types/glob-parent@ts3.6 fetched in 174ms
269 http fetch GET 304 https://registry.npmjs.org/@types%2fglobal-modules 187ms (from cache)
270 silly pacote tag manifest for @types/global-modules@ts3.6 fetched in 194ms
271 http fetch GET 304 https://registry.npmjs.org/@types%2fglobal-prefix 193ms (from cache)
272 http fetch GET 304 https://registry.npmjs.org/@types%2fgraceful-fs 177ms (from cache)
273 http fetch GET 304 https://registry.npmjs.org/@types%2fhas-symbols 167ms (from cache)
274 http fetch GET 304 https://registry.npmjs.org/@types%2fhas 177ms (from cache)
275 silly pacote tag manifest for @types/global-prefix@ts3.6 fetched in 211ms
276 silly pacote tag manifest for @types/graceful-fs@ts3.6 fetched in 191ms
277 silly pacote tag manifest for @types/has-symbols@ts3.6 fetched in 182ms
278 silly pacote tag manifest for @types/has@ts3.6 fetched in 185ms
279 http fetch GET 304 https://registry.npmjs.org/@types%2fhex-color-regex 123ms (from cache)
280 silly pacote tag manifest for @types/hex-color-regex@ts3.6 fetched in 126ms
281 http fetch GET 304 https://registry.npmjs.org/@types%2fhosted-git-info 130ms (from cache)
282 http fetch GET 304 https://registry.npmjs.org/@types%2fhtml-encoding-sniffer 110ms (from cache)
283 silly pacote tag manifest for @types/hosted-git-info@ts3.6 fetched in 135ms
284 silly pacote tag manifest for @types/html-encoding-sniffer@ts3.6 fetched in 118ms
285 http fetch GET 304 https://registry.npmjs.org/@types%2fhttp-errors 139ms (from cache)
286 http fetch GET 304 https://registry.npmjs.org/@types%2fhtml-minifier-terser 145ms (from cache)
287 silly pacote tag manifest for @types/http-errors@ts3.6 fetched in 145ms
288 http fetch GET 304 https://registry.npmjs.org/@types%2fd 2217ms (from cache)
289 silly pacote tag manifest for @types/html-minifier-terser@ts3.6 fetched in 150ms
290 silly pacote tag manifest for @types/d@ts3.6 fetched in 2223ms
291 http fetch GET 304 https://registry.npmjs.org/@types%2fhttp-proxy 119ms (from cache)
292 silly pacote tag manifest for @types/http-proxy@ts3.6 fetched in 121ms
293 http fetch GET 304 https://registry.npmjs.org/@types%2fiferr 112ms (from cache)
294 http fetch GET 304 https://registry.npmjs.org/@types%2ficss-utils 118ms (from cache)
295 silly pacote tag manifest for @types/iferr@ts3.6 fetched in 115ms
296 silly pacote tag manifest for @types/icss-utils@ts3.6 fetched in 121ms
297 http fetch GET 304 https://registry.npmjs.org/@types%2fimurmurhash 140ms (from cache)
298 http fetch GET 304 https://registry.npmjs.org/@types%2finherits 139ms (from cache)
299 silly pacote tag manifest for @types/imurmurhash@ts3.6 fetched in 144ms
300 silly pacote tag manifest for @types/inherits@ts3.6 fetched in 144ms
301 http fetch GET 304 https://registry.npmjs.org/@types%2fini 142ms (from cache)
302 silly pacote tag manifest for @types/ini@ts3.6 fetched in 148ms
303 http fetch GET 304 https://registry.npmjs.org/@types%2fip 103ms (from cache)
304 silly pacote tag manifest for @types/ip@ts3.6 fetched in 106ms
305 http fetch GET 304 https://registry.npmjs.org/@types%2fis-arguments 145ms (from cache)
306 silly pacote tag manifest for @types/is-arguments@ts3.6 fetched in 147ms
307 http fetch GET 304 https://registry.npmjs.org/@types%2fis-buffer 97ms (from cache)
308 silly pacote tag manifest for @types/is-buffer@ts3.6 fetched in 100ms
309 http fetch GET 200 https://registry.npmjs.org/@types%2fis-boolean-object 117ms
310 silly fetchPackageMetaData error for @types/is-boolean-object@ts3.6 No matching version found for @types/is-boolean-object@ts3.6.
311 http fetch GET 304 https://registry.npmjs.org/@types%2fis-callable 101ms (from cache)
312 silly pacote tag manifest for @types/is-callable@ts3.6 fetched in 103ms
313 http fetch GET 304 https://registry.npmjs.org/@types%2fis-ci 102ms (from cache)
314 silly pacote tag manifest for @types/is-ci@ts3.6 fetched in 104ms
315 http fetch GET 200 https://registry.npmjs.org/@types%2fis-data-descriptor 108ms
316 silly fetchPackageMetaData error for @types/is-data-descriptor@ts3.6 No matching version found for @types/is-data-descriptor@ts3.6.
317 http fetch GET 304 https://registry.npmjs.org/@types%2fdoctrine 2193ms (from cache)
318 http fetch GET 304 https://registry.npmjs.org/@types%2fis-core-module 159ms (from cache)
319 silly pacote tag manifest for @types/doctrine@ts3.6 fetched in 2234ms
320 silly pacote tag manifest for @types/is-core-module@ts3.6 fetched in 175ms
321 http fetch GET 304 https://registry.npmjs.org/@types%2fis-date-object 170ms (from cache)
322 silly pacote tag manifest for @types/is-date-object@ts3.6 fetched in 175ms
323 http fetch GET 304 https://registry.npmjs.org/@types%2fis-glob 131ms (from cache)
324 silly pacote tag manifest for @types/is-glob@ts3.6 fetched in 135ms
325 http fetch GET 200 https://registry.npmjs.org/@types%2ffill-range 1401ms
326 silly fetchPackageMetaData error for @types/fill-range@ts3.6 No matching version found for @types/fill-range@ts3.6.
327 http fetch GET 304 https://registry.npmjs.org/@types%2fis-number 184ms (from cache)
328 silly pacote tag manifest for @types/is-number@ts3.6 fetched in 189ms
329 http fetch GET 304 https://registry.npmjs.org/@types%2fis-regex 153ms (from cache)
330 silly pacote tag manifest for @types/is-regex@ts3.6 fetched in 166ms
331 http fetch GET 200 https://registry.npmjs.org/@types%2fis-string 157ms
332 silly fetchPackageMetaData error for @types/is-string@ts3.6 No matching version found for @types/is-string@ts3.6.
333 http fetch GET 304 https://registry.npmjs.org/@types%2fis-typedarray 142ms (from cache)
334 http fetch GET 304 https://registry.npmjs.org/@types%2fis-windows 137ms (from cache)
335 silly pacote tag manifest for @types/is-typedarray@ts3.6 fetched in 144ms
336 silly pacote tag manifest for @types/is-windows@ts3.6 fetched in 142ms
337 http fetch GET 304 https://registry.npmjs.org/@types%2fisexe 169ms (from cache)
338 silly pacote tag manifest for @types/isexe@ts3.6 fetched in 176ms
339 http fetch GET 304 https://registry.npmjs.org/@types%2fisarray 200ms (from cache)
340 silly pacote tag manifest for @types/isarray@ts3.6 fetched in 213ms
341 http fetch GET 304 https://registry.npmjs.org/@types%2finternal-slot 720ms (from cache)
342 http fetch GET 304 https://registry.npmjs.org/@types%2fistanbul-lib-instrument 190ms (from cache)
343 silly pacote tag manifest for @types/internal-slot@ts3.6 fetched in 736ms
344 http fetch GET 304 https://registry.npmjs.org/@types%2fistanbul-lib-report 179ms (from cache)
345 silly pacote tag manifest for @types/istanbul-lib-instrument@ts3.6 fetched in 198ms
346 http fetch GET 304 https://registry.npmjs.org/@types%2fistanbul-lib-source-maps 185ms (from cache)
347 http fetch GET 304 https://registry.npmjs.org/@types%2fistanbul-lib-coverage 215ms (from cache)
348 silly pacote tag manifest for @types/istanbul-lib-report@ts3.6 fetched in 193ms
349 silly pacote tag manifest for @types/istanbul-lib-source-maps@ts3.6 fetched in 195ms
350 silly pacote tag manifest for @types/istanbul-lib-coverage@ts3.6 fetched in 225ms
351 http fetch GET 304 https://registry.npmjs.org/@types%2fistanbul-reports 127ms (from cache)
352 silly pacote tag manifest for @types/istanbul-reports@ts3.6 fetched in 129ms
353 http fetch GET 304 https://registry.npmjs.org/@types%2fjs-yaml 133ms (from cache)
354 silly pacote tag manifest for @types/js-yaml@ts3.6 fetched in 135ms
355 http fetch GET 304 https://registry.npmjs.org/@types%2fjson-parse-better-errors 134ms (from cache)
356 http fetch GET 304 https://registry.npmjs.org/@types%2fjsdom 154ms (from cache)
357 silly pacote tag manifest for @types/json-parse-better-errors@ts3.6 fetched in 141ms
358 http fetch GET 304 https://registry.npmjs.org/@types%2fjsonfile 139ms (from cache)
359 silly pacote tag manifest for @types/jsdom@ts3.6 fetched in 162ms
360 silly pacote tag manifest for @types/jsonfile@ts3.6 fetched in 148ms
361 http fetch GET 304 https://registry.npmjs.org/@types%2fjsesc 170ms (from cache)
362 silly pacote tag manifest for @types/jsesc@ts3.6 fetched in 181ms
363 http fetch GET 304 https://registry.npmjs.org/@types%2fkind-of 165ms (from cache)
364 silly pacote tag manifest for @types/kind-of@ts3.6 fetched in 171ms
365 http fetch GET 200 https://registry.npmjs.org/@types%2flanguage-tags 119ms
366 silly fetchPackageMetaData error for @types/language-tags@ts3.6 No matching version found for @types/language-tags@ts3.6.
367 http fetch GET 304 https://registry.npmjs.org/@types%2floader-runner 121ms (from cache)
368 silly pacote tag manifest for @types/loader-runner@ts3.6 fetched in 123ms
369 http fetch GET 304 https://registry.npmjs.org/@types%2flodash 177ms (from cache)
370 silly pacote tag manifest for @types/lodash@ts3.6 fetched in 184ms
371 http fetch GET 304 https://registry.npmjs.org/@types%2floader-utils 191ms (from cache)
372 http fetch GET 304 https://registry.npmjs.org/@types%2flodash.debounce 180ms (from cache)
373 http fetch GET 304 https://registry.npmjs.org/@types%2flodash.memoize 169ms (from cache)
374 silly pacote tag manifest for @types/loader-utils@ts3.6 fetched in 199ms
375 silly pacote tag manifest for @types/lodash.debounce@ts3.6 fetched in 190ms
376 silly pacote tag manifest for @types/lodash.memoize@ts3.6 fetched in 178ms
377 http fetch GET 304 https://registry.npmjs.org/@types%2flodash.merge 177ms (from cache)
378 silly pacote tag manifest for @types/lodash.merge@ts3.6 fetched in 184ms
379 http fetch GET 304 https://registry.npmjs.org/@types%2flodash.template 154ms (from cache)
380 silly pacote tag manifest for @types/lodash.template@ts3.6 fetched in 157ms
381 http fetch GET 304 https://registry.npmjs.org/@types%2flz-string 123ms (from cache)
382 silly pacote tag manifest for @types/lz-string@ts3.6 fetched in 128ms
383 http fetch GET 304 https://registry.npmjs.org/@types%2flodash.truncate 143ms (from cache)
384 silly pacote tag manifest for @types/lodash.truncate@ts3.6 fetched in 145ms
385 http fetch GET 304 https://registry.npmjs.org/@types%2flodash.uniq 137ms (from cache)
386 http fetch GET 304 https://registry.npmjs.org/@types%2fmedia-typer 133ms (from cache)
387 silly pacote tag manifest for @types/lodash.uniq@ts3.6 fetched in 141ms
388 silly pacote tag manifest for @types/media-typer@ts3.6 fetched in 134ms
389 http fetch GET 200 https://registry.npmjs.org/@types%2fis-bigint 1359ms
390 silly fetchPackageMetaData error for @types/is-bigint@ts3.6 No matching version found for @types/is-bigint@ts3.6.
391 http fetch GET 304 https://registry.npmjs.org/@types%2fhe 2195ms (from cache)
392 silly pacote tag manifest for @types/he@ts3.6 fetched in 2200ms
393 http fetch GET 304 https://registry.npmjs.org/@types%2fhtml-escaper 2202ms (from cache)
394 silly pacote tag manifest for @types/html-escaper@ts3.6 fetched in 2207ms
395 http fetch GET 304 https://registry.npmjs.org/@types%2flodash.sortby 1438ms (from cache)
396 silly pacote tag manifest for @types/lodash.sortby@ts3.6 fetched in 1448ms
397 timing stage:rollbackFailedOptional Completed in 4ms
398 timing stage:runTopLevelLifecycles Completed in 7888ms
399 verbose type tag
400 verbose stack @types/call-bind: No matching version found for @types/call-bind@ts3.6.
400 verbose stack     at pickManifest (/usr/local/lib/node_modules/npm/node_modules/npm-pick-manifest/index.js:122:13)
400 verbose stack     at /usr/local/lib/node_modules/npm/node_modules/pacote/lib/fetchers/registry/manifest.js:24:14
400 verbose stack     at tryCatcher (/usr/local/lib/node_modules/npm/node_modules/bluebird/js/release/util.js:16:23)
400 verbose stack     at Promise._settlePromiseFromHandler (/usr/local/lib/node_modules/npm/node_modules/bluebird/js/release/promise.js:517:31)
400 verbose stack     at Promise._settlePromise (/usr/local/lib/node_modules/npm/node_modules/bluebird/js/release/promise.js:574:18)
400 verbose stack     at Promise._settlePromise0 (/usr/local/lib/node_modules/npm/node_modules/bluebird/js/release/promise.js:619:10)
400 verbose stack     at Promise._settlePromises (/usr/local/lib/node_modules/npm/node_modules/bluebird/js/release/promise.js:699:18)
400 verbose stack     at _drainQueueStep (/usr/local/lib/node_modules/npm/node_modules/bluebird/js/release/async.js:138:12)
400 verbose stack     at _drainQueue (/usr/local/lib/node_modules/npm/node_modules/bluebird/js/release/async.js:131:9)
400 verbose stack     at Async._drainQueues (/usr/local/lib/node_modules/npm/node_modules/bluebird/js/release/async.js:147:5)
400 verbose stack     at Immediate.Async.drainQueues [as _onImmediate] (/usr/local/lib/node_modules/npm/node_modules/bluebird/js/release/async.js:17:14)
400 verbose stack     at processImmediate (internal/timers.js:456:21)
401 verbose cwd /home/theia/.cache/typescript/3.6
402 verbose Linux 5.4.72-microsoft-standard-WSL2
403 verbose argv "/usr/local/bin/node" "/usr/local/bin/npm" "install" "--ignore-scripts" "@types/accepts@ts3.6" "@types/acorn@ts3.6" "@types/argparse@ts3.6" "@types/aria-query@ts3.6" "@types/arr-diff@ts3.6" "@types/arr-union@ts3.6" "@types/array-unique@ts3.6" "@types/array.prototype.flat@ts3.6" "@types/array.prototype.flatmap@ts3.6" "@types/asap@ts3.6" "@types/assert@ts3.6" "@types/async@ts3.6" "@types/atob@ts3.6" "@types/babel-plugin-macros@ts3.6" "@types/babylon@ts3.6" "@types/balanced-match@ts3.6" "@types/big.js@ts3.6" "@types/bluebird@ts3.6" "@types/bn.js@ts3.6" "@types/body-parser@ts3.6" "@types/bonjour@ts3.6" "@types/boolbase@ts3.6" "@types/brace-expansion@ts3.6" "@types/braces@ts3.6" "@types/brorand@ts3.6" "@types/bser@ts3.6" "@types/buffer-from@ts3.6" "@types/buffer-xor@ts3.6" "@types/bytes@ts3.6" "@types/cacache@ts3.6" "@types/call-bind@ts3.6" "@types/caniuse-api@ts3.6" "@types/caniuse-lite@ts3.6" "@types/case-sensitive-paths-webpack-plugin@ts3.6" "@types/charcodes@ts3.6" "@types/check-types@ts3.6" "@types/chownr@ts3.6" "@types/cipher-base@ts3.6" "@types/clean-css@ts3.6" "@types/co@ts3.6" "@types/color@ts3.6" "@types/color-convert@ts3.6" "@types/color-name@ts3.6" "@types/color-string@ts3.6" "@types/combined-stream@ts3.6" "@types/common-tags@ts3.6" "@types/commondir@ts3.6" "@types/component-emitter@ts3.6" "@types/compose-function@ts3.6" "@types/compressible@ts3.6" "@types/compression@ts3.6" "@types/concat-map@ts3.6" "@types/concat-stream@ts3.6" "@types/confusing-browser-globals@ts3.6" "@types/connect-history-api-fallback@ts3.6" "@types/content-disposition@ts3.6" "@types/content-type@ts3.6" "@types/convert-source-map@ts3.6" "@types/cookie@ts3.6" "@types/cookie-signature@ts3.6" "@types/core-js@ts3.6" "@types/create-hash@ts3.6" "@types/create-hmac@ts3.6" "@types/cross-spawn@ts3.6" "@types/css@ts3.6" "@types/css-declaration-sorter@ts3.6" "@types/css-tree@ts3.6" "@types/cssesc@ts3.6" "@types/csso@ts3.6" "@types/cssom@ts3.6" "@types/cssstyle@ts3.6" "@types/d@ts3.6" "@types/damerau-levenshtein@ts3.6" "@types/data-urls@ts3.6" "@types/debug@ts3.6" "@types/decode-uri-component@ts3.6" "@types/dedent@ts3.6" "@types/deep-equal@ts3.6" "@types/default-gateway@ts3.6" "@types/define-properties@ts3.6" "@types/depd@ts3.6" "@types/destroy@ts3.6" "@types/detect-node@ts3.6" "@types/diffie-hellman@ts3.6" "@types/dir-glob@ts3.6" "@types/dns-packet@ts3.6" "@types/doctrine@ts3.6" "@types/domexception@ts3.6" "@types/domutils@ts3.6" "@types/duplexify@ts3.6" "@types/ee-first@ts3.6" "@types/ejs@ts3.6" "@types/elliptic@ts3.6" "@types/encodeurl@ts3.6" "@types/end-of-stream@ts3.6" "@types/enhanced-resolve@ts3.6" "@types/es-abstract@ts3.6" "@types/es-to-primitive@ts3.6" "@types/escape-html@ts3.6" "@types/escodegen@ts3.6" "@types/eslint@ts3.6" "@types/eslint-scope@ts3.6" "@types/eslint-utils@ts3.6" "@types/eslint-visitor-keys@ts3.6" "@types/esprima@ts3.6" "@types/esquery@ts3.6" "@types/estraverse@ts3.6" "@types/esutils@ts3.6" "@types/etag@ts3.6" "@types/events@ts3.6" "@types/eventsource@ts3.6" "@types/exit@ts3.6" "@types/express@ts3.6" "@types/fast-levenshtein@ts3.6" "@types/fb-watchman@ts3.6" "@types/file-entry-cache@ts3.6" "@types/file-loader@ts3.6" "@types/fill-range@ts3.6" "@types/finalhandler@ts3.6" "@types/find-cache-dir@ts3.6" "@types/flat-cache@ts3.6" "@types/flush-write-stream@ts3.6" "@types/follow-redirects@ts3.6" "@types/forwarded@ts3.6" "@types/fresh@ts3.6" "@types/from2@ts3.6" "@types/fs-extra@ts3.6" "@types/function-bind@ts3.6" "@types/functional-red-black-tree@ts3.6" "@types/get-intrinsic@ts3.6" "@types/get-value@ts3.6" "@types/glob@ts3.6" "@types/glob-parent@ts3.6" "@types/global-modules@ts3.6" "@types/global-prefix@ts3.6" "@types/graceful-fs@ts3.6" "@types/has@ts3.6" "@types/has-symbols@ts3.6" "@types/he@ts3.6" "@types/hex-color-regex@ts3.6" "@types/hosted-git-info@ts3.6" "@types/html-encoding-sniffer@ts3.6" "@types/html-escaper@ts3.6" "@types/html-minifier-terser@ts3.6" "@types/http-errors@ts3.6" "@types/http-proxy@ts3.6" "@types/icss-utils@ts3.6" "@types/iferr@ts3.6" "@types/imurmurhash@ts3.6" "@types/inherits@ts3.6" "@types/ini@ts3.6" "@types/internal-slot@ts3.6" "@types/ip@ts3.6" "@types/is-arguments@ts3.6" "@types/is-bigint@ts3.6" "@types/is-boolean-object@ts3.6" "@types/is-buffer@ts3.6" "@types/is-callable@ts3.6" "@types/is-ci@ts3.6" "@types/is-core-module@ts3.6" "@types/is-data-descriptor@ts3.6" "@types/is-date-object@ts3.6" "@types/is-glob@ts3.6" "@types/is-number@ts3.6" "@types/is-regex@ts3.6" "@types/is-string@ts3.6" "@types/is-typedarray@ts3.6" "@types/is-windows@ts3.6" "@types/isarray@ts3.6" "@types/isexe@ts3.6" "@types/istanbul-lib-coverage@ts3.6" "@types/istanbul-lib-instrument@ts3.6" "@types/istanbul-lib-report@ts3.6" "@types/istanbul-lib-source-maps@ts3.6" "@types/istanbul-reports@ts3.6" "@types/js-yaml@ts3.6" "@types/jsdom@ts3.6" "@types/jsesc@ts3.6" "@types/json-parse-better-errors@ts3.6" "@types/jsonfile@ts3.6" "@types/kind-of@ts3.6" "@types/language-tags@ts3.6" "@types/loader-runner@ts3.6" "@types/loader-utils@ts3.6" "@types/lodash@ts3.6" "@types/lodash.debounce@ts3.6" "@types/lodash.memoize@ts3.6" "@types/lodash.merge@ts3.6" "@types/lodash.sortby@ts3.6" "@types/lodash.template@ts3.6" "@types/lodash.truncate@ts3.6" "@types/lodash.uniq@ts3.6" "@types/lz-string@ts3.6" "@types/media-typer@ts3.6" "--save-dev" "--user-agent=typesInstaller/3.6.3"
404 verbose node v12.18.3
405 verbose npm  v6.14.6
406 error code ETARGET
407 error notarget No matching version found for @types/call-bind@ts3.6.
408 error notarget In most cases you or one of your dependencies are requesting
408 error notarget a package version that doesn't exist.
409 verbose exit [ 1, true ]
