0 info it worked if it ends with ok
1 verbose cli [
1 verbose cli   '/usr/local/bin/node',
1 verbose cli   '/usr/local/bin/npm',
1 verbose cli   'install',
1 verbose cli   '--ignore-scripts',
1 verbose cli   '@types/accepts@ts3.6',
1 verbose cli   '@types/acorn@ts3.6',
1 verbose cli   '@types/argparse@ts3.6',
1 verbose cli   '@types/aria-query@ts3.6',
1 verbose cli   '@types/arr-diff@ts3.6',
1 verbose cli   '@types/arr-union@ts3.6',
1 verbose cli   '@types/array-unique@ts3.6',
1 verbose cli   '@types/array.prototype.flat@ts3.6',
1 verbose cli   '@types/array.prototype.flatmap@ts3.6',
1 verbose cli   '@types/asap@ts3.6',
1 verbose cli   '@types/asn1@ts3.6',
1 verbose cli   '@types/assert@ts3.6',
1 verbose cli   '@types/assert-plus@ts3.6',
1 verbose cli   '@types/async@ts3.6',
1 verbose cli   '@types/atob@ts3.6',
1 verbose cli   '@types/aws4@ts3.6',
1 verbose cli   '@types/babel-plugin-macros@ts3.6',
1 verbose cli   '@types/babylon@ts3.6',
1 verbose cli   '@types/balanced-match@ts3.6',
1 verbose cli   '@types/big.js@ts3.6',
1 verbose cli   '@types/bluebird@ts3.6',
1 verbose cli   '@types/bn.js@ts3.6',
1 verbose cli   '@types/body-parser@ts3.6',
1 verbose cli   '@types/bonjour@ts3.6',
1 verbose cli   '@types/boolbase@ts3.6',
1 verbose cli   '@types/brace-expansion@ts3.6',
1 verbose cli   '@types/braces@ts3.6',
1 verbose cli   '@types/brorand@ts3.6',
1 verbose cli   '@types/bser@ts3.6',
1 verbose cli   '@types/buffer-from@ts3.6',
1 verbose cli   '@types/buffer-xor@ts3.6',
1 verbose cli   '@types/bytes@ts3.6',
1 verbose cli   '@types/cacache@ts3.6',
1 verbose cli   '@types/call-bind@ts3.6',
1 verbose cli   '@types/caniuse-api@ts3.6',
1 verbose cli   '@types/caniuse-lite@ts3.6',
1 verbose cli   '@types/case-sensitive-paths-webpack-plugin@ts3.6',
1 verbose cli   '@types/caseless@ts3.6',
1 verbose cli   '@types/check-types@ts3.6',
1 verbose cli   '@types/chownr@ts3.6',
1 verbose cli   '@types/cipher-base@ts3.6',
1 verbose cli   '@types/clean-css@ts3.6',
1 verbose cli   '@types/co@ts3.6',
1 verbose cli   '@types/color@ts3.6',
1 verbose cli   '@types/color-convert@ts3.6',
1 verbose cli   '@types/color-name@ts3.6',
1 verbose cli   '@types/color-string@ts3.6',
1 verbose cli   '@types/combined-stream@ts3.6',
1 verbose cli   '@types/common-tags@ts3.6',
1 verbose cli   '@types/commondir@ts3.6',
1 verbose cli   '@types/component-emitter@ts3.6',
1 verbose cli   '@types/compose-function@ts3.6',
1 verbose cli   '@types/compressible@ts3.6',
1 verbose cli   '@types/compression@ts3.6',
1 verbose cli   '@types/concat-map@ts3.6',
1 verbose cli   '@types/concat-stream@ts3.6',
1 verbose cli   '@types/confusing-browser-globals@ts3.6',
1 verbose cli   '@types/connect-history-api-fallback@ts3.6',
1 verbose cli   '@types/contains-path@ts3.6',
1 verbose cli   '@types/content-disposition@ts3.6',
1 verbose cli   '@types/content-type@ts3.6',
1 verbose cli   '@types/convert-source-map@ts3.6',
1 verbose cli   '@types/cookie@ts3.6',
1 verbose cli   '@types/cookie-signature@ts3.6',
1 verbose cli   '@types/core-js@ts3.6',
1 verbose cli   '@types/create-hash@ts3.6',
1 verbose cli   '@types/create-hmac@ts3.6',
1 verbose cli   '@types/cross-spawn@ts3.6',
1 verbose cli   '@types/css@ts3.6',
1 verbose cli   '@types/css-declaration-sorter@ts3.6',
1 verbose cli   '@types/css-tree@ts3.6',
1 verbose cli   '@types/cssesc@ts3.6',
1 verbose cli   '@types/csso@ts3.6',
1 verbose cli   '@types/cssom@ts3.6',
1 verbose cli   '@types/cssstyle@ts3.6',
1 verbose cli   '@types/d@ts3.6',
1 verbose cli   '@types/damerau-levenshtein@ts3.6',
1 verbose cli   '@types/dashdash@ts3.6',
1 verbose cli   '@types/data-urls@ts3.6',
1 verbose cli   '@types/debug@ts3.6',
1 verbose cli   '@types/decode-uri-component@ts3.6',
1 verbose cli   '@types/dedent@ts3.6',
1 verbose cli   '@types/deep-equal@ts3.6',
1 verbose cli   '@types/default-gateway@ts3.6',
1 verbose cli   '@types/define-properties@ts3.6',
1 verbose cli   '@types/depd@ts3.6',
1 verbose cli   '@types/destroy@ts3.6',
1 verbose cli   '@types/detect-node@ts3.6',
1 verbose cli   '@types/diffie-hellman@ts3.6',
1 verbose cli   '@types/dir-glob@ts3.6',
1 verbose cli   '@types/dns-packet@ts3.6',
1 verbose cli   '@types/doctrine@ts3.6',
1 verbose cli   '@types/domexception@ts3.6',
1 verbose cli   '@types/domhandler@ts3.6',
1 verbose cli   '@types/domutils@ts3.6',
1 verbose cli   '@types/duplexify@ts3.6',
1 verbose cli   ... 111 more items
1 verbose cli ]
2 info using npm@6.14.6
3 info using node@v12.18.3
4 verbose npm-session 40f5a563a49de422
5 silly install loadCurrentTree
6 silly install readLocalPackageData
7 http fetch GET 304 https://registry.npmjs.org/@types%2faccepts 1237ms (from cache)
8 silly pacote tag manifest for @types/accepts@ts3.6 fetched in 1248ms
9 http fetch GET 304 https://registry.npmjs.org/@types%2faria-query 1284ms (from cache)
10 silly pacote tag manifest for @types/aria-query@ts3.6 fetched in 1290ms
11 http fetch GET 304 https://registry.npmjs.org/@types%2fasn1 99ms (from cache)
12 silly pacote tag manifest for @types/asn1@ts3.6 fetched in 101ms
13 http fetch GET 304 https://registry.npmjs.org/@types%2fassert-plus 82ms (from cache)
14 silly pacote tag manifest for @types/assert-plus@ts3.6 fetched in 84ms
15 http fetch GET 304 https://registry.npmjs.org/@types%2fasync 153ms (from cache)
16 silly pacote tag manifest for @types/async@ts3.6 fetched in 156ms
17 http fetch GET 304 https://registry.npmjs.org/@types%2fatob 91ms (from cache)
18 silly pacote tag manifest for @types/atob@ts3.6 fetched in 92ms
19 http fetch GET 304 https://registry.npmjs.org/@types%2faws4 322ms (from cache)
20 silly pacote tag manifest for @types/aws4@ts3.6 fetched in 326ms
21 http fetch GET 304 https://registry.npmjs.org/@types%2fbabel-plugin-macros 91ms (from cache)
22 silly pacote tag manifest for @types/babel-plugin-macros@ts3.6 fetched in 93ms
23 http fetch GET 304 https://registry.npmjs.org/@types%2farr-union 3524ms (from cache)
24 http fetch GET 304 https://registry.npmjs.org/@types%2farray.prototype.flat 3522ms (from cache)
25 http fetch GET 304 https://registry.npmjs.org/@types%2fasap 3521ms (from cache)
26 http fetch GET 304 https://registry.npmjs.org/@types%2fargparse 3542ms (from cache)
27 http fetch GET 304 https://registry.npmjs.org/@types%2farr-diff 3538ms (from cache)
28 silly pacote tag manifest for @types/arr-union@ts3.6 fetched in 3541ms
29 silly pacote tag manifest for @types/array.prototype.flat@ts3.6 fetched in 3539ms
30 silly pacote tag manifest for @types/asap@ts3.6 fetched in 3536ms
31 http fetch GET 304 https://registry.npmjs.org/@types%2fassert 2276ms (from cache)
32 silly pacote tag manifest for @types/argparse@ts3.6 fetched in 3572ms
33 silly pacote tag manifest for @types/arr-diff@ts3.6 fetched in 3564ms
34 silly pacote tag manifest for @types/assert@ts3.6 fetched in 2315ms
35 http fetch GET 304 https://registry.npmjs.org/@types%2facorn 3632ms (from cache)
36 silly pacote tag manifest for @types/acorn@ts3.6 fetched in 3645ms
37 http fetch GET 304 https://registry.npmjs.org/@types%2fbluebird 208ms (from cache)
38 silly pacote tag manifest for @types/bluebird@ts3.6 fetched in 217ms
39 http fetch GET 304 https://registry.npmjs.org/@types%2fbody-parser 201ms (from cache)
40 http fetch GET 304 https://registry.npmjs.org/@types%2fbonjour 167ms (from cache)
41 silly pacote tag manifest for @types/body-parser@ts3.6 fetched in 206ms
42 silly pacote tag manifest for @types/bonjour@ts3.6 fetched in 181ms
43 http fetch GET 304 https://registry.npmjs.org/@types%2fbraces 102ms (from cache)
44 silly pacote tag manifest for @types/braces@ts3.6 fetched in 107ms
45 http fetch GET 304 https://registry.npmjs.org/@types%2fbabylon 2071ms (from cache)
46 silly pacote tag manifest for @types/babylon@ts3.6 fetched in 2073ms
47 http fetch GET 304 https://registry.npmjs.org/@types%2fbuffer-from 110ms (from cache)
48 silly pacote tag manifest for @types/buffer-from@ts3.6 fetched in 112ms
49 http fetch GET 304 https://registry.npmjs.org/@types%2farray-unique 5028ms (from cache)
50 silly pacote tag manifest for @types/array-unique@ts3.6 fetched in 5032ms
51 http fetch GET 304 https://registry.npmjs.org/@types%2fbalanced-match 1831ms (from cache)
52 http fetch GET 304 https://registry.npmjs.org/@types%2fboolbase 1741ms (from cache)
53 http fetch GET 304 https://registry.npmjs.org/@types%2fbrace-expansion 1616ms (from cache)
54 http fetch GET 304 https://registry.npmjs.org/@types%2fbser 1501ms (from cache)
55 silly pacote tag manifest for @types/balanced-match@ts3.6 fetched in 1840ms
56 silly pacote tag manifest for @types/boolbase@ts3.6 fetched in 1751ms
57 silly pacote tag manifest for @types/brace-expansion@ts3.6 fetched in 1627ms
58 silly pacote tag manifest for @types/bser@ts3.6 fetched in 1516ms
59 http fetch GET 304 https://registry.npmjs.org/@types%2farray.prototype.flatmap 5450ms (from cache)
60 silly pacote tag manifest for @types/array.prototype.flatmap@ts3.6 fetched in 5452ms
61 http fetch GET 304 https://registry.npmjs.org/@types%2fbig.js 2204ms (from cache)
62 silly pacote tag manifest for @types/big.js@ts3.6 fetched in 2208ms
63 http fetch GET 304 https://registry.npmjs.org/@types%2fbn.js 2196ms (from cache)
64 silly pacote tag manifest for @types/bn.js@ts3.6 fetched in 2198ms
65 http fetch GET 304 https://registry.npmjs.org/@types%2fbrorand 2054ms (from cache)
66 silly pacote tag manifest for @types/brorand@ts3.6 fetched in 2060ms
67 http fetch GET 304 https://registry.npmjs.org/@types%2fcaseless 126ms (from cache)
68 http fetch GET 304 https://registry.npmjs.org/@types%2fcheck-types 118ms (from cache)
69 silly pacote tag manifest for @types/caseless@ts3.6 fetched in 130ms
70 silly pacote tag manifest for @types/check-types@ts3.6 fetched in 133ms
71 http fetch GET 304 https://registry.npmjs.org/@types%2fbuffer-xor 2049ms (from cache)
72 silly pacote tag manifest for @types/buffer-xor@ts3.6 fetched in 2059ms
73 http fetch GET 304 https://registry.npmjs.org/@types%2fco 134ms (from cache)
74 silly pacote tag manifest for @types/co@ts3.6 fetched in 135ms
75 http fetch GET 304 https://registry.npmjs.org/@types%2fcolor 190ms (from cache)
76 silly pacote tag manifest for @types/color@ts3.6 fetched in 227ms
77 http fetch GET 304 https://registry.npmjs.org/@types%2fcall-bind 1520ms (from cache)
78 silly registry:manifest no matching version for @types/call-bind@ts3.6 in the cache. Forcing revalidation.
79 http fetch GET 304 https://registry.npmjs.org/@types%2fcase-sensitive-paths-webpack-plugin 1486ms (from cache)
80 silly pacote tag manifest for @types/case-sensitive-paths-webpack-plugin@ts3.6 fetched in 1500ms
81 http fetch GET 304 https://registry.npmjs.org/@types%2fcolor-convert 685ms (from cache)
82 silly pacote tag manifest for @types/color-convert@ts3.6 fetched in 690ms
83 http fetch GET 304 https://registry.npmjs.org/@types%2fcolor-name 449ms (from cache)
84 http fetch GET 304 https://registry.npmjs.org/@types%2fcipher-base 1525ms (from cache)
85 http fetch GET 304 https://registry.npmjs.org/@types%2fchownr 1566ms (from cache)
86 silly pacote tag manifest for @types/color-name@ts3.6 fetched in 454ms
87 silly pacote tag manifest for @types/cipher-base@ts3.6 fetched in 1542ms
88 silly pacote tag manifest for @types/chownr@ts3.6 fetched in 1585ms
89 http fetch GET 304 https://registry.npmjs.org/@types%2fbytes 2431ms (from cache)
90 silly pacote tag manifest for @types/bytes@ts3.6 fetched in 2433ms
91 http fetch GET 304 https://registry.npmjs.org/@types%2fcaniuse-lite 2264ms (from cache)
92 http fetch GET 304 https://registry.npmjs.org/@types%2fcolor-string 274ms (from cache)
93 silly pacote tag manifest for @types/caniuse-lite@ts3.6 fetched in 2269ms
94 silly pacote tag manifest for @types/color-string@ts3.6 fetched in 290ms
95 http fetch GET 304 https://registry.npmjs.org/@types%2fcacache 2324ms (from cache)
96 silly pacote tag manifest for @types/cacache@ts3.6 fetched in 2334ms
97 http fetch GET 304 https://registry.npmjs.org/@types%2fcomponent-emitter 302ms (from cache)
98 http fetch GET 304 https://registry.npmjs.org/@types%2fcommondir 343ms (from cache)
99 silly pacote tag manifest for @types/component-emitter@ts3.6 fetched in 305ms
100 silly pacote tag manifest for @types/commondir@ts3.6 fetched in 346ms
101 http fetch GET 304 https://registry.npmjs.org/@types%2fcaniuse-api 2400ms (from cache)
102 silly pacote tag manifest for @types/caniuse-api@ts3.6 fetched in 2403ms
103 http fetch GET 304 https://registry.npmjs.org/@types%2fconcat-map 270ms (from cache)
104 silly pacote tag manifest for @types/concat-map@ts3.6 fetched in 272ms
105 http fetch GET 304 https://registry.npmjs.org/@types%2fclean-css 2153ms (from cache)
106 silly pacote tag manifest for @types/clean-css@ts3.6 fetched in 2158ms
107 http fetch GET 304 https://registry.npmjs.org/@types%2fconnect-history-api-fallback 127ms (from cache)
108 silly pacote tag manifest for @types/connect-history-api-fallback@ts3.6 fetched in 129ms
109 http fetch GET 200 https://registry.npmjs.org/@types%2fcall-bind 2453ms
110 silly fetchPackageMetaData error for @types/call-bind@ts3.6 No matching version found for @types/call-bind@ts3.6.
111 http fetch GET 304 https://registry.npmjs.org/@types%2fcompressible 1692ms (from cache)
112 http fetch GET 304 https://registry.npmjs.org/@types%2fcontent-disposition 1193ms (from cache)
113 http fetch GET 304 https://registry.npmjs.org/@types%2fcombined-stream 1950ms (from cache)
114 http fetch GET 304 https://registry.npmjs.org/@types%2fcompression 1678ms (from cache)
115 silly pacote tag manifest for @types/compressible@ts3.6 fetched in 1722ms
116 silly pacote tag manifest for @types/content-disposition@ts3.6 fetched in 1224ms
117 silly pacote tag manifest for @types/combined-stream@ts3.6 fetched in 1984ms
118 silly pacote tag manifest for @types/compression@ts3.6 fetched in 1689ms
119 http fetch GET 304 https://registry.npmjs.org/@types%2fcommon-tags 2334ms (from cache)
120 silly pacote tag manifest for @types/common-tags@ts3.6 fetched in 2336ms
121 http fetch GET 304 https://registry.npmjs.org/@types%2fcompose-function 2155ms (from cache)
122 silly pacote tag manifest for @types/compose-function@ts3.6 fetched in 2158ms
123 http fetch GET 304 https://registry.npmjs.org/@types%2fcore-js 433ms (from cache)
124 http fetch GET 304 https://registry.npmjs.org/@types%2fcontent-type 477ms (from cache)
125 http fetch GET 304 https://registry.npmjs.org/@types%2fcookie 445ms (from cache)
126 silly pacote tag manifest for @types/core-js@ts3.6 fetched in 441ms
127 silly pacote tag manifest for @types/content-type@ts3.6 fetched in 487ms
128 silly pacote tag manifest for @types/cookie@ts3.6 fetched in 453ms
129 http fetch GET 304 https://registry.npmjs.org/@types%2fconcat-stream 2103ms (from cache)
130 silly pacote tag manifest for @types/concat-stream@ts3.6 fetched in 2105ms
131 http fetch GET 304 https://registry.npmjs.org/@types%2fconfusing-browser-globals 2156ms (from cache)
132 silly pacote tag manifest for @types/confusing-browser-globals@ts3.6 fetched in 2168ms
133 http fetch GET 304 https://registry.npmjs.org/@types%2fcross-spawn 129ms (from cache)
134 silly pacote tag manifest for @types/cross-spawn@ts3.6 fetched in 132ms
135 http fetch GET 304 https://registry.npmjs.org/@types%2fcsso 203ms (from cache)
136 http fetch GET 304 https://registry.npmjs.org/@types%2fcontains-path 2133ms (from cache)
137 silly pacote tag manifest for @types/csso@ts3.6 fetched in 205ms
138 silly pacote tag manifest for @types/contains-path@ts3.6 fetched in 2136ms
139 http fetch GET 304 https://registry.npmjs.org/@types%2fcssom 217ms (from cache)
140 http fetch GET 304 https://registry.npmjs.org/@types%2fconvert-source-map 1006ms (from cache)
141 silly pacote tag manifest for @types/cssom@ts3.6 fetched in 221ms
142 silly pacote tag manifest for @types/convert-source-map@ts3.6 fetched in 1009ms
143 http fetch GET 304 https://registry.npmjs.org/@types%2fd 102ms (from cache)
144 silly pacote tag manifest for @types/d@ts3.6 fetched in 103ms
145 http fetch GET 304 https://registry.npmjs.org/@types%2fdashdash 81ms (from cache)
146 silly pacote tag manifest for @types/dashdash@ts3.6 fetched in 83ms
147 http fetch GET 304 https://registry.npmjs.org/@types%2fdata-urls 88ms (from cache)
148 silly pacote tag manifest for @types/data-urls@ts3.6 fetched in 89ms
149 http fetch GET 304 https://registry.npmjs.org/@types%2fdebug 79ms (from cache)
150 silly pacote tag manifest for @types/debug@ts3.6 fetched in 81ms
151 http fetch GET 304 https://registry.npmjs.org/@types%2fdecode-uri-component 81ms (from cache)
152 silly pacote tag manifest for @types/decode-uri-component@ts3.6 fetched in 84ms
153 http fetch GET 304 https://registry.npmjs.org/@types%2fcreate-hash 1390ms (from cache)
154 silly pacote tag manifest for @types/create-hash@ts3.6 fetched in 1393ms
155 http fetch GET 304 https://registry.npmjs.org/@types%2fcss 1332ms (from cache)
156 http fetch GET 304 https://registry.npmjs.org/@types%2fcreate-hmac 1353ms (from cache)
157 silly pacote tag manifest for @types/css@ts3.6 fetched in 1334ms
158 silly pacote tag manifest for @types/create-hmac@ts3.6 fetched in 1356ms
159 http fetch GET 304 https://registry.npmjs.org/@types%2fdefine-properties 134ms (from cache)
160 silly pacote tag manifest for @types/define-properties@ts3.6 fetched in 135ms
161 http fetch GET 304 https://registry.npmjs.org/@types%2fdamerau-levenshtein 1329ms (from cache)
162 silly pacote tag manifest for @types/damerau-levenshtein@ts3.6 fetched in 1330ms
163 http fetch GET 304 https://registry.npmjs.org/@types%2fdeep-equal 609ms (from cache)
164 silly pacote tag manifest for @types/deep-equal@ts3.6 fetched in 612ms
165 http fetch GET 304 https://registry.npmjs.org/@types%2fcookie-signature 2384ms (from cache)
166 silly pacote tag manifest for @types/cookie-signature@ts3.6 fetched in 2385ms
167 http fetch GET 304 https://registry.npmjs.org/@types%2fdetect-node 122ms (from cache)
168 silly pacote tag manifest for @types/detect-node@ts3.6 fetched in 124ms
169 http fetch GET 304 https://registry.npmjs.org/@types%2fcss-tree 2073ms (from cache)
170 silly pacote tag manifest for @types/css-tree@ts3.6 fetched in 2076ms
171 http fetch GET 304 https://registry.npmjs.org/@types%2fcss-declaration-sorter 2136ms (from cache)
172 silly pacote tag manifest for @types/css-declaration-sorter@ts3.6 fetched in 2137ms
173 http fetch GET 304 https://registry.npmjs.org/@types%2fcssesc 2034ms (from cache)
174 silly pacote tag manifest for @types/cssesc@ts3.6 fetched in 2036ms
175 http fetch GET 304 https://registry.npmjs.org/@types%2fdir-glob 570ms (from cache)
176 http fetch GET 304 https://registry.npmjs.org/@types%2fcssstyle 2273ms (from cache)
177 silly pacote tag manifest for @types/dir-glob@ts3.6 fetched in 573ms
178 silly pacote tag manifest for @types/cssstyle@ts3.6 fetched in 2277ms
179 http fetch GET 304 https://registry.npmjs.org/@types%2fdomhandler 81ms (from cache)
180 silly pacote tag manifest for @types/domhandler@ts3.6 fetched in 83ms
181 http fetch GET 304 https://registry.npmjs.org/@types%2fdefault-gateway 1399ms (from cache)
182 silly pacote tag manifest for @types/default-gateway@ts3.6 fetched in 1400ms
183 http fetch GET 304 https://registry.npmjs.org/@types%2fduplexify 502ms (from cache)
184 http fetch GET 304 https://registry.npmjs.org/@types%2fdedent 2200ms (from cache)
185 silly pacote tag manifest for @types/duplexify@ts3.6 fetched in 505ms
186 silly pacote tag manifest for @types/dedent@ts3.6 fetched in 2203ms
187 http fetch GET 304 https://registry.npmjs.org/@types%2fejs 83ms (from cache)
188 silly pacote tag manifest for @types/ejs@ts3.6 fetched in 87ms
189 http fetch GET 304 https://registry.npmjs.org/@types%2fdepd 2107ms (from cache)
190 silly pacote tag manifest for @types/depd@ts3.6 fetched in 2109ms
191 http fetch GET 304 https://registry.npmjs.org/@types%2fend-of-stream 87ms (from cache)
192 silly pacote tag manifest for @types/end-of-stream@ts3.6 fetched in 88ms
193 http fetch GET 304 https://registry.npmjs.org/@types%2fdiffie-hellman 2112ms (from cache)
194 http fetch GET 304 https://registry.npmjs.org/@types%2fdestroy 2163ms (from cache)
195 silly pacote tag manifest for @types/diffie-hellman@ts3.6 fetched in 2114ms
196 silly pacote tag manifest for @types/destroy@ts3.6 fetched in 2166ms
197 http fetch GET 304 https://registry.npmjs.org/@types%2fdns-packet 2102ms (from cache)
198 silly pacote tag manifest for @types/dns-packet@ts3.6 fetched in 2104ms
199 http fetch GET 304 https://registry.npmjs.org/@types%2fdoctrine 2083ms (from cache)
200 silly pacote tag manifest for @types/doctrine@ts3.6 fetched in 2085ms
201 http fetch GET 304 https://registry.npmjs.org/@types%2fee-first 1766ms (from cache)
202 silly pacote tag manifest for @types/ee-first@ts3.6 fetched in 1768ms
203 http fetch GET 304 https://registry.npmjs.org/@types%2feslint 321ms (from cache)
204 http fetch GET 304 https://registry.npmjs.org/@types%2fdomutils 2215ms (from cache)
205 http fetch GET 304 https://registry.npmjs.org/@types%2fdomexception 2680ms (from cache)
206 silly pacote tag manifest for @types/eslint@ts3.6 fetched in 327ms
207 silly pacote tag manifest for @types/domutils@ts3.6 fetched in 2221ms
208 silly pacote tag manifest for @types/domexception@ts3.6 fetched in 2685ms
209 http fetch GET 304 https://registry.npmjs.org/@types%2fenhanced-resolve 1476ms (from cache)
210 silly pacote tag manifest for @types/enhanced-resolve@ts3.6 fetched in 1479ms
211 http fetch GET 304 https://registry.npmjs.org/@types%2feslint-utils 324ms (from cache)
212 http fetch GET 304 https://registry.npmjs.org/@types%2feslint-scope 328ms (from cache)
213 silly pacote tag manifest for @types/eslint-utils@ts3.6 fetched in 326ms
214 silly pacote tag manifest for @types/eslint-scope@ts3.6 fetched in 331ms
215 http fetch GET 304 https://registry.npmjs.org/@types%2festraverse 87ms (from cache)
216 silly pacote tag manifest for @types/estraverse@ts3.6 fetched in 89ms
217 http fetch GET 304 https://registry.npmjs.org/@types%2felliptic 2124ms (from cache)
218 http fetch GET 304 https://registry.npmjs.org/@types%2fencodeurl 2047ms (from cache)
219 silly pacote tag manifest for @types/elliptic@ts3.6 fetched in 2136ms
220 silly pacote tag manifest for @types/encodeurl@ts3.6 fetched in 2056ms
221 http fetch GET 304 https://registry.npmjs.org/@types%2fesutils 105ms (from cache)
222 silly pacote tag manifest for @types/esutils@ts3.6 fetched in 107ms
223 http fetch GET 304 https://registry.npmjs.org/@types%2fetag 269ms (from cache)
224 http fetch GET 304 https://registry.npmjs.org/@types%2fes-to-primitive 1555ms (from cache)
225 http fetch GET 304 https://registry.npmjs.org/@types%2fescape-html 1403ms (from cache)
226 http fetch GET 304 https://registry.npmjs.org/@types%2fevents 270ms (from cache)
227 silly pacote tag manifest for @types/etag@ts3.6 fetched in 276ms
228 silly pacote tag manifest for @types/es-to-primitive@ts3.6 fetched in 1563ms
229 silly pacote tag manifest for @types/escape-html@ts3.6 fetched in 1414ms
230 silly pacote tag manifest for @types/events@ts3.6 fetched in 287ms
231 http fetch GET 304 https://registry.npmjs.org/@types%2fexpress 103ms (from cache)
232 silly pacote tag manifest for @types/express@ts3.6 fetched in 107ms
233 http fetch GET 304 https://registry.npmjs.org/@types%2fextend 99ms (from cache)
234 silly pacote tag manifest for @types/extend@ts3.6 fetched in 104ms
235 http fetch GET 304 https://registry.npmjs.org/@types%2ffast-levenshtein 85ms (from cache)
236 silly pacote tag manifest for @types/fast-levenshtein@ts3.6 fetched in 93ms
237 http fetch GET 304 https://registry.npmjs.org/@types%2ffb-watchman 97ms (from cache)
238 silly pacote tag manifest for @types/fb-watchman@ts3.6 fetched in 100ms
239 http fetch GET 304 https://registry.npmjs.org/@types%2ffile-entry-cache 77ms (from cache)
240 silly pacote tag manifest for @types/file-entry-cache@ts3.6 fetched in 79ms
241 http fetch GET 304 https://registry.npmjs.org/@types%2ffile-loader 83ms (from cache)
242 silly pacote tag manifest for @types/file-loader@ts3.6 fetched in 87ms
243 http fetch GET 304 https://registry.npmjs.org/@types%2ffill-range 81ms (from cache)
244 silly registry:manifest no matching version for @types/fill-range@ts3.6 in the cache. Forcing revalidation.
245 http fetch GET 304 https://registry.npmjs.org/@types%2ffinalhandler 88ms (from cache)
246 silly pacote tag manifest for @types/finalhandler@ts3.6 fetched in 90ms
247 http fetch GET 200 https://registry.npmjs.org/@types%2ffill-range 79ms
248 silly fetchPackageMetaData error for @types/fill-range@ts3.6 No matching version found for @types/fill-range@ts3.6.
249 http fetch GET 304 https://registry.npmjs.org/@types%2ffind-cache-dir 225ms (from cache)
250 http fetch GET 304 https://registry.npmjs.org/@types%2fes-abstract 2184ms (from cache)
251 silly pacote tag manifest for @types/find-cache-dir@ts3.6 fetched in 228ms
252 silly pacote tag manifest for @types/es-abstract@ts3.6 fetched in 2191ms
253 http fetch GET 304 https://registry.npmjs.org/@types%2fescodegen 2037ms (from cache)
254 silly pacote tag manifest for @types/escodegen@ts3.6 fetched in 2039ms
255 http fetch GET 304 https://registry.npmjs.org/@types%2fflat-cache 223ms (from cache)
256 silly pacote tag manifest for @types/flat-cache@ts3.6 fetched in 225ms
257 http fetch GET 304 https://registry.npmjs.org/@types%2fforwarded 94ms (from cache)
258 silly pacote tag manifest for @types/forwarded@ts3.6 fetched in 96ms
259 http fetch GET 304 https://registry.npmjs.org/@types%2ffresh 96ms (from cache)
260 silly pacote tag manifest for @types/fresh@ts3.6 fetched in 98ms
261 http fetch GET 304 https://registry.npmjs.org/@types%2feventsource 1327ms (from cache)
262 silly pacote tag manifest for @types/eventsource@ts3.6 fetched in 1331ms
263 http fetch GET 304 https://registry.npmjs.org/@types%2ffs-extra 89ms (from cache)
264 silly pacote tag manifest for @types/fs-extra@ts3.6 fetched in 93ms
265 http fetch GET 304 https://registry.npmjs.org/@types%2ffunction-bind 81ms (from cache)
266 silly pacote tag manifest for @types/function-bind@ts3.6 fetched in 83ms
267 http fetch GET 304 https://registry.npmjs.org/@types%2ffunctional-red-black-tree 97ms (from cache)
268 silly pacote tag manifest for @types/functional-red-black-tree@ts3.6 fetched in 99ms
269 http fetch GET 304 https://registry.npmjs.org/@types%2fget-intrinsic 81ms (from cache)
270 silly registry:manifest no matching version for @types/get-intrinsic@ts3.6 in the cache. Forcing revalidation.
271 http fetch GET 200 https://registry.npmjs.org/@types%2fget-intrinsic 303ms
272 silly fetchPackageMetaData error for @types/get-intrinsic@ts3.6 No matching version found for @types/get-intrinsic@ts3.6.
273 http fetch GET 304 https://registry.npmjs.org/@types%2feslint-visitor-keys 2529ms (from cache)
274 http fetch GET 304 https://registry.npmjs.org/@types%2fesprima 2215ms (from cache)
275 http fetch GET 304 https://registry.npmjs.org/@types%2fesquery 2209ms (from cache)
276 silly pacote tag manifest for @types/eslint-visitor-keys@ts3.6 fetched in 2535ms
277 silly pacote tag manifest for @types/esprima@ts3.6 fetched in 2221ms
278 silly pacote tag manifest for @types/esquery@ts3.6 fetched in 2215ms
279 http fetch GET 304 https://registry.npmjs.org/@types%2fget-value 229ms (from cache)
280 http fetch GET 304 https://registry.npmjs.org/@types%2fglob-parent 215ms (from cache)
281 http fetch GET 304 https://registry.npmjs.org/@types%2fglob 219ms (from cache)
282 silly pacote tag manifest for @types/get-value@ts3.6 fetched in 241ms
283 silly pacote tag manifest for @types/glob-parent@ts3.6 fetched in 226ms
284 silly pacote tag manifest for @types/glob@ts3.6 fetched in 233ms
285 http fetch GET 304 https://registry.npmjs.org/@types%2fglobal-modules 1013ms (from cache)
286 http fetch GET 304 https://registry.npmjs.org/@types%2fgraceful-fs 1002ms (from cache)
287 http fetch GET 304 https://registry.npmjs.org/@types%2fextsprintf 2980ms (from cache)
288 http fetch GET 304 https://registry.npmjs.org/@types%2fexit 3001ms (from cache)
289 silly pacote tag manifest for @types/global-modules@ts3.6 fetched in 1019ms
290 silly pacote tag manifest for @types/graceful-fs@ts3.6 fetched in 1009ms
291 silly pacote tag manifest for @types/extsprintf@ts3.6 fetched in 2985ms
292 silly pacote tag manifest for @types/exit@ts3.6 fetched in 3008ms
293 http fetch GET 304 https://registry.npmjs.org/@types%2ffollow-redirects 2615ms (from cache)
294 http fetch GET 304 https://registry.npmjs.org/@types%2fflush-write-stream 2623ms (from cache)
295 http fetch GET 304 https://registry.npmjs.org/@types%2fforever-agent 2597ms (from cache)
296 http fetch GET 304 https://registry.npmjs.org/@types%2ffrom2 2379ms (from cache)
297 silly pacote tag manifest for @types/follow-redirects@ts3.6 fetched in 2622ms
298 silly pacote tag manifest for @types/flush-write-stream@ts3.6 fetched in 2633ms
299 silly pacote tag manifest for @types/forever-agent@ts3.6 fetched in 2609ms
300 silly pacote tag manifest for @types/from2@ts3.6 fetched in 2392ms
301 http fetch GET 304 https://registry.npmjs.org/@types%2fhas 353ms (from cache)
302 http fetch GET 304 https://registry.npmjs.org/@types%2fhoist-non-react-statics 105ms (from cache)
303 silly pacote tag manifest for @types/has@ts3.6 fetched in 356ms
304 silly pacote tag manifest for @types/hoist-non-react-statics@ts3.6 fetched in 120ms
305 http fetch GET 304 https://registry.npmjs.org/@types%2fhosted-git-info 309ms (from cache)
306 http fetch GET 304 https://registry.npmjs.org/@types%2fhtml-minifier-terser 225ms (from cache)
307 silly pacote tag manifest for @types/hosted-git-info@ts3.6 fetched in 326ms
308 silly pacote tag manifest for @types/html-minifier-terser@ts3.6 fetched in 245ms
309 http fetch GET 304 https://registry.npmjs.org/@types%2fhttp-errors 139ms (from cache)
310 silly pacote tag manifest for @types/http-errors@ts3.6 fetched in 142ms
311 http fetch GET 304 https://registry.npmjs.org/@types%2fhttp-proxy 154ms (from cache)
312 silly pacote tag manifest for @types/http-proxy@ts3.6 fetched in 156ms
313 http fetch GET 304 https://registry.npmjs.org/@types%2fgetpass 2090ms (from cache)
314 silly pacote tag manifest for @types/getpass@ts3.6 fetched in 2092ms
315 http fetch GET 304 https://registry.npmjs.org/@types%2fhtml-escaper 617ms (from cache)
316 silly pacote tag manifest for @types/html-escaper@ts3.6 fetched in 621ms
317 http fetch GET 304 https://registry.npmjs.org/@types%2finherits 167ms (from cache)
318 http fetch GET 304 https://registry.npmjs.org/@types%2fglobal-prefix 2065ms (from cache)
319 silly pacote tag manifest for @types/inherits@ts3.6 fetched in 170ms
320 silly pacote tag manifest for @types/global-prefix@ts3.6 fetched in 2069ms
321 http fetch GET 304 https://registry.npmjs.org/@types%2fini 142ms (from cache)
322 silly pacote tag manifest for @types/ini@ts3.6 fetched in 147ms
323 http fetch GET 304 https://registry.npmjs.org/@types%2fip 511ms (from cache)
324 http fetch GET 304 https://registry.npmjs.org/@types%2fhas-symbols 1713ms (from cache)
325 http fetch GET 304 https://registry.npmjs.org/@types%2fhtml-encoding-sniffer 1457ms (from cache)
326 http fetch GET 304 https://registry.npmjs.org/@types%2fhex-color-regex 1710ms (from cache)
327 silly pacote tag manifest for @types/ip@ts3.6 fetched in 520ms
328 silly pacote tag manifest for @types/has-symbols@ts3.6 fetched in 1722ms
329 http fetch GET 304 https://registry.npmjs.org/@types%2finternal-slot 672ms (from cache)
330 silly pacote tag manifest for @types/html-encoding-sniffer@ts3.6 fetched in 1468ms
331 silly pacote tag manifest for @types/hex-color-regex@ts3.6 fetched in 1719ms
332 silly pacote tag manifest for @types/internal-slot@ts3.6 fetched in 698ms
333 http fetch GET 304 https://registry.npmjs.org/@types%2fhe 2308ms (from cache)
334 silly pacote tag manifest for @types/he@ts3.6 fetched in 2313ms
335 http fetch GET 304 https://registry.npmjs.org/@types%2fhtmlparser2 2243ms (from cache)
336 silly pacote tag manifest for @types/htmlparser2@ts3.6 fetched in 2250ms
337 http fetch GET 304 https://registry.npmjs.org/@types%2ficss-utils 2113ms (from cache)
338 silly pacote tag manifest for @types/icss-utils@ts3.6 fetched in 2116ms
339 http fetch GET 304 https://registry.npmjs.org/@types%2fiferr 2299ms (from cache)
340 http fetch GET 304 https://registry.npmjs.org/@types%2fis-data-descriptor 226ms (from cache)
341 silly registry:manifest no matching version for @types/is-data-descriptor@ts3.6 in the cache. Forcing revalidation.
342 http fetch GET 304 https://registry.npmjs.org/@types%2fimurmurhash 2234ms (from cache)
343 silly pacote tag manifest for @types/iferr@ts3.6 fetched in 2321ms
344 silly pacote tag manifest for @types/imurmurhash@ts3.6 fetched in 2243ms
345 http fetch GET 304 https://registry.npmjs.org/@types%2fis-buffer 1397ms (from cache)
346 silly pacote tag manifest for @types/is-buffer@ts3.6 fetched in 1399ms
347 http fetch GET 200 https://registry.npmjs.org/@types%2fis-data-descriptor 372ms
348 silly fetchPackageMetaData error for @types/is-data-descriptor@ts3.6 No matching version found for @types/is-data-descriptor@ts3.6.
349 http fetch GET 304 https://registry.npmjs.org/@types%2fis-number 322ms (from cache)
350 http fetch GET 304 https://registry.npmjs.org/@types%2fis-date-object 371ms (from cache)
351 silly pacote tag manifest for @types/is-number@ts3.6 fetched in 333ms
352 silly pacote tag manifest for @types/is-date-object@ts3.6 fetched in 381ms
353 http fetch GET 304 https://registry.npmjs.org/@types%2fis-typedarray 250ms (from cache)
354 http fetch GET 304 https://registry.npmjs.org/@types%2fis-regex 282ms (from cache)
355 silly pacote tag manifest for @types/is-typedarray@ts3.6 fetched in 263ms
356 silly pacote tag manifest for @types/is-regex@ts3.6 fetched in 287ms
357 http fetch GET 304 https://registry.npmjs.org/@types%2fis-boolean-object 2191ms (from cache)
358 silly registry:manifest no matching version for @types/is-boolean-object@ts3.6 in the cache. Forcing revalidation.
359 http fetch GET 304 https://registry.npmjs.org/@types%2fis-arguments 2199ms (from cache)
360 http fetch GET 304 https://registry.npmjs.org/@types%2fisarray 190ms (from cache)
361 http fetch GET 304 https://registry.npmjs.org/@types%2fis-callable 2166ms (from cache)
362 silly pacote tag manifest for @types/is-arguments@ts3.6 fetched in 2204ms
363 silly pacote tag manifest for @types/isarray@ts3.6 fetched in 196ms
364 silly pacote tag manifest for @types/is-callable@ts3.6 fetched in 2178ms
365 http fetch GET 304 https://registry.npmjs.org/@types%2fisexe 105ms (from cache)
366 silly pacote tag manifest for @types/isexe@ts3.6 fetched in 108ms
367 http fetch GET 304 https://registry.npmjs.org/@types%2fis-bigint 2428ms (from cache)
368 silly registry:manifest no matching version for @types/is-bigint@ts3.6 in the cache. Forcing revalidation.
369 http fetch GET 304 https://registry.npmjs.org/@types%2fistanbul-lib-coverage 222ms (from cache)
370 silly pacote tag manifest for @types/istanbul-lib-coverage@ts3.6 fetched in 241ms
371 http fetch GET 304 https://registry.npmjs.org/@types%2fistanbul-lib-instrument 153ms (from cache)
372 silly pacote tag manifest for @types/istanbul-lib-instrument@ts3.6 fetched in 160ms
373 http fetch GET 200 https://registry.npmjs.org/@types%2fis-bigint 189ms
374 silly fetchPackageMetaData error for @types/is-bigint@ts3.6 No matching version found for @types/is-bigint@ts3.6.
375 http fetch GET 304 https://registry.npmjs.org/@types%2fistanbul-lib-report 184ms (from cache)
376 http fetch GET 304 https://registry.npmjs.org/@types%2fistanbul-lib-source-maps 169ms (from cache)
377 silly pacote tag manifest for @types/istanbul-lib-report@ts3.6 fetched in 188ms
378 silly pacote tag manifest for @types/istanbul-lib-source-maps@ts3.6 fetched in 172ms
379 http fetch GET 304 https://registry.npmjs.org/@types%2fis-ci 2103ms (from cache)
380 silly pacote tag manifest for @types/is-ci@ts3.6 fetched in 2105ms
381 http fetch GET 304 https://registry.npmjs.org/@types%2fistanbul-reports 118ms (from cache)
382 silly pacote tag manifest for @types/istanbul-reports@ts3.6 fetched in 129ms
383 http fetch GET 304 https://registry.npmjs.org/@types%2fjsdom 91ms (from cache)
384 silly pacote tag manifest for @types/jsdom@ts3.6 fetched in 102ms
385 http fetch GET 304 https://registry.npmjs.org/@types%2fis-core-module 2058ms (from cache)
386 silly pacote tag manifest for @types/is-core-module@ts3.6 fetched in 2060ms
387 http fetch GET 304 https://registry.npmjs.org/@types%2fjson-schema 108ms (from cache)
388 silly pacote tag manifest for @types/json-schema@ts3.6 fetched in 111ms
389 http fetch GET 304 https://registry.npmjs.org/@types%2fis-glob 2725ms (from cache)
390 silly pacote tag manifest for @types/is-glob@ts3.6 fetched in 2727ms
391 http fetch GET 200 https://registry.npmjs.org/@types%2fis-boolean-object 2052ms
392 silly fetchPackageMetaData error for @types/is-boolean-object@ts3.6 No matching version found for @types/is-boolean-object@ts3.6.
393 http fetch GET 304 https://registry.npmjs.org/@types%2fis-string 2539ms (from cache)
394 http fetch GET 304 https://registry.npmjs.org/@types%2fjsbn 1633ms (from cache)
395 silly registry:manifest no matching version for @types/is-string@ts3.6 in the cache. Forcing revalidation.
396 silly pacote tag manifest for @types/jsbn@ts3.6 fetched in 1640ms
397 http fetch GET 304 https://registry.npmjs.org/@types%2fis-windows 2281ms (from cache)
398 http fetch GET 304 https://registry.npmjs.org/@types%2fjsesc 1539ms (from cache)
399 silly pacote tag manifest for @types/is-windows@ts3.6 fetched in 2295ms
400 silly pacote tag manifest for @types/jsesc@ts3.6 fetched in 1548ms
401 http fetch GET 304 https://registry.npmjs.org/@types%2fisstream 2291ms (from cache)
402 silly pacote tag manifest for @types/isstream@ts3.6 fetched in 2295ms
403 http fetch GET 304 https://registry.npmjs.org/@types%2flanguage-tags 313ms (from cache)
404 silly registry:manifest no matching version for @types/language-tags@ts3.6 in the cache. Forcing revalidation.
405 http fetch GET 304 https://registry.npmjs.org/@types%2fjs-yaml 2133ms (from cache)
406 silly pacote tag manifest for @types/js-yaml@ts3.6 fetched in 2135ms
407 http fetch GET 304 https://registry.npmjs.org/@types%2fjson-parse-better-errors 2324ms (from cache)
408 http fetch GET 304 https://registry.npmjs.org/@types%2fjsonfile 877ms (from cache)
409 http fetch GET 304 https://registry.npmjs.org/@types%2flodash 352ms (from cache)
410 silly pacote tag manifest for @types/json-parse-better-errors@ts3.6 fetched in 2335ms
411 silly pacote tag manifest for @types/jsonfile@ts3.6 fetched in 886ms
412 silly pacote tag manifest for @types/lodash@ts3.6 fetched in 362ms
413 http fetch GET 304 https://registry.npmjs.org/@types%2fjson-stringify-safe 2125ms (from cache)
414 silly pacote tag manifest for @types/json-stringify-safe@ts3.6 fetched in 2127ms
415 http fetch GET 304 https://registry.npmjs.org/@types%2fjson3 2350ms (from cache)
416 silly pacote tag manifest for @types/json3@ts3.6 fetched in 2364ms
417 http fetch GET 304 https://registry.npmjs.org/@types%2flodash.debounce 1385ms (from cache)
418 silly pacote tag manifest for @types/lodash.debounce@ts3.6 fetched in 1387ms
419 http fetch GET 200 https://registry.npmjs.org/@types%2fis-string 2389ms
420 silly fetchPackageMetaData error for @types/is-string@ts3.6 No matching version found for @types/is-string@ts3.6.
421 http fetch GET 304 https://registry.npmjs.org/@types%2fkind-of 2387ms (from cache)
422 http fetch GET 304 https://registry.npmjs.org/@types%2floader-runner 2370ms (from cache)
423 http fetch GET 304 https://registry.npmjs.org/@types%2floader-utils 2169ms (from cache)
424 silly pacote tag manifest for @types/kind-of@ts3.6 fetched in 2390ms
425 silly pacote tag manifest for @types/loader-runner@ts3.6 fetched in 2373ms
426 silly pacote tag manifest for @types/loader-utils@ts3.6 fetched in 2171ms
427 http fetch GET 200 https://registry.npmjs.org/@types%2flanguage-tags 2096ms
428 silly fetchPackageMetaData error for @types/language-tags@ts3.6 No matching version found for @types/language-tags@ts3.6.
429 http fetch GET 304 https://registry.npmjs.org/@types%2flodash.flatten 2143ms (from cache)
430 http fetch GET 304 https://registry.npmjs.org/@types%2flodash.clonedeep 2149ms (from cache)
431 silly pacote tag manifest for @types/lodash.flatten@ts3.6 fetched in 2148ms
432 silly pacote tag manifest for @types/lodash.clonedeep@ts3.6 fetched in 2152ms
433 timing stage:rollbackFailedOptional Completed in 1ms
434 timing stage:runTopLevelLifecycles Completed in 27750ms
435 verbose type tag
436 verbose stack @types/call-bind: No matching version found for @types/call-bind@ts3.6.
436 verbose stack     at pickManifest (/usr/local/lib/node_modules/npm/node_modules/npm-pick-manifest/index.js:122:13)
436 verbose stack     at /usr/local/lib/node_modules/npm/node_modules/pacote/lib/fetchers/registry/manifest.js:43:18
436 verbose stack     at tryCatcher (/usr/local/lib/node_modules/npm/node_modules/bluebird/js/release/util.js:16:23)
436 verbose stack     at Promise._settlePromiseFromHandler (/usr/local/lib/node_modules/npm/node_modules/bluebird/js/release/promise.js:517:31)
436 verbose stack     at Promise._settlePromise (/usr/local/lib/node_modules/npm/node_modules/bluebird/js/release/promise.js:574:18)
436 verbose stack     at Promise._settlePromise0 (/usr/local/lib/node_modules/npm/node_modules/bluebird/js/release/promise.js:619:10)
436 verbose stack     at Promise._settlePromises (/usr/local/lib/node_modules/npm/node_modules/bluebird/js/release/promise.js:699:18)
436 verbose stack     at _drainQueueStep (/usr/local/lib/node_modules/npm/node_modules/bluebird/js/release/async.js:138:12)
436 verbose stack     at _drainQueue (/usr/local/lib/node_modules/npm/node_modules/bluebird/js/release/async.js:131:9)
436 verbose stack     at Async._drainQueues (/usr/local/lib/node_modules/npm/node_modules/bluebird/js/release/async.js:147:5)
436 verbose stack     at Immediate.Async.drainQueues [as _onImmediate] (/usr/local/lib/node_modules/npm/node_modules/bluebird/js/release/async.js:17:14)
436 verbose stack     at processImmediate (internal/timers.js:456:21)
437 verbose cwd /home/theia/.cache/typescript/3.6
438 verbose Linux 5.4.72-microsoft-standard-WSL2
439 verbose argv "/usr/local/bin/node" "/usr/local/bin/npm" "install" "--ignore-scripts" "@types/accepts@ts3.6" "@types/acorn@ts3.6" "@types/argparse@ts3.6" "@types/aria-query@ts3.6" "@types/arr-diff@ts3.6" "@types/arr-union@ts3.6" "@types/array-unique@ts3.6" "@types/array.prototype.flat@ts3.6" "@types/array.prototype.flatmap@ts3.6" "@types/asap@ts3.6" "@types/asn1@ts3.6" "@types/assert@ts3.6" "@types/assert-plus@ts3.6" "@types/async@ts3.6" "@types/atob@ts3.6" "@types/aws4@ts3.6" "@types/babel-plugin-macros@ts3.6" "@types/babylon@ts3.6" "@types/balanced-match@ts3.6" "@types/big.js@ts3.6" "@types/bluebird@ts3.6" "@types/bn.js@ts3.6" "@types/body-parser@ts3.6" "@types/bonjour@ts3.6" "@types/boolbase@ts3.6" "@types/brace-expansion@ts3.6" "@types/braces@ts3.6" "@types/brorand@ts3.6" "@types/bser@ts3.6" "@types/buffer-from@ts3.6" "@types/buffer-xor@ts3.6" "@types/bytes@ts3.6" "@types/cacache@ts3.6" "@types/call-bind@ts3.6" "@types/caniuse-api@ts3.6" "@types/caniuse-lite@ts3.6" "@types/case-sensitive-paths-webpack-plugin@ts3.6" "@types/caseless@ts3.6" "@types/check-types@ts3.6" "@types/chownr@ts3.6" "@types/cipher-base@ts3.6" "@types/clean-css@ts3.6" "@types/co@ts3.6" "@types/color@ts3.6" "@types/color-convert@ts3.6" "@types/color-name@ts3.6" "@types/color-string@ts3.6" "@types/combined-stream@ts3.6" "@types/common-tags@ts3.6" "@types/commondir@ts3.6" "@types/component-emitter@ts3.6" "@types/compose-function@ts3.6" "@types/compressible@ts3.6" "@types/compression@ts3.6" "@types/concat-map@ts3.6" "@types/concat-stream@ts3.6" "@types/confusing-browser-globals@ts3.6" "@types/connect-history-api-fallback@ts3.6" "@types/contains-path@ts3.6" "@types/content-disposition@ts3.6" "@types/content-type@ts3.6" "@types/convert-source-map@ts3.6" "@types/cookie@ts3.6" "@types/cookie-signature@ts3.6" "@types/core-js@ts3.6" "@types/create-hash@ts3.6" "@types/create-hmac@ts3.6" "@types/cross-spawn@ts3.6" "@types/css@ts3.6" "@types/css-declaration-sorter@ts3.6" "@types/css-tree@ts3.6" "@types/cssesc@ts3.6" "@types/csso@ts3.6" "@types/cssom@ts3.6" "@types/cssstyle@ts3.6" "@types/d@ts3.6" "@types/damerau-levenshtein@ts3.6" "@types/dashdash@ts3.6" "@types/data-urls@ts3.6" "@types/debug@ts3.6" "@types/decode-uri-component@ts3.6" "@types/dedent@ts3.6" "@types/deep-equal@ts3.6" "@types/default-gateway@ts3.6" "@types/define-properties@ts3.6" "@types/depd@ts3.6" "@types/destroy@ts3.6" "@types/detect-node@ts3.6" "@types/diffie-hellman@ts3.6" "@types/dir-glob@ts3.6" "@types/dns-packet@ts3.6" "@types/doctrine@ts3.6" "@types/domexception@ts3.6" "@types/domhandler@ts3.6" "@types/domutils@ts3.6" "@types/duplexify@ts3.6" "@types/ee-first@ts3.6" "@types/ejs@ts3.6" "@types/elliptic@ts3.6" "@types/encodeurl@ts3.6" "@types/end-of-stream@ts3.6" "@types/enhanced-resolve@ts3.6" "@types/es-abstract@ts3.6" "@types/es-to-primitive@ts3.6" "@types/escape-html@ts3.6" "@types/escodegen@ts3.6" "@types/eslint@ts3.6" "@types/eslint-scope@ts3.6" "@types/eslint-utils@ts3.6" "@types/eslint-visitor-keys@ts3.6" "@types/esprima@ts3.6" "@types/esquery@ts3.6" "@types/estraverse@ts3.6" "@types/esutils@ts3.6" "@types/etag@ts3.6" "@types/events@ts3.6" "@types/eventsource@ts3.6" "@types/exit@ts3.6" "@types/express@ts3.6" "@types/extend@ts3.6" "@types/extsprintf@ts3.6" "@types/fast-levenshtein@ts3.6" "@types/fb-watchman@ts3.6" "@types/file-entry-cache@ts3.6" "@types/file-loader@ts3.6" "@types/fill-range@ts3.6" "@types/finalhandler@ts3.6" "@types/find-cache-dir@ts3.6" "@types/flat-cache@ts3.6" "@types/flush-write-stream@ts3.6" "@types/follow-redirects@ts3.6" "@types/forever-agent@ts3.6" "@types/forwarded@ts3.6" "@types/fresh@ts3.6" "@types/from2@ts3.6" "@types/fs-extra@ts3.6" "@types/function-bind@ts3.6" "@types/functional-red-black-tree@ts3.6" "@types/get-intrinsic@ts3.6" "@types/get-value@ts3.6" "@types/getpass@ts3.6" "@types/glob@ts3.6" "@types/glob-parent@ts3.6" "@types/global-modules@ts3.6" "@types/global-prefix@ts3.6" "@types/graceful-fs@ts3.6" "@types/has@ts3.6" "@types/has-symbols@ts3.6" "@types/he@ts3.6" "@types/hex-color-regex@ts3.6" "@types/hoist-non-react-statics@ts3.6" "@types/hosted-git-info@ts3.6" "@types/html-encoding-sniffer@ts3.6" "@types/html-escaper@ts3.6" "@types/html-minifier-terser@ts3.6" "@types/htmlparser2@ts3.6" "@types/http-errors@ts3.6" "@types/http-proxy@ts3.6" "@types/icss-utils@ts3.6" "@types/iferr@ts3.6" "@types/imurmurhash@ts3.6" "@types/inherits@ts3.6" "@types/ini@ts3.6" "@types/internal-slot@ts3.6" "@types/ip@ts3.6" "@types/is-arguments@ts3.6" "@types/is-bigint@ts3.6" "@types/is-boolean-object@ts3.6" "@types/is-buffer@ts3.6" "@types/is-callable@ts3.6" "@types/is-ci@ts3.6" "@types/is-core-module@ts3.6" "@types/is-data-descriptor@ts3.6" "@types/is-date-object@ts3.6" "@types/is-glob@ts3.6" "@types/is-number@ts3.6" "@types/is-regex@ts3.6" "@types/is-string@ts3.6" "@types/is-typedarray@ts3.6" "@types/is-windows@ts3.6" "@types/isarray@ts3.6" "@types/isexe@ts3.6" "@types/isstream@ts3.6" "@types/istanbul-lib-coverage@ts3.6" "@types/istanbul-lib-instrument@ts3.6" "@types/istanbul-lib-report@ts3.6" "@types/istanbul-lib-source-maps@ts3.6" "@types/istanbul-reports@ts3.6" "@types/js-yaml@ts3.6" "@types/jsbn@ts3.6" "@types/jsdom@ts3.6" "@types/jsesc@ts3.6" "@types/json-parse-better-errors@ts3.6" "@types/json-schema@ts3.6" "@types/json-stringify-safe@ts3.6" "@types/json3@ts3.6" "@types/jsonfile@ts3.6" "@types/kind-of@ts3.6" "@types/language-tags@ts3.6" "@types/loader-runner@ts3.6" "@types/loader-utils@ts3.6" "@types/lodash@ts3.6" "@types/lodash.clonedeep@ts3.6" "@types/lodash.debounce@ts3.6" "@types/lodash.flatten@ts3.6" "--save-dev" "--user-agent=typesInstaller/3.6.3"
440 verbose node v12.18.3
441 verbose npm  v6.14.6
442 error code ETARGET
443 error notarget No matching version found for @types/call-bind@ts3.6.
444 error notarget In most cases you or one of your dependencies are requesting
444 error notarget a package version that doesn't exist.
445 verbose exit [ 1, true ]
