0 info it worked if it ends with ok
1 verbose cli [
1 verbose cli   '/usr/local/bin/node',
1 verbose cli   '/usr/local/bin/npm',
1 verbose cli   'install',
1 verbose cli   '--ignore-scripts',
1 verbose cli   '@types/accepts@ts3.6',
1 verbose cli   '@types/acorn@ts3.6',
1 verbose cli   '@types/argparse@ts3.6',
1 verbose cli   '@types/aria-query@ts3.6',
1 verbose cli   '@types/arr-diff@ts3.6',
1 verbose cli   '@types/arr-union@ts3.6',
1 verbose cli   '@types/array-unique@ts3.6',
1 verbose cli   '@types/array.prototype.flat@ts3.6',
1 verbose cli   '@types/array.prototype.flatmap@ts3.6',
1 verbose cli   '@types/asap@ts3.6',
1 verbose cli   '@types/assert@ts3.6',
1 verbose cli   '@types/async@ts3.6',
1 verbose cli   '@types/atob@ts3.6',
1 verbose cli   '@types/babel-plugin-macros@ts3.6',
1 verbose cli   '@types/babylon@ts3.6',
1 verbose cli   '@types/balanced-match@ts3.6',
1 verbose cli   '@types/big.js@ts3.6',
1 verbose cli   '@types/bluebird@ts3.6',
1 verbose cli   '@types/bn.js@ts3.6',
1 verbose cli   '@types/body-parser@ts3.6',
1 verbose cli   '@types/bonjour@ts3.6',
1 verbose cli   '@types/boolbase@ts3.6',
1 verbose cli   '@types/brace-expansion@ts3.6',
1 verbose cli   '@types/braces@ts3.6',
1 verbose cli   '@types/brorand@ts3.6',
1 verbose cli   '@types/bser@ts3.6',
1 verbose cli   '@types/buffer-from@ts3.6',
1 verbose cli   '@types/buffer-xor@ts3.6',
1 verbose cli   '@types/bytes@ts3.6',
1 verbose cli   '@types/cacache@ts3.6',
1 verbose cli   '@types/call-bind@ts3.6',
1 verbose cli   '@types/caniuse-api@ts3.6',
1 verbose cli   '@types/caniuse-lite@ts3.6',
1 verbose cli   '@types/case-sensitive-paths-webpack-plugin@ts3.6',
1 verbose cli   '@types/charcodes@ts3.6',
1 verbose cli   '@types/chardet@ts3.6',
1 verbose cli   '@types/check-types@ts3.6',
1 verbose cli   '@types/chownr@ts3.6',
1 verbose cli   '@types/cipher-base@ts3.6',
1 verbose cli   '@types/clean-css@ts3.6',
1 verbose cli   '@types/co@ts3.6',
1 verbose cli   '@types/color@ts3.6',
1 verbose cli   '@types/color-convert@ts3.6',
1 verbose cli   '@types/color-name@ts3.6',
1 verbose cli   '@types/color-string@ts3.6',
1 verbose cli   '@types/combined-stream@ts3.6',
1 verbose cli   '@types/common-tags@ts3.6',
1 verbose cli   '@types/commondir@ts3.6',
1 verbose cli   '@types/component-emitter@ts3.6',
1 verbose cli   '@types/compose-function@ts3.6',
1 verbose cli   '@types/compressible@ts3.6',
1 verbose cli   '@types/compression@ts3.6',
1 verbose cli   '@types/concat-map@ts3.6',
1 verbose cli   '@types/concat-stream@ts3.6',
1 verbose cli   '@types/confusing-browser-globals@ts3.6',
1 verbose cli   '@types/connect-history-api-fallback@ts3.6',
1 verbose cli   '@types/content-disposition@ts3.6',
1 verbose cli   '@types/content-type@ts3.6',
1 verbose cli   '@types/convert-source-map@ts3.6',
1 verbose cli   '@types/cookie@ts3.6',
1 verbose cli   '@types/cookie-signature@ts3.6',
1 verbose cli   '@types/core-js@ts3.6',
1 verbose cli   '@types/create-hash@ts3.6',
1 verbose cli   '@types/create-hmac@ts3.6',
1 verbose cli   '@types/cross-spawn@ts3.6',
1 verbose cli   '@types/css@ts3.6',
1 verbose cli   '@types/css-declaration-sorter@ts3.6',
1 verbose cli   '@types/css-tree@ts3.6',
1 verbose cli   '@types/cssesc@ts3.6',
1 verbose cli   '@types/csso@ts3.6',
1 verbose cli   '@types/cssom@ts3.6',
1 verbose cli   '@types/cssstyle@ts3.6',
1 verbose cli   '@types/d@ts3.6',
1 verbose cli   '@types/damerau-levenshtein@ts3.6',
1 verbose cli   '@types/data-urls@ts3.6',
1 verbose cli   '@types/debug@ts3.6',
1 verbose cli   '@types/decode-uri-component@ts3.6',
1 verbose cli   '@types/dedent@ts3.6',
1 verbose cli   '@types/deep-equal@ts3.6',
1 verbose cli   '@types/default-gateway@ts3.6',
1 verbose cli   '@types/define-properties@ts3.6',
1 verbose cli   '@types/depd@ts3.6',
1 verbose cli   '@types/destroy@ts3.6',
1 verbose cli   '@types/detect-node@ts3.6',
1 verbose cli   '@types/diffie-hellman@ts3.6',
1 verbose cli   '@types/dir-glob@ts3.6',
1 verbose cli   '@types/dns-packet@ts3.6',
1 verbose cli   '@types/doctrine@ts3.6',
1 verbose cli   '@types/domexception@ts3.6',
1 verbose cli   '@types/domutils@ts3.6',
1 verbose cli   '@types/duplexify@ts3.6',
1 verbose cli   '@types/ee-first@ts3.6',
1 verbose cli   '@types/ejs@ts3.6',
1 verbose cli   '@types/elliptic@ts3.6',
1 verbose cli   '@types/encodeurl@ts3.6',
1 verbose cli   '@types/end-of-stream@ts3.6',
1 verbose cli   ... 105 more items
1 verbose cli ]
2 info using npm@6.14.6
3 info using node@v12.18.3
4 verbose npm-session d7cb9d24d71a705c
5 silly install loadCurrentTree
6 silly install readLocalPackageData
7 http fetch GET 304 https://registry.npmjs.org/@types%2farray.prototype.flat 1162ms (from cache)
8 http fetch GET 304 https://registry.npmjs.org/@types%2farr-diff 1169ms (from cache)
9 http fetch GET 304 https://registry.npmjs.org/@types%2faccepts 1179ms (from cache)
10 http fetch GET 304 https://registry.npmjs.org/@types%2farray-unique 1171ms (from cache)
11 http fetch GET 304 https://registry.npmjs.org/@types%2facorn 1184ms (from cache)
12 silly pacote tag manifest for @types/array.prototype.flat@ts3.6 fetched in 1217ms
13 silly pacote tag manifest for @types/accepts@ts3.6 fetched in 1247ms
14 http fetch GET 304 https://registry.npmjs.org/@types%2farray.prototype.flatmap 1227ms (from cache)
15 silly pacote tag manifest for @types/arr-diff@ts3.6 fetched in 1242ms
16 silly pacote tag manifest for @types/array-unique@ts3.6 fetched in 1244ms
17 silly pacote tag manifest for @types/acorn@ts3.6 fetched in 1269ms
18 silly pacote tag manifest for @types/array.prototype.flatmap@ts3.6 fetched in 1259ms
19 http fetch GET 304 https://registry.npmjs.org/@types%2fasap 1490ms (from cache)
20 silly pacote tag manifest for @types/asap@ts3.6 fetched in 1494ms
21 http fetch GET 304 https://registry.npmjs.org/@types%2fassert 359ms (from cache)
22 http fetch GET 304 https://registry.npmjs.org/@types%2fbabylon 339ms (from cache)
23 http fetch GET 304 https://registry.npmjs.org/@types%2fatob 360ms (from cache)
24 silly pacote tag manifest for @types/assert@ts3.6 fetched in 391ms
25 silly pacote tag manifest for @types/babylon@ts3.6 fetched in 355ms
26 http fetch GET 304 https://registry.npmjs.org/@types%2fbalanced-match 475ms (from cache)
27 silly pacote tag manifest for @types/atob@ts3.6 fetched in 509ms
28 silly pacote tag manifest for @types/balanced-match@ts3.6 fetched in 658ms
29 http fetch GET 304 https://registry.npmjs.org/@types%2fbn.js 340ms (from cache)
30 silly pacote tag manifest for @types/bn.js@ts3.6 fetched in 399ms
31 http fetch GET 304 https://registry.npmjs.org/@types%2fbody-parser 390ms (from cache)
32 http fetch GET 304 https://registry.npmjs.org/@types%2faria-query 2153ms (from cache)
33 silly pacote tag manifest for @types/body-parser@ts3.6 fetched in 417ms
34 silly pacote tag manifest for @types/aria-query@ts3.6 fetched in 2204ms
35 http fetch GET 304 https://registry.npmjs.org/@types%2fbonjour 429ms (from cache)
36 silly pacote tag manifest for @types/bonjour@ts3.6 fetched in 464ms
37 http fetch GET 304 https://registry.npmjs.org/@types%2fboolbase 374ms (from cache)
38 http fetch GET 304 https://registry.npmjs.org/@types%2fargparse 2402ms (from cache)
39 silly pacote tag manifest for @types/argparse@ts3.6 fetched in 2405ms
40 http fetch GET 304 https://registry.npmjs.org/@types%2farr-union 2403ms (from cache)
41 silly pacote tag manifest for @types/arr-union@ts3.6 fetched in 2413ms
42 silly pacote tag manifest for @types/boolbase@ts3.6 fetched in 476ms
43 http fetch GET 304 https://registry.npmjs.org/@types%2fbrace-expansion 500ms (from cache)
44 http fetch GET 304 https://registry.npmjs.org/@types%2fbraces 469ms (from cache)
45 http fetch GET 304 https://registry.npmjs.org/@types%2fbrorand 285ms (from cache)
46 silly pacote tag manifest for @types/braces@ts3.6 fetched in 492ms
47 silly pacote tag manifest for @types/brace-expansion@ts3.6 fetched in 529ms
48 silly pacote tag manifest for @types/brorand@ts3.6 fetched in 324ms
49 http fetch GET 304 https://registry.npmjs.org/@types%2fbluebird 1285ms (from cache)
50 http fetch GET 304 https://registry.npmjs.org/@types%2fasync 1688ms (from cache)
51 http fetch GET 304 https://registry.npmjs.org/@types%2fbabel-plugin-macros 1668ms (from cache)
52 silly pacote tag manifest for @types/babel-plugin-macros@ts3.6 fetched in 1688ms
53 silly pacote tag manifest for @types/async@ts3.6 fetched in 1713ms
54 silly pacote tag manifest for @types/bluebird@ts3.6 fetched in 1330ms
55 http fetch GET 304 https://registry.npmjs.org/@types%2fcall-bind 313ms (from cache)
56 silly registry:manifest no matching version for @types/call-bind@ts3.6 in the cache. Forcing revalidation.
57 http fetch GET 304 https://registry.npmjs.org/@types%2fbytes 334ms (from cache)
58 http fetch GET 304 https://registry.npmjs.org/@types%2fbig.js 1620ms (from cache)
59 silly pacote tag manifest for @types/big.js@ts3.6 fetched in 1681ms
60 silly pacote tag manifest for @types/bytes@ts3.6 fetched in 519ms
61 http fetch GET 304 https://registry.npmjs.org/@types%2fcacache 563ms (from cache)
62 silly pacote tag manifest for @types/cacache@ts3.6 fetched in 575ms
63 http fetch GET 304 https://registry.npmjs.org/@types%2fcaniuse-lite 366ms (from cache)
64 http fetch GET 304 https://registry.npmjs.org/@types%2fcase-sensitive-paths-webpack-plugin 363ms (from cache)
65 silly pacote tag manifest for @types/caniuse-lite@ts3.6 fetched in 412ms
66 silly pacote tag manifest for @types/case-sensitive-paths-webpack-plugin@ts3.6 fetched in 406ms
67 http fetch GET 304 https://registry.npmjs.org/@types%2fchardet 290ms (from cache)
68 silly pacote tag manifest for @types/chardet@ts3.6 fetched in 317ms
69 http fetch GET 304 https://registry.npmjs.org/@types%2fcipher-base 269ms (from cache)
70 http fetch GET 304 https://registry.npmjs.org/@types%2fcheck-types 353ms (from cache)
71 silly pacote tag manifest for @types/cipher-base@ts3.6 fetched in 288ms
72 silly pacote tag manifest for @types/check-types@ts3.6 fetched in 367ms
73 http fetch GET 200 https://registry.npmjs.org/@types%2fcall-bind 687ms
74 silly fetchPackageMetaData error for @types/call-bind@ts3.6 No matching version found for @types/call-bind@ts3.6.
75 http fetch GET 304 https://registry.npmjs.org/@types%2fbuffer-from 1324ms (from cache)
76 silly pacote tag manifest for @types/buffer-from@ts3.6 fetched in 1362ms
77 http fetch GET 304 https://registry.npmjs.org/@types%2fclean-css 362ms (from cache)
78 silly pacote tag manifest for @types/clean-css@ts3.6 fetched in 367ms
79 http fetch GET 304 https://registry.npmjs.org/@types%2fcolor 269ms (from cache)
80 http fetch GET 304 https://registry.npmjs.org/@types%2fco 283ms (from cache)
81 silly pacote tag manifest for @types/co@ts3.6 fetched in 292ms
82 silly pacote tag manifest for @types/color@ts3.6 fetched in 312ms
83 http fetch GET 304 https://registry.npmjs.org/@types%2fcolor-name 242ms (from cache)
84 silly pacote tag manifest for @types/color-name@ts3.6 fetched in 250ms
85 http fetch GET 304 https://registry.npmjs.org/@types%2fcolor-convert 423ms (from cache)
86 silly pacote tag manifest for @types/color-convert@ts3.6 fetched in 431ms
87 http fetch GET 304 https://registry.npmjs.org/@types%2fcombined-stream 223ms (from cache)
88 http fetch GET 304 https://registry.npmjs.org/@types%2fcommon-tags 228ms (from cache)
89 silly pacote tag manifest for @types/combined-stream@ts3.6 fetched in 256ms
90 silly pacote tag manifest for @types/common-tags@ts3.6 fetched in 235ms
91 http fetch GET 304 https://registry.npmjs.org/@types%2fcommondir 182ms (from cache)
92 silly pacote tag manifest for @types/commondir@ts3.6 fetched in 195ms
93 http fetch GET 304 https://registry.npmjs.org/@types%2fcaniuse-api 1640ms (from cache)
94 http fetch GET 304 https://registry.npmjs.org/@types%2fcompression 354ms (from cache)
95 http fetch GET 304 https://registry.npmjs.org/@types%2fcomponent-emitter 432ms (from cache)
96 silly pacote tag manifest for @types/component-emitter@ts3.6 fetched in 451ms
97 silly pacote tag manifest for @types/compression@ts3.6 fetched in 382ms
98 silly pacote tag manifest for @types/caniuse-api@ts3.6 fetched in 1700ms
99 http fetch GET 304 https://registry.npmjs.org/@types%2fcompressible 664ms (from cache)
100 http fetch GET 304 https://registry.npmjs.org/@types%2fbser 2464ms (from cache)
101 silly pacote tag manifest for @types/bser@ts3.6 fetched in 2478ms
102 silly pacote tag manifest for @types/compressible@ts3.6 fetched in 698ms
103 http fetch GET 304 https://registry.npmjs.org/@types%2fconcat-map 361ms (from cache)
104 http fetch GET 304 https://registry.npmjs.org/@types%2fconcat-stream 349ms (from cache)
105 silly pacote tag manifest for @types/concat-map@ts3.6 fetched in 379ms
106 silly pacote tag manifest for @types/concat-stream@ts3.6 fetched in 373ms
107 http fetch GET 304 https://registry.npmjs.org/@types%2fconfusing-browser-globals 407ms (from cache)
108 http fetch GET 304 https://registry.npmjs.org/@types%2fbuffer-xor 2558ms (from cache)
109 silly pacote tag manifest for @types/confusing-browser-globals@ts3.6 fetched in 420ms
110 silly pacote tag manifest for @types/buffer-xor@ts3.6 fetched in 2586ms
111 http fetch GET 304 https://registry.npmjs.org/@types%2fconnect-history-api-fallback 280ms (from cache)
112 silly pacote tag manifest for @types/connect-history-api-fallback@ts3.6 fetched in 290ms
113 http fetch GET 304 https://registry.npmjs.org/@types%2fcontent-disposition 330ms (from cache)
114 silly pacote tag manifest for @types/content-disposition@ts3.6 fetched in 339ms
115 http fetch GET 304 https://registry.npmjs.org/@types%2fconvert-source-map 276ms (from cache)
116 http fetch GET 304 https://registry.npmjs.org/@types%2fcookie 212ms (from cache)
117 silly pacote tag manifest for @types/convert-source-map@ts3.6 fetched in 308ms
118 silly pacote tag manifest for @types/cookie@ts3.6 fetched in 232ms
119 http fetch GET 304 https://registry.npmjs.org/@types%2fcookie-signature 303ms (from cache)
120 http fetch GET 304 https://registry.npmjs.org/@types%2fcore-js 223ms (from cache)
121 silly pacote tag manifest for @types/cookie-signature@ts3.6 fetched in 320ms
122 silly pacote tag manifest for @types/core-js@ts3.6 fetched in 236ms
123 http fetch GET 304 https://registry.npmjs.org/@types%2fcreate-hmac 181ms (from cache)
124 silly pacote tag manifest for @types/create-hmac@ts3.6 fetched in 248ms
125 http fetch GET 304 https://registry.npmjs.org/@types%2fcross-spawn 249ms (from cache)
126 http fetch GET 304 https://registry.npmjs.org/@types%2fcreate-hash 313ms (from cache)
127 silly pacote tag manifest for @types/cross-spawn@ts3.6 fetched in 254ms
128 silly pacote tag manifest for @types/create-hash@ts3.6 fetched in 373ms
129 http fetch GET 200 https://registry.npmjs.org/@types%2fcharcodes 2507ms
130 silly fetchPackageMetaData error for @types/charcodes@ts3.6 No matching version found for @types/charcodes@ts3.6.
131 http fetch GET 304 https://registry.npmjs.org/@types%2fcss-declaration-sorter 343ms (from cache)
132 http fetch GET 304 https://registry.npmjs.org/@types%2fchownr 2401ms (from cache)
133 http fetch GET 304 https://registry.npmjs.org/@types%2fcss 353ms (from cache)
134 http fetch GET 304 https://registry.npmjs.org/@types%2fcompose-function 1568ms (from cache)
135 silly pacote tag manifest for @types/chownr@ts3.6 fetched in 2425ms
136 silly pacote tag manifest for @types/css@ts3.6 fetched in 417ms
137 silly pacote tag manifest for @types/css-declaration-sorter@ts3.6 fetched in 417ms
138 silly pacote tag manifest for @types/compose-function@ts3.6 fetched in 1707ms
139 http fetch GET 304 https://registry.npmjs.org/@types%2fcss-tree 442ms (from cache)
140 http fetch GET 304 https://registry.npmjs.org/@types%2fcssesc 439ms (from cache)
141 http fetch GET 304 https://registry.npmjs.org/@types%2fcsso 386ms (from cache)
142 silly pacote tag manifest for @types/csso@ts3.6 fetched in 406ms
143 silly pacote tag manifest for @types/cssesc@ts3.6 fetched in 524ms
144 silly pacote tag manifest for @types/css-tree@ts3.6 fetched in 568ms
145 http fetch GET 304 https://registry.npmjs.org/@types%2fcssom 566ms (from cache)
146 http fetch GET 304 https://registry.npmjs.org/@types%2fcssstyle 485ms (from cache)
147 http fetch GET 304 https://registry.npmjs.org/@types%2fd 449ms (from cache)
148 http fetch GET 304 https://registry.npmjs.org/@types%2fdamerau-levenshtein 450ms (from cache)
149 http fetch GET 304 https://registry.npmjs.org/@types%2fcolor-string 2395ms (from cache)
150 silly pacote tag manifest for @types/damerau-levenshtein@ts3.6 fetched in 475ms
151 silly pacote tag manifest for @types/cssstyle@ts3.6 fetched in 517ms
152 silly pacote tag manifest for @types/d@ts3.6 fetched in 480ms
153 silly pacote tag manifest for @types/cssom@ts3.6 fetched in 600ms
154 silly pacote tag manifest for @types/color-string@ts3.6 fetched in 2608ms
155 http fetch GET 304 https://registry.npmjs.org/@types%2fdata-urls 715ms (from cache)
156 http fetch GET 304 https://registry.npmjs.org/@types%2fdebug 624ms (from cache)
157 http fetch GET 304 https://registry.npmjs.org/@types%2fdecode-uri-component 544ms (from cache)
158 silly pacote tag manifest for @types/debug@ts3.6 fetched in 644ms
159 http fetch GET 304 https://registry.npmjs.org/@types%2fcontent-type 1673ms (from cache)
160 silly pacote tag manifest for @types/decode-uri-component@ts3.6 fetched in 570ms
161 silly pacote tag manifest for @types/content-type@ts3.6 fetched in 1713ms
162 silly pacote tag manifest for @types/data-urls@ts3.6 fetched in 797ms
163 http fetch GET 304 https://registry.npmjs.org/@types%2fdeep-equal 585ms (from cache)
164 http fetch GET 304 https://registry.npmjs.org/@types%2fdefault-gateway 584ms (from cache)
165 http fetch GET 304 https://registry.npmjs.org/@types%2fdefine-properties 584ms (from cache)
166 http fetch GET 304 https://registry.npmjs.org/@types%2fdepd 586ms (from cache)
167 silly pacote tag manifest for @types/deep-equal@ts3.6 fetched in 592ms
168 silly pacote tag manifest for @types/default-gateway@ts3.6 fetched in 591ms
169 silly pacote tag manifest for @types/define-properties@ts3.6 fetched in 592ms
170 silly pacote tag manifest for @types/depd@ts3.6 fetched in 603ms
171 http fetch GET 304 https://registry.npmjs.org/@types%2fdestroy 668ms (from cache)
172 http fetch GET 304 https://registry.npmjs.org/@types%2fdir-glob 492ms (from cache)
173 http fetch GET 304 https://registry.npmjs.org/@types%2fdetect-node 539ms (from cache)
174 http fetch GET 304 https://registry.npmjs.org/@types%2fdns-packet 495ms (from cache)
175 silly pacote tag manifest for @types/destroy@ts3.6 fetched in 688ms
176 silly pacote tag manifest for @types/detect-node@ts3.6 fetched in 551ms
177 silly pacote tag manifest for @types/dir-glob@ts3.6 fetched in 513ms
178 silly pacote tag manifest for @types/dns-packet@ts3.6 fetched in 514ms
179 http fetch GET 304 https://registry.npmjs.org/@types%2fdoctrine 471ms (from cache)
180 http fetch GET 304 https://registry.npmjs.org/@types%2fdomutils 473ms (from cache)
181 silly pacote tag manifest for @types/domutils@ts3.6 fetched in 490ms
182 silly pacote tag manifest for @types/doctrine@ts3.6 fetched in 520ms
183 http fetch GET 304 https://registry.npmjs.org/@types%2fejs 274ms (from cache)
184 http fetch GET 304 https://registry.npmjs.org/@types%2fee-first 282ms (from cache)
185 silly pacote tag manifest for @types/ejs@ts3.6 fetched in 294ms
186 silly pacote tag manifest for @types/ee-first@ts3.6 fetched in 296ms
187 http fetch GET 304 https://registry.npmjs.org/@types%2fencodeurl 294ms (from cache)
188 http fetch GET 304 https://registry.npmjs.org/@types%2fend-of-stream 198ms (from cache)
189 silly pacote tag manifest for @types/end-of-stream@ts3.6 fetched in 208ms
190 silly pacote tag manifest for @types/encodeurl@ts3.6 fetched in 382ms
191 http fetch GET 304 https://registry.npmjs.org/@types%2felliptic 385ms (from cache)
192 silly pacote tag manifest for @types/elliptic@ts3.6 fetched in 413ms
193 http fetch GET 304 https://registry.npmjs.org/@types%2fenhanced-resolve 296ms (from cache)
194 http fetch GET 304 https://registry.npmjs.org/@types%2fdedent 1616ms (from cache)
195 silly pacote tag manifest for @types/enhanced-resolve@ts3.6 fetched in 318ms
196 silly pacote tag manifest for @types/dedent@ts3.6 fetched in 1644ms
197 http fetch GET 304 https://registry.npmjs.org/@types%2fes-abstract 256ms (from cache)
198 http fetch GET 304 https://registry.npmjs.org/@types%2fdomexception 865ms (from cache)
199 silly pacote tag manifest for @types/es-abstract@ts3.6 fetched in 285ms
200 silly pacote tag manifest for @types/domexception@ts3.6 fetched in 915ms
201 http fetch GET 304 https://registry.npmjs.org/@types%2fes-to-primitive 535ms (from cache)
202 http fetch GET 304 https://registry.npmjs.org/@types%2fduplexify 1130ms (from cache)
203 http fetch GET 304 https://registry.npmjs.org/@types%2fescodegen 440ms (from cache)
204 http fetch GET 304 https://registry.npmjs.org/@types%2fescape-html 461ms (from cache)
205 silly pacote tag manifest for @types/duplexify@ts3.6 fetched in 1169ms
206 silly pacote tag manifest for @types/es-to-primitive@ts3.6 fetched in 585ms
207 silly pacote tag manifest for @types/escodegen@ts3.6 fetched in 531ms
208 silly pacote tag manifest for @types/escape-html@ts3.6 fetched in 538ms
209 http fetch GET 304 https://registry.npmjs.org/@types%2feslint-scope 520ms (from cache)
210 http fetch GET 304 https://registry.npmjs.org/@types%2feslint-utils 499ms (from cache)
211 http fetch GET 304 https://registry.npmjs.org/@types%2feslint 668ms (from cache)
212 silly pacote tag manifest for @types/eslint-scope@ts3.6 fetched in 571ms
213 silly pacote tag manifest for @types/eslint-utils@ts3.6 fetched in 548ms
214 silly pacote tag manifest for @types/eslint@ts3.6 fetched in 739ms
215 http fetch GET 304 https://registry.npmjs.org/@types%2fesprima 660ms (from cache)
216 http fetch GET 304 https://registry.npmjs.org/@types%2feslint-visitor-keys 684ms (from cache)
217 silly pacote tag manifest for @types/eslint-visitor-keys@ts3.6 fetched in 734ms
218 silly pacote tag manifest for @types/esprima@ts3.6 fetched in 715ms
219 http fetch GET 304 https://registry.npmjs.org/@types%2fdiffie-hellman 1872ms (from cache)
220 http fetch GET 304 https://registry.npmjs.org/@types%2festraverse 452ms (from cache)
221 http fetch GET 304 https://registry.npmjs.org/@types%2fetag 413ms (from cache)
222 silly pacote tag manifest for @types/estraverse@ts3.6 fetched in 468ms
223 silly pacote tag manifest for @types/etag@ts3.6 fetched in 451ms
224 silly pacote tag manifest for @types/diffie-hellman@ts3.6 fetched in 1926ms
225 http fetch GET 304 https://registry.npmjs.org/@types%2feventsource 395ms (from cache)
226 silly pacote tag manifest for @types/eventsource@ts3.6 fetched in 413ms
227 http fetch GET 304 https://registry.npmjs.org/@types%2fexit 373ms (from cache)
228 http fetch GET 304 https://registry.npmjs.org/@types%2fevents 430ms (from cache)
229 silly pacote tag manifest for @types/exit@ts3.6 fetched in 393ms
230 http fetch GET 304 https://registry.npmjs.org/@types%2ffast-levenshtein 257ms (from cache)
231 http fetch GET 304 https://registry.npmjs.org/@types%2ffb-watchman 282ms (from cache)
232 silly pacote tag manifest for @types/fast-levenshtein@ts3.6 fetched in 331ms
233 silly pacote tag manifest for @types/fb-watchman@ts3.6 fetched in 304ms
234 silly pacote tag manifest for @types/events@ts3.6 fetched in 556ms
235 http fetch GET 304 https://registry.npmjs.org/@types%2fexpress 430ms (from cache)
236 http fetch GET 304 https://registry.npmjs.org/@types%2ffile-entry-cache 370ms (from cache)
237 http fetch GET 304 https://registry.npmjs.org/@types%2ffile-loader 373ms (from cache)
238 silly pacote tag manifest for @types/express@ts3.6 fetched in 466ms
239 silly pacote tag manifest for @types/file-loader@ts3.6 fetched in 401ms
240 http fetch GET 304 https://registry.npmjs.org/@types%2ffill-range 281ms (from cache)
241 silly registry:manifest no matching version for @types/fill-range@ts3.6 in the cache. Forcing revalidation.
242 http fetch GET 304 https://registry.npmjs.org/@types%2ffinalhandler 258ms (from cache)
243 silly pacote tag manifest for @types/file-entry-cache@ts3.6 fetched in 435ms
244 silly pacote tag manifest for @types/finalhandler@ts3.6 fetched in 266ms
245 http fetch GET 304 https://registry.npmjs.org/@types%2ffind-cache-dir 300ms (from cache)
246 http fetch GET 304 https://registry.npmjs.org/@types%2fflat-cache 300ms (from cache)
247 silly pacote tag manifest for @types/find-cache-dir@ts3.6 fetched in 303ms
248 silly pacote tag manifest for @types/flat-cache@ts3.6 fetched in 304ms
249 http fetch GET 304 https://registry.npmjs.org/@types%2ffollow-redirects 287ms (from cache)
250 http fetch GET 304 https://registry.npmjs.org/@types%2ffresh 267ms (from cache)
251 http fetch GET 304 https://registry.npmjs.org/@types%2ffrom2 263ms (from cache)
252 http fetch GET 304 https://registry.npmjs.org/@types%2fforwarded 311ms (from cache)
253 silly pacote tag manifest for @types/forwarded@ts3.6 fetched in 329ms
254 silly pacote tag manifest for @types/fresh@ts3.6 fetched in 300ms
255 silly pacote tag manifest for @types/from2@ts3.6 fetched in 298ms
256 silly pacote tag manifest for @types/follow-redirects@ts3.6 fetched in 338ms
257 http fetch GET 304 https://registry.npmjs.org/@types%2ffunction-bind 310ms (from cache)
258 http fetch GET 304 https://registry.npmjs.org/@types%2ffs-extra 315ms (from cache)
259 silly pacote tag manifest for @types/function-bind@ts3.6 fetched in 334ms
260 silly pacote tag manifest for @types/fs-extra@ts3.6 fetched in 419ms
261 http fetch GET 304 https://registry.npmjs.org/@types%2ffunctional-red-black-tree 267ms (from cache)
262 http fetch GET 304 https://registry.npmjs.org/@types%2fget-intrinsic 267ms (from cache)
263 silly registry:manifest no matching version for @types/get-intrinsic@ts3.6 in the cache. Forcing revalidation.
264 silly pacote tag manifest for @types/functional-red-black-tree@ts3.6 fetched in 299ms
265 http fetch GET 304 https://registry.npmjs.org/@types%2fget-value 364ms (from cache)
266 http fetch GET 304 https://registry.npmjs.org/@types%2fglob 366ms (from cache)
267 silly pacote tag manifest for @types/get-value@ts3.6 fetched in 384ms
268 silly pacote tag manifest for @types/glob@ts3.6 fetched in 384ms
269 http fetch GET 200 https://registry.npmjs.org/@types%2fget-intrinsic 187ms
270 silly fetchPackageMetaData error for @types/get-intrinsic@ts3.6 No matching version found for @types/get-intrinsic@ts3.6.
271 http fetch GET 304 https://registry.npmjs.org/@types%2fglob-parent 387ms (from cache)
272 silly pacote tag manifest for @types/glob-parent@ts3.6 fetched in 394ms
273 http fetch GET 304 https://registry.npmjs.org/@types%2fgraceful-fs 323ms (from cache)
274 http fetch GET 304 https://registry.npmjs.org/@types%2fhas-symbols 254ms (from cache)
275 silly pacote tag manifest for @types/has-symbols@ts3.6 fetched in 274ms
276 silly pacote tag manifest for @types/graceful-fs@ts3.6 fetched in 360ms
277 http fetch GET 304 https://registry.npmjs.org/@types%2fhe 288ms (from cache)
278 silly pacote tag manifest for @types/he@ts3.6 fetched in 317ms
279 http fetch GET 304 https://registry.npmjs.org/@types%2fhex-color-regex 255ms (from cache)
280 http fetch GET 304 https://registry.npmjs.org/@types%2fhoist-non-react-statics 253ms (from cache)
281 silly pacote tag manifest for @types/hex-color-regex@ts3.6 fetched in 279ms
282 silly pacote tag manifest for @types/hoist-non-react-statics@ts3.6 fetched in 287ms
283 http fetch GET 200 https://registry.npmjs.org/@types%2ffill-range 1365ms
284 silly fetchPackageMetaData error for @types/fill-range@ts3.6 No matching version found for @types/fill-range@ts3.6.
285 http fetch GET 304 https://registry.npmjs.org/@types%2fesquery 2310ms (from cache)
286 silly pacote tag manifest for @types/esquery@ts3.6 fetched in 2357ms
287 http fetch GET 304 https://registry.npmjs.org/@types%2fesutils 2352ms (from cache)
288 http fetch GET 304 https://registry.npmjs.org/@types%2fhosted-git-info 273ms (from cache)
289 silly pacote tag manifest for @types/esutils@ts3.6 fetched in 2359ms
290 silly pacote tag manifest for @types/hosted-git-info@ts3.6 fetched in 283ms
291 http fetch GET 304 https://registry.npmjs.org/@types%2fhtml-encoding-sniffer 230ms (from cache)
292 silly pacote tag manifest for @types/html-encoding-sniffer@ts3.6 fetched in 233ms
293 http fetch GET 304 https://registry.npmjs.org/@types%2fhttp-errors 239ms (from cache)
294 silly pacote tag manifest for @types/http-errors@ts3.6 fetched in 309ms
295 http fetch GET 304 https://registry.npmjs.org/@types%2fhtml-escaper 398ms (from cache)
296 http fetch GET 304 https://registry.npmjs.org/@types%2fhtml-minifier-terser 383ms (from cache)
297 http fetch GET 304 https://registry.npmjs.org/@types%2fhttp-proxy 288ms (from cache)
298 silly pacote tag manifest for @types/html-escaper@ts3.6 fetched in 420ms
299 silly pacote tag manifest for @types/html-minifier-terser@ts3.6 fetched in 467ms
300 silly pacote tag manifest for @types/http-proxy@ts3.6 fetched in 359ms
301 http fetch GET 304 https://registry.npmjs.org/@types%2ficss-utils 419ms (from cache)
302 silly pacote tag manifest for @types/icss-utils@ts3.6 fetched in 434ms
303 http fetch GET 304 https://registry.npmjs.org/@types%2fiferr 368ms (from cache)
304 silly pacote tag manifest for @types/iferr@ts3.6 fetched in 455ms
305 http fetch GET 304 https://registry.npmjs.org/@types%2fimurmurhash 331ms (from cache)
306 silly pacote tag manifest for @types/imurmurhash@ts3.6 fetched in 336ms
307 http fetch GET 304 https://registry.npmjs.org/@types%2fglobal-modules 1513ms (from cache)
308 silly pacote tag manifest for @types/global-modules@ts3.6 fetched in 1521ms
309 http fetch GET 304 https://registry.npmjs.org/@types%2fflush-write-stream 2366ms (from cache)
310 http fetch GET 304 https://registry.npmjs.org/@types%2finherits 465ms (from cache)
311 http fetch GET 304 https://registry.npmjs.org/@types%2finquirer 398ms (from cache)
312 http fetch GET 304 https://registry.npmjs.org/@types%2fini 406ms (from cache)
313 silly pacote tag manifest for @types/flush-write-stream@ts3.6 fetched in 2397ms
314 silly pacote tag manifest for @types/ini@ts3.6 fetched in 436ms
315 silly pacote tag manifest for @types/inherits@ts3.6 fetched in 508ms
316 silly pacote tag manifest for @types/inquirer@ts3.6 fetched in 499ms
317 http fetch GET 304 https://registry.npmjs.org/@types%2fis-arguments 457ms (from cache)
318 http fetch GET 304 https://registry.npmjs.org/@types%2fip 506ms (from cache)
319 http fetch GET 304 https://registry.npmjs.org/@types%2fis-bigint 465ms (from cache)
320 silly registry:manifest no matching version for @types/is-bigint@ts3.6 in the cache. Forcing revalidation.
321 silly pacote tag manifest for @types/is-arguments@ts3.6 fetched in 515ms
322 silly pacote tag manifest for @types/ip@ts3.6 fetched in 567ms
323 http fetch GET 304 https://registry.npmjs.org/@types%2fis-boolean-object 469ms (from cache)
324 silly registry:manifest no matching version for @types/is-boolean-object@ts3.6 in the cache. Forcing revalidation.
325 http fetch GET 304 https://registry.npmjs.org/@types%2fis-buffer 459ms (from cache)
326 http fetch GET 304 https://registry.npmjs.org/@types%2fis-callable 462ms (from cache)
327 http fetch GET 304 https://registry.npmjs.org/@types%2fis-ci 404ms (from cache)
328 http fetch GET 304 https://registry.npmjs.org/@types%2finternal-slot 836ms (from cache)
329 silly pacote tag manifest for @types/is-buffer@ts3.6 fetched in 507ms
330 silly pacote tag manifest for @types/is-callable@ts3.6 fetched in 503ms
331 silly pacote tag manifest for @types/is-ci@ts3.6 fetched in 447ms
332 silly pacote tag manifest for @types/internal-slot@ts3.6 fetched in 866ms
333 http fetch GET 304 https://registry.npmjs.org/@types%2fis-core-module 434ms (from cache)
334 http fetch GET 304 https://registry.npmjs.org/@types%2fhas 2330ms (from cache)
335 http fetch GET 304 https://registry.npmjs.org/@types%2fglobal-prefix 2425ms (from cache)
336 silly pacote tag manifest for @types/is-core-module@ts3.6 fetched in 468ms
337 silly pacote tag manifest for @types/has@ts3.6 fetched in 2375ms
338 silly pacote tag manifest for @types/global-prefix@ts3.6 fetched in 2471ms
339 http fetch GET 304 https://registry.npmjs.org/@types%2fis-glob 429ms (from cache)
340 silly pacote tag manifest for @types/is-glob@ts3.6 fetched in 451ms
341 http fetch GET 304 https://registry.npmjs.org/@types%2fis-number 453ms (from cache)
342 http fetch GET 304 https://registry.npmjs.org/@types%2fis-date-object 461ms (from cache)
343 http fetch GET 304 https://registry.npmjs.org/@types%2fis-regex 456ms (from cache)
344 silly pacote tag manifest for @types/is-date-object@ts3.6 fetched in 471ms
345 silly pacote tag manifest for @types/is-number@ts3.6 fetched in 466ms
346 silly pacote tag manifest for @types/is-regex@ts3.6 fetched in 466ms
347 http fetch GET 304 https://registry.npmjs.org/@types%2fis-string 393ms (from cache)
348 silly registry:manifest no matching version for @types/is-string@ts3.6 in the cache. Forcing revalidation.
349 http fetch GET 304 https://registry.npmjs.org/@types%2fis-windows 387ms (from cache)
350 silly pacote tag manifest for @types/is-windows@ts3.6 fetched in 445ms
351 http fetch GET 304 https://registry.npmjs.org/@types%2fis-typedarray 489ms (from cache)
352 silly pacote tag manifest for @types/is-typedarray@ts3.6 fetched in 502ms
353 http fetch GET 304 https://registry.npmjs.org/@types%2fisarray 366ms (from cache)
354 silly pacote tag manifest for @types/isarray@ts3.6 fetched in 381ms
355 http fetch GET 304 https://registry.npmjs.org/@types%2fistanbul-lib-instrument 470ms (from cache)
356 http fetch GET 304 https://registry.npmjs.org/@types%2fistanbul-lib-coverage 534ms (from cache)
357 silly pacote tag manifest for @types/istanbul-lib-instrument@ts3.6 fetched in 545ms
358 silly pacote tag manifest for @types/istanbul-lib-coverage@ts3.6 fetched in 557ms
359 http fetch GET 304 https://registry.npmjs.org/@types%2fistanbul-reports 291ms (from cache)
360 http fetch GET 304 https://registry.npmjs.org/@types%2fistanbul-lib-source-maps 338ms (from cache)
361 silly pacote tag manifest for @types/istanbul-reports@ts3.6 fetched in 330ms
362 silly pacote tag manifest for @types/istanbul-lib-source-maps@ts3.6 fetched in 377ms
363 http fetch GET 304 https://registry.npmjs.org/@types%2fistanbul-lib-report 428ms (from cache)
364 silly pacote tag manifest for @types/istanbul-lib-report@ts3.6 fetched in 433ms
365 http fetch GET 304 https://registry.npmjs.org/@types%2fjs-yaml 387ms (from cache)
366 silly pacote tag manifest for @types/js-yaml@ts3.6 fetched in 396ms
367 http fetch GET 200 https://registry.npmjs.org/@types%2fis-string 760ms
368 silly fetchPackageMetaData error for @types/is-string@ts3.6 No matching version found for @types/is-string@ts3.6.
369 http fetch GET 304 https://registry.npmjs.org/@types%2fis-data-descriptor 1655ms (from cache)
370 silly registry:manifest no matching version for @types/is-data-descriptor@ts3.6 in the cache. Forcing revalidation.
371 http fetch GET 304 https://registry.npmjs.org/@types%2fjson-parse-better-errors 284ms (from cache)
372 http fetch GET 304 https://registry.npmjs.org/@types%2fjsdom 305ms (from cache)
373 silly pacote tag manifest for @types/jsdom@ts3.6 fetched in 332ms
374 silly pacote tag manifest for @types/json-parse-better-errors@ts3.6 fetched in 315ms
375 http fetch GET 304 https://registry.npmjs.org/@types%2fjsesc 324ms (from cache)
376 silly pacote tag manifest for @types/jsesc@ts3.6 fetched in 388ms
377 http fetch GET 200 https://registry.npmjs.org/@types%2fis-data-descriptor 120ms
378 silly fetchPackageMetaData error for @types/is-data-descriptor@ts3.6 No matching version found for @types/is-data-descriptor@ts3.6.
379 http fetch GET 304 https://registry.npmjs.org/@types%2fkind-of 245ms (from cache)
380 silly pacote tag manifest for @types/kind-of@ts3.6 fetched in 254ms
381 http fetch GET 304 https://registry.npmjs.org/@types%2fjsonfile 266ms (from cache)
382 silly pacote tag manifest for @types/jsonfile@ts3.6 fetched in 395ms
383 http fetch GET 200 https://registry.npmjs.org/@types%2fis-bigint 2082ms
384 silly fetchPackageMetaData error for @types/is-bigint@ts3.6 No matching version found for @types/is-bigint@ts3.6.
385 http fetch GET 304 https://registry.npmjs.org/@types%2flanguage-tags 379ms (from cache)
386 silly registry:manifest no matching version for @types/language-tags@ts3.6 in the cache. Forcing revalidation.
387 http fetch GET 304 https://registry.npmjs.org/@types%2floader-utils 390ms (from cache)
388 http fetch GET 304 https://registry.npmjs.org/@types%2floader-runner 454ms (from cache)
389 http fetch GET 304 https://registry.npmjs.org/@types%2flodash 382ms (from cache)
390 http fetch GET 304 https://registry.npmjs.org/@types%2flodash.debounce 287ms (from cache)
391 silly pacote tag manifest for @types/loader-utils@ts3.6 fetched in 415ms
392 silly pacote tag manifest for @types/loader-runner@ts3.6 fetched in 481ms
393 silly pacote tag manifest for @types/lodash.debounce@ts3.6 fetched in 300ms
394 silly pacote tag manifest for @types/lodash@ts3.6 fetched in 423ms
395 http fetch GET 200 https://registry.npmjs.org/@types%2flanguage-tags 224ms
396 silly fetchPackageMetaData error for @types/language-tags@ts3.6 No matching version found for @types/language-tags@ts3.6.
397 http fetch GET 200 https://registry.npmjs.org/@types%2fis-boolean-object 2171ms
398 silly fetchPackageMetaData error for @types/is-boolean-object@ts3.6 No matching version found for @types/is-boolean-object@ts3.6.
399 http fetch GET 304 https://registry.npmjs.org/@types%2flodash.memoize 334ms (from cache)
400 http fetch GET 304 https://registry.npmjs.org/@types%2flodash.merge 285ms (from cache)
401 silly pacote tag manifest for @types/lodash.merge@ts3.6 fetched in 304ms
402 silly pacote tag manifest for @types/lodash.memoize@ts3.6 fetched in 386ms
403 http fetch GET 304 https://registry.npmjs.org/@types%2flodash.sortby 281ms (from cache)
404 silly pacote tag manifest for @types/lodash.sortby@ts3.6 fetched in 290ms
405 http fetch GET 304 https://registry.npmjs.org/@types%2flodash.template 288ms (from cache)
406 http fetch GET 304 https://registry.npmjs.org/@types%2flodash.uniq 261ms (from cache)
407 silly pacote tag manifest for @types/lodash.uniq@ts3.6 fetched in 279ms
408 silly pacote tag manifest for @types/lodash.template@ts3.6 fetched in 318ms
409 http fetch GET 304 https://registry.npmjs.org/@types%2fmemory-fs 193ms (from cache)
410 http fetch GET 304 https://registry.npmjs.org/@types%2fmedia-typer 258ms (from cache)
411 http fetch GET 304 https://registry.npmjs.org/@types%2flz-string 279ms (from cache)
412 silly pacote tag manifest for @types/memory-fs@ts3.6 fetched in 220ms
413 silly pacote tag manifest for @types/media-typer@ts3.6 fetched in 281ms
414 silly pacote tag manifest for @types/lz-string@ts3.6 fetched in 295ms
415 http fetch GET 304 https://registry.npmjs.org/@types%2fisexe 2564ms (from cache)
416 silly pacote tag manifest for @types/isexe@ts3.6 fetched in 2600ms
417 http fetch GET 304 https://registry.npmjs.org/@types%2fjs-levenshtein 2229ms (from cache)
418 silly pacote tag manifest for @types/js-levenshtein@ts3.6 fetched in 2299ms
419 http fetch GET 304 https://registry.npmjs.org/@types%2flodash.truncate 2279ms (from cache)
420 silly pacote tag manifest for @types/lodash.truncate@ts3.6 fetched in 2298ms
421 timing stage:rollbackFailedOptional Completed in 2ms
422 timing stage:runTopLevelLifecycles Completed in 16308ms
423 verbose type tag
424 verbose stack @types/call-bind: No matching version found for @types/call-bind@ts3.6.
424 verbose stack     at pickManifest (/usr/local/lib/node_modules/npm/node_modules/npm-pick-manifest/index.js:122:13)
424 verbose stack     at /usr/local/lib/node_modules/npm/node_modules/pacote/lib/fetchers/registry/manifest.js:43:18
424 verbose stack     at tryCatcher (/usr/local/lib/node_modules/npm/node_modules/bluebird/js/release/util.js:16:23)
424 verbose stack     at Promise._settlePromiseFromHandler (/usr/local/lib/node_modules/npm/node_modules/bluebird/js/release/promise.js:517:31)
424 verbose stack     at Promise._settlePromise (/usr/local/lib/node_modules/npm/node_modules/bluebird/js/release/promise.js:574:18)
424 verbose stack     at Promise._settlePromise0 (/usr/local/lib/node_modules/npm/node_modules/bluebird/js/release/promise.js:619:10)
424 verbose stack     at Promise._settlePromises (/usr/local/lib/node_modules/npm/node_modules/bluebird/js/release/promise.js:699:18)
424 verbose stack     at _drainQueueStep (/usr/local/lib/node_modules/npm/node_modules/bluebird/js/release/async.js:138:12)
424 verbose stack     at _drainQueue (/usr/local/lib/node_modules/npm/node_modules/bluebird/js/release/async.js:131:9)
424 verbose stack     at Async._drainQueues (/usr/local/lib/node_modules/npm/node_modules/bluebird/js/release/async.js:147:5)
424 verbose stack     at Immediate.Async.drainQueues [as _onImmediate] (/usr/local/lib/node_modules/npm/node_modules/bluebird/js/release/async.js:17:14)
424 verbose stack     at processImmediate (internal/timers.js:456:21)
425 verbose cwd /home/theia/.cache/typescript/3.6
426 verbose Linux 5.4.72-microsoft-standard-WSL2
427 verbose argv "/usr/local/bin/node" "/usr/local/bin/npm" "install" "--ignore-scripts" "@types/accepts@ts3.6" "@types/acorn@ts3.6" "@types/argparse@ts3.6" "@types/aria-query@ts3.6" "@types/arr-diff@ts3.6" "@types/arr-union@ts3.6" "@types/array-unique@ts3.6" "@types/array.prototype.flat@ts3.6" "@types/array.prototype.flatmap@ts3.6" "@types/asap@ts3.6" "@types/assert@ts3.6" "@types/async@ts3.6" "@types/atob@ts3.6" "@types/babel-plugin-macros@ts3.6" "@types/babylon@ts3.6" "@types/balanced-match@ts3.6" "@types/big.js@ts3.6" "@types/bluebird@ts3.6" "@types/bn.js@ts3.6" "@types/body-parser@ts3.6" "@types/bonjour@ts3.6" "@types/boolbase@ts3.6" "@types/brace-expansion@ts3.6" "@types/braces@ts3.6" "@types/brorand@ts3.6" "@types/bser@ts3.6" "@types/buffer-from@ts3.6" "@types/buffer-xor@ts3.6" "@types/bytes@ts3.6" "@types/cacache@ts3.6" "@types/call-bind@ts3.6" "@types/caniuse-api@ts3.6" "@types/caniuse-lite@ts3.6" "@types/case-sensitive-paths-webpack-plugin@ts3.6" "@types/charcodes@ts3.6" "@types/chardet@ts3.6" "@types/check-types@ts3.6" "@types/chownr@ts3.6" "@types/cipher-base@ts3.6" "@types/clean-css@ts3.6" "@types/co@ts3.6" "@types/color@ts3.6" "@types/color-convert@ts3.6" "@types/color-name@ts3.6" "@types/color-string@ts3.6" "@types/combined-stream@ts3.6" "@types/common-tags@ts3.6" "@types/commondir@ts3.6" "@types/component-emitter@ts3.6" "@types/compose-function@ts3.6" "@types/compressible@ts3.6" "@types/compression@ts3.6" "@types/concat-map@ts3.6" "@types/concat-stream@ts3.6" "@types/confusing-browser-globals@ts3.6" "@types/connect-history-api-fallback@ts3.6" "@types/content-disposition@ts3.6" "@types/content-type@ts3.6" "@types/convert-source-map@ts3.6" "@types/cookie@ts3.6" "@types/cookie-signature@ts3.6" "@types/core-js@ts3.6" "@types/create-hash@ts3.6" "@types/create-hmac@ts3.6" "@types/cross-spawn@ts3.6" "@types/css@ts3.6" "@types/css-declaration-sorter@ts3.6" "@types/css-tree@ts3.6" "@types/cssesc@ts3.6" "@types/csso@ts3.6" "@types/cssom@ts3.6" "@types/cssstyle@ts3.6" "@types/d@ts3.6" "@types/damerau-levenshtein@ts3.6" "@types/data-urls@ts3.6" "@types/debug@ts3.6" "@types/decode-uri-component@ts3.6" "@types/dedent@ts3.6" "@types/deep-equal@ts3.6" "@types/default-gateway@ts3.6" "@types/define-properties@ts3.6" "@types/depd@ts3.6" "@types/destroy@ts3.6" "@types/detect-node@ts3.6" "@types/diffie-hellman@ts3.6" "@types/dir-glob@ts3.6" "@types/dns-packet@ts3.6" "@types/doctrine@ts3.6" "@types/domexception@ts3.6" "@types/domutils@ts3.6" "@types/duplexify@ts3.6" "@types/ee-first@ts3.6" "@types/ejs@ts3.6" "@types/elliptic@ts3.6" "@types/encodeurl@ts3.6" "@types/end-of-stream@ts3.6" "@types/enhanced-resolve@ts3.6" "@types/es-abstract@ts3.6" "@types/es-to-primitive@ts3.6" "@types/escape-html@ts3.6" "@types/escodegen@ts3.6" "@types/eslint@ts3.6" "@types/eslint-scope@ts3.6" "@types/eslint-utils@ts3.6" "@types/eslint-visitor-keys@ts3.6" "@types/esprima@ts3.6" "@types/esquery@ts3.6" "@types/estraverse@ts3.6" "@types/esutils@ts3.6" "@types/etag@ts3.6" "@types/events@ts3.6" "@types/eventsource@ts3.6" "@types/exit@ts3.6" "@types/express@ts3.6" "@types/fast-levenshtein@ts3.6" "@types/fb-watchman@ts3.6" "@types/file-entry-cache@ts3.6" "@types/file-loader@ts3.6" "@types/fill-range@ts3.6" "@types/finalhandler@ts3.6" "@types/find-cache-dir@ts3.6" "@types/flat-cache@ts3.6" "@types/flush-write-stream@ts3.6" "@types/follow-redirects@ts3.6" "@types/forwarded@ts3.6" "@types/fresh@ts3.6" "@types/from2@ts3.6" "@types/fs-extra@ts3.6" "@types/function-bind@ts3.6" "@types/functional-red-black-tree@ts3.6" "@types/get-intrinsic@ts3.6" "@types/get-value@ts3.6" "@types/glob@ts3.6" "@types/glob-parent@ts3.6" "@types/global-modules@ts3.6" "@types/global-prefix@ts3.6" "@types/graceful-fs@ts3.6" "@types/has@ts3.6" "@types/has-symbols@ts3.6" "@types/he@ts3.6" "@types/hex-color-regex@ts3.6" "@types/hoist-non-react-statics@ts3.6" "@types/hosted-git-info@ts3.6" "@types/html-encoding-sniffer@ts3.6" "@types/html-escaper@ts3.6" "@types/html-minifier-terser@ts3.6" "@types/http-errors@ts3.6" "@types/http-proxy@ts3.6" "@types/icss-utils@ts3.6" "@types/iferr@ts3.6" "@types/imurmurhash@ts3.6" "@types/inherits@ts3.6" "@types/ini@ts3.6" "@types/inquirer@ts3.6" "@types/internal-slot@ts3.6" "@types/ip@ts3.6" "@types/is-arguments@ts3.6" "@types/is-bigint@ts3.6" "@types/is-boolean-object@ts3.6" "@types/is-buffer@ts3.6" "@types/is-callable@ts3.6" "@types/is-ci@ts3.6" "@types/is-core-module@ts3.6" "@types/is-data-descriptor@ts3.6" "@types/is-date-object@ts3.6" "@types/is-glob@ts3.6" "@types/is-number@ts3.6" "@types/is-regex@ts3.6" "@types/is-string@ts3.6" "@types/is-typedarray@ts3.6" "@types/is-windows@ts3.6" "@types/isarray@ts3.6" "@types/isexe@ts3.6" "@types/istanbul-lib-coverage@ts3.6" "@types/istanbul-lib-instrument@ts3.6" "@types/istanbul-lib-report@ts3.6" "@types/istanbul-lib-source-maps@ts3.6" "@types/istanbul-reports@ts3.6" "@types/js-levenshtein@ts3.6" "@types/js-yaml@ts3.6" "@types/jsdom@ts3.6" "@types/jsesc@ts3.6" "@types/json-parse-better-errors@ts3.6" "@types/jsonfile@ts3.6" "@types/kind-of@ts3.6" "@types/language-tags@ts3.6" "@types/loader-runner@ts3.6" "@types/loader-utils@ts3.6" "@types/lodash@ts3.6" "@types/lodash.debounce@ts3.6" "@types/lodash.memoize@ts3.6" "@types/lodash.merge@ts3.6" "@types/lodash.sortby@ts3.6" "@types/lodash.template@ts3.6" "@types/lodash.truncate@ts3.6" "@types/lodash.uniq@ts3.6" "@types/lz-string@ts3.6" "@types/media-typer@ts3.6" "@types/memory-fs@ts3.6" "--save-dev" "--user-agent=typesInstaller/3.6.3"
428 verbose node v12.18.3
429 verbose npm  v6.14.6
430 error code ETARGET
431 error notarget No matching version found for @types/call-bind@ts3.6.
432 error notarget In most cases you or one of your dependencies are requesting
432 error notarget a package version that doesn't exist.
433 verbose exit [ 1, true ]
