0 info it worked if it ends with ok
1 verbose cli [
1 verbose cli   '/usr/local/bin/node',
1 verbose cli   '/usr/local/bin/npm',
1 verbose cli   'install',
1 verbose cli   '--ignore-scripts',
1 verbose cli   '@types/memory-fs@ts3.6',
1 verbose cli   '@types/memorystream@ts3.6',
1 verbose cli   '@types/merge-descriptors@ts3.6',
1 verbose cli   '@types/merge-stream@ts3.6',
1 verbose cli   '@types/merge2@ts3.6',
1 verbose cli   '@types/methods@ts3.6',
1 verbose cli   '@types/micromatch@ts3.6',
1 verbose cli   '@types/mime@ts3.6',
1 verbose cli   '@types/mime-db@ts3.6',
1 verbose cli   '@types/mime-types@ts3.6',
1 verbose cli   '@types/min-indent@ts3.6',
1 verbose cli   '@types/minimalistic-assert@ts3.6',
1 verbose cli   '@types/minimatch@ts3.6',
1 verbose cli   '@types/minimist@ts3.6',
1 verbose cli   '@types/minipass@ts3.6',
1 verbose cli   '@types/minizlib@ts3.6',
1 verbose cli   '@types/mkdirp@ts3.6',
1 verbose cli   '@types/move-concurrently@ts3.6',
1 verbose cli   '@types/ms@ts3.6',
1 verbose cli   '@types/multicast-dns@ts3.6',
1 verbose cli   '@types/natural-compare@ts3.6',
1 verbose cli   '@types/negotiator@ts3.6',
1 verbose cli   '@types/next-tick@ts3.6',
1 verbose cli   '@types/nice-try@ts3.6',
1 verbose cli   '@types/node-forge@ts3.6',
1 verbose cli   '@types/node-int64@ts3.6',
1 verbose cli   '@types/node-notifier@ts3.6',
1 verbose cli   '@types/normalize-package-data@ts3.6',
1 verbose cli   '@types/normalize-path@ts3.6',
1 verbose cli   '@types/num2fraction@ts3.6',
1 verbose cli   '@types/nwsapi@ts3.6',
1 verbose cli   '@types/object-assign@ts3.6',
1 verbose cli   '@types/object-inspect@ts3.6',
1 verbose cli   '@types/object-keys@ts3.6',
1 verbose cli   '@types/object.fromentries@ts3.6',
1 verbose cli   '@types/object.getownpropertydescriptors@ts3.6',
1 verbose cli   '@types/object.pick@ts3.6',
1 verbose cli   '@types/on-finished@ts3.6',
1 verbose cli   '@types/on-headers@ts3.6',
1 verbose cli   '@types/once@ts3.6',
1 verbose cli   '@types/optimize-css-assets-webpack-plugin@ts3.6',
1 verbose cli   '@types/original@ts3.6',
1 verbose cli   '@types/pako@ts3.6',
1 verbose cli   '@types/parallel-transform@ts3.6',
1 verbose cli   '@types/parse-json@ts3.6',
1 verbose cli   '@types/parse5@ts3.6',
1 verbose cli   '@types/parseurl@ts3.6',
1 verbose cli   '@types/pascalcase@ts3.6',
1 verbose cli   '@types/path-browserify@ts3.6',
1 verbose cli   '@types/path-is-absolute@ts3.6',
1 verbose cli   '@types/path-is-inside@ts3.6',
1 verbose cli   '@types/path-parse@ts3.6',
1 verbose cli   '@types/pbkdf2@ts3.6',
1 verbose cli   '@types/picomatch@ts3.6',
1 verbose cli   '@types/pify@ts3.6',
1 verbose cli   '@types/postcss-flexbugs-fixes@ts3.6',
1 verbose cli   '@types/postcss-gap-properties@ts3.6',
1 verbose cli   '@types/postcss-modules-extract-imports@ts3.6',
1 verbose cli   '@types/postcss-modules-local-by-default@ts3.6',
1 verbose cli   '@types/postcss-modules-scope@ts3.6',
1 verbose cli   '@types/postcss-modules-values@ts3.6',
1 verbose cli   '@types/postcss-normalize@ts3.6',
1 verbose cli   '@types/postcss-preset-env@ts3.6',
1 verbose cli   '@types/postcss-safe-parser@ts3.6',
1 verbose cli   '@types/prelude-ls@ts3.6',
1 verbose cli   '@types/prettier-linter-helpers@ts3.6',
1 verbose cli   '@types/progress@ts3.6',
1 verbose cli   '@types/promise-inflight@ts3.6',
1 verbose cli   '@types/prompts@ts3.6',
1 verbose cli   '@types/prop-types@ts3.6',
1 verbose cli   '@types/proxy-addr@ts3.6',
1 verbose cli   '@types/psl@ts3.6',
1 verbose cli   '@types/pump@ts3.6',
1 verbose cli   '@types/pumpify@ts3.6',
1 verbose cli   '@types/punycode@ts3.6',
1 verbose cli   '@types/q@ts3.6',
1 verbose cli   '@types/qs@ts3.6',
1 verbose cli   '@types/querystringify@ts3.6',
1 verbose cli   '@types/raf@ts3.6',
1 verbose cli   '@types/randombytes@ts3.6',
1 verbose cli   '@types/range-parser@ts3.6',
1 verbose cli   '@types/react-dev-utils@ts3.6',
1 verbose cli   '@types/react-is@ts3.6',
1 verbose cli   '@types/readable-stream@ts3.6',
1 verbose cli   '@types/recursive-readdir@ts3.6',
1 verbose cli   '@types/regenerate@ts3.6',
1 verbose cli   '@types/regenerator-runtime@ts3.6',
1 verbose cli   '@types/regex-not@ts3.6',
1 verbose cli   '@types/relateurl@ts3.6',
1 verbose cli   '@types/repeat-element@ts3.6',
1 verbose cli   '@types/repeat-string@ts3.6',
1 verbose cli   '@types/require-directory@ts3.6',
1 verbose cli   '@types/require-from-string@ts3.6',
1 verbose cli   '@types/requires-port@ts3.6',
1 verbose cli   '@types/resolve@ts3.6',
1 verbose cli   '@types/retry@ts3.6',
1 verbose cli   ... 99 more items
1 verbose cli ]
2 info using npm@6.14.6
3 info using node@v12.18.3
4 verbose npm-session 8091e9dd1d7a45aa
5 silly install loadCurrentTree
6 silly install readLocalPackageData
7 http fetch GET 304 https://registry.npmjs.org/@types%2fmicromatch 527ms (from cache)
8 http fetch GET 304 https://registry.npmjs.org/@types%2fmerge-descriptors 547ms (from cache)
9 silly pacote tag manifest for @types/micromatch@ts3.6 fetched in 541ms
10 silly pacote tag manifest for @types/merge-descriptors@ts3.6 fetched in 557ms
11 http fetch GET 304 https://registry.npmjs.org/@types%2fmin-indent 203ms (from cache)
12 http fetch GET 304 https://registry.npmjs.org/@types%2fminimalistic-assert 199ms (from cache)
13 silly pacote tag manifest for @types/min-indent@ts3.6 fetched in 209ms
14 silly pacote tag manifest for @types/minimalistic-assert@ts3.6 fetched in 208ms
15 http fetch GET 304 https://registry.npmjs.org/@types%2fminimatch 136ms (from cache)
16 http fetch GET 304 https://registry.npmjs.org/@types%2fminimist 137ms (from cache)
17 silly pacote tag manifest for @types/minimatch@ts3.6 fetched in 141ms
18 silly pacote tag manifest for @types/minimist@ts3.6 fetched in 144ms
19 http fetch GET 304 https://registry.npmjs.org/@types%2fminipass 138ms (from cache)
20 silly pacote tag manifest for @types/minipass@ts3.6 fetched in 141ms
21 http fetch GET 304 https://registry.npmjs.org/@types%2fminizlib 144ms (from cache)
22 silly pacote tag manifest for @types/minizlib@ts3.6 fetched in 147ms
23 http fetch GET 304 https://registry.npmjs.org/@types%2fmkdirp 122ms (from cache)
24 silly pacote tag manifest for @types/mkdirp@ts3.6 fetched in 126ms
25 http fetch GET 304 https://registry.npmjs.org/@types%2fmove-concurrently 132ms (from cache)
26 silly pacote tag manifest for @types/move-concurrently@ts3.6 fetched in 134ms
27 http fetch GET 304 https://registry.npmjs.org/@types%2fmulticast-dns 127ms (from cache)
28 silly pacote tag manifest for @types/multicast-dns@ts3.6 fetched in 130ms
29 http fetch GET 304 https://registry.npmjs.org/@types%2fms 151ms (from cache)
30 silly pacote tag manifest for @types/ms@ts3.6 fetched in 160ms
31 http fetch GET 304 https://registry.npmjs.org/@types%2fnatural-compare 111ms (from cache)
32 silly pacote tag manifest for @types/natural-compare@ts3.6 fetched in 113ms
33 http fetch GET 304 https://registry.npmjs.org/@types%2fmemory-fs 1498ms (from cache)
34 http fetch GET 304 https://registry.npmjs.org/@types%2fmime 1490ms (from cache)
35 silly pacote tag manifest for @types/memory-fs@ts3.6 fetched in 1517ms
36 silly pacote tag manifest for @types/mime@ts3.6 fetched in 1497ms
37 http fetch GET 304 https://registry.npmjs.org/@types%2fmethods 1507ms (from cache)
38 http fetch GET 304 https://registry.npmjs.org/@types%2fmerge-stream 1519ms (from cache)
39 silly pacote tag manifest for @types/methods@ts3.6 fetched in 1516ms
40 silly pacote tag manifest for @types/merge-stream@ts3.6 fetched in 1525ms
41 http fetch GET 304 https://registry.npmjs.org/@types%2fnext-tick 118ms (from cache)
42 silly pacote tag manifest for @types/next-tick@ts3.6 fetched in 120ms
43 http fetch GET 304 https://registry.npmjs.org/@types%2fnice-try 227ms (from cache)
44 silly pacote tag manifest for @types/nice-try@ts3.6 fetched in 231ms
45 http fetch GET 304 https://registry.npmjs.org/@types%2fnode-int64 217ms (from cache)
46 http fetch GET 304 https://registry.npmjs.org/@types%2fnode-forge 235ms (from cache)
47 http fetch GET 304 https://registry.npmjs.org/@types%2fnormalize-package-data 189ms (from cache)
48 silly pacote tag manifest for @types/node-int64@ts3.6 fetched in 226ms
49 silly pacote tag manifest for @types/node-forge@ts3.6 fetched in 247ms
50 silly pacote tag manifest for @types/normalize-package-data@ts3.6 fetched in 201ms
51 http fetch GET 304 https://registry.npmjs.org/@types%2fnode-notifier 235ms (from cache)
52 silly pacote tag manifest for @types/node-notifier@ts3.6 fetched in 257ms
53 http fetch GET 304 https://registry.npmjs.org/@types%2fnormalize-path 128ms (from cache)
54 silly pacote tag manifest for @types/normalize-path@ts3.6 fetched in 132ms
55 http fetch GET 304 https://registry.npmjs.org/@types%2fnum2fraction 135ms (from cache)
56 silly pacote tag manifest for @types/num2fraction@ts3.6 fetched in 150ms
57 http fetch GET 304 https://registry.npmjs.org/@types%2fobject-assign 179ms (from cache)
58 http fetch GET 304 https://registry.npmjs.org/@types%2fnwsapi 184ms (from cache)
59 http fetch GET 304 https://registry.npmjs.org/@types%2fobject-inspect 157ms (from cache)
60 silly pacote tag manifest for @types/object-assign@ts3.6 fetched in 185ms
61 silly pacote tag manifest for @types/nwsapi@ts3.6 fetched in 190ms
62 silly pacote tag manifest for @types/object-inspect@ts3.6 fetched in 176ms
63 http fetch GET 304 https://registry.npmjs.org/@types%2fobject-keys 167ms (from cache)
64 silly pacote tag manifest for @types/object-keys@ts3.6 fetched in 170ms
65 http fetch GET 304 https://registry.npmjs.org/@types%2fobject.fromentries 143ms (from cache)
66 silly pacote tag manifest for @types/object.fromentries@ts3.6 fetched in 147ms
67 http fetch GET 304 https://registry.npmjs.org/@types%2fobject.getownpropertydescriptors 170ms (from cache)
68 silly pacote tag manifest for @types/object.getownpropertydescriptors@ts3.6 fetched in 173ms
69 http fetch GET 304 https://registry.npmjs.org/@types%2fon-finished 188ms (from cache)
70 silly pacote tag manifest for @types/on-finished@ts3.6 fetched in 202ms
71 http fetch GET 304 https://registry.npmjs.org/@types%2fon-headers 137ms (from cache)
72 silly pacote tag manifest for @types/on-headers@ts3.6 fetched in 139ms
73 http fetch GET 304 https://registry.npmjs.org/@types%2foptimize-css-assets-webpack-plugin 264ms (from cache)
74 silly pacote tag manifest for @types/optimize-css-assets-webpack-plugin@ts3.6 fetched in 283ms
75 http fetch GET 304 https://registry.npmjs.org/@types%2foriginal 251ms (from cache)
76 silly pacote tag manifest for @types/original@ts3.6 fetched in 281ms
77 http fetch GET 304 https://registry.npmjs.org/@types%2fpako 280ms (from cache)
78 silly pacote tag manifest for @types/pako@ts3.6 fetched in 298ms
79 http fetch GET 304 https://registry.npmjs.org/@types%2fparallel-transform 165ms (from cache)
80 silly pacote tag manifest for @types/parallel-transform@ts3.6 fetched in 170ms
81 http fetch GET 304 https://registry.npmjs.org/@types%2fmime-db 2566ms (from cache)
82 silly pacote tag manifest for @types/mime-db@ts3.6 fetched in 2582ms
83 http fetch GET 304 https://registry.npmjs.org/@types%2fmime-types 2597ms (from cache)
84 silly pacote tag manifest for @types/mime-types@ts3.6 fetched in 2611ms
85 http fetch GET 304 https://registry.npmjs.org/@types%2fmerge2 2636ms (from cache)
86 silly pacote tag manifest for @types/merge2@ts3.6 fetched in 2645ms
87 http fetch GET 304 https://registry.npmjs.org/@types%2fparse-json 208ms (from cache)
88 http fetch GET 304 https://registry.npmjs.org/@types%2fmemorystream 2656ms (from cache)
89 http fetch GET 304 https://registry.npmjs.org/@types%2fparse5 171ms (from cache)
90 silly pacote tag manifest for @types/memorystream@ts3.6 fetched in 2667ms
91 silly pacote tag manifest for @types/parse-json@ts3.6 fetched in 220ms
92 silly pacote tag manifest for @types/parse5@ts3.6 fetched in 180ms
93 http fetch GET 304 https://registry.npmjs.org/@types%2fparseurl 129ms (from cache)
94 silly pacote tag manifest for @types/parseurl@ts3.6 fetched in 131ms
95 http fetch GET 304 https://registry.npmjs.org/@types%2fpascalcase 125ms (from cache)
96 silly pacote tag manifest for @types/pascalcase@ts3.6 fetched in 128ms
97 http fetch GET 304 https://registry.npmjs.org/@types%2fpath-is-absolute 115ms (from cache)
98 silly pacote tag manifest for @types/path-is-absolute@ts3.6 fetched in 117ms
99 http fetch GET 304 https://registry.npmjs.org/@types%2fpath-is-inside 147ms (from cache)
100 http fetch GET 304 https://registry.npmjs.org/@types%2fpbkdf2 146ms (from cache)
101 silly pacote tag manifest for @types/path-is-inside@ts3.6 fetched in 153ms
102 silly pacote tag manifest for @types/pbkdf2@ts3.6 fetched in 155ms
103 http fetch GET 304 https://registry.npmjs.org/@types%2fpicomatch 139ms (from cache)
104 http fetch GET 304 https://registry.npmjs.org/@types%2fpath-parse 175ms (from cache)
105 silly pacote tag manifest for @types/picomatch@ts3.6 fetched in 143ms
106 silly pacote tag manifest for @types/path-parse@ts3.6 fetched in 181ms
107 http fetch GET 304 https://registry.npmjs.org/@types%2fpify 136ms (from cache)
108 silly pacote tag manifest for @types/pify@ts3.6 fetched in 138ms
109 http fetch GET 304 https://registry.npmjs.org/@types%2fpostcss-flexbugs-fixes 121ms (from cache)
110 silly pacote tag manifest for @types/postcss-flexbugs-fixes@ts3.6 fetched in 123ms
111 http fetch GET 304 https://registry.npmjs.org/@types%2fpostcss-gap-properties 118ms (from cache)
112 silly pacote tag manifest for @types/postcss-gap-properties@ts3.6 fetched in 120ms
113 http fetch GET 304 https://registry.npmjs.org/@types%2fpostcss-modules-local-by-default 136ms (from cache)
114 silly pacote tag manifest for @types/postcss-modules-local-by-default@ts3.6 fetched in 140ms
115 http fetch GET 304 https://registry.npmjs.org/@types%2fpostcss-modules-values 125ms (from cache)
116 http fetch GET 304 https://registry.npmjs.org/@types%2fpostcss-modules-scope 148ms (from cache)
117 silly pacote tag manifest for @types/postcss-modules-values@ts3.6 fetched in 135ms
118 http fetch GET 304 https://registry.npmjs.org/@types%2fpostcss-modules-extract-imports 176ms (from cache)
119 silly pacote tag manifest for @types/postcss-modules-scope@ts3.6 fetched in 154ms
120 silly pacote tag manifest for @types/postcss-modules-extract-imports@ts3.6 fetched in 184ms
121 http fetch GET 304 https://registry.npmjs.org/@types%2fpostcss-normalize 133ms (from cache)
122 silly pacote tag manifest for @types/postcss-normalize@ts3.6 fetched in 135ms
123 http fetch GET 304 https://registry.npmjs.org/@types%2fpostcss-preset-env 130ms (from cache)
124 silly registry:manifest no matching version for @types/postcss-preset-env@ts3.6 in the cache. Forcing revalidation.
125 http fetch GET 304 https://registry.npmjs.org/@types%2fpostcss-safe-parser 113ms (from cache)
126 silly pacote tag manifest for @types/postcss-safe-parser@ts3.6 fetched in 115ms
127 http fetch GET 304 https://registry.npmjs.org/@types%2fprelude-ls 113ms (from cache)
128 silly pacote tag manifest for @types/prelude-ls@ts3.6 fetched in 118ms
129 http fetch GET 304 https://registry.npmjs.org/@types%2fprettier-linter-helpers 145ms (from cache)
130 http fetch GET 304 https://registry.npmjs.org/@types%2fprogress 135ms (from cache)
131 http fetch GET 304 https://registry.npmjs.org/@types%2fpromise-inflight 124ms (from cache)
132 silly pacote tag manifest for @types/prettier-linter-helpers@ts3.6 fetched in 149ms
133 silly pacote tag manifest for @types/progress@ts3.6 fetched in 140ms
134 silly pacote tag manifest for @types/promise-inflight@ts3.6 fetched in 129ms
135 http fetch GET 200 https://registry.npmjs.org/@types%2fpostcss-preset-env 113ms
136 silly fetchPackageMetaData error for @types/postcss-preset-env@ts3.6 No matching version found for @types/postcss-preset-env@ts3.6.
137 http fetch GET 304 https://registry.npmjs.org/@types%2fprompts 127ms (from cache)
138 silly pacote tag manifest for @types/prompts@ts3.6 fetched in 128ms
139 http fetch GET 304 https://registry.npmjs.org/@types%2fprop-types 119ms (from cache)
140 silly pacote tag manifest for @types/prop-types@ts3.6 fetched in 122ms
141 http fetch GET 304 https://registry.npmjs.org/@types%2fpsl 145ms (from cache)
142 http fetch GET 304 https://registry.npmjs.org/@types%2fproxy-addr 150ms (from cache)
143 http fetch GET 304 https://registry.npmjs.org/@types%2fpump 147ms (from cache)
144 silly pacote tag manifest for @types/psl@ts3.6 fetched in 150ms
145 silly pacote tag manifest for @types/proxy-addr@ts3.6 fetched in 155ms
146 silly pacote tag manifest for @types/pump@ts3.6 fetched in 154ms
147 http fetch GET 304 https://registry.npmjs.org/@types%2fpumpify 129ms (from cache)
148 silly pacote tag manifest for @types/pumpify@ts3.6 fetched in 131ms
149 http fetch GET 304 https://registry.npmjs.org/@types%2fpunycode 108ms (from cache)
150 silly pacote tag manifest for @types/punycode@ts3.6 fetched in 110ms
151 http fetch GET 304 https://registry.npmjs.org/@types%2fq 116ms (from cache)
152 silly pacote tag manifest for @types/q@ts3.6 fetched in 119ms
153 http fetch GET 304 https://registry.npmjs.org/@types%2fqs 245ms (from cache)
154 http fetch GET 304 https://registry.npmjs.org/@types%2fraf 245ms (from cache)
155 silly pacote tag manifest for @types/qs@ts3.6 fetched in 251ms
156 http fetch GET 304 https://registry.npmjs.org/@types%2fquerystringify 251ms (from cache)
157 http fetch GET 304 https://registry.npmjs.org/@types%2frandombytes 237ms (from cache)
158 http fetch GET 304 https://registry.npmjs.org/@types%2frange-parser 218ms (from cache)
159 http fetch GET 304 https://registry.npmjs.org/@types%2fnegotiator 2231ms (from cache)
160 silly pacote tag manifest for @types/raf@ts3.6 fetched in 257ms
161 silly pacote tag manifest for @types/querystringify@ts3.6 fetched in 271ms
162 silly pacote tag manifest for @types/randombytes@ts3.6 fetched in 258ms
163 http fetch GET 304 https://registry.npmjs.org/@types%2freact-dev-utils 224ms (from cache)
164 silly pacote tag manifest for @types/range-parser@ts3.6 fetched in 242ms
165 silly pacote tag manifest for @types/negotiator@ts3.6 fetched in 2255ms
166 silly pacote tag manifest for @types/react-dev-utils@ts3.6 fetched in 245ms
167 http fetch GET 304 https://registry.npmjs.org/@types%2freact-is 117ms (from cache)
168 silly pacote tag manifest for @types/react-is@ts3.6 fetched in 120ms
169 http fetch GET 304 https://registry.npmjs.org/@types%2freadable-stream 175ms (from cache)
170 http fetch GET 304 https://registry.npmjs.org/@types%2fregenerator-runtime 159ms (from cache)
171 silly pacote tag manifest for @types/readable-stream@ts3.6 fetched in 179ms
172 http fetch GET 304 https://registry.npmjs.org/@types%2frecursive-readdir 168ms (from cache)
173 silly pacote tag manifest for @types/regenerator-runtime@ts3.6 fetched in 165ms
174 silly pacote tag manifest for @types/recursive-readdir@ts3.6 fetched in 176ms
175 http fetch GET 304 https://registry.npmjs.org/@types%2fregenerate 227ms (from cache)
176 silly registry:manifest no matching version for @types/regenerate@ts3.6 in the cache. Forcing revalidation.
177 http fetch GET 304 https://registry.npmjs.org/@types%2fregex-not 224ms (from cache)
178 silly registry:manifest no matching version for @types/regex-not@ts3.6 in the cache. Forcing revalidation.
179 http fetch GET 304 https://registry.npmjs.org/@types%2frepeat-element 146ms (from cache)
180 silly pacote tag manifest for @types/repeat-element@ts3.6 fetched in 152ms
181 http fetch GET 304 https://registry.npmjs.org/@types%2frepeat-string 107ms (from cache)
182 silly pacote tag manifest for @types/repeat-string@ts3.6 fetched in 108ms
183 http fetch GET 304 https://registry.npmjs.org/@types%2frequire-directory 136ms (from cache)
184 http fetch GET 304 https://registry.npmjs.org/@types%2frequire-from-string 134ms (from cache)
185 silly pacote tag manifest for @types/require-directory@ts3.6 fetched in 138ms
186 silly pacote tag manifest for @types/require-from-string@ts3.6 fetched in 142ms
187 http fetch GET 200 https://registry.npmjs.org/@types%2fregenerate 113ms
188 silly fetchPackageMetaData error for @types/regenerate@ts3.6 No matching version found for @types/regenerate@ts3.6.
189 http fetch GET 304 https://registry.npmjs.org/@types%2frequires-port 131ms (from cache)
190 silly pacote tag manifest for @types/requires-port@ts3.6 fetched in 133ms
191 http fetch GET 304 https://registry.npmjs.org/@types%2fresolve 112ms (from cache)
192 silly pacote tag manifest for @types/resolve@ts3.6 fetched in 115ms
193 http fetch GET 304 https://registry.npmjs.org/@types%2fretry 108ms (from cache)
194 silly pacote tag manifest for @types/retry@ts3.6 fetched in 114ms
195 http fetch GET 304 https://registry.npmjs.org/@types%2frimraf 132ms (from cache)
196 silly pacote tag manifest for @types/rimraf@ts3.6 fetched in 136ms
197 http fetch GET 304 https://registry.npmjs.org/@types%2fripemd160 115ms (from cache)
198 silly pacote tag manifest for @types/ripemd160@ts3.6 fetched in 122ms
199 http fetch GET 304 https://registry.npmjs.org/@types%2fsafe-regex 107ms (from cache)
200 silly pacote tag manifest for @types/safe-regex@ts3.6 fetched in 109ms
201 http fetch GET 304 https://registry.npmjs.org/@types%2fobject.pick 2237ms (from cache)
202 silly pacote tag manifest for @types/object.pick@ts3.6 fetched in 2240ms
203 http fetch GET 304 https://registry.npmjs.org/@types%2fsafer-buffer 253ms (from cache)
204 http fetch GET 304 https://registry.npmjs.org/@types%2fonce 2241ms (from cache)
205 silly pacote tag manifest for @types/safer-buffer@ts3.6 fetched in 271ms
206 silly pacote tag manifest for @types/once@ts3.6 fetched in 2258ms
207 http fetch GET 304 https://registry.npmjs.org/@types%2fsass-loader 207ms (from cache)
208 silly pacote tag manifest for @types/sass-loader@ts3.6 fetched in 254ms
209 http fetch GET 304 https://registry.npmjs.org/@types%2fsax 227ms (from cache)
210 silly pacote tag manifest for @types/sax@ts3.6 fetched in 230ms
211 http fetch GET 304 https://registry.npmjs.org/@types%2fscheduler 192ms (from cache)
212 silly pacote tag manifest for @types/scheduler@ts3.6 fetched in 195ms
213 http fetch GET 304 https://registry.npmjs.org/@types%2fselfsigned 232ms (from cache)
214 silly registry:manifest no matching version for @types/selfsigned@ts3.6 in the cache. Forcing revalidation.
215 http fetch GET 304 https://registry.npmjs.org/@types%2fsemver 172ms (from cache)
216 http fetch GET 304 https://registry.npmjs.org/@types%2fsemver-compare 129ms (from cache)
217 silly pacote tag manifest for @types/semver@ts3.6 fetched in 180ms
218 silly pacote tag manifest for @types/semver-compare@ts3.6 fetched in 140ms
219 http fetch GET 304 https://registry.npmjs.org/@types%2fsend 128ms (from cache)
220 silly pacote tag manifest for @types/send@ts3.6 fetched in 131ms
221 http fetch GET 304 https://registry.npmjs.org/@types%2fserve-index 129ms (from cache)
222 http fetch GET 304 https://registry.npmjs.org/@types%2fserialize-javascript 147ms (from cache)
223 silly pacote tag manifest for @types/serve-index@ts3.6 fetched in 141ms
224 silly pacote tag manifest for @types/serialize-javascript@ts3.6 fetched in 164ms
225 http fetch GET 304 https://registry.npmjs.org/@types%2fserve-static 110ms (from cache)
226 silly pacote tag manifest for @types/serve-static@ts3.6 fetched in 113ms
227 http fetch GET 304 https://registry.npmjs.org/@types%2fpath-browserify 2196ms (from cache)
228 silly registry:manifest no matching version for @types/path-browserify@ts3.6 in the cache. Forcing revalidation.
229 http fetch GET 304 https://registry.npmjs.org/@types%2fsetimmediate 120ms (from cache)
230 silly pacote tag manifest for @types/setimmediate@ts3.6 fetched in 122ms
231 http fetch GET 304 https://registry.npmjs.org/@types%2fsha.js 121ms (from cache)
232 silly pacote tag manifest for @types/sha.js@ts3.6 fetched in 124ms
233 http fetch GET 304 https://registry.npmjs.org/@types%2fset-value 180ms (from cache)
234 silly pacote tag manifest for @types/set-value@ts3.6 fetched in 182ms
235 http fetch GET 200 https://registry.npmjs.org/@types%2fpath-browserify 110ms
236 silly fetchPackageMetaData error for @types/path-browserify@ts3.6 No matching version found for @types/path-browserify@ts3.6.
237 http fetch GET 304 https://registry.npmjs.org/@types%2fshebang-command 132ms (from cache)
238 http fetch GET 304 https://registry.npmjs.org/@types%2frelateurl 1367ms (from cache)
239 silly pacote tag manifest for @types/shebang-command@ts3.6 fetched in 137ms
240 silly pacote tag manifest for @types/relateurl@ts3.6 fetched in 1378ms
241 http fetch GET 304 https://registry.npmjs.org/@types%2fshell-quote 134ms (from cache)
242 silly pacote tag manifest for @types/shell-quote@ts3.6 fetched in 135ms
243 http fetch GET 304 https://registry.npmjs.org/@types%2fsignal-exit 139ms (from cache)
244 silly pacote tag manifest for @types/signal-exit@ts3.6 fetched in 143ms
245 http fetch GET 200 https://registry.npmjs.org/@types%2fsimple-swizzle 107ms
246 silly fetchPackageMetaData error for @types/simple-swizzle@ts3.6 No matching version found for @types/simple-swizzle@ts3.6.
247 http fetch GET 304 https://registry.npmjs.org/@types%2frun-parallel 1099ms (from cache)
248 silly pacote tag manifest for @types/run-parallel@ts3.6 fetched in 1102ms
249 http fetch GET 304 https://registry.npmjs.org/@types%2fslice-ansi 124ms (from cache)
250 http fetch GET 304 https://registry.npmjs.org/@types%2fsockjs 122ms (from cache)
251 silly pacote tag manifest for @types/slice-ansi@ts3.6 fetched in 127ms
252 silly pacote tag manifest for @types/sockjs@ts3.6 fetched in 128ms
253 http fetch GET 304 https://registry.npmjs.org/@types%2fsockjs-client 123ms (from cache)
254 silly pacote tag manifest for @types/sockjs-client@ts3.6 fetched in 126ms
255 http fetch GET 304 https://registry.npmjs.org/@types%2fsource-list-map 123ms (from cache)
256 silly pacote tag manifest for @types/source-list-map@ts3.6 fetched in 126ms
257 http fetch GET 304 https://registry.npmjs.org/@types%2fsource-map-support 120ms (from cache)
258 silly pacote tag manifest for @types/source-map-support@ts3.6 fetched in 121ms
259 http fetch GET 304 https://registry.npmjs.org/@types%2fspdx-correct 109ms (from cache)
260 silly pacote tag manifest for @types/spdx-correct@ts3.6 fetched in 112ms
261 http fetch GET 200 https://registry.npmjs.org/@types%2fselfsigned 659ms
262 silly fetchPackageMetaData error for @types/selfsigned@ts3.6 No matching version found for @types/selfsigned@ts3.6.
263 http fetch GET 304 https://registry.npmjs.org/@types%2fspdx-expression-parse 124ms (from cache)
264 http fetch GET 304 https://registry.npmjs.org/@types%2fspdy 123ms (from cache)
265 silly pacote tag manifest for @types/spdx-expression-parse@ts3.6 fetched in 127ms
266 silly pacote tag manifest for @types/spdy@ts3.6 fetched in 126ms
267 http fetch GET 304 https://registry.npmjs.org/@types%2fsprintf 107ms (from cache)
268 silly pacote tag manifest for @types/sprintf@ts3.6 fetched in 114ms
269 http fetch GET 304 https://registry.npmjs.org/@types%2fsprintf-js 147ms (from cache)
270 http fetch GET 304 https://registry.npmjs.org/@types%2fssri 129ms (from cache)
271 silly pacote tag manifest for @types/sprintf-js@ts3.6 fetched in 151ms
272 silly pacote tag manifest for @types/ssri@ts3.6 fetched in 134ms
273 http fetch GET 304 https://registry.npmjs.org/@types%2fstack-utils 135ms (from cache)
274 silly pacote tag manifest for @types/stack-utils@ts3.6 fetched in 138ms
275 http fetch GET 304 https://registry.npmjs.org/@types%2fstatuses 147ms (from cache)
276 silly pacote tag manifest for @types/statuses@ts3.6 fetched in 152ms
277 http fetch GET 304 https://registry.npmjs.org/@types%2fstream-each 128ms (from cache)
278 http fetch GET 304 https://registry.npmjs.org/@types%2fstream-shift 126ms (from cache)
279 silly pacote tag manifest for @types/stream-each@ts3.6 fetched in 132ms
280 silly pacote tag manifest for @types/stream-shift@ts3.6 fetched in 132ms
281 http fetch GET 304 https://registry.npmjs.org/@types%2fstring.prototype.matchall 131ms (from cache)
282 silly pacote tag manifest for @types/string.prototype.matchall@ts3.6 fetched in 133ms
283 http fetch GET 304 https://registry.npmjs.org/@types%2fstring-natural-compare 143ms (from cache)
284 http fetch GET 304 https://registry.npmjs.org/@types%2fstringify-object 124ms (from cache)
285 silly pacote tag manifest for @types/string-natural-compare@ts3.6 fetched in 149ms
286 silly pacote tag manifest for @types/stringify-object@ts3.6 fetched in 129ms
287 http fetch GET 304 https://registry.npmjs.org/@types%2fstrip-comments 127ms (from cache)
288 silly pacote tag manifest for @types/strip-comments@ts3.6 fetched in 131ms
289 http fetch GET 304 https://registry.npmjs.org/@types%2fstrip-final-newline 121ms (from cache)
290 silly pacote tag manifest for @types/strip-final-newline@ts3.6 fetched in 127ms
291 http fetch GET 304 https://registry.npmjs.org/@types%2fsupports-color 132ms (from cache)
292 silly pacote tag manifest for @types/supports-color@ts3.6 fetched in 134ms
293 http fetch GET 304 https://registry.npmjs.org/@types%2fsvg-parser 139ms (from cache)
294 silly pacote tag manifest for @types/svg-parser@ts3.6 fetched in 144ms
295 http fetch GET 304 https://registry.npmjs.org/@types%2fsymbol-tree 149ms (from cache)
296 http fetch GET 304 https://registry.npmjs.org/@types%2fsvgo 151ms (from cache)
297 silly pacote tag manifest for @types/symbol-tree@ts3.6 fetched in 155ms
298 silly pacote tag manifest for @types/svgo@ts3.6 fetched in 160ms
299 http fetch GET 304 https://registry.npmjs.org/@types%2ftapable 139ms (from cache)
300 http fetch GET 304 https://registry.npmjs.org/@types%2ftar 135ms (from cache)
301 silly pacote tag manifest for @types/tapable@ts3.6 fetched in 147ms
302 silly pacote tag manifest for @types/tar@ts3.6 fetched in 142ms
303 http fetch GET 304 https://registry.npmjs.org/@types%2fthrough 118ms (from cache)
304 silly pacote tag manifest for @types/through@ts3.6 fetched in 120ms
305 http fetch GET 304 https://registry.npmjs.org/@types%2fthunky 122ms (from cache)
306 silly pacote tag manifest for @types/thunky@ts3.6 fetched in 125ms
307 http fetch GET 304 https://registry.npmjs.org/@types%2ftimsort 110ms (from cache)
308 silly pacote tag manifest for @types/timsort@ts3.6 fetched in 113ms
309 http fetch GET 200 https://registry.npmjs.org/@types%2fto-regex 101ms
310 silly fetchPackageMetaData error for @types/to-regex@ts3.6 No matching version found for @types/to-regex@ts3.6.
311 http fetch GET 304 https://registry.npmjs.org/@types%2ftough-cookie 117ms (from cache)
312 silly pacote tag manifest for @types/tough-cookie@ts3.6 fetched in 121ms
313 http fetch GET 200 https://registry.npmjs.org/@types%2fto-regex-range 132ms
314 silly fetchPackageMetaData error for @types/to-regex-range@ts3.6 No matching version found for @types/to-regex-range@ts3.6.
315 http fetch GET 304 https://registry.npmjs.org/@types%2ftryer 97ms (from cache)
316 silly pacote tag manifest for @types/tryer@ts3.6 fetched in 99ms
317 http fetch GET 304 https://registry.npmjs.org/@types%2ftype-detect 110ms (from cache)
318 silly pacote tag manifest for @types/type-detect@ts3.6 fetched in 113ms
319 http fetch GET 304 https://registry.npmjs.org/@types%2ftype-is 113ms (from cache)
320 http fetch GET 304 https://registry.npmjs.org/@types%2ftype-check 157ms (from cache)
321 silly pacote tag manifest for @types/type-is@ts3.6 fetched in 119ms
322 silly pacote tag manifest for @types/type-check@ts3.6 fetched in 178ms
323 http fetch GET 200 https://registry.npmjs.org/@types%2fregex-not 2258ms
324 silly fetchPackageMetaData error for @types/regex-not@ts3.6 No matching version found for @types/regex-not@ts3.6.
325 http fetch GET 304 https://registry.npmjs.org/@types%2frsvp 2122ms (from cache)
326 silly pacote tag manifest for @types/rsvp@ts3.6 fetched in 2124ms
327 http fetch GET 304 https://registry.npmjs.org/@types%2fsane 2085ms (from cache)
328 silly pacote tag manifest for @types/sane@ts3.6 fetched in 2101ms
329 http fetch GET 304 https://registry.npmjs.org/@types%2funiversalify 139ms (from cache)
330 http fetch GET 304 https://registry.npmjs.org/@types%2furix 112ms (from cache)
331 silly pacote tag manifest for @types/universalify@ts3.6 fetched in 142ms
332 silly pacote tag manifest for @types/urix@ts3.6 fetched in 115ms
333 http fetch GET 304 https://registry.npmjs.org/@types%2futil-deprecate 119ms (from cache)
334 silly pacote tag manifest for @types/util-deprecate@ts3.6 fetched in 121ms
335 http fetch GET 304 https://registry.npmjs.org/@types%2futil.promisify 112ms (from cache)
336 silly pacote tag manifest for @types/util.promisify@ts3.6 fetched in 114ms
337 http fetch GET 304 https://registry.npmjs.org/@types%2futils-merge 142ms (from cache)
338 silly pacote tag manifest for @types/utils-merge@ts3.6 fetched in 145ms
339 http fetch GET 304 https://registry.npmjs.org/@types%2fvalidate-npm-package-license 109ms (from cache)
340 silly pacote tag manifest for @types/validate-npm-package-license@ts3.6 fetched in 111ms
341 http fetch GET 304 https://registry.npmjs.org/@types%2fvary 120ms (from cache)
342 silly pacote tag manifest for @types/vary@ts3.6 fetched in 123ms
343 http fetch GET 304 https://registry.npmjs.org/@types%2fw3c-hr-time 129ms (from cache)
344 silly pacote tag manifest for @types/w3c-hr-time@ts3.6 fetched in 131ms
345 http fetch GET 304 https://registry.npmjs.org/@types%2fw3c-xmlserializer 119ms (from cache)
346 silly pacote tag manifest for @types/w3c-xmlserializer@ts3.6 fetched in 121ms
347 http fetch GET 304 https://registry.npmjs.org/@types%2fwatchpack 109ms (from cache)
348 silly pacote tag manifest for @types/watchpack@ts3.6 fetched in 112ms
349 http fetch GET 304 https://registry.npmjs.org/@types%2fwebidl-conversions 95ms (from cache)
350 silly pacote tag manifest for @types/webidl-conversions@ts3.6 fetched in 97ms
351 http fetch GET 304 https://registry.npmjs.org/@types%2fwebpack 105ms (from cache)
352 silly pacote tag manifest for @types/webpack@ts3.6 fetched in 109ms
353 http fetch GET 304 https://registry.npmjs.org/@types%2fwebpack-manifest-plugin 107ms (from cache)
354 silly pacote tag manifest for @types/webpack-manifest-plugin@ts3.6 fetched in 110ms
355 http fetch GET 304 https://registry.npmjs.org/@types%2fwebpack-sources 102ms (from cache)
356 silly pacote tag manifest for @types/webpack-sources@ts3.6 fetched in 109ms
357 http fetch GET 304 https://registry.npmjs.org/@types%2fwhatwg-encoding 104ms (from cache)
358 silly pacote tag manifest for @types/whatwg-encoding@ts3.6 fetched in 109ms
359 http fetch GET 304 https://registry.npmjs.org/@types%2fwhatwg-url 114ms (from cache)
360 silly pacote tag manifest for @types/whatwg-url@ts3.6 fetched in 116ms
361 http fetch GET 304 https://registry.npmjs.org/@types%2fwhich 109ms (from cache)
362 silly pacote tag manifest for @types/which@ts3.6 fetched in 111ms
363 http fetch GET 304 https://registry.npmjs.org/@types%2fworkbox-build 160ms (from cache)
364 silly pacote tag manifest for @types/workbox-build@ts3.6 fetched in 162ms
365 http fetch GET 304 https://registry.npmjs.org/@types%2fworkbox-sw 101ms (from cache)
366 silly pacote tag manifest for @types/workbox-sw@ts3.6 fetched in 102ms
367 http fetch GET 304 https://registry.npmjs.org/@types%2fworkbox-webpack-plugin 124ms (from cache)
368 silly pacote tag manifest for @types/workbox-webpack-plugin@ts3.6 fetched in 129ms
369 http fetch GET 304 https://registry.npmjs.org/@types%2fwrap-ansi 127ms (from cache)
370 silly pacote tag manifest for @types/wrap-ansi@ts3.6 fetched in 130ms
371 http fetch GET 304 https://registry.npmjs.org/@types%2fstrict-uri-encode 2155ms (from cache)
372 silly pacote tag manifest for @types/strict-uri-encode@ts3.6 fetched in 2157ms
373 http fetch GET 304 https://registry.npmjs.org/@types%2furl-parse 1359ms (from cache)
374 silly pacote tag manifest for @types/url-parse@ts3.6 fetched in 1360ms
375 http fetch GET 304 https://registry.npmjs.org/@types%2fwrite-file-atomic 125ms (from cache)
376 silly pacote tag manifest for @types/write-file-atomic@ts3.6 fetched in 133ms
377 http fetch GET 304 https://registry.npmjs.org/@types%2fws 121ms (from cache)
378 silly pacote tag manifest for @types/ws@ts3.6 fetched in 124ms
379 http fetch GET 200 https://registry.npmjs.org/@types%2fxml-name-validator 98ms
380 silly fetchPackageMetaData error for @types/xml-name-validator@ts3.6 No matching version found for @types/xml-name-validator@ts3.6.
381 http fetch GET 304 https://registry.npmjs.org/@types%2fxtend 102ms (from cache)
382 silly pacote tag manifest for @types/xtend@ts3.6 fetched in 103ms
383 http fetch GET 304 https://registry.npmjs.org/@types%2fyargs 125ms (from cache)
384 silly pacote tag manifest for @types/yargs@ts3.6 fetched in 130ms
385 http fetch GET 304 https://registry.npmjs.org/@types%2ftext-table 2186ms (from cache)
386 silly pacote tag manifest for @types/text-table@ts3.6 fetched in 2188ms
387 http fetch GET 304 https://registry.npmjs.org/@types%2fyargs-parser 102ms (from cache)
388 silly pacote tag manifest for @types/yargs-parser@ts3.6 fetched in 104ms
389 http fetch GET 200 https://registry.npmjs.org/@types%2ftmpl 2215ms
390 silly fetchPackageMetaData error for @types/tmpl@ts3.6 No matching version found for @types/tmpl@ts3.6.
391 http fetch GET 304 https://registry.npmjs.org/@types%2fthrough2 2430ms (from cache)
392 silly pacote tag manifest for @types/through2@ts3.6 fetched in 2435ms
393 http fetch GET 200 https://registry.npmjs.org/@types%2ftypedarray-to-buffer 2128ms
394 silly fetchPackageMetaData error for @types/typedarray-to-buffer@ts3.6 No matching version found for @types/typedarray-to-buffer@ts3.6.
395 http fetch GET 304 https://registry.npmjs.org/@types%2funiq 2154ms (from cache)
396 silly pacote tag manifest for @types/uniq@ts3.6 fetched in 2156ms
397 http fetch GET 304 https://registry.npmjs.org/@types%2fwhich-pm-runs 2123ms (from cache)
398 silly pacote tag manifest for @types/which-pm-runs@ts3.6 fetched in 2127ms
399 http fetch GET 304 https://registry.npmjs.org/@types%2fwhatwg-mimetype 2439ms (from cache)
400 silly pacote tag manifest for @types/whatwg-mimetype@ts3.6 fetched in 2445ms
401 http fetch GET 304 https://registry.npmjs.org/@types%2fyallist 2258ms (from cache)
402 silly pacote tag manifest for @types/yallist@ts3.6 fetched in 2263ms
403 timing stage:rollbackFailedOptional Completed in 1ms
404 timing stage:runTopLevelLifecycles Completed in 10021ms
405 verbose type tag
406 verbose stack @types/postcss-preset-env: No matching version found for @types/postcss-preset-env@ts3.6.
406 verbose stack     at pickManifest (/usr/local/lib/node_modules/npm/node_modules/npm-pick-manifest/index.js:122:13)
406 verbose stack     at /usr/local/lib/node_modules/npm/node_modules/pacote/lib/fetchers/registry/manifest.js:43:18
406 verbose stack     at tryCatcher (/usr/local/lib/node_modules/npm/node_modules/bluebird/js/release/util.js:16:23)
406 verbose stack     at Promise._settlePromiseFromHandler (/usr/local/lib/node_modules/npm/node_modules/bluebird/js/release/promise.js:517:31)
406 verbose stack     at Promise._settlePromise (/usr/local/lib/node_modules/npm/node_modules/bluebird/js/release/promise.js:574:18)
406 verbose stack     at Promise._settlePromise0 (/usr/local/lib/node_modules/npm/node_modules/bluebird/js/release/promise.js:619:10)
406 verbose stack     at Promise._settlePromises (/usr/local/lib/node_modules/npm/node_modules/bluebird/js/release/promise.js:699:18)
406 verbose stack     at _drainQueueStep (/usr/local/lib/node_modules/npm/node_modules/bluebird/js/release/async.js:138:12)
406 verbose stack     at _drainQueue (/usr/local/lib/node_modules/npm/node_modules/bluebird/js/release/async.js:131:9)
406 verbose stack     at Async._drainQueues (/usr/local/lib/node_modules/npm/node_modules/bluebird/js/release/async.js:147:5)
406 verbose stack     at Immediate.Async.drainQueues [as _onImmediate] (/usr/local/lib/node_modules/npm/node_modules/bluebird/js/release/async.js:17:14)
406 verbose stack     at processImmediate (internal/timers.js:456:21)
407 verbose cwd /home/theia/.cache/typescript/3.6
408 verbose Linux 5.4.72-microsoft-standard-WSL2
409 verbose argv "/usr/local/bin/node" "/usr/local/bin/npm" "install" "--ignore-scripts" "@types/memory-fs@ts3.6" "@types/memorystream@ts3.6" "@types/merge-descriptors@ts3.6" "@types/merge-stream@ts3.6" "@types/merge2@ts3.6" "@types/methods@ts3.6" "@types/micromatch@ts3.6" "@types/mime@ts3.6" "@types/mime-db@ts3.6" "@types/mime-types@ts3.6" "@types/min-indent@ts3.6" "@types/minimalistic-assert@ts3.6" "@types/minimatch@ts3.6" "@types/minimist@ts3.6" "@types/minipass@ts3.6" "@types/minizlib@ts3.6" "@types/mkdirp@ts3.6" "@types/move-concurrently@ts3.6" "@types/ms@ts3.6" "@types/multicast-dns@ts3.6" "@types/natural-compare@ts3.6" "@types/negotiator@ts3.6" "@types/next-tick@ts3.6" "@types/nice-try@ts3.6" "@types/node-forge@ts3.6" "@types/node-int64@ts3.6" "@types/node-notifier@ts3.6" "@types/normalize-package-data@ts3.6" "@types/normalize-path@ts3.6" "@types/num2fraction@ts3.6" "@types/nwsapi@ts3.6" "@types/object-assign@ts3.6" "@types/object-inspect@ts3.6" "@types/object-keys@ts3.6" "@types/object.fromentries@ts3.6" "@types/object.getownpropertydescriptors@ts3.6" "@types/object.pick@ts3.6" "@types/on-finished@ts3.6" "@types/on-headers@ts3.6" "@types/once@ts3.6" "@types/optimize-css-assets-webpack-plugin@ts3.6" "@types/original@ts3.6" "@types/pako@ts3.6" "@types/parallel-transform@ts3.6" "@types/parse-json@ts3.6" "@types/parse5@ts3.6" "@types/parseurl@ts3.6" "@types/pascalcase@ts3.6" "@types/path-browserify@ts3.6" "@types/path-is-absolute@ts3.6" "@types/path-is-inside@ts3.6" "@types/path-parse@ts3.6" "@types/pbkdf2@ts3.6" "@types/picomatch@ts3.6" "@types/pify@ts3.6" "@types/postcss-flexbugs-fixes@ts3.6" "@types/postcss-gap-properties@ts3.6" "@types/postcss-modules-extract-imports@ts3.6" "@types/postcss-modules-local-by-default@ts3.6" "@types/postcss-modules-scope@ts3.6" "@types/postcss-modules-values@ts3.6" "@types/postcss-normalize@ts3.6" "@types/postcss-preset-env@ts3.6" "@types/postcss-safe-parser@ts3.6" "@types/prelude-ls@ts3.6" "@types/prettier-linter-helpers@ts3.6" "@types/progress@ts3.6" "@types/promise-inflight@ts3.6" "@types/prompts@ts3.6" "@types/prop-types@ts3.6" "@types/proxy-addr@ts3.6" "@types/psl@ts3.6" "@types/pump@ts3.6" "@types/pumpify@ts3.6" "@types/punycode@ts3.6" "@types/q@ts3.6" "@types/qs@ts3.6" "@types/querystringify@ts3.6" "@types/raf@ts3.6" "@types/randombytes@ts3.6" "@types/range-parser@ts3.6" "@types/react-dev-utils@ts3.6" "@types/react-is@ts3.6" "@types/readable-stream@ts3.6" "@types/recursive-readdir@ts3.6" "@types/regenerate@ts3.6" "@types/regenerator-runtime@ts3.6" "@types/regex-not@ts3.6" "@types/relateurl@ts3.6" "@types/repeat-element@ts3.6" "@types/repeat-string@ts3.6" "@types/require-directory@ts3.6" "@types/require-from-string@ts3.6" "@types/requires-port@ts3.6" "@types/resolve@ts3.6" "@types/retry@ts3.6" "@types/rimraf@ts3.6" "@types/ripemd160@ts3.6" "@types/rsvp@ts3.6" "@types/run-parallel@ts3.6" "@types/safe-regex@ts3.6" "@types/safer-buffer@ts3.6" "@types/sane@ts3.6" "@types/sass-loader@ts3.6" "@types/sax@ts3.6" "@types/scheduler@ts3.6" "@types/selfsigned@ts3.6" "@types/semver@ts3.6" "@types/semver-compare@ts3.6" "@types/send@ts3.6" "@types/serialize-javascript@ts3.6" "@types/serve-index@ts3.6" "@types/serve-static@ts3.6" "@types/set-value@ts3.6" "@types/setimmediate@ts3.6" "@types/sha.js@ts3.6" "@types/shebang-command@ts3.6" "@types/shell-quote@ts3.6" "@types/signal-exit@ts3.6" "@types/simple-swizzle@ts3.6" "@types/slice-ansi@ts3.6" "@types/sockjs@ts3.6" "@types/sockjs-client@ts3.6" "@types/source-list-map@ts3.6" "@types/source-map-support@ts3.6" "@types/spdx-correct@ts3.6" "@types/spdx-expression-parse@ts3.6" "@types/spdy@ts3.6" "@types/sprintf@ts3.6" "@types/sprintf-js@ts3.6" "@types/ssri@ts3.6" "@types/stack-utils@ts3.6" "@types/statuses@ts3.6" "@types/stream-each@ts3.6" "@types/stream-shift@ts3.6" "@types/strict-uri-encode@ts3.6" "@types/string-natural-compare@ts3.6" "@types/string.prototype.matchall@ts3.6" "@types/stringify-object@ts3.6" "@types/strip-comments@ts3.6" "@types/strip-final-newline@ts3.6" "@types/supports-color@ts3.6" "@types/svg-parser@ts3.6" "@types/svgo@ts3.6" "@types/symbol-tree@ts3.6" "@types/tapable@ts3.6" "@types/tar@ts3.6" "@types/text-table@ts3.6" "@types/through@ts3.6" "@types/through2@ts3.6" "@types/thunky@ts3.6" "@types/timsort@ts3.6" "@types/tmpl@ts3.6" "@types/to-regex@ts3.6" "@types/to-regex-range@ts3.6" "@types/tough-cookie@ts3.6" "@types/tryer@ts3.6" "@types/type-check@ts3.6" "@types/type-detect@ts3.6" "@types/type-is@ts3.6" "@types/typedarray-to-buffer@ts3.6" "@types/uniq@ts3.6" "@types/universalify@ts3.6" "@types/urix@ts3.6" "@types/url-parse@ts3.6" "@types/util-deprecate@ts3.6" "@types/util.promisify@ts3.6" "@types/utils-merge@ts3.6" "@types/validate-npm-package-license@ts3.6" "@types/vary@ts3.6" "@types/w3c-hr-time@ts3.6" "@types/w3c-xmlserializer@ts3.6" "@types/watchpack@ts3.6" "@types/webidl-conversions@ts3.6" "@types/webpack@ts3.6" "@types/webpack-manifest-plugin@ts3.6" "@types/webpack-sources@ts3.6" "@types/whatwg-encoding@ts3.6" "@types/whatwg-mimetype@ts3.6" "@types/whatwg-url@ts3.6" "@types/which@ts3.6" "@types/which-pm-runs@ts3.6" "@types/workbox-build@ts3.6" "@types/workbox-sw@ts3.6" "@types/workbox-webpack-plugin@ts3.6" "@types/wrap-ansi@ts3.6" "@types/write-file-atomic@ts3.6" "@types/ws@ts3.6" "@types/xml-name-validator@ts3.6" "@types/xtend@ts3.6" "@types/yallist@ts3.6" "@types/yargs@ts3.6" "@types/yargs-parser@ts3.6" "--save-dev" "--user-agent=typesInstaller/3.6.3"
410 verbose node v12.18.3
411 verbose npm  v6.14.6
412 error code ETARGET
413 error notarget No matching version found for @types/postcss-preset-env@ts3.6.
414 error notarget In most cases you or one of your dependencies are requesting
414 error notarget a package version that doesn't exist.
415 verbose exit [ 1, true ]
