0 info it worked if it ends with ok
1 verbose cli [
1 verbose cli   '/usr/local/bin/node',
1 verbose cli   '/usr/local/bin/npm',
1 verbose cli   'install',
1 verbose cli   '--ignore-scripts',
1 verbose cli   '@types/accepts@ts3.6',
1 verbose cli   '@types/acorn@ts3.6',
1 verbose cli   '@types/argparse@ts3.6',
1 verbose cli   '@types/aria-query@ts3.6',
1 verbose cli   '@types/arr-diff@ts3.6',
1 verbose cli   '@types/arr-union@ts3.6',
1 verbose cli   '@types/array-unique@ts3.6',
1 verbose cli   '@types/array.prototype.flat@ts3.6',
1 verbose cli   '@types/array.prototype.flatmap@ts3.6',
1 verbose cli   '@types/asap@ts3.6',
1 verbose cli   '@types/asn1@ts3.6',
1 verbose cli   '@types/assert@ts3.6',
1 verbose cli   '@types/assert-plus@ts3.6',
1 verbose cli   '@types/async@ts3.6',
1 verbose cli   '@types/atob@ts3.6',
1 verbose cli   '@types/aws4@ts3.6',
1 verbose cli   '@types/babel-plugin-macros@ts3.6',
1 verbose cli   '@types/babylon@ts3.6',
1 verbose cli   '@types/balanced-match@ts3.6',
1 verbose cli   '@types/big.js@ts3.6',
1 verbose cli   '@types/bluebird@ts3.6',
1 verbose cli   '@types/bn.js@ts3.6',
1 verbose cli   '@types/body-parser@ts3.6',
1 verbose cli   '@types/bonjour@ts3.6',
1 verbose cli   '@types/boolbase@ts3.6',
1 verbose cli   '@types/brace-expansion@ts3.6',
1 verbose cli   '@types/braces@ts3.6',
1 verbose cli   '@types/brorand@ts3.6',
1 verbose cli   '@types/bser@ts3.6',
1 verbose cli   '@types/buffer-from@ts3.6',
1 verbose cli   '@types/buffer-xor@ts3.6',
1 verbose cli   '@types/bytes@ts3.6',
1 verbose cli   '@types/cacache@ts3.6',
1 verbose cli   '@types/call-bind@ts3.6',
1 verbose cli   '@types/caniuse-api@ts3.6',
1 verbose cli   '@types/caniuse-lite@ts3.6',
1 verbose cli   '@types/case-sensitive-paths-webpack-plugin@ts3.6',
1 verbose cli   '@types/caseless@ts3.6',
1 verbose cli   '@types/check-types@ts3.6',
1 verbose cli   '@types/chownr@ts3.6',
1 verbose cli   '@types/cipher-base@ts3.6',
1 verbose cli   '@types/clean-css@ts3.6',
1 verbose cli   '@types/co@ts3.6',
1 verbose cli   '@types/color@ts3.6',
1 verbose cli   '@types/color-convert@ts3.6',
1 verbose cli   '@types/color-name@ts3.6',
1 verbose cli   '@types/color-string@ts3.6',
1 verbose cli   '@types/combined-stream@ts3.6',
1 verbose cli   '@types/common-tags@ts3.6',
1 verbose cli   '@types/commondir@ts3.6',
1 verbose cli   '@types/component-emitter@ts3.6',
1 verbose cli   '@types/compose-function@ts3.6',
1 verbose cli   '@types/compressible@ts3.6',
1 verbose cli   '@types/compression@ts3.6',
1 verbose cli   '@types/concat-map@ts3.6',
1 verbose cli   '@types/concat-stream@ts3.6',
1 verbose cli   '@types/confusing-browser-globals@ts3.6',
1 verbose cli   '@types/connect-history-api-fallback@ts3.6',
1 verbose cli   '@types/contains-path@ts3.6',
1 verbose cli   '@types/content-disposition@ts3.6',
1 verbose cli   '@types/content-type@ts3.6',
1 verbose cli   '@types/convert-source-map@ts3.6',
1 verbose cli   '@types/cookie@ts3.6',
1 verbose cli   '@types/cookie-signature@ts3.6',
1 verbose cli   '@types/core-js@ts3.6',
1 verbose cli   '@types/create-hash@ts3.6',
1 verbose cli   '@types/create-hmac@ts3.6',
1 verbose cli   '@types/cross-spawn@ts3.6',
1 verbose cli   '@types/css@ts3.6',
1 verbose cli   '@types/css-declaration-sorter@ts3.6',
1 verbose cli   '@types/css-tree@ts3.6',
1 verbose cli   '@types/cssesc@ts3.6',
1 verbose cli   '@types/csso@ts3.6',
1 verbose cli   '@types/cssom@ts3.6',
1 verbose cli   '@types/cssstyle@ts3.6',
1 verbose cli   '@types/d@ts3.6',
1 verbose cli   '@types/damerau-levenshtein@ts3.6',
1 verbose cli   '@types/dashdash@ts3.6',
1 verbose cli   '@types/data-urls@ts3.6',
1 verbose cli   '@types/debug@ts3.6',
1 verbose cli   '@types/decode-uri-component@ts3.6',
1 verbose cli   '@types/dedent@ts3.6',
1 verbose cli   '@types/deep-equal@ts3.6',
1 verbose cli   '@types/default-gateway@ts3.6',
1 verbose cli   '@types/define-properties@ts3.6',
1 verbose cli   '@types/depd@ts3.6',
1 verbose cli   '@types/destroy@ts3.6',
1 verbose cli   '@types/detect-node@ts3.6',
1 verbose cli   '@types/diffie-hellman@ts3.6',
1 verbose cli   '@types/dir-glob@ts3.6',
1 verbose cli   '@types/dns-packet@ts3.6',
1 verbose cli   '@types/doctrine@ts3.6',
1 verbose cli   '@types/domexception@ts3.6',
1 verbose cli   '@types/domhandler@ts3.6',
1 verbose cli   '@types/domutils@ts3.6',
1 verbose cli   '@types/duplexify@ts3.6',
1 verbose cli   ... 111 more items
1 verbose cli ]
2 info using npm@6.14.6
3 info using node@v12.18.3
4 verbose npm-session 0ac5e225b8ccc90e
5 silly install loadCurrentTree
6 silly install readLocalPackageData
7 http fetch GET 304 https://registry.npmjs.org/@types%2farr-diff 436ms (from cache)
8 http fetch GET 304 https://registry.npmjs.org/@types%2facorn 445ms (from cache)
9 silly pacote tag manifest for @types/arr-diff@ts3.6 fetched in 444ms
10 silly pacote tag manifest for @types/acorn@ts3.6 fetched in 455ms
11 http fetch GET 304 https://registry.npmjs.org/@types%2faccepts 462ms (from cache)
12 http fetch GET 304 https://registry.npmjs.org/@types%2fargparse 458ms (from cache)
13 http fetch GET 304 https://registry.npmjs.org/@types%2fasap 454ms (from cache)
14 silly pacote tag manifest for @types/accepts@ts3.6 fetched in 486ms
15 silly pacote tag manifest for @types/argparse@ts3.6 fetched in 476ms
16 silly pacote tag manifest for @types/asap@ts3.6 fetched in 467ms
17 http fetch GET 304 https://registry.npmjs.org/@types%2fassert 137ms (from cache)
18 silly pacote tag manifest for @types/assert@ts3.6 fetched in 141ms
19 http fetch GET 304 https://registry.npmjs.org/@types%2fassert-plus 131ms (from cache)
20 http fetch GET 304 https://registry.npmjs.org/@types%2fasync 131ms (from cache)
21 http fetch GET 304 https://registry.npmjs.org/@types%2fatob 132ms (from cache)
22 silly pacote tag manifest for @types/assert-plus@ts3.6 fetched in 138ms
23 silly pacote tag manifest for @types/async@ts3.6 fetched in 138ms
24 silly pacote tag manifest for @types/atob@ts3.6 fetched in 139ms
25 http fetch GET 304 https://registry.npmjs.org/@types%2fbabel-plugin-macros 390ms (from cache)
26 silly pacote tag manifest for @types/babel-plugin-macros@ts3.6 fetched in 393ms
27 http fetch GET 304 https://registry.npmjs.org/@types%2fbig.js 131ms (from cache)
28 silly pacote tag manifest for @types/big.js@ts3.6 fetched in 137ms
29 http fetch GET 304 https://registry.npmjs.org/@types%2fbluebird 104ms (from cache)
30 silly pacote tag manifest for @types/bluebird@ts3.6 fetched in 110ms
31 http fetch GET 304 https://registry.npmjs.org/@types%2fbn.js 119ms (from cache)
32 silly pacote tag manifest for @types/bn.js@ts3.6 fetched in 120ms
33 http fetch GET 304 https://registry.npmjs.org/@types%2farray.prototype.flatmap 1394ms (from cache)
34 http fetch GET 304 https://registry.npmjs.org/@types%2farr-union 1400ms (from cache)
35 silly pacote tag manifest for @types/array.prototype.flatmap@ts3.6 fetched in 1398ms
36 silly pacote tag manifest for @types/arr-union@ts3.6 fetched in 1404ms
37 http fetch GET 304 https://registry.npmjs.org/@types%2faria-query 1438ms (from cache)
38 silly pacote tag manifest for @types/aria-query@ts3.6 fetched in 1441ms
39 http fetch GET 304 https://registry.npmjs.org/@types%2fbody-parser 98ms (from cache)
40 silly pacote tag manifest for @types/body-parser@ts3.6 fetched in 99ms
41 http fetch GET 304 https://registry.npmjs.org/@types%2fbonjour 94ms (from cache)
42 silly pacote tag manifest for @types/bonjour@ts3.6 fetched in 97ms
43 http fetch GET 304 https://registry.npmjs.org/@types%2fboolbase 99ms (from cache)
44 silly pacote tag manifest for @types/boolbase@ts3.6 fetched in 102ms
45 http fetch GET 304 https://registry.npmjs.org/@types%2fbraces 101ms (from cache)
46 silly pacote tag manifest for @types/braces@ts3.6 fetched in 102ms
47 http fetch GET 304 https://registry.npmjs.org/@types%2fbrorand 97ms (from cache)
48 silly pacote tag manifest for @types/brorand@ts3.6 fetched in 99ms
49 http fetch GET 304 https://registry.npmjs.org/@types%2farray.prototype.flat 1632ms (from cache)
50 silly pacote tag manifest for @types/array.prototype.flat@ts3.6 fetched in 1636ms
51 http fetch GET 304 https://registry.npmjs.org/@types%2fbser 134ms (from cache)
52 silly pacote tag manifest for @types/bser@ts3.6 fetched in 143ms
53 http fetch GET 304 https://registry.npmjs.org/@types%2farray-unique 1681ms (from cache)
54 http fetch GET 304 https://registry.npmjs.org/@types%2fbuffer-from 112ms (from cache)
55 silly pacote tag manifest for @types/array-unique@ts3.6 fetched in 1684ms
56 silly pacote tag manifest for @types/buffer-from@ts3.6 fetched in 116ms
57 http fetch GET 304 https://registry.npmjs.org/@types%2fbuffer-xor 102ms (from cache)
58 silly pacote tag manifest for @types/buffer-xor@ts3.6 fetched in 104ms
59 http fetch GET 304 https://registry.npmjs.org/@types%2fbytes 89ms (from cache)
60 silly pacote tag manifest for @types/bytes@ts3.6 fetched in 94ms
61 http fetch GET 304 https://registry.npmjs.org/@types%2fcacache 99ms (from cache)
62 silly pacote tag manifest for @types/cacache@ts3.6 fetched in 101ms
63 http fetch GET 200 https://registry.npmjs.org/@types%2fcall-bind 99ms
64 silly fetchPackageMetaData error for @types/call-bind@ts3.6 No matching version found for @types/call-bind@ts3.6.
65 http fetch GET 304 https://registry.npmjs.org/@types%2fcaniuse-api 110ms (from cache)
66 silly pacote tag manifest for @types/caniuse-api@ts3.6 fetched in 113ms
67 http fetch GET 304 https://registry.npmjs.org/@types%2fcaseless 145ms (from cache)
68 silly pacote tag manifest for @types/caseless@ts3.6 fetched in 149ms
69 http fetch GET 304 https://registry.npmjs.org/@types%2fchownr 132ms (from cache)
70 silly pacote tag manifest for @types/chownr@ts3.6 fetched in 134ms
71 http fetch GET 304 https://registry.npmjs.org/@types%2fbalanced-match 1331ms (from cache)
72 silly pacote tag manifest for @types/balanced-match@ts3.6 fetched in 1335ms
73 http fetch GET 304 https://registry.npmjs.org/@types%2fcipher-base 85ms (from cache)
74 silly pacote tag manifest for @types/cipher-base@ts3.6 fetched in 87ms
75 http fetch GET 304 https://registry.npmjs.org/@types%2fclean-css 87ms (from cache)
76 silly pacote tag manifest for @types/clean-css@ts3.6 fetched in 89ms
77 http fetch GET 304 https://registry.npmjs.org/@types%2fcolor 95ms (from cache)
78 silly pacote tag manifest for @types/color@ts3.6 fetched in 96ms
79 http fetch GET 304 https://registry.npmjs.org/@types%2fcolor-convert 100ms (from cache)
80 silly pacote tag manifest for @types/color-convert@ts3.6 fetched in 103ms
81 http fetch GET 304 https://registry.npmjs.org/@types%2fcolor-name 90ms (from cache)
82 silly pacote tag manifest for @types/color-name@ts3.6 fetched in 94ms
83 http fetch GET 304 https://registry.npmjs.org/@types%2fcolor-string 110ms (from cache)
84 silly pacote tag manifest for @types/color-string@ts3.6 fetched in 113ms
85 http fetch GET 304 https://registry.npmjs.org/@types%2fcombined-stream 99ms (from cache)
86 silly pacote tag manifest for @types/combined-stream@ts3.6 fetched in 101ms
87 http fetch GET 304 https://registry.npmjs.org/@types%2fcommon-tags 93ms (from cache)
88 silly pacote tag manifest for @types/common-tags@ts3.6 fetched in 95ms
89 http fetch GET 304 https://registry.npmjs.org/@types%2fcommondir 96ms (from cache)
90 silly pacote tag manifest for @types/commondir@ts3.6 fetched in 97ms
91 http fetch GET 304 https://registry.npmjs.org/@types%2fcomponent-emitter 95ms (from cache)
92 silly pacote tag manifest for @types/component-emitter@ts3.6 fetched in 97ms
93 http fetch GET 304 https://registry.npmjs.org/@types%2fcompose-function 116ms (from cache)
94 silly pacote tag manifest for @types/compose-function@ts3.6 fetched in 119ms
95 http fetch GET 304 https://registry.npmjs.org/@types%2fasn1 2073ms (from cache)
96 silly pacote tag manifest for @types/asn1@ts3.6 fetched in 2077ms
97 http fetch GET 304 https://registry.npmjs.org/@types%2fcompressible 103ms (from cache)
98 silly pacote tag manifest for @types/compressible@ts3.6 fetched in 106ms
99 http fetch GET 304 https://registry.npmjs.org/@types%2fcompression 106ms (from cache)
100 silly pacote tag manifest for @types/compression@ts3.6 fetched in 113ms
101 http fetch GET 304 https://registry.npmjs.org/@types%2fconcat-map 106ms (from cache)
102 silly pacote tag manifest for @types/concat-map@ts3.6 fetched in 108ms
103 http fetch GET 304 https://registry.npmjs.org/@types%2fbabylon 2082ms (from cache)
104 http fetch GET 304 https://registry.npmjs.org/@types%2faws4 2107ms (from cache)
105 silly pacote tag manifest for @types/babylon@ts3.6 fetched in 2091ms
106 silly pacote tag manifest for @types/aws4@ts3.6 fetched in 2118ms
107 http fetch GET 304 https://registry.npmjs.org/@types%2fconfusing-browser-globals 137ms (from cache)
108 silly pacote tag manifest for @types/confusing-browser-globals@ts3.6 fetched in 143ms
109 http fetch GET 304 https://registry.npmjs.org/@types%2fconnect-history-api-fallback 139ms (from cache)
110 silly pacote tag manifest for @types/connect-history-api-fallback@ts3.6 fetched in 144ms
111 http fetch GET 304 https://registry.npmjs.org/@types%2fcontent-disposition 114ms (from cache)
112 silly pacote tag manifest for @types/content-disposition@ts3.6 fetched in 116ms
113 http fetch GET 304 https://registry.npmjs.org/@types%2fcontent-type 102ms (from cache)
114 silly pacote tag manifest for @types/content-type@ts3.6 fetched in 106ms
115 http fetch GET 304 https://registry.npmjs.org/@types%2fcookie 93ms (from cache)
116 silly pacote tag manifest for @types/cookie@ts3.6 fetched in 111ms
117 http fetch GET 304 https://registry.npmjs.org/@types%2fcore-js 99ms (from cache)
118 silly pacote tag manifest for @types/core-js@ts3.6 fetched in 101ms
119 http fetch GET 304 https://registry.npmjs.org/@types%2fcase-sensitive-paths-webpack-plugin 1338ms (from cache)
120 silly pacote tag manifest for @types/case-sensitive-paths-webpack-plugin@ts3.6 fetched in 1340ms
121 http fetch GET 304 https://registry.npmjs.org/@types%2fcreate-hash 115ms (from cache)
122 silly pacote tag manifest for @types/create-hash@ts3.6 fetched in 116ms
123 http fetch GET 304 https://registry.npmjs.org/@types%2fcross-spawn 86ms (from cache)
124 silly pacote tag manifest for @types/cross-spawn@ts3.6 fetched in 88ms
125 http fetch GET 304 https://registry.npmjs.org/@types%2fbrace-expansion 2038ms (from cache)
126 silly pacote tag manifest for @types/brace-expansion@ts3.6 fetched in 2040ms
127 http fetch GET 304 https://registry.npmjs.org/@types%2fcss-declaration-sorter 86ms (from cache)
128 silly pacote tag manifest for @types/css-declaration-sorter@ts3.6 fetched in 88ms
129 http fetch GET 304 https://registry.npmjs.org/@types%2fcss-tree 88ms (from cache)
130 silly pacote tag manifest for @types/css-tree@ts3.6 fetched in 91ms
131 http fetch GET 304 https://registry.npmjs.org/@types%2fcaniuse-lite 2078ms (from cache)
132 silly pacote tag manifest for @types/caniuse-lite@ts3.6 fetched in 2080ms
133 http fetch GET 304 https://registry.npmjs.org/@types%2fcheck-types 2089ms (from cache)
134 silly pacote tag manifest for @types/check-types@ts3.6 fetched in 2094ms
135 http fetch GET 304 https://registry.npmjs.org/@types%2fcss 649ms (from cache)
136 silly pacote tag manifest for @types/css@ts3.6 fetched in 653ms
137 http fetch GET 304 https://registry.npmjs.org/@types%2fconcat-stream 1387ms (from cache)
138 silly pacote tag manifest for @types/concat-stream@ts3.6 fetched in 1390ms
139 http fetch GET 304 https://registry.npmjs.org/@types%2fcsso 154ms (from cache)
140 silly pacote tag manifest for @types/csso@ts3.6 fetched in 157ms
141 http fetch GET 304 https://registry.npmjs.org/@types%2fcssstyle 91ms (from cache)
142 silly pacote tag manifest for @types/cssstyle@ts3.6 fetched in 93ms
143 http fetch GET 304 https://registry.npmjs.org/@types%2fco 2061ms (from cache)
144 silly pacote tag manifest for @types/co@ts3.6 fetched in 2063ms
145 http fetch GET 304 https://registry.npmjs.org/@types%2fd 99ms (from cache)
146 silly pacote tag manifest for @types/d@ts3.6 fetched in 100ms
147 http fetch GET 304 https://registry.npmjs.org/@types%2fdamerau-levenshtein 112ms (from cache)
148 silly pacote tag manifest for @types/damerau-levenshtein@ts3.6 fetched in 114ms
149 http fetch GET 304 https://registry.npmjs.org/@types%2fdashdash 92ms (from cache)
150 silly pacote tag manifest for @types/dashdash@ts3.6 fetched in 93ms
151 http fetch GET 304 https://registry.npmjs.org/@types%2fdebug 110ms (from cache)
152 silly pacote tag manifest for @types/debug@ts3.6 fetched in 112ms
153 http fetch GET 304 https://registry.npmjs.org/@types%2fdecode-uri-component 94ms (from cache)
154 silly pacote tag manifest for @types/decode-uri-component@ts3.6 fetched in 97ms
155 http fetch GET 304 https://registry.npmjs.org/@types%2fdedent 123ms (from cache)
156 silly pacote tag manifest for @types/dedent@ts3.6 fetched in 136ms
157 http fetch GET 304 https://registry.npmjs.org/@types%2fdeep-equal 129ms (from cache)
158 silly pacote tag manifest for @types/deep-equal@ts3.6 fetched in 130ms
159 http fetch GET 304 https://registry.npmjs.org/@types%2fdefault-gateway 171ms (from cache)
160 silly pacote tag manifest for @types/default-gateway@ts3.6 fetched in 173ms
161 http fetch GET 304 https://registry.npmjs.org/@types%2fdefine-properties 109ms (from cache)
162 silly pacote tag manifest for @types/define-properties@ts3.6 fetched in 114ms
163 http fetch GET 304 https://registry.npmjs.org/@types%2fdepd 95ms (from cache)
164 silly pacote tag manifest for @types/depd@ts3.6 fetched in 96ms
165 http fetch GET 304 https://registry.npmjs.org/@types%2fdetect-node 81ms (from cache)
166 silly pacote tag manifest for @types/detect-node@ts3.6 fetched in 83ms
167 http fetch GET 304 https://registry.npmjs.org/@types%2fcreate-hmac 1384ms (from cache)
168 silly pacote tag manifest for @types/create-hmac@ts3.6 fetched in 1386ms
169 http fetch GET 304 https://registry.npmjs.org/@types%2fdiffie-hellman 130ms (from cache)
170 silly pacote tag manifest for @types/diffie-hellman@ts3.6 fetched in 134ms
171 http fetch GET 304 https://registry.npmjs.org/@types%2fdir-glob 97ms (from cache)
172 silly pacote tag manifest for @types/dir-glob@ts3.6 fetched in 98ms
173 http fetch GET 304 https://registry.npmjs.org/@types%2fdoctrine 97ms (from cache)
174 silly pacote tag manifest for @types/doctrine@ts3.6 fetched in 100ms
175 http fetch GET 200 https://registry.npmjs.org/@types%2fdomexception 105ms
176 silly pacote tag manifest for @types/domexception@ts3.6 fetched in 108ms
177 http fetch GET 304 https://registry.npmjs.org/@types%2fdomhandler 110ms (from cache)
178 silly pacote tag manifest for @types/domhandler@ts3.6 fetched in 112ms
179 http fetch GET 304 https://registry.npmjs.org/@types%2fdomutils 101ms (from cache)
180 silly pacote tag manifest for @types/domutils@ts3.6 fetched in 103ms
181 http fetch GET 304 https://registry.npmjs.org/@types%2fduplexify 108ms (from cache)
182 http fetch GET 304 https://registry.npmjs.org/@types%2fee-first 100ms (from cache)
183 http fetch GET 304 https://registry.npmjs.org/@types%2fcontains-path 2127ms (from cache)
184 silly pacote tag manifest for @types/duplexify@ts3.6 fetched in 113ms
185 silly pacote tag manifest for @types/ee-first@ts3.6 fetched in 105ms
186 silly pacote tag manifest for @types/contains-path@ts3.6 fetched in 2135ms
187 http fetch GET 304 https://registry.npmjs.org/@types%2fconvert-source-map 2157ms (from cache)
188 silly pacote tag manifest for @types/convert-source-map@ts3.6 fetched in 2164ms
189 http fetch GET 304 https://registry.npmjs.org/@types%2felliptic 112ms (from cache)
190 http fetch GET 304 https://registry.npmjs.org/@types%2fejs 119ms (from cache)
191 silly pacote tag manifest for @types/elliptic@ts3.6 fetched in 120ms
192 silly pacote tag manifest for @types/ejs@ts3.6 fetched in 125ms
193 http fetch GET 304 https://registry.npmjs.org/@types%2fencodeurl 128ms (from cache)
194 silly pacote tag manifest for @types/encodeurl@ts3.6 fetched in 133ms
195 http fetch GET 304 https://registry.npmjs.org/@types%2fenhanced-resolve 95ms (from cache)
196 silly pacote tag manifest for @types/enhanced-resolve@ts3.6 fetched in 98ms
197 http fetch GET 304 https://registry.npmjs.org/@types%2fend-of-stream 116ms (from cache)
198 silly pacote tag manifest for @types/end-of-stream@ts3.6 fetched in 119ms
199 http fetch GET 304 https://registry.npmjs.org/@types%2fes-abstract 109ms (from cache)
200 silly pacote tag manifest for @types/es-abstract@ts3.6 fetched in 115ms
201 http fetch GET 304 https://registry.npmjs.org/@types%2fes-to-primitive 113ms (from cache)
202 silly pacote tag manifest for @types/es-to-primitive@ts3.6 fetched in 115ms
203 http fetch GET 304 https://registry.npmjs.org/@types%2fcookie-signature 2294ms (from cache)
204 silly pacote tag manifest for @types/cookie-signature@ts3.6 fetched in 2297ms
205 http fetch GET 304 https://registry.npmjs.org/@types%2feslint 98ms (from cache)
206 silly pacote tag manifest for @types/eslint@ts3.6 fetched in 101ms
207 http fetch GET 304 https://registry.npmjs.org/@types%2fcssom 1318ms (from cache)
208 silly pacote tag manifest for @types/cssom@ts3.6 fetched in 1319ms
209 http fetch GET 304 https://registry.npmjs.org/@types%2feslint-utils 86ms (from cache)
210 silly pacote tag manifest for @types/eslint-utils@ts3.6 fetched in 88ms
211 http fetch GET 304 https://registry.npmjs.org/@types%2fesprima 78ms (from cache)
212 silly pacote tag manifest for @types/esprima@ts3.6 fetched in 80ms
213 http fetch GET 304 https://registry.npmjs.org/@types%2fesquery 92ms (from cache)
214 silly pacote tag manifest for @types/esquery@ts3.6 fetched in 94ms
215 http fetch GET 304 https://registry.npmjs.org/@types%2fesutils 103ms (from cache)
216 silly pacote tag manifest for @types/esutils@ts3.6 fetched in 106ms
217 http fetch GET 304 https://registry.npmjs.org/@types%2fetag 107ms (from cache)
218 silly pacote tag manifest for @types/etag@ts3.6 fetched in 111ms
219 http fetch GET 304 https://registry.npmjs.org/@types%2fevents 135ms (from cache)
220 silly pacote tag manifest for @types/events@ts3.6 fetched in 138ms
221 http fetch GET 304 https://registry.npmjs.org/@types%2fcssesc 2080ms (from cache)
222 silly pacote tag manifest for @types/cssesc@ts3.6 fetched in 2082ms
223 http fetch GET 304 https://registry.npmjs.org/@types%2feventsource 99ms (from cache)
224 silly pacote tag manifest for @types/eventsource@ts3.6 fetched in 102ms
225 http fetch GET 304 https://registry.npmjs.org/@types%2fexit 95ms (from cache)
226 silly pacote tag manifest for @types/exit@ts3.6 fetched in 98ms
227 http fetch GET 304 https://registry.npmjs.org/@types%2fexpress 91ms (from cache)
228 silly pacote tag manifest for @types/express@ts3.6 fetched in 94ms
229 http fetch GET 304 https://registry.npmjs.org/@types%2fextsprintf 94ms (from cache)
230 silly pacote tag manifest for @types/extsprintf@ts3.6 fetched in 96ms
231 http fetch GET 304 https://registry.npmjs.org/@types%2ffast-levenshtein 86ms (from cache)
232 silly pacote tag manifest for @types/fast-levenshtein@ts3.6 fetched in 88ms
233 http fetch GET 304 https://registry.npmjs.org/@types%2fdata-urls 2095ms (from cache)
234 silly pacote tag manifest for @types/data-urls@ts3.6 fetched in 2107ms
235 http fetch GET 304 https://registry.npmjs.org/@types%2ffb-watchman 93ms (from cache)
236 silly pacote tag manifest for @types/fb-watchman@ts3.6 fetched in 97ms
237 http fetch GET 304 https://registry.npmjs.org/@types%2ffile-loader 98ms (from cache)
238 silly pacote tag manifest for @types/file-loader@ts3.6 fetched in 102ms
239 http fetch GET 200 https://registry.npmjs.org/@types%2ffill-range 90ms
240 silly fetchPackageMetaData error for @types/fill-range@ts3.6 No matching version found for @types/fill-range@ts3.6.
241 http fetch GET 304 https://registry.npmjs.org/@types%2fdestroy 2109ms (from cache)
242 silly pacote tag manifest for @types/destroy@ts3.6 fetched in 2111ms
243 http fetch GET 304 https://registry.npmjs.org/@types%2fescodegen 1421ms (from cache)
244 silly pacote tag manifest for @types/escodegen@ts3.6 fetched in 1425ms
245 http fetch GET 304 https://registry.npmjs.org/@types%2ffinalhandler 120ms (from cache)
246 silly pacote tag manifest for @types/finalhandler@ts3.6 fetched in 123ms
247 http fetch GET 304 https://registry.npmjs.org/@types%2feslint-scope 1420ms (from cache)
248 silly pacote tag manifest for @types/eslint-scope@ts3.6 fetched in 1422ms
249 http fetch GET 304 https://registry.npmjs.org/@types%2ffind-cache-dir 113ms (from cache)
250 http fetch GET 304 https://registry.npmjs.org/@types%2feslint-visitor-keys 1375ms (from cache)
251 silly pacote tag manifest for @types/find-cache-dir@ts3.6 fetched in 116ms
252 http fetch GET 304 https://registry.npmjs.org/@types%2fdns-packet 2101ms (from cache)
253 silly pacote tag manifest for @types/eslint-visitor-keys@ts3.6 fetched in 1382ms
254 silly pacote tag manifest for @types/dns-packet@ts3.6 fetched in 2109ms
255 http fetch GET 304 https://registry.npmjs.org/@types%2fflat-cache 94ms (from cache)
256 silly pacote tag manifest for @types/flat-cache@ts3.6 fetched in 98ms
257 http fetch GET 304 https://registry.npmjs.org/@types%2ffollow-redirects 90ms (from cache)
258 silly pacote tag manifest for @types/follow-redirects@ts3.6 fetched in 93ms
259 http fetch GET 304 https://registry.npmjs.org/@types%2festraverse 1332ms (from cache)
260 silly pacote tag manifest for @types/estraverse@ts3.6 fetched in 1334ms
261 http fetch GET 304 https://registry.npmjs.org/@types%2fforever-agent 88ms (from cache)
262 silly pacote tag manifest for @types/forever-agent@ts3.6 fetched in 92ms
263 http fetch GET 304 https://registry.npmjs.org/@types%2fforwarded 96ms (from cache)
264 silly pacote tag manifest for @types/forwarded@ts3.6 fetched in 97ms
265 http fetch GET 304 https://registry.npmjs.org/@types%2ffs-extra 81ms (from cache)
266 silly pacote tag manifest for @types/fs-extra@ts3.6 fetched in 83ms
267 http fetch GET 304 https://registry.npmjs.org/@types%2ffunction-bind 87ms (from cache)
268 silly pacote tag manifest for @types/function-bind@ts3.6 fetched in 89ms
269 http fetch GET 304 https://registry.npmjs.org/@types%2ffunctional-red-black-tree 85ms (from cache)
270 silly pacote tag manifest for @types/functional-red-black-tree@ts3.6 fetched in 87ms
271 http fetch GET 304 https://registry.npmjs.org/@types%2fgetpass 83ms (from cache)
272 silly pacote tag manifest for @types/getpass@ts3.6 fetched in 85ms
273 http fetch GET 304 https://registry.npmjs.org/@types%2fglob 79ms (from cache)
274 silly pacote tag manifest for @types/glob@ts3.6 fetched in 82ms
275 http fetch GET 304 https://registry.npmjs.org/@types%2fglob-parent 130ms (from cache)
276 silly pacote tag manifest for @types/glob-parent@ts3.6 fetched in 131ms
277 http fetch GET 304 https://registry.npmjs.org/@types%2fescape-html 2081ms (from cache)
278 silly pacote tag manifest for @types/escape-html@ts3.6 fetched in 2083ms
279 http fetch GET 304 https://registry.npmjs.org/@types%2fgraceful-fs 94ms (from cache)
280 silly pacote tag manifest for @types/graceful-fs@ts3.6 fetched in 98ms
281 http fetch GET 304 https://registry.npmjs.org/@types%2fextend 1411ms (from cache)
282 silly pacote tag manifest for @types/extend@ts3.6 fetched in 1413ms
283 http fetch GET 304 https://registry.npmjs.org/@types%2fhas 81ms (from cache)
284 silly pacote tag manifest for @types/has@ts3.6 fetched in 84ms
285 http fetch GET 304 https://registry.npmjs.org/@types%2fhe 85ms (from cache)
286 silly pacote tag manifest for @types/he@ts3.6 fetched in 87ms
287 http fetch GET 304 https://registry.npmjs.org/@types%2ffile-entry-cache 1326ms (from cache)
288 silly pacote tag manifest for @types/file-entry-cache@ts3.6 fetched in 1329ms
289 http fetch GET 304 https://registry.npmjs.org/@types%2fhex-color-regex 116ms (from cache)
290 silly pacote tag manifest for @types/hex-color-regex@ts3.6 fetched in 117ms
291 http fetch GET 304 https://registry.npmjs.org/@types%2fhoist-non-react-statics 92ms (from cache)
292 silly pacote tag manifest for @types/hoist-non-react-statics@ts3.6 fetched in 93ms
293 http fetch GET 304 https://registry.npmjs.org/@types%2fhosted-git-info 91ms (from cache)
294 silly pacote tag manifest for @types/hosted-git-info@ts3.6 fetched in 94ms
295 http fetch GET 304 https://registry.npmjs.org/@types%2fhtml-escaper 90ms (from cache)
296 silly pacote tag manifest for @types/html-escaper@ts3.6 fetched in 92ms
297 http fetch GET 304 https://registry.npmjs.org/@types%2fhtml-minifier-terser 79ms (from cache)
298 silly pacote tag manifest for @types/html-minifier-terser@ts3.6 fetched in 82ms
299 http fetch GET 304 https://registry.npmjs.org/@types%2fhtmlparser2 87ms (from cache)
300 silly pacote tag manifest for @types/htmlparser2@ts3.6 fetched in 91ms
301 http fetch GET 304 https://registry.npmjs.org/@types%2ffrom2 1337ms (from cache)
302 silly pacote tag manifest for @types/from2@ts3.6 fetched in 1365ms
303 http fetch GET 200 https://registry.npmjs.org/@types%2fget-intrinsic 1365ms
304 silly fetchPackageMetaData error for @types/get-intrinsic@ts3.6 No matching version found for @types/get-intrinsic@ts3.6.
305 http fetch GET 304 https://registry.npmjs.org/@types%2fhttp-proxy 104ms (from cache)
306 silly pacote tag manifest for @types/http-proxy@ts3.6 fetched in 106ms
307 http fetch GET 304 https://registry.npmjs.org/@types%2fglobal-modules 1341ms (from cache)
308 silly pacote tag manifest for @types/global-modules@ts3.6 fetched in 1353ms
309 http fetch GET 304 https://registry.npmjs.org/@types%2ficss-utils 142ms (from cache)
310 silly pacote tag manifest for @types/icss-utils@ts3.6 fetched in 145ms
311 http fetch GET 304 https://registry.npmjs.org/@types%2fimurmurhash 121ms (from cache)
312 silly pacote tag manifest for @types/imurmurhash@ts3.6 fetched in 123ms
313 http fetch GET 304 https://registry.npmjs.org/@types%2finherits 127ms (from cache)
314 silly pacote tag manifest for @types/inherits@ts3.6 fetched in 129ms
315 http fetch GET 304 https://registry.npmjs.org/@types%2fini 84ms (from cache)
316 silly pacote tag manifest for @types/ini@ts3.6 fetched in 86ms
317 http fetch GET 304 https://registry.npmjs.org/@types%2finternal-slot 90ms (from cache)
318 silly pacote tag manifest for @types/internal-slot@ts3.6 fetched in 92ms
319 http fetch GET 304 https://registry.npmjs.org/@types%2fis-arguments 92ms (from cache)
320 silly pacote tag manifest for @types/is-arguments@ts3.6 fetched in 114ms
321 http fetch GET 200 https://registry.npmjs.org/@types%2fis-bigint 90ms
322 silly fetchPackageMetaData error for @types/is-bigint@ts3.6 No matching version found for @types/is-bigint@ts3.6.
323 http fetch GET 304 https://registry.npmjs.org/@types%2fflush-write-stream 2131ms (from cache)
324 silly pacote tag manifest for @types/flush-write-stream@ts3.6 fetched in 2134ms
325 http fetch GET 304 https://registry.npmjs.org/@types%2fhas-symbols 1396ms (from cache)
326 silly pacote tag manifest for @types/has-symbols@ts3.6 fetched in 1397ms
327 http fetch GET 200 https://registry.npmjs.org/@types%2fis-boolean-object 87ms
328 silly fetchPackageMetaData error for @types/is-boolean-object@ts3.6 No matching version found for @types/is-boolean-object@ts3.6.
329 http fetch GET 304 https://registry.npmjs.org/@types%2ffresh 2143ms (from cache)
330 silly pacote tag manifest for @types/fresh@ts3.6 fetched in 2144ms
331 http fetch GET 304 https://registry.npmjs.org/@types%2fis-buffer 123ms (from cache)
332 http fetch GET 304 https://registry.npmjs.org/@types%2fis-callable 111ms (from cache)
333 silly pacote tag manifest for @types/is-buffer@ts3.6 fetched in 127ms
334 silly pacote tag manifest for @types/is-callable@ts3.6 fetched in 114ms
335 http fetch GET 304 https://registry.npmjs.org/@types%2fis-core-module 88ms (from cache)
336 silly pacote tag manifest for @types/is-core-module@ts3.6 fetched in 89ms
337 http fetch GET 200 https://registry.npmjs.org/@types%2fis-data-descriptor 314ms
338 silly fetchPackageMetaData error for @types/is-data-descriptor@ts3.6 No matching version found for @types/is-data-descriptor@ts3.6.
339 http fetch GET 304 https://registry.npmjs.org/@types%2fget-value 2403ms (from cache)
340 http fetch GET 304 https://registry.npmjs.org/@types%2fis-date-object 329ms (from cache)
341 http fetch GET 304 https://registry.npmjs.org/@types%2fip 713ms (from cache)
342 http fetch GET 304 https://registry.npmjs.org/@types%2fis-glob 296ms (from cache)
343 http fetch GET 304 https://registry.npmjs.org/@types%2fglobal-prefix 2180ms (from cache)
344 silly pacote tag manifest for @types/get-value@ts3.6 fetched in 2417ms
345 silly pacote tag manifest for @types/is-date-object@ts3.6 fetched in 343ms
346 silly pacote tag manifest for @types/ip@ts3.6 fetched in 727ms
347 silly pacote tag manifest for @types/is-glob@ts3.6 fetched in 312ms
348 silly pacote tag manifest for @types/global-prefix@ts3.6 fetched in 2197ms
349 http fetch GET 200 https://registry.npmjs.org/@types%2fis-string 149ms
350 silly fetchPackageMetaData error for @types/is-string@ts3.6 No matching version found for @types/is-string@ts3.6.
351 http fetch GET 304 https://registry.npmjs.org/@types%2fis-regex 178ms (from cache)
352 http fetch GET 304 https://registry.npmjs.org/@types%2fhttp-errors 1405ms (from cache)
353 silly pacote tag manifest for @types/is-regex@ts3.6 fetched in 196ms
354 silly pacote tag manifest for @types/http-errors@ts3.6 fetched in 1425ms
355 http fetch GET 304 https://registry.npmjs.org/@types%2fis-typedarray 198ms (from cache)
356 http fetch GET 304 https://registry.npmjs.org/@types%2fisarray 194ms (from cache)
357 silly pacote tag manifest for @types/is-typedarray@ts3.6 fetched in 207ms
358 silly pacote tag manifest for @types/isarray@ts3.6 fetched in 209ms
359 http fetch GET 304 https://registry.npmjs.org/@types%2fisexe 89ms (from cache)
360 silly pacote tag manifest for @types/isexe@ts3.6 fetched in 91ms
361 http fetch GET 304 https://registry.npmjs.org/@types%2fistanbul-lib-coverage 146ms (from cache)
362 http fetch GET 304 https://registry.npmjs.org/@types%2fisstream 151ms (from cache)
363 silly pacote tag manifest for @types/istanbul-lib-coverage@ts3.6 fetched in 150ms
364 silly pacote tag manifest for @types/isstream@ts3.6 fetched in 156ms
365 http fetch GET 304 https://registry.npmjs.org/@types%2fistanbul-lib-instrument 149ms (from cache)
366 http fetch GET 304 https://registry.npmjs.org/@types%2fistanbul-lib-report 145ms (from cache)
367 silly pacote tag manifest for @types/istanbul-lib-instrument@ts3.6 fetched in 154ms
368 silly pacote tag manifest for @types/istanbul-lib-report@ts3.6 fetched in 154ms
369 http fetch GET 304 https://registry.npmjs.org/@types%2fistanbul-lib-source-maps 149ms (from cache)
370 silly pacote tag manifest for @types/istanbul-lib-source-maps@ts3.6 fetched in 153ms
371 http fetch GET 304 https://registry.npmjs.org/@types%2fjs-yaml 90ms (from cache)
372 silly pacote tag manifest for @types/js-yaml@ts3.6 fetched in 92ms
373 http fetch GET 304 https://registry.npmjs.org/@types%2fjsbn 113ms (from cache)
374 http fetch GET 304 https://registry.npmjs.org/@types%2fistanbul-reports 133ms (from cache)
375 http fetch GET 304 https://registry.npmjs.org/@types%2fjsdom 110ms (from cache)
376 silly pacote tag manifest for @types/jsbn@ts3.6 fetched in 118ms
377 silly pacote tag manifest for @types/istanbul-reports@ts3.6 fetched in 138ms
378 silly pacote tag manifest for @types/jsdom@ts3.6 fetched in 116ms
379 http fetch GET 304 https://registry.npmjs.org/@types%2fjsesc 99ms (from cache)
380 silly pacote tag manifest for @types/jsesc@ts3.6 fetched in 105ms
381 http fetch GET 304 https://registry.npmjs.org/@types%2fjson-parse-better-errors 93ms (from cache)
382 http fetch GET 304 https://registry.npmjs.org/@types%2fhtml-encoding-sniffer 2112ms (from cache)
383 silly pacote tag manifest for @types/json-parse-better-errors@ts3.6 fetched in 96ms
384 silly pacote tag manifest for @types/html-encoding-sniffer@ts3.6 fetched in 2117ms
385 http fetch GET 304 https://registry.npmjs.org/@types%2fjson-schema 79ms (from cache)
386 silly pacote tag manifest for @types/json-schema@ts3.6 fetched in 81ms
387 http fetch GET 304 https://registry.npmjs.org/@types%2fjsonfile 85ms (from cache)
388 silly pacote tag manifest for @types/jsonfile@ts3.6 fetched in 86ms
389 http fetch GET 304 https://registry.npmjs.org/@types%2fkind-of 89ms (from cache)
390 silly pacote tag manifest for @types/kind-of@ts3.6 fetched in 91ms
391 http fetch GET 304 https://registry.npmjs.org/@types%2floader-runner 79ms (from cache)
392 silly pacote tag manifest for @types/loader-runner@ts3.6 fetched in 80ms
393 http fetch GET 304 https://registry.npmjs.org/@types%2floader-utils 81ms (from cache)
394 silly pacote tag manifest for @types/loader-utils@ts3.6 fetched in 83ms
395 http fetch GET 304 https://registry.npmjs.org/@types%2flodash 90ms (from cache)
396 silly pacote tag manifest for @types/lodash@ts3.6 fetched in 93ms
397 http fetch GET 200 https://registry.npmjs.org/@types%2flodash.clonedeep 110ms
398 http fetch GET 304 https://registry.npmjs.org/@types%2flodash.debounce 83ms (from cache)
399 silly pacote tag manifest for @types/lodash.debounce@ts3.6 fetched in 85ms
400 http fetch GET 304 https://registry.npmjs.org/@types%2fis-ci 1350ms (from cache)
401 silly pacote tag manifest for @types/is-ci@ts3.6 fetched in 1365ms
402 http fetch GET 200 https://registry.npmjs.org/@types/lodash.clonedeep/-/lodash.clonedeep-4.5.6.tgz 185ms
403 silly pacote tag manifest for @types/lodash.clonedeep@ts3.6 fetched in 364ms
404 http fetch GET 304 https://registry.npmjs.org/@types%2fiferr 2201ms (from cache)
405 silly pacote tag manifest for @types/iferr@ts3.6 fetched in 2212ms
406 http fetch GET 304 https://registry.npmjs.org/@types%2fis-windows 1374ms (from cache)
407 silly pacote tag manifest for @types/is-windows@ts3.6 fetched in 1376ms
408 http fetch GET 304 https://registry.npmjs.org/@types%2fjson-stringify-safe 1439ms (from cache)
409 silly pacote tag manifest for @types/json-stringify-safe@ts3.6 fetched in 1440ms
410 http fetch GET 304 https://registry.npmjs.org/@types%2fis-number 2060ms (from cache)
411 silly pacote tag manifest for @types/is-number@ts3.6 fetched in 2062ms
412 http fetch GET 304 https://registry.npmjs.org/@types%2fjson3 2053ms (from cache)
413 silly pacote tag manifest for @types/json3@ts3.6 fetched in 2055ms
414 http fetch GET 200 https://registry.npmjs.org/@types%2flanguage-tags 2081ms
415 silly fetchPackageMetaData error for @types/language-tags@ts3.6 No matching version found for @types/language-tags@ts3.6.
416 http fetch GET 200 https://registry.npmjs.org/@types%2flodash.flatten 2096ms
417 http fetch GET 200 https://registry.npmjs.org/@types/lodash.flatten/-/lodash.flatten-4.4.6.tgz 1048ms
418 silly pacote tag manifest for @types/lodash.flatten@ts3.6 fetched in 3236ms
419 timing stage:rollbackFailedOptional Completed in 1ms
420 timing stage:runTopLevelLifecycles Completed in 13259ms
421 verbose type tag
422 verbose stack @types/call-bind: No matching version found for @types/call-bind@ts3.6.
422 verbose stack     at pickManifest (/usr/local/lib/node_modules/npm/node_modules/npm-pick-manifest/index.js:122:13)
422 verbose stack     at /usr/local/lib/node_modules/npm/node_modules/pacote/lib/fetchers/registry/manifest.js:24:14
422 verbose stack     at tryCatcher (/usr/local/lib/node_modules/npm/node_modules/bluebird/js/release/util.js:16:23)
422 verbose stack     at Promise._settlePromiseFromHandler (/usr/local/lib/node_modules/npm/node_modules/bluebird/js/release/promise.js:517:31)
422 verbose stack     at Promise._settlePromise (/usr/local/lib/node_modules/npm/node_modules/bluebird/js/release/promise.js:574:18)
422 verbose stack     at Promise._settlePromise0 (/usr/local/lib/node_modules/npm/node_modules/bluebird/js/release/promise.js:619:10)
422 verbose stack     at Promise._settlePromises (/usr/local/lib/node_modules/npm/node_modules/bluebird/js/release/promise.js:699:18)
422 verbose stack     at _drainQueueStep (/usr/local/lib/node_modules/npm/node_modules/bluebird/js/release/async.js:138:12)
422 verbose stack     at _drainQueue (/usr/local/lib/node_modules/npm/node_modules/bluebird/js/release/async.js:131:9)
422 verbose stack     at Async._drainQueues (/usr/local/lib/node_modules/npm/node_modules/bluebird/js/release/async.js:147:5)
422 verbose stack     at Immediate.Async.drainQueues [as _onImmediate] (/usr/local/lib/node_modules/npm/node_modules/bluebird/js/release/async.js:17:14)
422 verbose stack     at processImmediate (internal/timers.js:456:21)
423 verbose cwd /home/theia/.cache/typescript/3.6
424 verbose Linux 5.4.72-microsoft-standard-WSL2
425 verbose argv "/usr/local/bin/node" "/usr/local/bin/npm" "install" "--ignore-scripts" "@types/accepts@ts3.6" "@types/acorn@ts3.6" "@types/argparse@ts3.6" "@types/aria-query@ts3.6" "@types/arr-diff@ts3.6" "@types/arr-union@ts3.6" "@types/array-unique@ts3.6" "@types/array.prototype.flat@ts3.6" "@types/array.prototype.flatmap@ts3.6" "@types/asap@ts3.6" "@types/asn1@ts3.6" "@types/assert@ts3.6" "@types/assert-plus@ts3.6" "@types/async@ts3.6" "@types/atob@ts3.6" "@types/aws4@ts3.6" "@types/babel-plugin-macros@ts3.6" "@types/babylon@ts3.6" "@types/balanced-match@ts3.6" "@types/big.js@ts3.6" "@types/bluebird@ts3.6" "@types/bn.js@ts3.6" "@types/body-parser@ts3.6" "@types/bonjour@ts3.6" "@types/boolbase@ts3.6" "@types/brace-expansion@ts3.6" "@types/braces@ts3.6" "@types/brorand@ts3.6" "@types/bser@ts3.6" "@types/buffer-from@ts3.6" "@types/buffer-xor@ts3.6" "@types/bytes@ts3.6" "@types/cacache@ts3.6" "@types/call-bind@ts3.6" "@types/caniuse-api@ts3.6" "@types/caniuse-lite@ts3.6" "@types/case-sensitive-paths-webpack-plugin@ts3.6" "@types/caseless@ts3.6" "@types/check-types@ts3.6" "@types/chownr@ts3.6" "@types/cipher-base@ts3.6" "@types/clean-css@ts3.6" "@types/co@ts3.6" "@types/color@ts3.6" "@types/color-convert@ts3.6" "@types/color-name@ts3.6" "@types/color-string@ts3.6" "@types/combined-stream@ts3.6" "@types/common-tags@ts3.6" "@types/commondir@ts3.6" "@types/component-emitter@ts3.6" "@types/compose-function@ts3.6" "@types/compressible@ts3.6" "@types/compression@ts3.6" "@types/concat-map@ts3.6" "@types/concat-stream@ts3.6" "@types/confusing-browser-globals@ts3.6" "@types/connect-history-api-fallback@ts3.6" "@types/contains-path@ts3.6" "@types/content-disposition@ts3.6" "@types/content-type@ts3.6" "@types/convert-source-map@ts3.6" "@types/cookie@ts3.6" "@types/cookie-signature@ts3.6" "@types/core-js@ts3.6" "@types/create-hash@ts3.6" "@types/create-hmac@ts3.6" "@types/cross-spawn@ts3.6" "@types/css@ts3.6" "@types/css-declaration-sorter@ts3.6" "@types/css-tree@ts3.6" "@types/cssesc@ts3.6" "@types/csso@ts3.6" "@types/cssom@ts3.6" "@types/cssstyle@ts3.6" "@types/d@ts3.6" "@types/damerau-levenshtein@ts3.6" "@types/dashdash@ts3.6" "@types/data-urls@ts3.6" "@types/debug@ts3.6" "@types/decode-uri-component@ts3.6" "@types/dedent@ts3.6" "@types/deep-equal@ts3.6" "@types/default-gateway@ts3.6" "@types/define-properties@ts3.6" "@types/depd@ts3.6" "@types/destroy@ts3.6" "@types/detect-node@ts3.6" "@types/diffie-hellman@ts3.6" "@types/dir-glob@ts3.6" "@types/dns-packet@ts3.6" "@types/doctrine@ts3.6" "@types/domexception@ts3.6" "@types/domhandler@ts3.6" "@types/domutils@ts3.6" "@types/duplexify@ts3.6" "@types/ee-first@ts3.6" "@types/ejs@ts3.6" "@types/elliptic@ts3.6" "@types/encodeurl@ts3.6" "@types/end-of-stream@ts3.6" "@types/enhanced-resolve@ts3.6" "@types/es-abstract@ts3.6" "@types/es-to-primitive@ts3.6" "@types/escape-html@ts3.6" "@types/escodegen@ts3.6" "@types/eslint@ts3.6" "@types/eslint-scope@ts3.6" "@types/eslint-utils@ts3.6" "@types/eslint-visitor-keys@ts3.6" "@types/esprima@ts3.6" "@types/esquery@ts3.6" "@types/estraverse@ts3.6" "@types/esutils@ts3.6" "@types/etag@ts3.6" "@types/events@ts3.6" "@types/eventsource@ts3.6" "@types/exit@ts3.6" "@types/express@ts3.6" "@types/extend@ts3.6" "@types/extsprintf@ts3.6" "@types/fast-levenshtein@ts3.6" "@types/fb-watchman@ts3.6" "@types/file-entry-cache@ts3.6" "@types/file-loader@ts3.6" "@types/fill-range@ts3.6" "@types/finalhandler@ts3.6" "@types/find-cache-dir@ts3.6" "@types/flat-cache@ts3.6" "@types/flush-write-stream@ts3.6" "@types/follow-redirects@ts3.6" "@types/forever-agent@ts3.6" "@types/forwarded@ts3.6" "@types/fresh@ts3.6" "@types/from2@ts3.6" "@types/fs-extra@ts3.6" "@types/function-bind@ts3.6" "@types/functional-red-black-tree@ts3.6" "@types/get-intrinsic@ts3.6" "@types/get-value@ts3.6" "@types/getpass@ts3.6" "@types/glob@ts3.6" "@types/glob-parent@ts3.6" "@types/global-modules@ts3.6" "@types/global-prefix@ts3.6" "@types/graceful-fs@ts3.6" "@types/has@ts3.6" "@types/has-symbols@ts3.6" "@types/he@ts3.6" "@types/hex-color-regex@ts3.6" "@types/hoist-non-react-statics@ts3.6" "@types/hosted-git-info@ts3.6" "@types/html-encoding-sniffer@ts3.6" "@types/html-escaper@ts3.6" "@types/html-minifier-terser@ts3.6" "@types/htmlparser2@ts3.6" "@types/http-errors@ts3.6" "@types/http-proxy@ts3.6" "@types/icss-utils@ts3.6" "@types/iferr@ts3.6" "@types/imurmurhash@ts3.6" "@types/inherits@ts3.6" "@types/ini@ts3.6" "@types/internal-slot@ts3.6" "@types/ip@ts3.6" "@types/is-arguments@ts3.6" "@types/is-bigint@ts3.6" "@types/is-boolean-object@ts3.6" "@types/is-buffer@ts3.6" "@types/is-callable@ts3.6" "@types/is-ci@ts3.6" "@types/is-core-module@ts3.6" "@types/is-data-descriptor@ts3.6" "@types/is-date-object@ts3.6" "@types/is-glob@ts3.6" "@types/is-number@ts3.6" "@types/is-regex@ts3.6" "@types/is-string@ts3.6" "@types/is-typedarray@ts3.6" "@types/is-windows@ts3.6" "@types/isarray@ts3.6" "@types/isexe@ts3.6" "@types/isstream@ts3.6" "@types/istanbul-lib-coverage@ts3.6" "@types/istanbul-lib-instrument@ts3.6" "@types/istanbul-lib-report@ts3.6" "@types/istanbul-lib-source-maps@ts3.6" "@types/istanbul-reports@ts3.6" "@types/js-yaml@ts3.6" "@types/jsbn@ts3.6" "@types/jsdom@ts3.6" "@types/jsesc@ts3.6" "@types/json-parse-better-errors@ts3.6" "@types/json-schema@ts3.6" "@types/json-stringify-safe@ts3.6" "@types/json3@ts3.6" "@types/jsonfile@ts3.6" "@types/kind-of@ts3.6" "@types/language-tags@ts3.6" "@types/loader-runner@ts3.6" "@types/loader-utils@ts3.6" "@types/lodash@ts3.6" "@types/lodash.clonedeep@ts3.6" "@types/lodash.debounce@ts3.6" "@types/lodash.flatten@ts3.6" "--save-dev" "--user-agent=typesInstaller/3.6.3"
426 verbose node v12.18.3
427 verbose npm  v6.14.6
428 error code ETARGET
429 error notarget No matching version found for @types/call-bind@ts3.6.
430 error notarget In most cases you or one of your dependencies are requesting
430 error notarget a package version that doesn't exist.
431 verbose exit [ 1, true ]
