0 info it worked if it ends with ok
1 verbose cli [
1 verbose cli   '/usr/local/bin/node',
1 verbose cli   '/usr/local/bin/npm',
1 verbose cli   'install',
1 verbose cli   '--ignore-scripts',
1 verbose cli   '@types/memorystream@ts3.6',
1 verbose cli   '@types/merge-descriptors@ts3.6',
1 verbose cli   '@types/merge-stream@ts3.6',
1 verbose cli   '@types/merge2@ts3.6',
1 verbose cli   '@types/methods@ts3.6',
1 verbose cli   '@types/micromatch@ts3.6',
1 verbose cli   '@types/mime@ts3.6',
1 verbose cli   '@types/mime-db@ts3.6',
1 verbose cli   '@types/mime-types@ts3.6',
1 verbose cli   '@types/min-indent@ts3.6',
1 verbose cli   '@types/minimalistic-assert@ts3.6',
1 verbose cli   '@types/minimatch@ts3.6',
1 verbose cli   '@types/minimist@ts3.6',
1 verbose cli   '@types/minipass@ts3.6',
1 verbose cli   '@types/minizlib@ts3.6',
1 verbose cli   '@types/mkdirp@ts3.6',
1 verbose cli   '@types/move-concurrently@ts3.6',
1 verbose cli   '@types/ms@ts3.6',
1 verbose cli   '@types/multicast-dns@ts3.6',
1 verbose cli   '@types/mute-stream@ts3.6',
1 verbose cli   '@types/natural-compare@ts3.6',
1 verbose cli   '@types/negotiator@ts3.6',
1 verbose cli   '@types/next-tick@ts3.6',
1 verbose cli   '@types/nice-try@ts3.6',
1 verbose cli   '@types/node-fetch@ts3.6',
1 verbose cli   '@types/node-forge@ts3.6',
1 verbose cli   '@types/node-int64@ts3.6',
1 verbose cli   '@types/node-notifier@ts3.6',
1 verbose cli   '@types/normalize-package-data@ts3.6',
1 verbose cli   '@types/normalize-path@ts3.6',
1 verbose cli   '@types/num2fraction@ts3.6',
1 verbose cli   '@types/nwsapi@ts3.6',
1 verbose cli   '@types/object-assign@ts3.6',
1 verbose cli   '@types/object-inspect@ts3.6',
1 verbose cli   '@types/object-keys@ts3.6',
1 verbose cli   '@types/object.fromentries@ts3.6',
1 verbose cli   '@types/object.getownpropertydescriptors@ts3.6',
1 verbose cli   '@types/object.pick@ts3.6',
1 verbose cli   '@types/on-finished@ts3.6',
1 verbose cli   '@types/on-headers@ts3.6',
1 verbose cli   '@types/once@ts3.6',
1 verbose cli   '@types/optimize-css-assets-webpack-plugin@ts3.6',
1 verbose cli   '@types/original@ts3.6',
1 verbose cli   '@types/os-tmpdir@ts3.6',
1 verbose cli   '@types/pako@ts3.6',
1 verbose cli   '@types/parallel-transform@ts3.6',
1 verbose cli   '@types/parse-json@ts3.6',
1 verbose cli   '@types/parse5@ts3.6',
1 verbose cli   '@types/parseurl@ts3.6',
1 verbose cli   '@types/pascalcase@ts3.6',
1 verbose cli   '@types/path-browserify@ts3.6',
1 verbose cli   '@types/path-is-absolute@ts3.6',
1 verbose cli   '@types/path-is-inside@ts3.6',
1 verbose cli   '@types/path-parse@ts3.6',
1 verbose cli   '@types/pbkdf2@ts3.6',
1 verbose cli   '@types/picomatch@ts3.6',
1 verbose cli   '@types/pify@ts3.6',
1 verbose cli   '@types/postcss-flexbugs-fixes@ts3.6',
1 verbose cli   '@types/postcss-gap-properties@ts3.6',
1 verbose cli   '@types/postcss-modules-extract-imports@ts3.6',
1 verbose cli   '@types/postcss-modules-local-by-default@ts3.6',
1 verbose cli   '@types/postcss-modules-scope@ts3.6',
1 verbose cli   '@types/postcss-modules-values@ts3.6',
1 verbose cli   '@types/postcss-normalize@ts3.6',
1 verbose cli   '@types/postcss-preset-env@ts3.6',
1 verbose cli   '@types/postcss-safe-parser@ts3.6',
1 verbose cli   '@types/prelude-ls@ts3.6',
1 verbose cli   '@types/prettier-linter-helpers@ts3.6',
1 verbose cli   '@types/progress@ts3.6',
1 verbose cli   '@types/promise-inflight@ts3.6',
1 verbose cli   '@types/prompts@ts3.6',
1 verbose cli   '@types/prop-types@ts3.6',
1 verbose cli   '@types/proxy-addr@ts3.6',
1 verbose cli   '@types/psl@ts3.6',
1 verbose cli   '@types/pump@ts3.6',
1 verbose cli   '@types/pumpify@ts3.6',
1 verbose cli   '@types/punycode@ts3.6',
1 verbose cli   '@types/q@ts3.6',
1 verbose cli   '@types/qs@ts3.6',
1 verbose cli   '@types/querystringify@ts3.6',
1 verbose cli   '@types/raf@ts3.6',
1 verbose cli   '@types/randombytes@ts3.6',
1 verbose cli   '@types/range-parser@ts3.6',
1 verbose cli   '@types/react-dev-utils@ts3.6',
1 verbose cli   '@types/react-is@ts3.6',
1 verbose cli   '@types/react-router@ts3.6',
1 verbose cli   '@types/readable-stream@ts3.6',
1 verbose cli   '@types/recursive-readdir@ts3.6',
1 verbose cli   '@types/regenerate@ts3.6',
1 verbose cli   '@types/regenerator-runtime@ts3.6',
1 verbose cli   '@types/regex-not@ts3.6',
1 verbose cli   '@types/relateurl@ts3.6',
1 verbose cli   '@types/repeat-element@ts3.6',
1 verbose cli   '@types/repeat-string@ts3.6',
1 verbose cli   '@types/require-directory@ts3.6',
1 verbose cli   '@types/require-from-string@ts3.6',
1 verbose cli   ... 104 more items
1 verbose cli ]
2 info using npm@6.14.6
3 info using node@v12.18.3
4 verbose npm-session 0eedce94dc77231f
5 silly install loadCurrentTree
6 silly install readLocalPackageData
7 http fetch GET 304 https://registry.npmjs.org/@types%2fmicromatch 856ms (from cache)
8 http fetch GET 304 https://registry.npmjs.org/@types%2fmime-types 859ms (from cache)
9 http fetch GET 304 https://registry.npmjs.org/@types%2fmerge-descriptors 873ms (from cache)
10 http fetch GET 304 https://registry.npmjs.org/@types%2fmethods 872ms (from cache)
11 http fetch GET 304 https://registry.npmjs.org/@types%2fmime-db 868ms (from cache)
12 http fetch GET 304 https://registry.npmjs.org/@types%2fmime 871ms (from cache)
13 http fetch GET 304 https://registry.npmjs.org/@types%2fmin-indent 870ms (from cache)
14 silly pacote tag manifest for @types/micromatch@ts3.6 fetched in 892ms
15 silly pacote tag manifest for @types/methods@ts3.6 fetched in 907ms
16 silly pacote tag manifest for @types/merge-descriptors@ts3.6 fetched in 915ms
17 silly pacote tag manifest for @types/mime-types@ts3.6 fetched in 916ms
18 silly pacote tag manifest for @types/mime-db@ts3.6 fetched in 919ms
19 silly pacote tag manifest for @types/min-indent@ts3.6 fetched in 921ms
20 silly pacote tag manifest for @types/mime@ts3.6 fetched in 926ms
21 http fetch GET 304 https://registry.npmjs.org/@types%2fminimalistic-assert 541ms (from cache)
22 http fetch GET 304 https://registry.npmjs.org/@types%2fminimist 559ms (from cache)
23 http fetch GET 304 https://registry.npmjs.org/@types%2fminizlib 560ms (from cache)
24 http fetch GET 304 https://registry.npmjs.org/@types%2fminipass 564ms (from cache)
25 http fetch GET 304 https://registry.npmjs.org/@types%2fmkdirp 569ms (from cache)
26 silly pacote tag manifest for @types/minimalistic-assert@ts3.6 fetched in 604ms
27 http fetch GET 304 https://registry.npmjs.org/@types%2fmove-concurrently 587ms (from cache)
28 silly pacote tag manifest for @types/minizlib@ts3.6 fetched in 608ms
29 silly pacote tag manifest for @types/minimist@ts3.6 fetched in 624ms
30 http fetch GET 304 https://registry.npmjs.org/@types%2fminimatch 644ms (from cache)
31 silly pacote tag manifest for @types/minipass@ts3.6 fetched in 640ms
32 silly pacote tag manifest for @types/mkdirp@ts3.6 fetched in 635ms
33 silly pacote tag manifest for @types/move-concurrently@ts3.6 fetched in 651ms
34 silly pacote tag manifest for @types/minimatch@ts3.6 fetched in 802ms
35 http fetch GET 304 https://registry.npmjs.org/@types%2fmerge2 1825ms (from cache)
36 http fetch GET 304 https://registry.npmjs.org/@types%2fmerge-stream 1855ms (from cache)
37 silly pacote tag manifest for @types/merge2@ts3.6 fetched in 1859ms
38 silly pacote tag manifest for @types/merge-stream@ts3.6 fetched in 1894ms
39 http fetch GET 304 https://registry.npmjs.org/@types%2fmulticast-dns 442ms (from cache)
40 silly pacote tag manifest for @types/multicast-dns@ts3.6 fetched in 461ms
41 http fetch GET 304 https://registry.npmjs.org/@types%2fnatural-compare 438ms (from cache)
42 http fetch GET 304 https://registry.npmjs.org/@types%2fnegotiator 436ms (from cache)
43 http fetch GET 304 https://registry.npmjs.org/@types%2fms 503ms (from cache)
44 http fetch GET 304 https://registry.npmjs.org/@types%2fmute-stream 480ms (from cache)
45 http fetch GET 304 https://registry.npmjs.org/@types%2fnice-try 308ms (from cache)
46 silly pacote tag manifest for @types/ms@ts3.6 fetched in 533ms
47 silly pacote tag manifest for @types/natural-compare@ts3.6 fetched in 474ms
48 silly pacote tag manifest for @types/negotiator@ts3.6 fetched in 474ms
49 silly pacote tag manifest for @types/nice-try@ts3.6 fetched in 356ms
50 silly pacote tag manifest for @types/mute-stream@ts3.6 fetched in 535ms
51 http fetch GET 304 https://registry.npmjs.org/@types%2fnode-fetch 383ms (from cache)
52 silly pacote tag manifest for @types/node-fetch@ts3.6 fetched in 437ms
53 http fetch GET 304 https://registry.npmjs.org/@types%2fnode-forge 439ms (from cache)
54 silly pacote tag manifest for @types/node-forge@ts3.6 fetched in 496ms
55 http fetch GET 304 https://registry.npmjs.org/@types%2fnode-notifier 401ms (from cache)
56 http fetch GET 304 https://registry.npmjs.org/@types%2fnormalize-package-data 404ms (from cache)
57 http fetch GET 304 https://registry.npmjs.org/@types%2fnum2fraction 381ms (from cache)
58 silly pacote tag manifest for @types/normalize-package-data@ts3.6 fetched in 458ms
59 silly pacote tag manifest for @types/node-notifier@ts3.6 fetched in 470ms
60 silly pacote tag manifest for @types/num2fraction@ts3.6 fetched in 438ms
61 http fetch GET 304 https://registry.npmjs.org/@types%2fnwsapi 473ms (from cache)
62 http fetch GET 304 https://registry.npmjs.org/@types%2fobject-assign 287ms (from cache)
63 silly pacote tag manifest for @types/nwsapi@ts3.6 fetched in 507ms
64 silly pacote tag manifest for @types/object-assign@ts3.6 fetched in 295ms
65 http fetch GET 304 https://registry.npmjs.org/@types%2fobject-inspect 362ms (from cache)
66 http fetch GET 304 https://registry.npmjs.org/@types%2fobject.fromentries 242ms (from cache)
67 http fetch GET 304 https://registry.npmjs.org/@types%2fobject-keys 268ms (from cache)
68 http fetch GET 304 https://registry.npmjs.org/@types%2fmemorystream 2781ms (from cache)
69 silly pacote tag manifest for @types/object-keys@ts3.6 fetched in 373ms
70 silly pacote tag manifest for @types/memorystream@ts3.6 fetched in 2906ms
71 silly pacote tag manifest for @types/object-inspect@ts3.6 fetched in 501ms
72 silly pacote tag manifest for @types/object.fromentries@ts3.6 fetched in 423ms
73 http fetch GET 304 https://registry.npmjs.org/@types%2fobject.getownpropertydescriptors 522ms (from cache)
74 http fetch GET 304 https://registry.npmjs.org/@types%2fon-finished 454ms (from cache)
75 http fetch GET 304 https://registry.npmjs.org/@types%2fobject.pick 468ms (from cache)
76 silly pacote tag manifest for @types/object.getownpropertydescriptors@ts3.6 fetched in 550ms
77 silly pacote tag manifest for @types/object.pick@ts3.6 fetched in 489ms
78 silly pacote tag manifest for @types/on-finished@ts3.6 fetched in 485ms
79 http fetch GET 304 https://registry.npmjs.org/@types%2fon-headers 307ms (from cache)
80 http fetch GET 304 https://registry.npmjs.org/@types%2fnext-tick 1614ms (from cache)
81 silly pacote tag manifest for @types/on-headers@ts3.6 fetched in 346ms
82 silly pacote tag manifest for @types/next-tick@ts3.6 fetched in 1653ms
83 http fetch GET 304 https://registry.npmjs.org/@types%2fonce 368ms (from cache)
84 http fetch GET 304 https://registry.npmjs.org/@types%2foriginal 337ms (from cache)
85 silly pacote tag manifest for @types/once@ts3.6 fetched in 390ms
86 silly pacote tag manifest for @types/original@ts3.6 fetched in 399ms
87 http fetch GET 304 https://registry.npmjs.org/@types%2fos-tmpdir 402ms (from cache)
88 silly pacote tag manifest for @types/os-tmpdir@ts3.6 fetched in 405ms
89 http fetch GET 304 https://registry.npmjs.org/@types%2fpako 390ms (from cache)
90 silly pacote tag manifest for @types/pako@ts3.6 fetched in 412ms
91 http fetch GET 304 https://registry.npmjs.org/@types%2fnode-int64 1521ms (from cache)
92 http fetch GET 304 https://registry.npmjs.org/@types%2fparse-json 303ms (from cache)
93 silly pacote tag manifest for @types/parse-json@ts3.6 fetched in 311ms
94 silly pacote tag manifest for @types/node-int64@ts3.6 fetched in 1546ms
95 http fetch GET 304 https://registry.npmjs.org/@types%2fparse5 391ms (from cache)
96 http fetch GET 304 https://registry.npmjs.org/@types%2fnormalize-path 1635ms (from cache)
97 http fetch GET 304 https://registry.npmjs.org/@types%2fpascalcase 351ms (from cache)
98 http fetch GET 304 https://registry.npmjs.org/@types%2fparseurl 404ms (from cache)
99 silly pacote tag manifest for @types/parse5@ts3.6 fetched in 487ms
100 silly pacote tag manifest for @types/pascalcase@ts3.6 fetched in 401ms
101 http fetch GET 200 https://registry.npmjs.org/@types%2fpath-browserify 273ms
102 silly fetchPackageMetaData error for @types/path-browserify@ts3.6 No matching version found for @types/path-browserify@ts3.6.
103 silly pacote tag manifest for @types/parseurl@ts3.6 fetched in 474ms
104 silly pacote tag manifest for @types/normalize-path@ts3.6 fetched in 1796ms
105 http fetch GET 304 https://registry.npmjs.org/@types%2fpath-is-absolute 380ms (from cache)
106 http fetch GET 304 https://registry.npmjs.org/@types%2fpath-is-inside 370ms (from cache)
107 silly pacote tag manifest for @types/path-is-absolute@ts3.6 fetched in 419ms
108 http fetch GET 304 https://registry.npmjs.org/@types%2fpath-parse 367ms (from cache)
109 silly pacote tag manifest for @types/path-is-inside@ts3.6 fetched in 415ms
110 silly pacote tag manifest for @types/path-parse@ts3.6 fetched in 429ms
111 http fetch GET 304 https://registry.npmjs.org/@types%2fpbkdf2 275ms (from cache)
112 silly pacote tag manifest for @types/pbkdf2@ts3.6 fetched in 282ms
113 http fetch GET 304 https://registry.npmjs.org/@types%2fpify 385ms (from cache)
114 http fetch GET 304 https://registry.npmjs.org/@types%2fpostcss-gap-properties 291ms (from cache)
115 http fetch GET 304 https://registry.npmjs.org/@types%2fpostcss-modules-extract-imports 226ms (from cache)
116 silly pacote tag manifest for @types/postcss-gap-properties@ts3.6 fetched in 315ms
117 silly pacote tag manifest for @types/pify@ts3.6 fetched in 412ms
118 silly pacote tag manifest for @types/postcss-modules-extract-imports@ts3.6 fetched in 251ms
119 http fetch GET 304 https://registry.npmjs.org/@types%2fpostcss-modules-local-by-default 239ms (from cache)
120 silly pacote tag manifest for @types/postcss-modules-local-by-default@ts3.6 fetched in 247ms
121 http fetch GET 304 https://registry.npmjs.org/@types%2fpostcss-modules-values 360ms (from cache)
122 silly pacote tag manifest for @types/postcss-modules-values@ts3.6 fetched in 387ms
123 http fetch GET 304 https://registry.npmjs.org/@types%2fpicomatch 680ms (from cache)
124 silly pacote tag manifest for @types/picomatch@ts3.6 fetched in 795ms
125 http fetch GET 304 https://registry.npmjs.org/@types%2fpostcss-safe-parser 409ms (from cache)
126 http fetch GET 304 https://registry.npmjs.org/@types%2fprelude-ls 376ms (from cache)
127 http fetch GET 304 https://registry.npmjs.org/@types%2foptimize-css-assets-webpack-plugin 1696ms (from cache)
128 silly pacote tag manifest for @types/prelude-ls@ts3.6 fetched in 392ms
129 silly pacote tag manifest for @types/postcss-safe-parser@ts3.6 fetched in 445ms
130 silly pacote tag manifest for @types/optimize-css-assets-webpack-plugin@ts3.6 fetched in 1724ms
131 http fetch GET 304 https://registry.npmjs.org/@types%2fparallel-transform 1619ms (from cache)
132 silly pacote tag manifest for @types/parallel-transform@ts3.6 fetched in 1667ms
133 http fetch GET 304 https://registry.npmjs.org/@types%2fprettier-linter-helpers 479ms (from cache)
134 silly pacote tag manifest for @types/prettier-linter-helpers@ts3.6 fetched in 512ms
135 http fetch GET 304 https://registry.npmjs.org/@types%2fprogress 457ms (from cache)
136 http fetch GET 304 https://registry.npmjs.org/@types%2fpromise-inflight 399ms (from cache)
137 silly pacote tag manifest for @types/progress@ts3.6 fetched in 461ms
138 silly pacote tag manifest for @types/promise-inflight@ts3.6 fetched in 413ms
139 http fetch GET 304 https://registry.npmjs.org/@types%2fprop-types 433ms (from cache)
140 http fetch GET 304 https://registry.npmjs.org/@types%2fprompts 441ms (from cache)
141 silly pacote tag manifest for @types/prompts@ts3.6 fetched in 470ms
142 silly pacote tag manifest for @types/prop-types@ts3.6 fetched in 467ms
143 http fetch GET 304 https://registry.npmjs.org/@types%2fpostcss-normalize 926ms (from cache)
144 silly pacote tag manifest for @types/postcss-normalize@ts3.6 fetched in 944ms
145 http fetch GET 304 https://registry.npmjs.org/@types%2fproxy-addr 346ms (from cache)
146 silly pacote tag manifest for @types/proxy-addr@ts3.6 fetched in 441ms
147 http fetch GET 304 https://registry.npmjs.org/@types%2fpsl 313ms (from cache)
148 http fetch GET 304 https://registry.npmjs.org/@types%2fpumpify 228ms (from cache)
149 silly pacote tag manifest for @types/pumpify@ts3.6 fetched in 237ms
150 http fetch GET 304 https://registry.npmjs.org/@types%2fpump 260ms (from cache)
151 silly pacote tag manifest for @types/psl@ts3.6 fetched in 341ms
152 silly pacote tag manifest for @types/pump@ts3.6 fetched in 270ms
153 http fetch GET 304 https://registry.npmjs.org/@types%2fq 291ms (from cache)
154 silly pacote tag manifest for @types/q@ts3.6 fetched in 300ms
155 http fetch GET 304 https://registry.npmjs.org/@types%2fqs 338ms (from cache)
156 http fetch GET 304 https://registry.npmjs.org/@types%2fpunycode 365ms (from cache)
157 silly pacote tag manifest for @types/qs@ts3.6 fetched in 358ms
158 silly pacote tag manifest for @types/punycode@ts3.6 fetched in 389ms
159 http fetch GET 304 https://registry.npmjs.org/@types%2frandombytes 232ms (from cache)
160 http fetch GET 304 https://registry.npmjs.org/@types%2fquerystringify 323ms (from cache)
161 silly pacote tag manifest for @types/querystringify@ts3.6 fetched in 328ms
162 silly pacote tag manifest for @types/randombytes@ts3.6 fetched in 381ms
163 http fetch GET 304 https://registry.npmjs.org/@types%2fraf 450ms (from cache)
164 http fetch GET 200 https://registry.npmjs.org/@types%2fpostcss-preset-env 1609ms
165 silly fetchPackageMetaData error for @types/postcss-preset-env@ts3.6 No matching version found for @types/postcss-preset-env@ts3.6.
166 http fetch GET 304 https://registry.npmjs.org/@types%2frange-parser 511ms (from cache)
167 silly pacote tag manifest for @types/raf@ts3.6 fetched in 532ms
168 http fetch GET 304 https://registry.npmjs.org/@types%2freact-dev-utils 415ms (from cache)
169 silly pacote tag manifest for @types/range-parser@ts3.6 fetched in 581ms
170 http fetch GET 304 https://registry.npmjs.org/@types%2freadable-stream 395ms (from cache)
171 http fetch GET 304 https://registry.npmjs.org/@types%2freact-router 458ms (from cache)
172 silly pacote tag manifest for @types/readable-stream@ts3.6 fetched in 401ms
173 silly pacote tag manifest for @types/react-dev-utils@ts3.6 fetched in 553ms
174 silly pacote tag manifest for @types/react-router@ts3.6 fetched in 479ms
175 http fetch GET 304 https://registry.npmjs.org/@types%2frecursive-readdir 324ms (from cache)
176 http fetch GET 200 https://registry.npmjs.org/@types%2fregenerate 208ms
177 silly fetchPackageMetaData error for @types/regenerate@ts3.6 No matching version found for @types/regenerate@ts3.6.
178 silly pacote tag manifest for @types/recursive-readdir@ts3.6 fetched in 475ms
179 http fetch GET 304 https://registry.npmjs.org/@types%2fregenerator-runtime 376ms (from cache)
180 silly pacote tag manifest for @types/regenerator-runtime@ts3.6 fetched in 397ms
181 http fetch GET 304 https://registry.npmjs.org/@types%2fpostcss-flexbugs-fixes 2479ms (from cache)
182 http fetch GET 304 https://registry.npmjs.org/@types%2fpostcss-modules-scope 2261ms (from cache)
183 http fetch GET 304 https://registry.npmjs.org/@types%2frelateurl 324ms (from cache)
184 http fetch GET 304 https://registry.npmjs.org/@types%2frepeat-element 322ms (from cache)
185 silly pacote tag manifest for @types/relateurl@ts3.6 fetched in 335ms
186 silly pacote tag manifest for @types/repeat-element@ts3.6 fetched in 336ms
187 silly pacote tag manifest for @types/postcss-flexbugs-fixes@ts3.6 fetched in 2523ms
188 silly pacote tag manifest for @types/postcss-modules-scope@ts3.6 fetched in 2300ms
189 http fetch GET 304 https://registry.npmjs.org/@types%2frepeat-string 333ms (from cache)
190 silly pacote tag manifest for @types/repeat-string@ts3.6 fetched in 438ms
191 http fetch GET 304 https://registry.npmjs.org/@types%2frequire-directory 402ms (from cache)
192 silly pacote tag manifest for @types/require-directory@ts3.6 fetched in 449ms
193 http fetch GET 304 https://registry.npmjs.org/@types%2frequires-port 271ms (from cache)
194 silly pacote tag manifest for @types/requires-port@ts3.6 fetched in 284ms
195 http fetch GET 304 https://registry.npmjs.org/@types%2fresolve 284ms (from cache)
196 http fetch GET 304 https://registry.npmjs.org/@types%2fretry 282ms (from cache)
197 http fetch GET 304 https://registry.npmjs.org/@types%2fripemd160 275ms (from cache)
198 http fetch GET 304 https://registry.npmjs.org/@types%2frimraf 291ms (from cache)
199 silly pacote tag manifest for @types/retry@ts3.6 fetched in 305ms
200 silly pacote tag manifest for @types/rimraf@ts3.6 fetched in 301ms
201 silly pacote tag manifest for @types/resolve@ts3.6 fetched in 312ms
202 silly pacote tag manifest for @types/ripemd160@ts3.6 fetched in 302ms
203 http fetch GET 304 https://registry.npmjs.org/@types%2frun-parallel 336ms (from cache)
204 http fetch GET 304 https://registry.npmjs.org/@types%2fsafe-regex 309ms (from cache)
205 http fetch GET 304 https://registry.npmjs.org/@types%2frsvp 388ms (from cache)
206 silly pacote tag manifest for @types/safe-regex@ts3.6 fetched in 328ms
207 silly pacote tag manifest for @types/run-parallel@ts3.6 fetched in 363ms
208 silly pacote tag manifest for @types/rsvp@ts3.6 fetched in 413ms
209 http fetch GET 304 https://registry.npmjs.org/@types%2fsafer-buffer 263ms (from cache)
210 silly pacote tag manifest for @types/safer-buffer@ts3.6 fetched in 268ms
211 http fetch GET 304 https://registry.npmjs.org/@types%2fsane 273ms (from cache)
212 http fetch GET 304 https://registry.npmjs.org/@types%2fsass-loader 274ms (from cache)
213 silly pacote tag manifest for @types/sane@ts3.6 fetched in 278ms
214 http fetch GET 304 https://registry.npmjs.org/@types%2fsax 276ms (from cache)
215 silly pacote tag manifest for @types/sass-loader@ts3.6 fetched in 281ms
216 silly pacote tag manifest for @types/sax@ts3.6 fetched in 338ms
217 http fetch GET 200 https://registry.npmjs.org/@types%2fselfsigned 143ms
218 silly fetchPackageMetaData error for @types/selfsigned@ts3.6 No matching version found for @types/selfsigned@ts3.6.
219 http fetch GET 304 https://registry.npmjs.org/@types%2frequire-from-string 865ms (from cache)
220 silly pacote tag manifest for @types/require-from-string@ts3.6 fetched in 871ms
221 http fetch GET 304 https://registry.npmjs.org/@types%2fsemver 259ms (from cache)
222 http fetch GET 304 https://registry.npmjs.org/@types%2fsemver-compare 218ms (from cache)
223 http fetch GET 304 https://registry.npmjs.org/@types%2fscheduler 274ms (from cache)
224 http fetch GET 304 https://registry.npmjs.org/@types%2fsend 211ms (from cache)
225 silly pacote tag manifest for @types/semver-compare@ts3.6 fetched in 248ms
226 silly pacote tag manifest for @types/scheduler@ts3.6 fetched in 310ms
227 silly pacote tag manifest for @types/send@ts3.6 fetched in 247ms
228 silly pacote tag manifest for @types/semver@ts3.6 fetched in 301ms
229 http fetch GET 304 https://registry.npmjs.org/@types%2freact-is 1869ms (from cache)
230 http fetch GET 304 https://registry.npmjs.org/@types%2fserialize-javascript 468ms (from cache)
231 http fetch GET 304 https://registry.npmjs.org/@types%2fset-cookie-parser 340ms (from cache)
232 http fetch GET 304 https://registry.npmjs.org/@types%2fserve-index 416ms (from cache)
233 http fetch GET 304 https://registry.npmjs.org/@types%2fserve-static 393ms (from cache)
234 silly pacote tag manifest for @types/react-is@ts3.6 fetched in 1886ms
235 silly pacote tag manifest for @types/serialize-javascript@ts3.6 fetched in 488ms
236 silly pacote tag manifest for @types/serve-index@ts3.6 fetched in 436ms
237 silly pacote tag manifest for @types/serve-static@ts3.6 fetched in 413ms
238 silly pacote tag manifest for @types/set-cookie-parser@ts3.6 fetched in 439ms
239 http fetch GET 304 https://registry.npmjs.org/@types%2fsha.js 504ms (from cache)
240 http fetch GET 304 https://registry.npmjs.org/@types%2fset-value 531ms (from cache)
241 silly pacote tag manifest for @types/set-value@ts3.6 fetched in 579ms
242 silly pacote tag manifest for @types/sha.js@ts3.6 fetched in 573ms
243 http fetch GET 304 https://registry.npmjs.org/@types%2fshebang-command 606ms (from cache)
244 http fetch GET 304 https://registry.npmjs.org/@types%2fsetimmediate 611ms (from cache)
245 silly pacote tag manifest for @types/shebang-command@ts3.6 fetched in 620ms
246 silly pacote tag manifest for @types/setimmediate@ts3.6 fetched in 624ms
247 http fetch GET 304 https://registry.npmjs.org/@types%2fsignal-exit 430ms (from cache)
248 http fetch GET 304 https://registry.npmjs.org/@types%2fslice-ansi 495ms (from cache)
249 http fetch GET 304 https://registry.npmjs.org/@types%2fsimple-swizzle 523ms (from cache)
250 silly registry:manifest no matching version for @types/simple-swizzle@ts3.6 in the cache. Forcing revalidation.
251 silly pacote tag manifest for @types/signal-exit@ts3.6 fetched in 546ms
252 silly pacote tag manifest for @types/slice-ansi@ts3.6 fetched in 553ms
253 http fetch GET 304 https://registry.npmjs.org/@types%2fshell-quote 637ms (from cache)
254 silly pacote tag manifest for @types/shell-quote@ts3.6 fetched in 656ms
255 http fetch GET 304 https://registry.npmjs.org/@types%2fsockjs 566ms (from cache)
256 http fetch GET 304 https://registry.npmjs.org/@types%2fsockjs-client 348ms (from cache)
257 silly pacote tag manifest for @types/sockjs@ts3.6 fetched in 589ms
258 http fetch GET 304 https://registry.npmjs.org/@types%2fsource-list-map 366ms (from cache)
259 silly pacote tag manifest for @types/sockjs-client@ts3.6 fetched in 395ms
260 silly pacote tag manifest for @types/source-list-map@ts3.6 fetched in 439ms
261 http fetch GET 200 https://registry.npmjs.org/@types%2fregex-not 2338ms
262 silly fetchPackageMetaData error for @types/regex-not@ts3.6 No matching version found for @types/regex-not@ts3.6.
263 http fetch GET 304 https://registry.npmjs.org/@types%2fspdy 278ms (from cache)
264 http fetch GET 304 https://registry.npmjs.org/@types%2fsource-map-support 465ms (from cache)
265 silly pacote tag manifest for @types/spdy@ts3.6 fetched in 298ms
266 silly pacote tag manifest for @types/source-map-support@ts3.6 fetched in 493ms
267 http fetch GET 304 https://registry.npmjs.org/@types%2fsprintf 429ms (from cache)
268 silly pacote tag manifest for @types/sprintf@ts3.6 fetched in 447ms
269 http fetch GET 304 https://registry.npmjs.org/@types%2fsprintf-js 451ms (from cache)
270 silly pacote tag manifest for @types/sprintf-js@ts3.6 fetched in 456ms
271 http fetch GET 304 https://registry.npmjs.org/@types%2fstack-utils 454ms (from cache)
272 silly pacote tag manifest for @types/stack-utils@ts3.6 fetched in 530ms
273 http fetch GET 200 https://registry.npmjs.org/@types%2fsimple-swizzle 785ms
274 silly fetchPackageMetaData error for @types/simple-swizzle@ts3.6 No matching version found for @types/simple-swizzle@ts3.6.
275 http fetch GET 304 https://registry.npmjs.org/@types%2fstatuses 513ms (from cache)
276 http fetch GET 304 https://registry.npmjs.org/@types%2fstream-each 490ms (from cache)
277 http fetch GET 304 https://registry.npmjs.org/@types%2fssri 649ms (from cache)
278 silly pacote tag manifest for @types/stream-each@ts3.6 fetched in 591ms
279 silly pacote tag manifest for @types/statuses@ts3.6 fetched in 625ms
280 silly pacote tag manifest for @types/ssri@ts3.6 fetched in 789ms
281 http fetch GET 304 https://registry.npmjs.org/@types%2fstrict-uri-encode 524ms (from cache)
282 http fetch GET 304 https://registry.npmjs.org/@types%2fstring-natural-compare 494ms (from cache)
283 silly pacote tag manifest for @types/string-natural-compare@ts3.6 fetched in 521ms
284 silly pacote tag manifest for @types/strict-uri-encode@ts3.6 fetched in 558ms
285 http fetch GET 304 https://registry.npmjs.org/@types%2fstring.prototype.matchall 432ms (from cache)
286 http fetch GET 304 https://registry.npmjs.org/@types%2fstrip-final-newline 270ms (from cache)
287 silly pacote tag manifest for @types/strip-final-newline@ts3.6 fetched in 283ms
288 http fetch GET 304 https://registry.npmjs.org/@types%2fstringify-object 410ms (from cache)
289 silly pacote tag manifest for @types/string.prototype.matchall@ts3.6 fetched in 476ms
290 silly pacote tag manifest for @types/stringify-object@ts3.6 fetched in 432ms
291 http fetch GET 304 https://registry.npmjs.org/@types%2fsupports-color 327ms (from cache)
292 silly pacote tag manifest for @types/supports-color@ts3.6 fetched in 386ms
293 http fetch GET 304 https://registry.npmjs.org/@types%2fstream-shift 1047ms (from cache)
294 http fetch GET 304 https://registry.npmjs.org/@types%2fsvg-parser 346ms (from cache)
295 http fetch GET 304 https://registry.npmjs.org/@types%2fsvgo 346ms (from cache)
296 http fetch GET 304 https://registry.npmjs.org/@types%2ftapable 230ms (from cache)
297 silly pacote tag manifest for @types/stream-shift@ts3.6 fetched in 1137ms
298 http fetch GET 304 https://registry.npmjs.org/@types%2fsymbol-tree 263ms (from cache)
299 silly pacote tag manifest for @types/tapable@ts3.6 fetched in 248ms
300 silly pacote tag manifest for @types/svg-parser@ts3.6 fetched in 372ms
301 silly pacote tag manifest for @types/svgo@ts3.6 fetched in 369ms
302 silly pacote tag manifest for @types/symbol-tree@ts3.6 fetched in 379ms
303 http fetch GET 304 https://registry.npmjs.org/@types%2fspdx-correct 1989ms (from cache)
304 http fetch GET 304 https://registry.npmjs.org/@types%2fthrough2 347ms (from cache)
305 http fetch GET 304 https://registry.npmjs.org/@types%2ftext-table 475ms (from cache)
306 http fetch GET 304 https://registry.npmjs.org/@types%2fthrough 392ms (from cache)
307 http fetch GET 304 https://registry.npmjs.org/@types%2fthunky 379ms (from cache)
308 silly pacote tag manifest for @types/spdx-correct@ts3.6 fetched in 2040ms
309 silly pacote tag manifest for @types/through2@ts3.6 fetched in 404ms
310 silly pacote tag manifest for @types/text-table@ts3.6 fetched in 531ms
311 silly pacote tag manifest for @types/through@ts3.6 fetched in 437ms
312 silly pacote tag manifest for @types/thunky@ts3.6 fetched in 424ms
313 http fetch GET 304 https://registry.npmjs.org/@types%2ftmp 537ms (from cache)
314 silly pacote tag manifest for @types/tmp@ts3.6 fetched in 558ms
315 http fetch GET 304 https://registry.npmjs.org/@types%2fspdx-expression-parse 2267ms (from cache)
316 http fetch GET 304 https://registry.npmjs.org/@types%2ftough-cookie 369ms (from cache)
317 silly pacote tag manifest for @types/tough-cookie@ts3.6 fetched in 481ms
318 silly pacote tag manifest for @types/spdx-expression-parse@ts3.6 fetched in 2382ms
319 http fetch GET 304 https://registry.npmjs.org/@types%2ftryer 531ms (from cache)
320 http fetch GET 304 https://registry.npmjs.org/@types%2fto-regex 564ms (from cache)
321 silly registry:manifest no matching version for @types/to-regex@ts3.6 in the cache. Forcing revalidation.
322 silly pacote tag manifest for @types/tryer@ts3.6 fetched in 546ms
323 http fetch GET 304 https://registry.npmjs.org/@types%2fto-regex-range 577ms (from cache)
324 silly registry:manifest no matching version for @types/to-regex-range@ts3.6 in the cache. Forcing revalidation.
325 http fetch GET 304 https://registry.npmjs.org/@types%2ftype-check 328ms (from cache)
326 silly pacote tag manifest for @types/type-check@ts3.6 fetched in 418ms
327 http fetch GET 304 https://registry.npmjs.org/@types%2ftypedarray-to-buffer 388ms (from cache)
328 silly registry:manifest no matching version for @types/typedarray-to-buffer@ts3.6 in the cache. Forcing revalidation.
329 http fetch GET 304 https://registry.npmjs.org/@types%2ftype-detect 457ms (from cache)
330 http fetch GET 304 https://registry.npmjs.org/@types%2ftype-is 444ms (from cache)
331 silly pacote tag manifest for @types/type-detect@ts3.6 fetched in 463ms
332 silly pacote tag manifest for @types/type-is@ts3.6 fetched in 450ms
333 http fetch GET 304 https://registry.npmjs.org/@types%2funiversalify 324ms (from cache)
334 http fetch GET 304 https://registry.npmjs.org/@types%2furix 325ms (from cache)
335 silly pacote tag manifest for @types/universalify@ts3.6 fetched in 361ms
336 silly pacote tag manifest for @types/urix@ts3.6 fetched in 381ms
337 http fetch GET 304 https://registry.npmjs.org/@types%2ftmpl 1402ms (from cache)
338 silly registry:manifest no matching version for @types/tmpl@ts3.6 in the cache. Forcing revalidation.
339 http fetch GET 304 https://registry.npmjs.org/@types%2fstrip-comments 2366ms (from cache)
340 silly pacote tag manifest for @types/strip-comments@ts3.6 fetched in 2395ms
341 http fetch GET 200 https://registry.npmjs.org/@types%2ftmpl 152ms
342 silly fetchPackageMetaData error for @types/tmpl@ts3.6 No matching version found for @types/tmpl@ts3.6.
343 http fetch GET 304 https://registry.npmjs.org/@types%2furl-parse 357ms (from cache)
344 http fetch GET 304 https://registry.npmjs.org/@types%2ftar 2350ms (from cache)
345 http fetch GET 304 https://registry.npmjs.org/@types%2futil-deprecate 343ms (from cache)
346 http fetch GET 304 https://registry.npmjs.org/@types%2futil.promisify 352ms (from cache)
347 silly pacote tag manifest for @types/util-deprecate@ts3.6 fetched in 420ms
348 silly pacote tag manifest for @types/tar@ts3.6 fetched in 2440ms
349 silly pacote tag manifest for @types/url-parse@ts3.6 fetched in 467ms
350 silly pacote tag manifest for @types/util.promisify@ts3.6 fetched in 444ms
351 http fetch GET 200 https://registry.npmjs.org/@types%2fto-regex 1557ms
352 silly fetchPackageMetaData error for @types/to-regex@ts3.6 No matching version found for @types/to-regex@ts3.6.
353 http fetch GET 304 https://registry.npmjs.org/@types%2ftimsort 2533ms (from cache)
354 http fetch GET 304 https://registry.npmjs.org/@types%2futils-merge 587ms (from cache)
355 silly pacote tag manifest for @types/timsort@ts3.6 fetched in 2634ms
356 http fetch GET 304 https://registry.npmjs.org/@types%2fvalidate-npm-package-license 457ms (from cache)
357 http fetch GET 304 https://registry.npmjs.org/@types%2fw3c-hr-time 444ms (from cache)
358 http fetch GET 304 https://registry.npmjs.org/@types%2fw3c-xmlserializer 370ms (from cache)
359 silly pacote tag manifest for @types/validate-npm-package-license@ts3.6 fetched in 480ms
360 http fetch GET 304 https://registry.npmjs.org/@types%2fvary 471ms (from cache)
361 silly pacote tag manifest for @types/utils-merge@ts3.6 fetched in 811ms
362 silly pacote tag manifest for @types/w3c-hr-time@ts3.6 fetched in 570ms
363 silly pacote tag manifest for @types/w3c-xmlserializer@ts3.6 fetched in 497ms
364 silly pacote tag manifest for @types/vary@ts3.6 fetched in 580ms
365 http fetch GET 200 https://registry.npmjs.org/@types%2ftypedarray-to-buffer 1662ms
366 silly fetchPackageMetaData error for @types/typedarray-to-buffer@ts3.6 No matching version found for @types/typedarray-to-buffer@ts3.6.
367 http fetch GET 304 https://registry.npmjs.org/@types%2fwatchpack 511ms (from cache)
368 silly pacote tag manifest for @types/watchpack@ts3.6 fetched in 531ms
369 http fetch GET 304 https://registry.npmjs.org/@types%2fwebpack 420ms (from cache)
370 silly pacote tag manifest for @types/webpack@ts3.6 fetched in 446ms
371 http fetch GET 200 https://registry.npmjs.org/@types%2fto-regex-range 2183ms
372 silly fetchPackageMetaData error for @types/to-regex-range@ts3.6 No matching version found for @types/to-regex-range@ts3.6.
373 http fetch GET 304 https://registry.npmjs.org/@types%2fwebpack-sources 443ms (from cache)
374 silly pacote tag manifest for @types/webpack-sources@ts3.6 fetched in 454ms
375 http fetch GET 304 https://registry.npmjs.org/@types%2fwhatwg-url 261ms (from cache)
376 silly pacote tag manifest for @types/whatwg-url@ts3.6 fetched in 269ms
377 http fetch GET 304 https://registry.npmjs.org/@types%2fwhich 277ms (from cache)
378 silly pacote tag manifest for @types/which@ts3.6 fetched in 283ms
379 http fetch GET 304 https://registry.npmjs.org/@types%2funiq 2481ms (from cache)
380 http fetch GET 304 https://registry.npmjs.org/@types%2fwrap-ansi 219ms (from cache)
381 http fetch GET 304 https://registry.npmjs.org/@types%2fworkbox-webpack-plugin 270ms (from cache)
382 silly pacote tag manifest for @types/workbox-webpack-plugin@ts3.6 fetched in 342ms
383 silly pacote tag manifest for @types/wrap-ansi@ts3.6 fetched in 299ms
384 silly pacote tag manifest for @types/uniq@ts3.6 fetched in 2590ms
385 http fetch GET 304 https://registry.npmjs.org/@types%2fwhich-pm-runs 924ms (from cache)
386 http fetch GET 304 https://registry.npmjs.org/@types%2fwrite-file-atomic 393ms (from cache)
387 http fetch GET 304 https://registry.npmjs.org/@types%2fws 397ms (from cache)
388 http fetch GET 304 https://registry.npmjs.org/@types%2fxml-name-validator 377ms (from cache)
389 silly registry:manifest no matching version for @types/xml-name-validator@ts3.6 in the cache. Forcing revalidation.
390 silly pacote tag manifest for @types/which-pm-runs@ts3.6 fetched in 1006ms
391 silly pacote tag manifest for @types/write-file-atomic@ts3.6 fetched in 477ms
392 silly pacote tag manifest for @types/ws@ts3.6 fetched in 476ms
393 http fetch GET 304 https://registry.npmjs.org/@types%2fwebidl-conversions 1668ms (from cache)
394 silly pacote tag manifest for @types/webidl-conversions@ts3.6 fetched in 1693ms
395 http fetch GET 304 https://registry.npmjs.org/@types%2fwhatwg-mimetype 1644ms (from cache)
396 http fetch GET 304 https://registry.npmjs.org/@types%2fxtend 301ms (from cache)
397 http fetch GET 304 https://registry.npmjs.org/@types%2fyallist 300ms (from cache)
398 silly pacote tag manifest for @types/xtend@ts3.6 fetched in 321ms
399 silly pacote tag manifest for @types/whatwg-mimetype@ts3.6 fetched in 1666ms
400 silly pacote tag manifest for @types/yallist@ts3.6 fetched in 318ms
401 http fetch GET 304 https://registry.npmjs.org/@types%2fworkbox-sw 1252ms (from cache)
402 silly pacote tag manifest for @types/workbox-sw@ts3.6 fetched in 1260ms
403 http fetch GET 304 https://registry.npmjs.org/@types%2fyargs 374ms (from cache)
404 silly pacote tag manifest for @types/yargs@ts3.6 fetched in 410ms
405 http fetch GET 304 https://registry.npmjs.org/@types%2fyargs-parser 320ms (from cache)
406 silly pacote tag manifest for @types/yargs-parser@ts3.6 fetched in 337ms
407 http fetch GET 304 https://registry.npmjs.org/@types%2fwebpack-manifest-plugin 2335ms (from cache)
408 silly pacote tag manifest for @types/webpack-manifest-plugin@ts3.6 fetched in 2368ms
409 http fetch GET 304 https://registry.npmjs.org/@types%2fwhatwg-encoding 2398ms (from cache)
410 silly pacote tag manifest for @types/whatwg-encoding@ts3.6 fetched in 2402ms
411 http fetch GET 304 https://registry.npmjs.org/@types%2fworkbox-build 2279ms (from cache)
412 silly pacote tag manifest for @types/workbox-build@ts3.6 fetched in 2283ms
413 http fetch GET 200 https://registry.npmjs.org/@types%2fxml-name-validator 1433ms
414 silly fetchPackageMetaData error for @types/xml-name-validator@ts3.6 No matching version found for @types/xml-name-validator@ts3.6.
415 timing stage:rollbackFailedOptional Completed in 1ms
416 timing stage:runTopLevelLifecycles Completed in 15041ms
417 verbose type tag
418 verbose stack @types/path-browserify: No matching version found for @types/path-browserify@ts3.6.
418 verbose stack     at pickManifest (/usr/local/lib/node_modules/npm/node_modules/npm-pick-manifest/index.js:122:13)
418 verbose stack     at /usr/local/lib/node_modules/npm/node_modules/pacote/lib/fetchers/registry/manifest.js:24:14
418 verbose stack     at tryCatcher (/usr/local/lib/node_modules/npm/node_modules/bluebird/js/release/util.js:16:23)
418 verbose stack     at Promise._settlePromiseFromHandler (/usr/local/lib/node_modules/npm/node_modules/bluebird/js/release/promise.js:517:31)
418 verbose stack     at Promise._settlePromise (/usr/local/lib/node_modules/npm/node_modules/bluebird/js/release/promise.js:574:18)
418 verbose stack     at Promise._settlePromise0 (/usr/local/lib/node_modules/npm/node_modules/bluebird/js/release/promise.js:619:10)
418 verbose stack     at Promise._settlePromises (/usr/local/lib/node_modules/npm/node_modules/bluebird/js/release/promise.js:699:18)
418 verbose stack     at _drainQueueStep (/usr/local/lib/node_modules/npm/node_modules/bluebird/js/release/async.js:138:12)
418 verbose stack     at _drainQueue (/usr/local/lib/node_modules/npm/node_modules/bluebird/js/release/async.js:131:9)
418 verbose stack     at Async._drainQueues (/usr/local/lib/node_modules/npm/node_modules/bluebird/js/release/async.js:147:5)
418 verbose stack     at Immediate.Async.drainQueues [as _onImmediate] (/usr/local/lib/node_modules/npm/node_modules/bluebird/js/release/async.js:17:14)
418 verbose stack     at processImmediate (internal/timers.js:456:21)
419 verbose cwd /home/theia/.cache/typescript/3.6
420 verbose Linux 5.4.72-microsoft-standard-WSL2
421 verbose argv "/usr/local/bin/node" "/usr/local/bin/npm" "install" "--ignore-scripts" "@types/memorystream@ts3.6" "@types/merge-descriptors@ts3.6" "@types/merge-stream@ts3.6" "@types/merge2@ts3.6" "@types/methods@ts3.6" "@types/micromatch@ts3.6" "@types/mime@ts3.6" "@types/mime-db@ts3.6" "@types/mime-types@ts3.6" "@types/min-indent@ts3.6" "@types/minimalistic-assert@ts3.6" "@types/minimatch@ts3.6" "@types/minimist@ts3.6" "@types/minipass@ts3.6" "@types/minizlib@ts3.6" "@types/mkdirp@ts3.6" "@types/move-concurrently@ts3.6" "@types/ms@ts3.6" "@types/multicast-dns@ts3.6" "@types/mute-stream@ts3.6" "@types/natural-compare@ts3.6" "@types/negotiator@ts3.6" "@types/next-tick@ts3.6" "@types/nice-try@ts3.6" "@types/node-fetch@ts3.6" "@types/node-forge@ts3.6" "@types/node-int64@ts3.6" "@types/node-notifier@ts3.6" "@types/normalize-package-data@ts3.6" "@types/normalize-path@ts3.6" "@types/num2fraction@ts3.6" "@types/nwsapi@ts3.6" "@types/object-assign@ts3.6" "@types/object-inspect@ts3.6" "@types/object-keys@ts3.6" "@types/object.fromentries@ts3.6" "@types/object.getownpropertydescriptors@ts3.6" "@types/object.pick@ts3.6" "@types/on-finished@ts3.6" "@types/on-headers@ts3.6" "@types/once@ts3.6" "@types/optimize-css-assets-webpack-plugin@ts3.6" "@types/original@ts3.6" "@types/os-tmpdir@ts3.6" "@types/pako@ts3.6" "@types/parallel-transform@ts3.6" "@types/parse-json@ts3.6" "@types/parse5@ts3.6" "@types/parseurl@ts3.6" "@types/pascalcase@ts3.6" "@types/path-browserify@ts3.6" "@types/path-is-absolute@ts3.6" "@types/path-is-inside@ts3.6" "@types/path-parse@ts3.6" "@types/pbkdf2@ts3.6" "@types/picomatch@ts3.6" "@types/pify@ts3.6" "@types/postcss-flexbugs-fixes@ts3.6" "@types/postcss-gap-properties@ts3.6" "@types/postcss-modules-extract-imports@ts3.6" "@types/postcss-modules-local-by-default@ts3.6" "@types/postcss-modules-scope@ts3.6" "@types/postcss-modules-values@ts3.6" "@types/postcss-normalize@ts3.6" "@types/postcss-preset-env@ts3.6" "@types/postcss-safe-parser@ts3.6" "@types/prelude-ls@ts3.6" "@types/prettier-linter-helpers@ts3.6" "@types/progress@ts3.6" "@types/promise-inflight@ts3.6" "@types/prompts@ts3.6" "@types/prop-types@ts3.6" "@types/proxy-addr@ts3.6" "@types/psl@ts3.6" "@types/pump@ts3.6" "@types/pumpify@ts3.6" "@types/punycode@ts3.6" "@types/q@ts3.6" "@types/qs@ts3.6" "@types/querystringify@ts3.6" "@types/raf@ts3.6" "@types/randombytes@ts3.6" "@types/range-parser@ts3.6" "@types/react-dev-utils@ts3.6" "@types/react-is@ts3.6" "@types/react-router@ts3.6" "@types/readable-stream@ts3.6" "@types/recursive-readdir@ts3.6" "@types/regenerate@ts3.6" "@types/regenerator-runtime@ts3.6" "@types/regex-not@ts3.6" "@types/relateurl@ts3.6" "@types/repeat-element@ts3.6" "@types/repeat-string@ts3.6" "@types/require-directory@ts3.6" "@types/require-from-string@ts3.6" "@types/requires-port@ts3.6" "@types/resolve@ts3.6" "@types/retry@ts3.6" "@types/rimraf@ts3.6" "@types/ripemd160@ts3.6" "@types/rsvp@ts3.6" "@types/run-parallel@ts3.6" "@types/safe-regex@ts3.6" "@types/safer-buffer@ts3.6" "@types/sane@ts3.6" "@types/sass-loader@ts3.6" "@types/sax@ts3.6" "@types/scheduler@ts3.6" "@types/selfsigned@ts3.6" "@types/semver@ts3.6" "@types/semver-compare@ts3.6" "@types/send@ts3.6" "@types/serialize-javascript@ts3.6" "@types/serve-index@ts3.6" "@types/serve-static@ts3.6" "@types/set-cookie-parser@ts3.6" "@types/set-value@ts3.6" "@types/setimmediate@ts3.6" "@types/sha.js@ts3.6" "@types/shebang-command@ts3.6" "@types/shell-quote@ts3.6" "@types/signal-exit@ts3.6" "@types/simple-swizzle@ts3.6" "@types/slice-ansi@ts3.6" "@types/sockjs@ts3.6" "@types/sockjs-client@ts3.6" "@types/source-list-map@ts3.6" "@types/source-map-support@ts3.6" "@types/spdx-correct@ts3.6" "@types/spdx-expression-parse@ts3.6" "@types/spdy@ts3.6" "@types/sprintf@ts3.6" "@types/sprintf-js@ts3.6" "@types/ssri@ts3.6" "@types/stack-utils@ts3.6" "@types/statuses@ts3.6" "@types/stream-each@ts3.6" "@types/stream-shift@ts3.6" "@types/strict-uri-encode@ts3.6" "@types/string-natural-compare@ts3.6" "@types/string.prototype.matchall@ts3.6" "@types/stringify-object@ts3.6" "@types/strip-comments@ts3.6" "@types/strip-final-newline@ts3.6" "@types/supports-color@ts3.6" "@types/svg-parser@ts3.6" "@types/svgo@ts3.6" "@types/symbol-tree@ts3.6" "@types/tapable@ts3.6" "@types/tar@ts3.6" "@types/text-table@ts3.6" "@types/through@ts3.6" "@types/through2@ts3.6" "@types/thunky@ts3.6" "@types/timsort@ts3.6" "@types/tmp@ts3.6" "@types/tmpl@ts3.6" "@types/to-regex@ts3.6" "@types/to-regex-range@ts3.6" "@types/tough-cookie@ts3.6" "@types/tryer@ts3.6" "@types/type-check@ts3.6" "@types/type-detect@ts3.6" "@types/type-is@ts3.6" "@types/typedarray-to-buffer@ts3.6" "@types/uniq@ts3.6" "@types/universalify@ts3.6" "@types/urix@ts3.6" "@types/url-parse@ts3.6" "@types/util-deprecate@ts3.6" "@types/util.promisify@ts3.6" "@types/utils-merge@ts3.6" "@types/validate-npm-package-license@ts3.6" "@types/vary@ts3.6" "@types/w3c-hr-time@ts3.6" "@types/w3c-xmlserializer@ts3.6" "@types/watchpack@ts3.6" "@types/webidl-conversions@ts3.6" "@types/webpack@ts3.6" "@types/webpack-manifest-plugin@ts3.6" "@types/webpack-sources@ts3.6" "@types/whatwg-encoding@ts3.6" "@types/whatwg-mimetype@ts3.6" "@types/whatwg-url@ts3.6" "@types/which@ts3.6" "@types/which-pm-runs@ts3.6" "@types/workbox-build@ts3.6" "@types/workbox-sw@ts3.6" "@types/workbox-webpack-plugin@ts3.6" "@types/wrap-ansi@ts3.6" "@types/write-file-atomic@ts3.6" "@types/ws@ts3.6" "@types/xml-name-validator@ts3.6" "@types/xtend@ts3.6" "@types/yallist@ts3.6" "@types/yargs@ts3.6" "@types/yargs-parser@ts3.6" "--save-dev" "--user-agent=typesInstaller/3.6.3"
422 verbose node v12.18.3
423 verbose npm  v6.14.6
424 error code ETARGET
425 error notarget No matching version found for @types/path-browserify@ts3.6.
426 error notarget In most cases you or one of your dependencies are requesting
426 error notarget a package version that doesn't exist.
427 verbose exit [ 1, true ]
