0 info it worked if it ends with ok
1 verbose cli [
1 verbose cli   '/usr/local/bin/node',
1 verbose cli   '/usr/local/bin/npm',
1 verbose cli   'install',
1 verbose cli   '--ignore-scripts',
1 verbose cli   '@types/accepts@ts3.6',
1 verbose cli   '@types/acorn@ts3.6',
1 verbose cli   '@types/argparse@ts3.6',
1 verbose cli   '@types/aria-query@ts3.6',
1 verbose cli   '@types/arr-diff@ts3.6',
1 verbose cli   '@types/arr-union@ts3.6',
1 verbose cli   '@types/array-unique@ts3.6',
1 verbose cli   '@types/array.prototype.flat@ts3.6',
1 verbose cli   '@types/array.prototype.flatmap@ts3.6',
1 verbose cli   '@types/asap@ts3.6',
1 verbose cli   '@types/assert@ts3.6',
1 verbose cli   '@types/async@ts3.6',
1 verbose cli   '@types/atob@ts3.6',
1 verbose cli   '@types/babel-plugin-macros@ts3.6',
1 verbose cli   '@types/babylon@ts3.6',
1 verbose cli   '@types/balanced-match@ts3.6',
1 verbose cli   '@types/big.js@ts3.6',
1 verbose cli   '@types/bluebird@ts3.6',
1 verbose cli   '@types/bn.js@ts3.6',
1 verbose cli   '@types/body-parser@ts3.6',
1 verbose cli   '@types/bonjour@ts3.6',
1 verbose cli   '@types/boolbase@ts3.6',
1 verbose cli   '@types/brace-expansion@ts3.6',
1 verbose cli   '@types/braces@ts3.6',
1 verbose cli   '@types/brorand@ts3.6',
1 verbose cli   '@types/bser@ts3.6',
1 verbose cli   '@types/buffer-from@ts3.6',
1 verbose cli   '@types/buffer-xor@ts3.6',
1 verbose cli   '@types/bytes@ts3.6',
1 verbose cli   '@types/cacache@ts3.6',
1 verbose cli   '@types/call-bind@ts3.6',
1 verbose cli   '@types/caniuse-api@ts3.6',
1 verbose cli   '@types/caniuse-lite@ts3.6',
1 verbose cli   '@types/case-sensitive-paths-webpack-plugin@ts3.6',
1 verbose cli   '@types/charcodes@ts3.6',
1 verbose cli   '@types/chardet@ts3.6',
1 verbose cli   '@types/check-types@ts3.6',
1 verbose cli   '@types/chownr@ts3.6',
1 verbose cli   '@types/cipher-base@ts3.6',
1 verbose cli   '@types/clean-css@ts3.6',
1 verbose cli   '@types/co@ts3.6',
1 verbose cli   '@types/color@ts3.6',
1 verbose cli   '@types/color-convert@ts3.6',
1 verbose cli   '@types/color-name@ts3.6',
1 verbose cli   '@types/color-string@ts3.6',
1 verbose cli   '@types/combined-stream@ts3.6',
1 verbose cli   '@types/common-tags@ts3.6',
1 verbose cli   '@types/commondir@ts3.6',
1 verbose cli   '@types/component-emitter@ts3.6',
1 verbose cli   '@types/compose-function@ts3.6',
1 verbose cli   '@types/compressible@ts3.6',
1 verbose cli   '@types/compression@ts3.6',
1 verbose cli   '@types/concat-map@ts3.6',
1 verbose cli   '@types/concat-stream@ts3.6',
1 verbose cli   '@types/confusing-browser-globals@ts3.6',
1 verbose cli   '@types/connect-history-api-fallback@ts3.6',
1 verbose cli   '@types/content-disposition@ts3.6',
1 verbose cli   '@types/content-type@ts3.6',
1 verbose cli   '@types/convert-source-map@ts3.6',
1 verbose cli   '@types/cookie@ts3.6',
1 verbose cli   '@types/cookie-signature@ts3.6',
1 verbose cli   '@types/core-js@ts3.6',
1 verbose cli   '@types/create-hash@ts3.6',
1 verbose cli   '@types/create-hmac@ts3.6',
1 verbose cli   '@types/cross-spawn@ts3.6',
1 verbose cli   '@types/css@ts3.6',
1 verbose cli   '@types/css-declaration-sorter@ts3.6',
1 verbose cli   '@types/css-tree@ts3.6',
1 verbose cli   '@types/cssesc@ts3.6',
1 verbose cli   '@types/csso@ts3.6',
1 verbose cli   '@types/cssom@ts3.6',
1 verbose cli   '@types/cssstyle@ts3.6',
1 verbose cli   '@types/d@ts3.6',
1 verbose cli   '@types/damerau-levenshtein@ts3.6',
1 verbose cli   '@types/data-urls@ts3.6',
1 verbose cli   '@types/debug@ts3.6',
1 verbose cli   '@types/decode-uri-component@ts3.6',
1 verbose cli   '@types/dedent@ts3.6',
1 verbose cli   '@types/deep-equal@ts3.6',
1 verbose cli   '@types/default-gateway@ts3.6',
1 verbose cli   '@types/define-properties@ts3.6',
1 verbose cli   '@types/depd@ts3.6',
1 verbose cli   '@types/destroy@ts3.6',
1 verbose cli   '@types/detect-node@ts3.6',
1 verbose cli   '@types/diffie-hellman@ts3.6',
1 verbose cli   '@types/dir-glob@ts3.6',
1 verbose cli   '@types/dns-packet@ts3.6',
1 verbose cli   '@types/doctrine@ts3.6',
1 verbose cli   '@types/domexception@ts3.6',
1 verbose cli   '@types/domutils@ts3.6',
1 verbose cli   '@types/duplexify@ts3.6',
1 verbose cli   '@types/ee-first@ts3.6',
1 verbose cli   '@types/ejs@ts3.6',
1 verbose cli   '@types/elliptic@ts3.6',
1 verbose cli   '@types/encodeurl@ts3.6',
1 verbose cli   '@types/end-of-stream@ts3.6',
1 verbose cli   ... 105 more items
1 verbose cli ]
2 info using npm@6.14.6
3 info using node@v12.18.3
4 verbose npm-session 2fe804faebcb297c
5 silly install loadCurrentTree
6 silly install readLocalPackageData
7 http fetch GET 200 https://registry.npmjs.org/@types%2faccepts 157ms (from cache)
8 http fetch GET 200 https://registry.npmjs.org/@types%2facorn 146ms (from cache)
9 http fetch GET 200 https://registry.npmjs.org/@types%2fargparse 144ms (from cache)
10 http fetch GET 200 https://registry.npmjs.org/@types%2faria-query 145ms (from cache)
11 http fetch GET 200 https://registry.npmjs.org/@types%2farr-diff 142ms (from cache)
12 http fetch GET 200 https://registry.npmjs.org/@types%2farr-union 132ms (from cache)
13 http fetch GET 200 https://registry.npmjs.org/@types%2farray-unique 131ms (from cache)
14 http fetch GET 200 https://registry.npmjs.org/@types%2farray.prototype.flatmap 127ms (from cache)
15 http fetch GET 200 https://registry.npmjs.org/@types%2fasap 129ms (from cache)
16 silly pacote tag manifest for @types/accepts@ts3.6 fetched in 181ms
17 silly pacote tag manifest for @types/acorn@ts3.6 fetched in 163ms
18 silly pacote tag manifest for @types/argparse@ts3.6 fetched in 160ms
19 silly pacote tag manifest for @types/aria-query@ts3.6 fetched in 166ms
20 silly pacote tag manifest for @types/arr-diff@ts3.6 fetched in 163ms
21 silly pacote tag manifest for @types/arr-union@ts3.6 fetched in 153ms
22 silly pacote tag manifest for @types/array-unique@ts3.6 fetched in 151ms
23 silly pacote tag manifest for @types/array.prototype.flatmap@ts3.6 fetched in 147ms
24 silly pacote tag manifest for @types/asap@ts3.6 fetched in 153ms
25 http fetch GET 200 https://registry.npmjs.org/@types%2fassert 67ms (from cache)
26 http fetch GET 200 https://registry.npmjs.org/@types%2fatob 64ms (from cache)
27 http fetch GET 200 https://registry.npmjs.org/@types%2fbabylon 57ms (from cache)
28 http fetch GET 200 https://registry.npmjs.org/@types%2fbalanced-match 58ms (from cache)
29 http fetch GET 200 https://registry.npmjs.org/@types%2fbig.js 58ms (from cache)
30 http fetch GET 200 https://registry.npmjs.org/@types%2fbn.js 58ms (from cache)
31 silly pacote tag manifest for @types/assert@ts3.6 fetched in 78ms
32 silly pacote tag manifest for @types/atob@ts3.6 fetched in 75ms
33 silly pacote tag manifest for @types/babylon@ts3.6 fetched in 69ms
34 silly pacote tag manifest for @types/balanced-match@ts3.6 fetched in 69ms
35 silly pacote tag manifest for @types/big.js@ts3.6 fetched in 70ms
36 silly pacote tag manifest for @types/bn.js@ts3.6 fetched in 70ms
37 http fetch GET 200 https://registry.npmjs.org/@types%2fbonjour 32ms (from cache)
38 http fetch GET 200 https://registry.npmjs.org/@types%2fboolbase 31ms (from cache)
39 http fetch GET 200 https://registry.npmjs.org/@types%2fbrace-expansion 31ms (from cache)
40 http fetch GET 200 https://registry.npmjs.org/@types%2fbraces 34ms (from cache)
41 http fetch GET 200 https://registry.npmjs.org/@types%2fbrorand 33ms (from cache)
42 silly pacote tag manifest for @types/bonjour@ts3.6 fetched in 45ms
43 silly pacote tag manifest for @types/boolbase@ts3.6 fetched in 44ms
44 silly pacote tag manifest for @types/brace-expansion@ts3.6 fetched in 43ms
45 silly pacote tag manifest for @types/braces@ts3.6 fetched in 43ms
46 silly pacote tag manifest for @types/brorand@ts3.6 fetched in 44ms
47 http fetch GET 200 https://registry.npmjs.org/@types%2fbser 30ms (from cache)
48 http fetch GET 200 https://registry.npmjs.org/@types%2fbytes 28ms (from cache)
49 http fetch GET 200 https://registry.npmjs.org/@types%2fbuffer-xor 29ms (from cache)
50 http fetch GET 200 https://registry.npmjs.org/@types%2fcacache 26ms (from cache)
51 silly pacote tag manifest for @types/bser@ts3.6 fetched in 39ms
52 silly pacote tag manifest for @types/bytes@ts3.6 fetched in 39ms
53 silly pacote tag manifest for @types/buffer-xor@ts3.6 fetched in 41ms
54 silly pacote tag manifest for @types/cacache@ts3.6 fetched in 42ms
55 http fetch GET 200 https://registry.npmjs.org/@types%2fcaniuse-api 33ms (from cache)
56 http fetch GET 200 https://registry.npmjs.org/@types%2fcaniuse-lite 33ms (from cache)
57 http fetch GET 200 https://registry.npmjs.org/@types%2fcase-sensitive-paths-webpack-plugin 33ms (from cache)
58 silly pacote tag manifest for @types/caniuse-api@ts3.6 fetched in 40ms
59 silly pacote tag manifest for @types/caniuse-lite@ts3.6 fetched in 39ms
60 silly pacote tag manifest for @types/case-sensitive-paths-webpack-plugin@ts3.6 fetched in 40ms
61 http fetch GET 200 https://registry.npmjs.org/@types%2fcall-bind 527ms
62 silly fetchPackageMetaData error for @types/call-bind@ts3.6 No matching version found for @types/call-bind@ts3.6.
63 http fetch GET 200 https://registry.npmjs.org/@types%2fchownr 16ms (from cache)
64 silly pacote tag manifest for @types/chownr@ts3.6 fetched in 18ms
65 http fetch GET 304 https://registry.npmjs.org/@types%2fbody-parser 659ms (from cache)
66 silly pacote tag manifest for @types/body-parser@ts3.6 fetched in 663ms
67 http fetch GET 200 https://registry.npmjs.org/@types%2fcipher-base 20ms (from cache)
68 silly pacote tag manifest for @types/cipher-base@ts3.6 fetched in 28ms
69 http fetch GET 200 https://registry.npmjs.org/@types%2fclean-css 16ms (from cache)
70 silly pacote tag manifest for @types/clean-css@ts3.6 fetched in 39ms
71 http fetch GET 200 https://registry.npmjs.org/@types%2fcolor 17ms (from cache)
72 silly pacote tag manifest for @types/color@ts3.6 fetched in 20ms
73 http fetch GET 304 https://registry.npmjs.org/@types%2fco 140ms (from cache)
74 silly pacote tag manifest for @types/co@ts3.6 fetched in 143ms
75 http fetch GET 200 https://registry.npmjs.org/@types%2fcolor-name 19ms (from cache)
76 silly pacote tag manifest for @types/color-name@ts3.6 fetched in 34ms
77 http fetch GET 200 https://registry.npmjs.org/@types%2fcolor-string 23ms (from cache)
78 silly pacote tag manifest for @types/color-string@ts3.6 fetched in 27ms
79 http fetch GET 200 https://registry.npmjs.org/@types%2fcombined-stream 28ms (from cache)
80 http fetch GET 304 https://registry.npmjs.org/@types%2fcolor-convert 206ms (from cache)
81 silly pacote tag manifest for @types/combined-stream@ts3.6 fetched in 42ms
82 silly pacote tag manifest for @types/color-convert@ts3.6 fetched in 219ms
83 http fetch GET 200 https://registry.npmjs.org/@types%2fcommon-tags 25ms (from cache)
84 silly pacote tag manifest for @types/common-tags@ts3.6 fetched in 29ms
85 http fetch GET 200 https://registry.npmjs.org/@types%2fcomponent-emitter 12ms (from cache)
86 silly pacote tag manifest for @types/component-emitter@ts3.6 fetched in 17ms
87 http fetch GET 304 https://registry.npmjs.org/@types%2fasync 1062ms (from cache)
88 silly pacote tag manifest for @types/async@ts3.6 fetched in 1071ms
89 http fetch GET 200 https://registry.npmjs.org/@types%2fcompose-function 12ms (from cache)
90 silly pacote tag manifest for @types/compose-function@ts3.6 fetched in 18ms
91 http fetch GET 200 https://registry.npmjs.org/@types%2fcompressible 12ms (from cache)
92 silly pacote tag manifest for @types/compressible@ts3.6 fetched in 18ms
93 http fetch GET 200 https://registry.npmjs.org/@types%2fcompression 11ms (from cache)
94 silly pacote tag manifest for @types/compression@ts3.6 fetched in 18ms
95 http fetch GET 200 https://registry.npmjs.org/@types%2fconcat-stream 11ms (from cache)
96 silly pacote tag manifest for @types/concat-stream@ts3.6 fetched in 13ms
97 http fetch GET 200 https://registry.npmjs.org/@types%2fconfusing-browser-globals 8ms (from cache)
98 silly pacote tag manifest for @types/confusing-browser-globals@ts3.6 fetched in 11ms
99 http fetch GET 304 https://registry.npmjs.org/@types%2fconcat-map 104ms (from cache)
100 silly pacote tag manifest for @types/concat-map@ts3.6 fetched in 106ms
101 http fetch GET 200 https://registry.npmjs.org/@types%2fcontent-disposition 8ms (from cache)
102 silly pacote tag manifest for @types/content-disposition@ts3.6 fetched in 10ms
103 http fetch GET 304 https://registry.npmjs.org/@types%2fbuffer-from 1648ms (from cache)
104 silly pacote tag manifest for @types/buffer-from@ts3.6 fetched in 1650ms
105 http fetch GET 200 https://registry.npmjs.org/@types%2fconvert-source-map 18ms (from cache)
106 silly pacote tag manifest for @types/convert-source-map@ts3.6 fetched in 21ms
107 http fetch GET 200 https://registry.npmjs.org/@types%2fcookie 9ms (from cache)
108 silly pacote tag manifest for @types/cookie@ts3.6 fetched in 11ms
109 http fetch GET 200 https://registry.npmjs.org/@types%2fcookie-signature 8ms (from cache)
110 silly pacote tag manifest for @types/cookie-signature@ts3.6 fetched in 10ms
111 http fetch GET 200 https://registry.npmjs.org/@types%2fcore-js 4ms (from cache)
112 silly pacote tag manifest for @types/core-js@ts3.6 fetched in 7ms
113 http fetch GET 200 https://registry.npmjs.org/@types%2fcreate-hash 8ms (from cache)
114 silly pacote tag manifest for @types/create-hash@ts3.6 fetched in 9ms
115 http fetch GET 200 https://registry.npmjs.org/@types%2fcreate-hmac 6ms (from cache)
116 silly pacote tag manifest for @types/create-hmac@ts3.6 fetched in 7ms
117 http fetch GET 304 https://registry.npmjs.org/@types%2fcharcodes 1728ms (from cache)
118 silly registry:manifest no matching version for @types/charcodes@ts3.6 in the cache. Forcing revalidation.
119 http fetch GET 304 https://registry.npmjs.org/@types%2fbabel-plugin-macros 2425ms (from cache)
120 http fetch GET 304 https://registry.npmjs.org/@types%2fbluebird 2425ms (from cache)
121 silly pacote tag manifest for @types/babel-plugin-macros@ts3.6 fetched in 2431ms
122 silly pacote tag manifest for @types/bluebird@ts3.6 fetched in 2432ms
123 http fetch GET 200 https://registry.npmjs.org/@types%2fcss 12ms (from cache)
124 http fetch GET 200 https://registry.npmjs.org/@types%2fcss-declaration-sorter 10ms (from cache)
125 silly pacote tag manifest for @types/css@ts3.6 fetched in 15ms
126 silly pacote tag manifest for @types/css-declaration-sorter@ts3.6 fetched in 15ms
127 http fetch GET 200 https://registry.npmjs.org/@types%2fcss-tree 12ms (from cache)
128 http fetch GET 200 https://registry.npmjs.org/@types%2fcssesc 10ms (from cache)
129 silly pacote tag manifest for @types/css-tree@ts3.6 fetched in 15ms
130 silly pacote tag manifest for @types/cssesc@ts3.6 fetched in 15ms
131 http fetch GET 304 https://registry.npmjs.org/@types%2farray.prototype.flat 2647ms (from cache)
132 silly pacote tag manifest for @types/array.prototype.flat@ts3.6 fetched in 2649ms
133 http fetch GET 200 https://registry.npmjs.org/@types%2fcssstyle 5ms (from cache)
134 silly pacote tag manifest for @types/cssstyle@ts3.6 fetched in 7ms
135 http fetch GET 200 https://registry.npmjs.org/@types%2fd 7ms (from cache)
136 silly pacote tag manifest for @types/d@ts3.6 fetched in 9ms
137 http fetch GET 200 https://registry.npmjs.org/@types%2fdamerau-levenshtein 5ms (from cache)
138 silly pacote tag manifest for @types/damerau-levenshtein@ts3.6 fetched in 7ms
139 http fetch GET 304 https://registry.npmjs.org/@types%2fcontent-type 1361ms (from cache)
140 silly pacote tag manifest for @types/content-type@ts3.6 fetched in 1363ms
141 http fetch GET 304 https://registry.npmjs.org/@types%2fcsso 107ms (from cache)
142 silly pacote tag manifest for @types/csso@ts3.6 fetched in 109ms
143 http fetch GET 304 https://registry.npmjs.org/@types%2fdebug 107ms (from cache)
144 silly pacote tag manifest for @types/debug@ts3.6 fetched in 109ms
145 http fetch GET 200 https://registry.npmjs.org/@types%2fdedent 10ms (from cache)
146 silly pacote tag manifest for @types/dedent@ts3.6 fetched in 13ms
147 http fetch GET 200 https://registry.npmjs.org/@types%2fdeep-equal 9ms (from cache)
148 silly pacote tag manifest for @types/deep-equal@ts3.6 fetched in 12ms
149 http fetch GET 200 https://registry.npmjs.org/@types%2fdefault-gateway 6ms (from cache)
150 http fetch GET 304 https://registry.npmjs.org/@types%2fchardet 2503ms (from cache)
151 silly pacote tag manifest for @types/default-gateway@ts3.6 fetched in 8ms
152 silly pacote tag manifest for @types/chardet@ts3.6 fetched in 2506ms
153 http fetch GET 200 https://registry.npmjs.org/@types%2fdepd 12ms (from cache)
154 silly pacote tag manifest for @types/depd@ts3.6 fetched in 14ms
155 http fetch GET 200 https://registry.npmjs.org/@types%2fdestroy 18ms (from cache)
156 silly pacote tag manifest for @types/destroy@ts3.6 fetched in 21ms
157 http fetch GET 304 https://registry.npmjs.org/@types%2fcommondir 2103ms (from cache)
158 silly pacote tag manifest for @types/commondir@ts3.6 fetched in 2106ms
159 http fetch GET 200 https://registry.npmjs.org/@types%2fdiffie-hellman 6ms (from cache)
160 silly pacote tag manifest for @types/diffie-hellman@ts3.6 fetched in 9ms
161 http fetch GET 304 https://registry.npmjs.org/@types%2fcross-spawn 1360ms (from cache)
162 silly pacote tag manifest for @types/cross-spawn@ts3.6 fetched in 1362ms
163 http fetch GET 200 https://registry.npmjs.org/@types%2fdns-packet 5ms (from cache)
164 silly pacote tag manifest for @types/dns-packet@ts3.6 fetched in 7ms
165 http fetch GET 200 https://registry.npmjs.org/@types%2fdoctrine 6ms (from cache)
166 silly pacote tag manifest for @types/doctrine@ts3.6 fetched in 8ms
167 http fetch GET 200 https://registry.npmjs.org/@types%2fdomexception 5ms (from cache)
168 silly pacote tag manifest for @types/domexception@ts3.6 fetched in 6ms
169 http fetch GET 200 https://registry.npmjs.org/@types%2fdomutils 6ms (from cache)
170 silly pacote tag manifest for @types/domutils@ts3.6 fetched in 8ms
171 http fetch GET 304 https://registry.npmjs.org/@types%2fconnect-history-api-fallback 2151ms (from cache)
172 silly pacote tag manifest for @types/connect-history-api-fallback@ts3.6 fetched in 2154ms
173 http fetch GET 200 https://registry.npmjs.org/@types%2fee-first 5ms (from cache)
174 silly pacote tag manifest for @types/ee-first@ts3.6 fetched in 7ms
175 http fetch GET 304 https://registry.npmjs.org/@types%2fduplexify 122ms (from cache)
176 silly pacote tag manifest for @types/duplexify@ts3.6 fetched in 125ms
177 http fetch GET 200 https://registry.npmjs.org/@types%2felliptic 10ms (from cache)
178 silly pacote tag manifest for @types/elliptic@ts3.6 fetched in 12ms
179 http fetch GET 200 https://registry.npmjs.org/@types%2fencodeurl 5ms (from cache)
180 silly pacote tag manifest for @types/encodeurl@ts3.6 fetched in 7ms
181 http fetch GET 304 https://registry.npmjs.org/@types%2fcheck-types 3420ms (from cache)
182 silly pacote tag manifest for @types/check-types@ts3.6 fetched in 3423ms
183 http fetch GET 200 https://registry.npmjs.org/@types%2fenhanced-resolve 8ms (from cache)
184 silly pacote tag manifest for @types/enhanced-resolve@ts3.6 fetched in 11ms
185 http fetch GET 200 https://registry.npmjs.org/@types%2fes-abstract 8ms (from cache)
186 silly pacote tag manifest for @types/es-abstract@ts3.6 fetched in 11ms
187 http fetch GET 200 https://registry.npmjs.org/@types%2fes-to-primitive 5ms (from cache)
188 silly pacote tag manifest for @types/es-to-primitive@ts3.6 fetched in 9ms
189 http fetch GET 200 https://registry.npmjs.org/@types%2fescape-html 6ms (from cache)
190 silly pacote tag manifest for @types/escape-html@ts3.6 fetched in 8ms
191 http fetch GET 200 https://registry.npmjs.org/@types%2fescodegen 5ms (from cache)
192 silly pacote tag manifest for @types/escodegen@ts3.6 fetched in 8ms
193 http fetch GET 200 https://registry.npmjs.org/@types%2feslint 7ms (from cache)
194 silly pacote tag manifest for @types/eslint@ts3.6 fetched in 9ms
195 http fetch GET 200 https://registry.npmjs.org/@types%2feslint-scope 5ms (from cache)
196 silly pacote tag manifest for @types/eslint-scope@ts3.6 fetched in 6ms
197 http fetch GET 304 https://registry.npmjs.org/@types%2fcssom 1374ms (from cache)
198 silly pacote tag manifest for @types/cssom@ts3.6 fetched in 1376ms
199 http fetch GET 200 https://registry.npmjs.org/@types%2feslint-visitor-keys 5ms (from cache)
200 silly pacote tag manifest for @types/eslint-visitor-keys@ts3.6 fetched in 8ms
201 http fetch GET 200 https://registry.npmjs.org/@types%2fesprima 5ms (from cache)
202 silly pacote tag manifest for @types/esprima@ts3.6 fetched in 8ms
203 http fetch GET 200 https://registry.npmjs.org/@types%2fesquery 5ms (from cache)
204 silly pacote tag manifest for @types/esquery@ts3.6 fetched in 8ms
205 http fetch GET 304 https://registry.npmjs.org/@types%2fdata-urls 1383ms (from cache)
206 silly pacote tag manifest for @types/data-urls@ts3.6 fetched in 1386ms
207 http fetch GET 304 https://registry.npmjs.org/@types%2fdecode-uri-component 1352ms (from cache)
208 silly pacote tag manifest for @types/decode-uri-component@ts3.6 fetched in 1354ms
209 http fetch GET 200 https://registry.npmjs.org/@types%2fetag 10ms (from cache)
210 silly pacote tag manifest for @types/etag@ts3.6 fetched in 15ms
211 http fetch GET 304 https://registry.npmjs.org/@types%2festraverse 89ms (from cache)
212 silly pacote tag manifest for @types/estraverse@ts3.6 fetched in 93ms
213 http fetch GET 200 https://registry.npmjs.org/@types%2feventsource 5ms (from cache)
214 silly pacote tag manifest for @types/eventsource@ts3.6 fetched in 8ms
215 http fetch GET 200 https://registry.npmjs.org/@types%2fexit 7ms (from cache)
216 silly pacote tag manifest for @types/exit@ts3.6 fetched in 9ms
217 http fetch GET 200 https://registry.npmjs.org/@types%2fexpress 20ms (from cache)
218 silly pacote tag manifest for @types/express@ts3.6 fetched in 24ms
219 http fetch GET 304 https://registry.npmjs.org/@types%2fevents 102ms (from cache)
220 silly pacote tag manifest for @types/events@ts3.6 fetched in 104ms
221 http fetch GET 200 https://registry.npmjs.org/@types%2fcharcodes 2161ms
222 silly fetchPackageMetaData error for @types/charcodes@ts3.6 No matching version found for @types/charcodes@ts3.6.
223 http fetch GET 304 https://registry.npmjs.org/@types%2ffast-levenshtein 95ms (from cache)
224 silly pacote tag manifest for @types/fast-levenshtein@ts3.6 fetched in 100ms
225 http fetch GET 304 https://registry.npmjs.org/@types%2fejs 1344ms (from cache)
226 silly pacote tag manifest for @types/ejs@ts3.6 fetched in 1348ms
227 http fetch GET 200 https://registry.npmjs.org/@types%2ffill-range 113ms
228 silly fetchPackageMetaData error for @types/fill-range@ts3.6 No matching version found for @types/fill-range@ts3.6.
229 http fetch GET 304 https://registry.npmjs.org/@types%2ffile-loader 657ms (from cache)
230 silly pacote tag manifest for @types/file-loader@ts3.6 fetched in 660ms
231 http fetch GET 304 https://registry.npmjs.org/@types%2fdefine-properties 2068ms (from cache)
232 silly pacote tag manifest for @types/define-properties@ts3.6 fetched in 2070ms
233 http fetch GET 304 https://registry.npmjs.org/@types%2ffinalhandler 88ms (from cache)
234 silly pacote tag manifest for @types/finalhandler@ts3.6 fetched in 90ms
235 http fetch GET 200 https://registry.npmjs.org/@types%2fflush-write-stream 15ms (from cache)
236 silly pacote tag manifest for @types/flush-write-stream@ts3.6 fetched in 21ms
237 http fetch GET 200 https://registry.npmjs.org/@types%2ffollow-redirects 7ms (from cache)
238 silly pacote tag manifest for @types/follow-redirects@ts3.6 fetched in 11ms
239 http fetch GET 304 https://registry.npmjs.org/@types%2fdetect-node 2118ms (from cache)
240 http fetch GET 304 https://registry.npmjs.org/@types%2ffind-cache-dir 109ms (from cache)
241 silly pacote tag manifest for @types/detect-node@ts3.6 fetched in 2126ms
242 silly pacote tag manifest for @types/find-cache-dir@ts3.6 fetched in 113ms
243 http fetch GET 200 https://registry.npmjs.org/@types%2ffrom2 12ms (from cache)
244 silly pacote tag manifest for @types/from2@ts3.6 fetched in 15ms
245 http fetch GET 200 https://registry.npmjs.org/@types%2ffs-extra 5ms (from cache)
246 silly pacote tag manifest for @types/fs-extra@ts3.6 fetched in 8ms
247 http fetch GET 304 https://registry.npmjs.org/@types%2ffresh 100ms (from cache)
248 silly pacote tag manifest for @types/fresh@ts3.6 fetched in 102ms
249 http fetch GET 304 https://registry.npmjs.org/@types%2fdir-glob 2124ms (from cache)
250 silly pacote tag manifest for @types/dir-glob@ts3.6 fetched in 2126ms
251 http fetch GET 304 https://registry.npmjs.org/@types%2fesutils 1389ms (from cache)
252 silly pacote tag manifest for @types/esutils@ts3.6 fetched in 1391ms
253 http fetch GET 200 https://registry.npmjs.org/@types%2fget-value 5ms (from cache)
254 silly pacote tag manifest for @types/get-value@ts3.6 fetched in 6ms
255 http fetch GET 200 https://registry.npmjs.org/@types%2fget-intrinsic 93ms
256 silly fetchPackageMetaData error for @types/get-intrinsic@ts3.6 No matching version found for @types/get-intrinsic@ts3.6.
257 http fetch GET 200 https://registry.npmjs.org/@types%2fglob-parent 5ms (from cache)
258 silly pacote tag manifest for @types/glob-parent@ts3.6 fetched in 7ms
259 http fetch GET 304 https://registry.npmjs.org/@types%2fglob 96ms (from cache)
260 silly pacote tag manifest for @types/glob@ts3.6 fetched in 99ms
261 http fetch GET 200 https://registry.npmjs.org/@types%2fglobal-prefix 4ms (from cache)
262 silly pacote tag manifest for @types/global-prefix@ts3.6 fetched in 5ms
263 http fetch GET 200 https://registry.npmjs.org/@types%2fgraceful-fs 6ms (from cache)
264 silly pacote tag manifest for @types/graceful-fs@ts3.6 fetched in 17ms
265 http fetch GET 304 https://registry.npmjs.org/@types%2ffile-entry-cache 1364ms (from cache)
266 http fetch GET 304 https://registry.npmjs.org/@types%2fend-of-stream 2081ms (from cache)
267 silly pacote tag manifest for @types/file-entry-cache@ts3.6 fetched in 1367ms
268 silly pacote tag manifest for @types/end-of-stream@ts3.6 fetched in 2084ms
269 http fetch GET 200 https://registry.npmjs.org/@types%2fhas-symbols 8ms (from cache)
270 http fetch GET 200 https://registry.npmjs.org/@types%2fhe 8ms (from cache)
271 silly pacote tag manifest for @types/has-symbols@ts3.6 fetched in 11ms
272 silly pacote tag manifest for @types/he@ts3.6 fetched in 11ms
273 http fetch GET 200 https://registry.npmjs.org/@types%2fhex-color-regex 7ms (from cache)
274 http fetch GET 200 https://registry.npmjs.org/@types%2fhoist-non-react-statics 6ms (from cache)
275 silly pacote tag manifest for @types/hex-color-regex@ts3.6 fetched in 9ms
276 silly pacote tag manifest for @types/hoist-non-react-statics@ts3.6 fetched in 9ms
277 http fetch GET 200 https://registry.npmjs.org/@types%2fhosted-git-info 11ms (from cache)
278 http fetch GET 200 https://registry.npmjs.org/@types%2fhtml-encoding-sniffer 11ms (from cache)
279 silly pacote tag manifest for @types/hosted-git-info@ts3.6 fetched in 14ms
280 silly pacote tag manifest for @types/html-encoding-sniffer@ts3.6 fetched in 15ms
281 http fetch GET 200 https://registry.npmjs.org/@types%2fhtml-escaper 21ms (from cache)
282 http fetch GET 200 https://registry.npmjs.org/@types%2fhtml-minifier-terser 21ms (from cache)
283 silly pacote tag manifest for @types/html-escaper@ts3.6 fetched in 25ms
284 silly pacote tag manifest for @types/html-minifier-terser@ts3.6 fetched in 31ms
285 http fetch GET 200 https://registry.npmjs.org/@types%2fhttp-errors 18ms (from cache)
286 http fetch GET 200 https://registry.npmjs.org/@types%2fhttp-proxy 12ms (from cache)
287 silly pacote tag manifest for @types/http-errors@ts3.6 fetched in 23ms
288 silly pacote tag manifest for @types/http-proxy@ts3.6 fetched in 16ms
289 http fetch GET 200 https://registry.npmjs.org/@types%2ficss-utils 14ms (from cache)
290 http fetch GET 200 https://registry.npmjs.org/@types%2fiferr 11ms (from cache)
291 silly pacote tag manifest for @types/icss-utils@ts3.6 fetched in 17ms
292 silly pacote tag manifest for @types/iferr@ts3.6 fetched in 15ms
293 http fetch GET 200 https://registry.npmjs.org/@types%2fimurmurhash 9ms (from cache)
294 silly pacote tag manifest for @types/imurmurhash@ts3.6 fetched in 13ms
295 http fetch GET 304 https://registry.npmjs.org/@types%2feslint-utils 2383ms (from cache)
296 silly pacote tag manifest for @types/eslint-utils@ts3.6 fetched in 2385ms
297 http fetch GET 304 https://registry.npmjs.org/@types%2ffb-watchman 2092ms (from cache)
298 silly pacote tag manifest for @types/fb-watchman@ts3.6 fetched in 2095ms
299 http fetch GET 200 https://registry.npmjs.org/@types%2finternal-slot 4ms (from cache)
300 silly pacote tag manifest for @types/internal-slot@ts3.6 fetched in 6ms
301 http fetch GET 200 https://registry.npmjs.org/@types%2fip 4ms (from cache)
302 silly pacote tag manifest for @types/ip@ts3.6 fetched in 7ms
303 http fetch GET 200 https://registry.npmjs.org/@types%2fis-arguments 5ms (from cache)
304 silly pacote tag manifest for @types/is-arguments@ts3.6 fetched in 6ms
305 http fetch GET 304 https://registry.npmjs.org/@types%2fforwarded 1362ms (from cache)
306 silly pacote tag manifest for @types/forwarded@ts3.6 fetched in 1364ms
307 http fetch GET 200 https://registry.npmjs.org/@types%2fis-bigint 88ms
308 silly fetchPackageMetaData error for @types/is-bigint@ts3.6 No matching version found for @types/is-bigint@ts3.6.
309 http fetch GET 200 https://registry.npmjs.org/@types%2fis-buffer 6ms (from cache)
310 silly pacote tag manifest for @types/is-buffer@ts3.6 fetched in 7ms
311 http fetch GET 200 https://registry.npmjs.org/@types%2fis-callable 5ms (from cache)
312 silly pacote tag manifest for @types/is-callable@ts3.6 fetched in 6ms
313 http fetch GET 200 https://registry.npmjs.org/@types%2fis-ci 4ms (from cache)
314 silly pacote tag manifest for @types/is-ci@ts3.6 fetched in 7ms
315 http fetch GET 200 https://registry.npmjs.org/@types%2fis-core-module 5ms (from cache)
316 silly pacote tag manifest for @types/is-core-module@ts3.6 fetched in 7ms
317 http fetch GET 200 https://registry.npmjs.org/@types%2fis-boolean-object 97ms
318 silly fetchPackageMetaData error for @types/is-boolean-object@ts3.6 No matching version found for @types/is-boolean-object@ts3.6.
319 http fetch GET 304 https://registry.npmjs.org/@types%2ffunctional-red-black-tree 1369ms (from cache)
320 silly pacote tag manifest for @types/functional-red-black-tree@ts3.6 fetched in 1370ms
321 http fetch GET 200 https://registry.npmjs.org/@types%2fis-glob 13ms (from cache)
322 silly pacote tag manifest for @types/is-glob@ts3.6 fetched in 15ms
323 http fetch GET 200 https://registry.npmjs.org/@types%2fis-number 5ms (from cache)
324 http fetch GET 200 https://registry.npmjs.org/@types%2fis-data-descriptor 87ms
325 silly fetchPackageMetaData error for @types/is-data-descriptor@ts3.6 No matching version found for @types/is-data-descriptor@ts3.6.
326 silly pacote tag manifest for @types/is-number@ts3.6 fetched in 10ms
327 http fetch GET 304 https://registry.npmjs.org/@types%2fis-date-object 88ms (from cache)
328 silly pacote tag manifest for @types/is-date-object@ts3.6 fetched in 91ms
329 http fetch GET 304 https://registry.npmjs.org/@types%2fis-regex 90ms (from cache)
330 silly pacote tag manifest for @types/is-regex@ts3.6 fetched in 94ms
331 http fetch GET 200 https://registry.npmjs.org/@types%2fis-windows 5ms (from cache)
332 http fetch GET 200 https://registry.npmjs.org/@types%2fis-string 97ms
333 silly pacote tag manifest for @types/is-windows@ts3.6 fetched in 6ms
334 silly fetchPackageMetaData error for @types/is-string@ts3.6 No matching version found for @types/is-string@ts3.6.
335 http fetch GET 304 https://registry.npmjs.org/@types%2fglobal-modules 1338ms (from cache)
336 silly pacote tag manifest for @types/global-modules@ts3.6 fetched in 1342ms
337 http fetch GET 200 https://registry.npmjs.org/@types%2fistanbul-lib-coverage 13ms (from cache)
338 silly pacote tag manifest for @types/istanbul-lib-coverage@ts3.6 fetched in 17ms
339 http fetch GET 304 https://registry.npmjs.org/@types%2fhas 1331ms (from cache)
340 silly pacote tag manifest for @types/has@ts3.6 fetched in 1333ms
341 http fetch GET 200 https://registry.npmjs.org/@types%2fistanbul-lib-report 6ms (from cache)
342 silly pacote tag manifest for @types/istanbul-lib-report@ts3.6 fetched in 8ms
343 http fetch GET 304 https://registry.npmjs.org/@types%2fflat-cache 2095ms (from cache)
344 silly pacote tag manifest for @types/flat-cache@ts3.6 fetched in 2098ms
345 http fetch GET 200 https://registry.npmjs.org/@types%2fistanbul-reports 5ms (from cache)
346 silly pacote tag manifest for @types/istanbul-reports@ts3.6 fetched in 7ms
347 http fetch GET 304 https://registry.npmjs.org/@types%2finherits 1372ms (from cache)
348 http fetch GET 304 https://registry.npmjs.org/@types%2ffunction-bind 2041ms (from cache)
349 silly pacote tag manifest for @types/inherits@ts3.6 fetched in 1374ms
350 silly pacote tag manifest for @types/function-bind@ts3.6 fetched in 2045ms
351 http fetch GET 200 https://registry.npmjs.org/@types%2fjs-yaml 7ms (from cache)
352 silly pacote tag manifest for @types/js-yaml@ts3.6 fetched in 10ms
353 http fetch GET 200 https://registry.npmjs.org/@types%2fjsdom 8ms (from cache)
354 silly pacote tag manifest for @types/jsdom@ts3.6 fetched in 11ms
355 http fetch GET 200 https://registry.npmjs.org/@types%2fjsesc 7ms (from cache)
356 silly pacote tag manifest for @types/jsesc@ts3.6 fetched in 14ms
357 http fetch GET 200 https://registry.npmjs.org/@types%2fjson-parse-better-errors 13ms (from cache)
358 silly pacote tag manifest for @types/json-parse-better-errors@ts3.6 fetched in 20ms
359 http fetch GET 200 https://registry.npmjs.org/@types%2fjsonfile 14ms (from cache)
360 silly pacote tag manifest for @types/jsonfile@ts3.6 fetched in 19ms
361 http fetch GET 200 https://registry.npmjs.org/@types%2fkind-of 10ms (from cache)
362 silly pacote tag manifest for @types/kind-of@ts3.6 fetched in 15ms
363 http fetch GET 200 https://registry.npmjs.org/@types%2floader-runner 5ms (from cache)
364 http fetch GET 304 https://registry.npmjs.org/@types%2fjs-levenshtein 114ms (from cache)
365 silly pacote tag manifest for @types/loader-runner@ts3.6 fetched in 8ms
366 silly pacote tag manifest for @types/js-levenshtein@ts3.6 fetched in 117ms
367 http fetch GET 200 https://registry.npmjs.org/@types%2floader-utils 9ms (from cache)
368 http fetch GET 200 https://registry.npmjs.org/@types%2flodash 8ms (from cache)
369 silly pacote tag manifest for @types/loader-utils@ts3.6 fetched in 13ms
370 silly pacote tag manifest for @types/lodash@ts3.6 fetched in 13ms
371 http fetch GET 200 https://registry.npmjs.org/@types%2flodash.debounce 8ms (from cache)
372 silly pacote tag manifest for @types/lodash.debounce@ts3.6 fetched in 11ms
373 http fetch GET 304 https://registry.npmjs.org/@types%2fini 2062ms (from cache)
374 silly pacote tag manifest for @types/ini@ts3.6 fetched in 2064ms
375 http fetch GET 304 https://registry.npmjs.org/@types%2fis-typedarray 1367ms (from cache)
376 silly pacote tag manifest for @types/is-typedarray@ts3.6 fetched in 1369ms
377 http fetch GET 304 https://registry.npmjs.org/@types%2flodash.template 79ms (from cache)
378 silly pacote tag manifest for @types/lodash.template@ts3.6 fetched in 82ms
379 http fetch GET 304 https://registry.npmjs.org/@types%2fistanbul-lib-instrument 1364ms (from cache)
380 silly pacote tag manifest for @types/istanbul-lib-instrument@ts3.6 fetched in 1368ms
381 http fetch GET 304 https://registry.npmjs.org/@types%2finquirer 2104ms (from cache)
382 silly pacote tag manifest for @types/inquirer@ts3.6 fetched in 2107ms
383 http fetch GET 304 https://registry.npmjs.org/@types%2fisarray 2129ms (from cache)
384 http fetch GET 304 https://registry.npmjs.org/@types%2fisexe 2127ms (from cache)
385 silly pacote tag manifest for @types/isarray@ts3.6 fetched in 2140ms
386 silly pacote tag manifest for @types/isexe@ts3.6 fetched in 2139ms
387 http fetch GET 304 https://registry.npmjs.org/@types%2fistanbul-lib-source-maps 2119ms (from cache)
388 silly pacote tag manifest for @types/istanbul-lib-source-maps@ts3.6 fetched in 2121ms
389 http fetch GET 304 https://registry.npmjs.org/@types%2flodash.sortby 1331ms (from cache)
390 silly pacote tag manifest for @types/lodash.sortby@ts3.6 fetched in 1333ms
391 http fetch GET 200 https://registry.npmjs.org/@types%2flanguage-tags 2112ms
392 silly fetchPackageMetaData error for @types/language-tags@ts3.6 No matching version found for @types/language-tags@ts3.6.
393 http fetch GET 304 https://registry.npmjs.org/@types%2flodash.memoize 2086ms (from cache)
394 silly pacote tag manifest for @types/lodash.memoize@ts3.6 fetched in 2087ms
395 http fetch GET 304 https://registry.npmjs.org/@types%2flodash.merge 2135ms (from cache)
396 silly pacote tag manifest for @types/lodash.merge@ts3.6 fetched in 2137ms
397 http fetch GET 304 https://registry.npmjs.org/@types%2flodash.truncate 1323ms (from cache)
398 silly pacote tag manifest for @types/lodash.truncate@ts3.6 fetched in 1325ms
399 http fetch GET 304 https://registry.npmjs.org/@types%2flz-string 1340ms (from cache)
400 silly pacote tag manifest for @types/lz-string@ts3.6 fetched in 1341ms
401 http fetch GET 304 https://registry.npmjs.org/@types%2flodash.uniq 2103ms (from cache)
402 silly pacote tag manifest for @types/lodash.uniq@ts3.6 fetched in 2105ms
403 http fetch GET 304 https://registry.npmjs.org/@types%2fmemory-fs 2070ms (from cache)
404 silly pacote tag manifest for @types/memory-fs@ts3.6 fetched in 2072ms
405 http fetch GET 304 https://registry.npmjs.org/@types%2fmedia-typer 2100ms (from cache)
406 silly pacote tag manifest for @types/media-typer@ts3.6 fetched in 2102ms
407 timing stage:rollbackFailedOptional Completed in 1ms
408 timing stage:runTopLevelLifecycles Completed in 11079ms
409 verbose type tag
410 verbose stack @types/call-bind: No matching version found for @types/call-bind@ts3.6.
410 verbose stack     at pickManifest (/usr/local/lib/node_modules/npm/node_modules/npm-pick-manifest/index.js:122:13)
410 verbose stack     at /usr/local/lib/node_modules/npm/node_modules/pacote/lib/fetchers/registry/manifest.js:24:14
410 verbose stack     at tryCatcher (/usr/local/lib/node_modules/npm/node_modules/bluebird/js/release/util.js:16:23)
410 verbose stack     at Promise._settlePromiseFromHandler (/usr/local/lib/node_modules/npm/node_modules/bluebird/js/release/promise.js:517:31)
410 verbose stack     at Promise._settlePromise (/usr/local/lib/node_modules/npm/node_modules/bluebird/js/release/promise.js:574:18)
410 verbose stack     at Promise._settlePromise0 (/usr/local/lib/node_modules/npm/node_modules/bluebird/js/release/promise.js:619:10)
410 verbose stack     at Promise._settlePromises (/usr/local/lib/node_modules/npm/node_modules/bluebird/js/release/promise.js:699:18)
410 verbose stack     at _drainQueueStep (/usr/local/lib/node_modules/npm/node_modules/bluebird/js/release/async.js:138:12)
410 verbose stack     at _drainQueue (/usr/local/lib/node_modules/npm/node_modules/bluebird/js/release/async.js:131:9)
410 verbose stack     at Async._drainQueues (/usr/local/lib/node_modules/npm/node_modules/bluebird/js/release/async.js:147:5)
410 verbose stack     at Immediate.Async.drainQueues [as _onImmediate] (/usr/local/lib/node_modules/npm/node_modules/bluebird/js/release/async.js:17:14)
410 verbose stack     at processImmediate (internal/timers.js:456:21)
411 verbose cwd /home/theia/.cache/typescript/3.6
412 verbose Linux 5.4.72-microsoft-standard-WSL2
413 verbose argv "/usr/local/bin/node" "/usr/local/bin/npm" "install" "--ignore-scripts" "@types/accepts@ts3.6" "@types/acorn@ts3.6" "@types/argparse@ts3.6" "@types/aria-query@ts3.6" "@types/arr-diff@ts3.6" "@types/arr-union@ts3.6" "@types/array-unique@ts3.6" "@types/array.prototype.flat@ts3.6" "@types/array.prototype.flatmap@ts3.6" "@types/asap@ts3.6" "@types/assert@ts3.6" "@types/async@ts3.6" "@types/atob@ts3.6" "@types/babel-plugin-macros@ts3.6" "@types/babylon@ts3.6" "@types/balanced-match@ts3.6" "@types/big.js@ts3.6" "@types/bluebird@ts3.6" "@types/bn.js@ts3.6" "@types/body-parser@ts3.6" "@types/bonjour@ts3.6" "@types/boolbase@ts3.6" "@types/brace-expansion@ts3.6" "@types/braces@ts3.6" "@types/brorand@ts3.6" "@types/bser@ts3.6" "@types/buffer-from@ts3.6" "@types/buffer-xor@ts3.6" "@types/bytes@ts3.6" "@types/cacache@ts3.6" "@types/call-bind@ts3.6" "@types/caniuse-api@ts3.6" "@types/caniuse-lite@ts3.6" "@types/case-sensitive-paths-webpack-plugin@ts3.6" "@types/charcodes@ts3.6" "@types/chardet@ts3.6" "@types/check-types@ts3.6" "@types/chownr@ts3.6" "@types/cipher-base@ts3.6" "@types/clean-css@ts3.6" "@types/co@ts3.6" "@types/color@ts3.6" "@types/color-convert@ts3.6" "@types/color-name@ts3.6" "@types/color-string@ts3.6" "@types/combined-stream@ts3.6" "@types/common-tags@ts3.6" "@types/commondir@ts3.6" "@types/component-emitter@ts3.6" "@types/compose-function@ts3.6" "@types/compressible@ts3.6" "@types/compression@ts3.6" "@types/concat-map@ts3.6" "@types/concat-stream@ts3.6" "@types/confusing-browser-globals@ts3.6" "@types/connect-history-api-fallback@ts3.6" "@types/content-disposition@ts3.6" "@types/content-type@ts3.6" "@types/convert-source-map@ts3.6" "@types/cookie@ts3.6" "@types/cookie-signature@ts3.6" "@types/core-js@ts3.6" "@types/create-hash@ts3.6" "@types/create-hmac@ts3.6" "@types/cross-spawn@ts3.6" "@types/css@ts3.6" "@types/css-declaration-sorter@ts3.6" "@types/css-tree@ts3.6" "@types/cssesc@ts3.6" "@types/csso@ts3.6" "@types/cssom@ts3.6" "@types/cssstyle@ts3.6" "@types/d@ts3.6" "@types/damerau-levenshtein@ts3.6" "@types/data-urls@ts3.6" "@types/debug@ts3.6" "@types/decode-uri-component@ts3.6" "@types/dedent@ts3.6" "@types/deep-equal@ts3.6" "@types/default-gateway@ts3.6" "@types/define-properties@ts3.6" "@types/depd@ts3.6" "@types/destroy@ts3.6" "@types/detect-node@ts3.6" "@types/diffie-hellman@ts3.6" "@types/dir-glob@ts3.6" "@types/dns-packet@ts3.6" "@types/doctrine@ts3.6" "@types/domexception@ts3.6" "@types/domutils@ts3.6" "@types/duplexify@ts3.6" "@types/ee-first@ts3.6" "@types/ejs@ts3.6" "@types/elliptic@ts3.6" "@types/encodeurl@ts3.6" "@types/end-of-stream@ts3.6" "@types/enhanced-resolve@ts3.6" "@types/es-abstract@ts3.6" "@types/es-to-primitive@ts3.6" "@types/escape-html@ts3.6" "@types/escodegen@ts3.6" "@types/eslint@ts3.6" "@types/eslint-scope@ts3.6" "@types/eslint-utils@ts3.6" "@types/eslint-visitor-keys@ts3.6" "@types/esprima@ts3.6" "@types/esquery@ts3.6" "@types/estraverse@ts3.6" "@types/esutils@ts3.6" "@types/etag@ts3.6" "@types/events@ts3.6" "@types/eventsource@ts3.6" "@types/exit@ts3.6" "@types/express@ts3.6" "@types/fast-levenshtein@ts3.6" "@types/fb-watchman@ts3.6" "@types/file-entry-cache@ts3.6" "@types/file-loader@ts3.6" "@types/fill-range@ts3.6" "@types/finalhandler@ts3.6" "@types/find-cache-dir@ts3.6" "@types/flat-cache@ts3.6" "@types/flush-write-stream@ts3.6" "@types/follow-redirects@ts3.6" "@types/forwarded@ts3.6" "@types/fresh@ts3.6" "@types/from2@ts3.6" "@types/fs-extra@ts3.6" "@types/function-bind@ts3.6" "@types/functional-red-black-tree@ts3.6" "@types/get-intrinsic@ts3.6" "@types/get-value@ts3.6" "@types/glob@ts3.6" "@types/glob-parent@ts3.6" "@types/global-modules@ts3.6" "@types/global-prefix@ts3.6" "@types/graceful-fs@ts3.6" "@types/has@ts3.6" "@types/has-symbols@ts3.6" "@types/he@ts3.6" "@types/hex-color-regex@ts3.6" "@types/hoist-non-react-statics@ts3.6" "@types/hosted-git-info@ts3.6" "@types/html-encoding-sniffer@ts3.6" "@types/html-escaper@ts3.6" "@types/html-minifier-terser@ts3.6" "@types/http-errors@ts3.6" "@types/http-proxy@ts3.6" "@types/icss-utils@ts3.6" "@types/iferr@ts3.6" "@types/imurmurhash@ts3.6" "@types/inherits@ts3.6" "@types/ini@ts3.6" "@types/inquirer@ts3.6" "@types/internal-slot@ts3.6" "@types/ip@ts3.6" "@types/is-arguments@ts3.6" "@types/is-bigint@ts3.6" "@types/is-boolean-object@ts3.6" "@types/is-buffer@ts3.6" "@types/is-callable@ts3.6" "@types/is-ci@ts3.6" "@types/is-core-module@ts3.6" "@types/is-data-descriptor@ts3.6" "@types/is-date-object@ts3.6" "@types/is-glob@ts3.6" "@types/is-number@ts3.6" "@types/is-regex@ts3.6" "@types/is-string@ts3.6" "@types/is-typedarray@ts3.6" "@types/is-windows@ts3.6" "@types/isarray@ts3.6" "@types/isexe@ts3.6" "@types/istanbul-lib-coverage@ts3.6" "@types/istanbul-lib-instrument@ts3.6" "@types/istanbul-lib-report@ts3.6" "@types/istanbul-lib-source-maps@ts3.6" "@types/istanbul-reports@ts3.6" "@types/js-levenshtein@ts3.6" "@types/js-yaml@ts3.6" "@types/jsdom@ts3.6" "@types/jsesc@ts3.6" "@types/json-parse-better-errors@ts3.6" "@types/jsonfile@ts3.6" "@types/kind-of@ts3.6" "@types/language-tags@ts3.6" "@types/loader-runner@ts3.6" "@types/loader-utils@ts3.6" "@types/lodash@ts3.6" "@types/lodash.debounce@ts3.6" "@types/lodash.memoize@ts3.6" "@types/lodash.merge@ts3.6" "@types/lodash.sortby@ts3.6" "@types/lodash.template@ts3.6" "@types/lodash.truncate@ts3.6" "@types/lodash.uniq@ts3.6" "@types/lz-string@ts3.6" "@types/media-typer@ts3.6" "@types/memory-fs@ts3.6" "--save-dev" "--user-agent=typesInstaller/3.6.3"
414 verbose node v12.18.3
415 verbose npm  v6.14.6
416 error code ETARGET
417 error notarget No matching version found for @types/call-bind@ts3.6.
418 error notarget In most cases you or one of your dependencies are requesting
418 error notarget a package version that doesn't exist.
419 verbose exit [ 1, true ]
