0 info it worked if it ends with ok
1 verbose cli [
1 verbose cli   '/usr/local/bin/node',
1 verbose cli   '/usr/local/bin/npm',
1 verbose cli   'install',
1 verbose cli   '--ignore-scripts',
1 verbose cli   '@types/lodash.memoize@ts3.6',
1 verbose cli   '@types/lodash.template@ts3.6',
1 verbose cli   '@types/lodash.truncate@ts3.6',
1 verbose cli   '@types/lodash.uniq@ts3.6',
1 verbose cli   '@types/lz-string@ts3.6',
1 verbose cli   '@types/media-typer@ts3.6',
1 verbose cli   '@types/memory-fs@ts3.6',
1 verbose cli   '@types/memorystream@ts3.6',
1 verbose cli   '@types/merge-descriptors@ts3.6',
1 verbose cli   '@types/merge-stream@ts3.6',
1 verbose cli   '@types/merge2@ts3.6',
1 verbose cli   '@types/methods@ts3.6',
1 verbose cli   '@types/micromatch@ts3.6',
1 verbose cli   '@types/mime@ts3.6',
1 verbose cli   '@types/mime-db@ts3.6',
1 verbose cli   '@types/mime-types@ts3.6',
1 verbose cli   '@types/min-indent@ts3.6',
1 verbose cli   '@types/minimalistic-assert@ts3.6',
1 verbose cli   '@types/minimatch@ts3.6',
1 verbose cli   '@types/minimist@ts3.6',
1 verbose cli   '@types/minipass@ts3.6',
1 verbose cli   '@types/minizlib@ts3.6',
1 verbose cli   '@types/mkdirp@ts3.6',
1 verbose cli   '@types/move-concurrently@ts3.6',
1 verbose cli   '@types/ms@ts3.6',
1 verbose cli   '@types/multicast-dns@ts3.6',
1 verbose cli   '@types/natural-compare@ts3.6',
1 verbose cli   '@types/negotiator@ts3.6',
1 verbose cli   '@types/next-tick@ts3.6',
1 verbose cli   '@types/nice-try@ts3.6',
1 verbose cli   '@types/node-forge@ts3.6',
1 verbose cli   '@types/node-int64@ts3.6',
1 verbose cli   '@types/node-notifier@ts3.6',
1 verbose cli   '@types/normalize-package-data@ts3.6',
1 verbose cli   '@types/normalize-path@ts3.6',
1 verbose cli   '@types/num2fraction@ts3.6',
1 verbose cli   '@types/nwsapi@ts3.6',
1 verbose cli   '@types/object-assign@ts3.6',
1 verbose cli   '@types/object-inspect@ts3.6',
1 verbose cli   '@types/object-keys@ts3.6',
1 verbose cli   '@types/object.fromentries@ts3.6',
1 verbose cli   '@types/object.getownpropertydescriptors@ts3.6',
1 verbose cli   '@types/object.pick@ts3.6',
1 verbose cli   '@types/on-finished@ts3.6',
1 verbose cli   '@types/on-headers@ts3.6',
1 verbose cli   '@types/once@ts3.6',
1 verbose cli   '@types/optimize-css-assets-webpack-plugin@ts3.6',
1 verbose cli   '@types/original@ts3.6',
1 verbose cli   '@types/pako@ts3.6',
1 verbose cli   '@types/parallel-transform@ts3.6',
1 verbose cli   '@types/parse-json@ts3.6',
1 verbose cli   '@types/parse5@ts3.6',
1 verbose cli   '@types/parseurl@ts3.6',
1 verbose cli   '@types/pascalcase@ts3.6',
1 verbose cli   '@types/path-browserify@ts3.6',
1 verbose cli   '@types/path-is-absolute@ts3.6',
1 verbose cli   '@types/path-is-inside@ts3.6',
1 verbose cli   '@types/path-parse@ts3.6',
1 verbose cli   '@types/pbkdf2@ts3.6',
1 verbose cli   '@types/picomatch@ts3.6',
1 verbose cli   '@types/pify@ts3.6',
1 verbose cli   '@types/postcss-flexbugs-fixes@ts3.6',
1 verbose cli   '@types/postcss-gap-properties@ts3.6',
1 verbose cli   '@types/postcss-modules-extract-imports@ts3.6',
1 verbose cli   '@types/postcss-modules-local-by-default@ts3.6',
1 verbose cli   '@types/postcss-modules-scope@ts3.6',
1 verbose cli   '@types/postcss-modules-values@ts3.6',
1 verbose cli   '@types/postcss-normalize@ts3.6',
1 verbose cli   '@types/postcss-preset-env@ts3.6',
1 verbose cli   '@types/postcss-safe-parser@ts3.6',
1 verbose cli   '@types/prelude-ls@ts3.6',
1 verbose cli   '@types/prettier-linter-helpers@ts3.6',
1 verbose cli   '@types/progress@ts3.6',
1 verbose cli   '@types/promise-inflight@ts3.6',
1 verbose cli   '@types/prompts@ts3.6',
1 verbose cli   '@types/prop-types@ts3.6',
1 verbose cli   '@types/proxy-addr@ts3.6',
1 verbose cli   '@types/psl@ts3.6',
1 verbose cli   '@types/pump@ts3.6',
1 verbose cli   '@types/pumpify@ts3.6',
1 verbose cli   '@types/punycode@ts3.6',
1 verbose cli   '@types/q@ts3.6',
1 verbose cli   '@types/qs@ts3.6',
1 verbose cli   '@types/querystringify@ts3.6',
1 verbose cli   '@types/raf@ts3.6',
1 verbose cli   '@types/randombytes@ts3.6',
1 verbose cli   '@types/range-parser@ts3.6',
1 verbose cli   '@types/react-dev-utils@ts3.6',
1 verbose cli   '@types/react-is@ts3.6',
1 verbose cli   '@types/react-router@ts3.6',
1 verbose cli   '@types/readable-stream@ts3.6',
1 verbose cli   '@types/recursive-readdir@ts3.6',
1 verbose cli   '@types/regenerate@ts3.6',
1 verbose cli   '@types/regenerator-runtime@ts3.6',
1 verbose cli   '@types/regex-not@ts3.6',
1 verbose cli   '@types/relateurl@ts3.6',
1 verbose cli   ... 110 more items
1 verbose cli ]
2 info using npm@6.14.6
3 info using node@v12.18.3
4 verbose npm-session 0459d786dba08d1c
5 silly install loadCurrentTree
6 silly install readLocalPackageData
7 http fetch GET 304 https://registry.npmjs.org/@types%2flodash.template 436ms (from cache)
8 http fetch GET 304 https://registry.npmjs.org/@types%2fmedia-typer 431ms (from cache)
9 silly pacote tag manifest for @types/lodash.template@ts3.6 fetched in 440ms
10 silly pacote tag manifest for @types/media-typer@ts3.6 fetched in 441ms
11 http fetch GET 304 https://registry.npmjs.org/@types%2fmerge2 125ms (from cache)
12 silly pacote tag manifest for @types/merge2@ts3.6 fetched in 129ms
13 http fetch GET 304 https://registry.npmjs.org/@types%2fmethods 111ms (from cache)
14 silly pacote tag manifest for @types/methods@ts3.6 fetched in 118ms
15 http fetch GET 304 https://registry.npmjs.org/@types%2fmime 93ms (from cache)
16 http fetch GET 304 https://registry.npmjs.org/@types%2fmicromatch 104ms (from cache)
17 silly pacote tag manifest for @types/mime@ts3.6 fetched in 96ms
18 silly pacote tag manifest for @types/micromatch@ts3.6 fetched in 108ms
19 http fetch GET 304 https://registry.npmjs.org/@types%2fmime-db 112ms (from cache)
20 silly pacote tag manifest for @types/mime-db@ts3.6 fetched in 114ms
21 http fetch GET 304 https://registry.npmjs.org/@types%2fmemory-fs 1389ms (from cache)
22 silly pacote tag manifest for @types/memory-fs@ts3.6 fetched in 1392ms
23 http fetch GET 304 https://registry.npmjs.org/@types%2fminimalistic-assert 103ms (from cache)
24 silly pacote tag manifest for @types/minimalistic-assert@ts3.6 fetched in 105ms
25 http fetch GET 304 https://registry.npmjs.org/@types%2fminimatch 116ms (from cache)
26 silly pacote tag manifest for @types/minimatch@ts3.6 fetched in 118ms
27 http fetch GET 304 https://registry.npmjs.org/@types%2flz-string 1711ms (from cache)
28 silly pacote tag manifest for @types/lz-string@ts3.6 fetched in 1716ms
29 http fetch GET 304 https://registry.npmjs.org/@types%2fminimist 104ms (from cache)
30 silly pacote tag manifest for @types/minimist@ts3.6 fetched in 107ms
31 http fetch GET 304 https://registry.npmjs.org/@types%2fminizlib 105ms (from cache)
32 http fetch GET 304 https://registry.npmjs.org/@types%2fminipass 118ms (from cache)
33 silly pacote tag manifest for @types/minizlib@ts3.6 fetched in 107ms
34 silly pacote tag manifest for @types/minipass@ts3.6 fetched in 125ms
35 http fetch GET 304 https://registry.npmjs.org/@types%2fmkdirp 94ms (from cache)
36 silly pacote tag manifest for @types/mkdirp@ts3.6 fetched in 95ms
37 http fetch GET 304 https://registry.npmjs.org/@types%2fmin-indent 1353ms (from cache)
38 silly pacote tag manifest for @types/min-indent@ts3.6 fetched in 1355ms
39 http fetch GET 304 https://registry.npmjs.org/@types%2flodash.uniq 2336ms (from cache)
40 silly pacote tag manifest for @types/lodash.uniq@ts3.6 fetched in 2340ms
41 http fetch GET 304 https://registry.npmjs.org/@types%2flodash.memoize 2385ms (from cache)
42 silly pacote tag manifest for @types/lodash.memoize@ts3.6 fetched in 2395ms
43 http fetch GET 304 https://registry.npmjs.org/@types%2fmerge-stream 2424ms (from cache)
44 silly pacote tag manifest for @types/merge-stream@ts3.6 fetched in 2426ms
45 http fetch GET 304 https://registry.npmjs.org/@types%2fmerge-descriptors 2459ms (from cache)
46 silly pacote tag manifest for @types/merge-descriptors@ts3.6 fetched in 2465ms
47 http fetch GET 304 https://registry.npmjs.org/@types%2fnegotiator 104ms (from cache)
48 silly pacote tag manifest for @types/negotiator@ts3.6 fetched in 106ms
49 http fetch GET 304 https://registry.npmjs.org/@types%2fnice-try 88ms (from cache)
50 silly pacote tag manifest for @types/nice-try@ts3.6 fetched in 89ms
51 http fetch GET 304 https://registry.npmjs.org/@types%2flodash.truncate 2635ms (from cache)
52 silly pacote tag manifest for @types/lodash.truncate@ts3.6 fetched in 2641ms
53 http fetch GET 304 https://registry.npmjs.org/@types%2fmemorystream 2650ms (from cache)
54 silly pacote tag manifest for @types/memorystream@ts3.6 fetched in 2652ms
55 http fetch GET 304 https://registry.npmjs.org/@types%2fnode-notifier 89ms (from cache)
56 silly pacote tag manifest for @types/node-notifier@ts3.6 fetched in 91ms
57 http fetch GET 304 https://registry.npmjs.org/@types%2fnormalize-package-data 86ms (from cache)
58 silly pacote tag manifest for @types/normalize-package-data@ts3.6 fetched in 87ms
59 http fetch GET 304 https://registry.npmjs.org/@types%2fmime-types 2118ms (from cache)
60 silly pacote tag manifest for @types/mime-types@ts3.6 fetched in 2121ms
61 http fetch GET 304 https://registry.npmjs.org/@types%2fmulticast-dns 1387ms (from cache)
62 silly pacote tag manifest for @types/multicast-dns@ts3.6 fetched in 1392ms
63 http fetch GET 304 https://registry.npmjs.org/@types%2fobject-assign 131ms (from cache)
64 silly pacote tag manifest for @types/object-assign@ts3.6 fetched in 143ms
65 http fetch GET 304 https://registry.npmjs.org/@types%2fobject-inspect 103ms (from cache)
66 silly pacote tag manifest for @types/object-inspect@ts3.6 fetched in 104ms
67 http fetch GET 304 https://registry.npmjs.org/@types%2fnode-forge 1401ms (from cache)
68 silly pacote tag manifest for @types/node-forge@ts3.6 fetched in 1404ms
69 http fetch GET 304 https://registry.npmjs.org/@types%2fnode-int64 1332ms (from cache)
70 silly pacote tag manifest for @types/node-int64@ts3.6 fetched in 1338ms
71 http fetch GET 304 https://registry.npmjs.org/@types%2fmove-concurrently 2111ms (from cache)
72 silly pacote tag manifest for @types/move-concurrently@ts3.6 fetched in 2114ms
73 http fetch GET 304 https://registry.npmjs.org/@types%2fobject.getownpropertydescriptors 108ms (from cache)
74 silly pacote tag manifest for @types/object.getownpropertydescriptors@ts3.6 fetched in 111ms
75 http fetch GET 304 https://registry.npmjs.org/@types%2fms 2166ms (from cache)
76 silly pacote tag manifest for @types/ms@ts3.6 fetched in 2169ms
77 http fetch GET 304 https://registry.npmjs.org/@types%2fnwsapi 1374ms (from cache)
78 silly pacote tag manifest for @types/nwsapi@ts3.6 fetched in 1376ms
79 http fetch GET 304 https://registry.npmjs.org/@types%2fon-headers 96ms (from cache)
80 silly pacote tag manifest for @types/on-headers@ts3.6 fetched in 99ms
81 http fetch GET 304 https://registry.npmjs.org/@types%2fnatural-compare 2087ms (from cache)
82 silly pacote tag manifest for @types/natural-compare@ts3.6 fetched in 2091ms
83 http fetch GET 304 https://registry.npmjs.org/@types%2fnext-tick 2037ms (from cache)
84 silly pacote tag manifest for @types/next-tick@ts3.6 fetched in 2040ms
85 http fetch GET 304 https://registry.npmjs.org/@types%2fpako 95ms (from cache)
86 silly pacote tag manifest for @types/pako@ts3.6 fetched in 97ms
87 http fetch GET 304 https://registry.npmjs.org/@types%2fon-finished 612ms (from cache)
88 silly pacote tag manifest for @types/on-finished@ts3.6 fetched in 614ms
89 http fetch GET 304 https://registry.npmjs.org/@types%2fparallel-transform 85ms (from cache)
90 silly pacote tag manifest for @types/parallel-transform@ts3.6 fetched in 87ms
91 http fetch GET 304 https://registry.npmjs.org/@types%2fparse-json 95ms (from cache)
92 silly pacote tag manifest for @types/parse-json@ts3.6 fetched in 97ms
93 http fetch GET 304 https://registry.npmjs.org/@types%2fparseurl 114ms (from cache)
94 silly pacote tag manifest for @types/parseurl@ts3.6 fetched in 116ms
95 http fetch GET 304 https://registry.npmjs.org/@types%2fnormalize-path 2121ms (from cache)
96 silly pacote tag manifest for @types/normalize-path@ts3.6 fetched in 2124ms
97 http fetch GET 304 https://registry.npmjs.org/@types%2fpascalcase 118ms (from cache)
98 silly pacote tag manifest for @types/pascalcase@ts3.6 fetched in 123ms
99 http fetch GET 304 https://registry.npmjs.org/@types%2fpath-is-absolute 96ms (from cache)
100 silly pacote tag manifest for @types/path-is-absolute@ts3.6 fetched in 100ms
101 http fetch GET 304 https://registry.npmjs.org/@types%2fnum2fraction 2357ms (from cache)
102 silly pacote tag manifest for @types/num2fraction@ts3.6 fetched in 2359ms
103 http fetch GET 304 https://registry.npmjs.org/@types%2fpath-is-inside 84ms (from cache)
104 silly pacote tag manifest for @types/path-is-inside@ts3.6 fetched in 86ms
105 http fetch GET 304 https://registry.npmjs.org/@types%2fpbkdf2 94ms (from cache)
106 silly pacote tag manifest for @types/pbkdf2@ts3.6 fetched in 98ms
107 http fetch GET 304 https://registry.npmjs.org/@types%2fpicomatch 106ms (from cache)
108 silly pacote tag manifest for @types/picomatch@ts3.6 fetched in 111ms
109 http fetch GET 304 https://registry.npmjs.org/@types%2fpify 122ms (from cache)
110 silly pacote tag manifest for @types/pify@ts3.6 fetched in 126ms
111 http fetch GET 304 https://registry.npmjs.org/@types%2fpostcss-flexbugs-fixes 155ms (from cache)
112 silly pacote tag manifest for @types/postcss-flexbugs-fixes@ts3.6 fetched in 159ms
113 http fetch GET 304 https://registry.npmjs.org/@types%2fobject-keys 2289ms (from cache)
114 http fetch GET 304 https://registry.npmjs.org/@types%2fobject.fromentries 2185ms (from cache)
115 silly pacote tag manifest for @types/object-keys@ts3.6 fetched in 2296ms
116 silly pacote tag manifest for @types/object.fromentries@ts3.6 fetched in 2193ms
117 http fetch GET 304 https://registry.npmjs.org/@types%2fobject.pick 2143ms (from cache)
118 silly pacote tag manifest for @types/object.pick@ts3.6 fetched in 2145ms
119 http fetch GET 304 https://registry.npmjs.org/@types%2fpostcss-modules-local-by-default 88ms (from cache)
120 silly pacote tag manifest for @types/postcss-modules-local-by-default@ts3.6 fetched in 91ms
121 http fetch GET 304 https://registry.npmjs.org/@types%2fpostcss-modules-scope 105ms (from cache)
122 silly pacote tag manifest for @types/postcss-modules-scope@ts3.6 fetched in 110ms
123 http fetch GET 304 https://registry.npmjs.org/@types%2fpostcss-modules-extract-imports 148ms (from cache)
124 silly pacote tag manifest for @types/postcss-modules-extract-imports@ts3.6 fetched in 150ms
125 http fetch GET 304 https://registry.npmjs.org/@types%2fonce 2077ms (from cache)
126 silly pacote tag manifest for @types/once@ts3.6 fetched in 2079ms
127 http fetch GET 304 https://registry.npmjs.org/@types%2fpostcss-modules-values 92ms (from cache)
128 silly pacote tag manifest for @types/postcss-modules-values@ts3.6 fetched in 94ms
129 http fetch GET 304 https://registry.npmjs.org/@types%2fpostcss-normalize 84ms (from cache)
130 silly pacote tag manifest for @types/postcss-normalize@ts3.6 fetched in 87ms
131 http fetch GET 304 https://registry.npmjs.org/@types%2foptimize-css-assets-webpack-plugin 2109ms (from cache)
132 silly pacote tag manifest for @types/optimize-css-assets-webpack-plugin@ts3.6 fetched in 2112ms
133 http fetch GET 200 https://registry.npmjs.org/@types%2fpostcss-preset-env 107ms
134 silly fetchPackageMetaData error for @types/postcss-preset-env@ts3.6 No matching version found for @types/postcss-preset-env@ts3.6.
135 http fetch GET 304 https://registry.npmjs.org/@types%2fprelude-ls 92ms (from cache)
136 silly pacote tag manifest for @types/prelude-ls@ts3.6 fetched in 94ms
137 http fetch GET 304 https://registry.npmjs.org/@types%2fprogress 113ms (from cache)
138 silly pacote tag manifest for @types/progress@ts3.6 fetched in 116ms
139 http fetch GET 304 https://registry.npmjs.org/@types%2fpath-parse 1353ms (from cache)
140 silly pacote tag manifest for @types/path-parse@ts3.6 fetched in 1357ms
141 http fetch GET 304 https://registry.npmjs.org/@types%2fprop-types 95ms (from cache)
142 silly pacote tag manifest for @types/prop-types@ts3.6 fetched in 98ms
143 http fetch GET 304 https://registry.npmjs.org/@types%2foriginal 2118ms (from cache)
144 silly pacote tag manifest for @types/original@ts3.6 fetched in 2120ms
145 http fetch GET 304 https://registry.npmjs.org/@types%2fpsl 92ms (from cache)
146 silly pacote tag manifest for @types/psl@ts3.6 fetched in 95ms
147 http fetch GET 304 https://registry.npmjs.org/@types%2fparse5 2069ms (from cache)
148 http fetch GET 304 https://registry.npmjs.org/@types%2fpumpify 105ms (from cache)
149 silly pacote tag manifest for @types/parse5@ts3.6 fetched in 2072ms
150 silly pacote tag manifest for @types/pumpify@ts3.6 fetched in 110ms
151 http fetch GET 304 https://registry.npmjs.org/@types%2fq 95ms (from cache)
152 silly pacote tag manifest for @types/q@ts3.6 fetched in 98ms
153 http fetch GET 304 https://registry.npmjs.org/@types%2fqs 88ms (from cache)
154 silly pacote tag manifest for @types/qs@ts3.6 fetched in 91ms
155 http fetch GET 200 https://registry.npmjs.org/@types%2fpath-browserify 2115ms
156 silly fetchPackageMetaData error for @types/path-browserify@ts3.6 No matching version found for @types/path-browserify@ts3.6.
157 http fetch GET 304 https://registry.npmjs.org/@types%2fpromise-inflight 635ms (from cache)
158 silly pacote tag manifest for @types/promise-inflight@ts3.6 fetched in 638ms
159 http fetch GET 304 https://registry.npmjs.org/@types%2fquerystringify 85ms (from cache)
160 silly pacote tag manifest for @types/querystringify@ts3.6 fetched in 86ms
161 http fetch GET 304 https://registry.npmjs.org/@types%2fraf 90ms (from cache)
162 silly pacote tag manifest for @types/raf@ts3.6 fetched in 92ms
163 http fetch GET 304 https://registry.npmjs.org/@types%2frange-parser 86ms (from cache)
164 silly pacote tag manifest for @types/range-parser@ts3.6 fetched in 88ms
165 http fetch GET 304 https://registry.npmjs.org/@types%2fprettier-linter-helpers 1325ms (from cache)
166 silly pacote tag manifest for @types/prettier-linter-helpers@ts3.6 fetched in 1328ms
167 http fetch GET 304 https://registry.npmjs.org/@types%2fpostcss-gap-properties 2038ms (from cache)
168 silly pacote tag manifest for @types/postcss-gap-properties@ts3.6 fetched in 2040ms
169 http fetch GET 304 https://registry.npmjs.org/@types%2freact-is 618ms (from cache)
170 silly pacote tag manifest for @types/react-is@ts3.6 fetched in 620ms
171 http fetch GET 304 https://registry.npmjs.org/@types%2freadable-stream 80ms (from cache)
172 silly pacote tag manifest for @types/readable-stream@ts3.6 fetched in 82ms
173 http fetch GET 304 https://registry.npmjs.org/@types%2fproxy-addr 1355ms (from cache)
174 silly pacote tag manifest for @types/proxy-addr@ts3.6 fetched in 1356ms
175 http fetch GET 304 https://registry.npmjs.org/@types%2frecursive-readdir 112ms (from cache)
176 silly pacote tag manifest for @types/recursive-readdir@ts3.6 fetched in 115ms
177 http fetch GET 304 https://registry.npmjs.org/@types%2fpump 1358ms (from cache)
178 silly pacote tag manifest for @types/pump@ts3.6 fetched in 1360ms
179 http fetch GET 200 https://registry.npmjs.org/@types%2fregex-not 82ms
180 silly fetchPackageMetaData error for @types/regex-not@ts3.6 No matching version found for @types/regex-not@ts3.6.
181 http fetch GET 304 https://registry.npmjs.org/@types%2frepeat-element 78ms (from cache)
182 silly pacote tag manifest for @types/repeat-element@ts3.6 fetched in 80ms
183 http fetch GET 304 https://registry.npmjs.org/@types%2frepeat-string 84ms (from cache)
184 silly pacote tag manifest for @types/repeat-string@ts3.6 fetched in 86ms
185 http fetch GET 304 https://registry.npmjs.org/@types%2frequest 83ms (from cache)
186 silly pacote tag manifest for @types/request@ts3.6 fetched in 87ms
187 http fetch GET 304 https://registry.npmjs.org/@types%2frequest-promise-native 84ms (from cache)
188 silly pacote tag manifest for @types/request-promise-native@ts3.6 fetched in 86ms
189 http fetch GET 304 https://registry.npmjs.org/@types%2fpostcss-safe-parser 2059ms (from cache)
190 silly pacote tag manifest for @types/postcss-safe-parser@ts3.6 fetched in 2061ms
191 http fetch GET 304 https://registry.npmjs.org/@types%2frequire-directory 78ms (from cache)
192 silly pacote tag manifest for @types/require-directory@ts3.6 fetched in 80ms
193 http fetch GET 304 https://registry.npmjs.org/@types%2frequire-from-string 104ms (from cache)
194 silly pacote tag manifest for @types/require-from-string@ts3.6 fetched in 106ms
195 http fetch GET 304 https://registry.npmjs.org/@types%2frequires-port 89ms (from cache)
196 silly pacote tag manifest for @types/requires-port@ts3.6 fetched in 91ms
197 http fetch GET 304 https://registry.npmjs.org/@types%2fprompts 2110ms (from cache)
198 silly pacote tag manifest for @types/prompts@ts3.6 fetched in 2112ms
199 http fetch GET 304 https://registry.npmjs.org/@types%2fresolve 88ms (from cache)
200 silly pacote tag manifest for @types/resolve@ts3.6 fetched in 90ms
201 http fetch GET 304 https://registry.npmjs.org/@types%2fretry 94ms (from cache)
202 silly pacote tag manifest for @types/retry@ts3.6 fetched in 96ms
203 http fetch GET 304 https://registry.npmjs.org/@types%2frimraf 93ms (from cache)
204 silly pacote tag manifest for @types/rimraf@ts3.6 fetched in 96ms
205 http fetch GET 304 https://registry.npmjs.org/@types%2fripemd160 80ms (from cache)
206 silly pacote tag manifest for @types/ripemd160@ts3.6 fetched in 81ms
207 http fetch GET 304 https://registry.npmjs.org/@types%2fsafe-regex 93ms (from cache)
208 silly pacote tag manifest for @types/safe-regex@ts3.6 fetched in 96ms
209 http fetch GET 304 https://registry.npmjs.org/@types%2fsafer-buffer 109ms (from cache)
210 silly pacote tag manifest for @types/safer-buffer@ts3.6 fetched in 111ms
211 http fetch GET 304 https://registry.npmjs.org/@types%2fpunycode 2120ms (from cache)
212 silly pacote tag manifest for @types/punycode@ts3.6 fetched in 2122ms
213 http fetch GET 304 https://registry.npmjs.org/@types%2fsane 104ms (from cache)
214 silly pacote tag manifest for @types/sane@ts3.6 fetched in 105ms
215 http fetch GET 304 https://registry.npmjs.org/@types%2fsass-loader 83ms (from cache)
216 silly pacote tag manifest for @types/sass-loader@ts3.6 fetched in 84ms
217 http fetch GET 304 https://registry.npmjs.org/@types%2fscheduler 82ms (from cache)
218 silly pacote tag manifest for @types/scheduler@ts3.6 fetched in 84ms
219 http fetch GET 304 https://registry.npmjs.org/@types%2frandombytes 2113ms (from cache)
220 silly pacote tag manifest for @types/randombytes@ts3.6 fetched in 2122ms
221 http fetch GET 200 https://registry.npmjs.org/@types%2fselfsigned 91ms
222 silly fetchPackageMetaData error for @types/selfsigned@ts3.6 No matching version found for @types/selfsigned@ts3.6.
223 http fetch GET 200 https://registry.npmjs.org/@types%2freact-dev-utils 2063ms
224 silly pacote tag manifest for @types/react-dev-utils@ts3.6 fetched in 2066ms
225 http fetch GET 304 https://registry.npmjs.org/@types%2fsemver 92ms (from cache)
226 silly pacote tag manifest for @types/semver@ts3.6 fetched in 95ms
227 http fetch GET 304 https://registry.npmjs.org/@types%2frelateurl 1334ms (from cache)
228 silly pacote tag manifest for @types/relateurl@ts3.6 fetched in 1336ms
229 http fetch GET 304 https://registry.npmjs.org/@types%2fserve-index 94ms (from cache)
230 silly pacote tag manifest for @types/serve-index@ts3.6 fetched in 97ms
231 http fetch GET 304 https://registry.npmjs.org/@types%2fserve-static 113ms (from cache)
232 silly pacote tag manifest for @types/serve-static@ts3.6 fetched in 116ms
233 http fetch GET 304 https://registry.npmjs.org/@types%2fset-value 103ms (from cache)
234 silly pacote tag manifest for @types/set-value@ts3.6 fetched in 108ms
235 http fetch GET 304 https://registry.npmjs.org/@types%2fsend 618ms (from cache)
236 silly pacote tag manifest for @types/send@ts3.6 fetched in 620ms
237 http fetch GET 304 https://registry.npmjs.org/@types%2freact-router 2167ms (from cache)
238 silly pacote tag manifest for @types/react-router@ts3.6 fetched in 2170ms
239 http fetch GET 304 https://registry.npmjs.org/@types%2fsha.js 80ms (from cache)
240 silly pacote tag manifest for @types/sha.js@ts3.6 fetched in 86ms
241 http fetch GET 200 https://registry.npmjs.org/@types%2fregenerate 2066ms
242 silly fetchPackageMetaData error for @types/regenerate@ts3.6 No matching version found for @types/regenerate@ts3.6.
243 http fetch GET 304 https://registry.npmjs.org/@types%2frsvp 1341ms (from cache)
244 silly pacote tag manifest for @types/rsvp@ts3.6 fetched in 1342ms
245 http fetch GET 304 https://registry.npmjs.org/@types%2fshebang-command 88ms (from cache)
246 silly pacote tag manifest for @types/shebang-command@ts3.6 fetched in 91ms
247 http fetch GET 304 https://registry.npmjs.org/@types%2fshell-quote 91ms (from cache)
248 silly pacote tag manifest for @types/shell-quote@ts3.6 fetched in 95ms
249 http fetch GET 304 https://registry.npmjs.org/@types%2fregenerator-runtime 2133ms (from cache)
250 silly pacote tag manifest for @types/regenerator-runtime@ts3.6 fetched in 2136ms
251 http fetch GET 304 https://registry.npmjs.org/@types%2fsignal-exit 114ms (from cache)
252 silly pacote tag manifest for @types/signal-exit@ts3.6 fetched in 126ms
253 http fetch GET 304 https://registry.npmjs.org/@types%2fsimple-swizzle 104ms (from cache)
254 silly registry:manifest no matching version for @types/simple-swizzle@ts3.6 in the cache. Forcing revalidation.
255 http fetch GET 304 https://registry.npmjs.org/@types%2fslice-ansi 105ms (from cache)
256 silly pacote tag manifest for @types/slice-ansi@ts3.6 fetched in 107ms
257 http fetch GET 304 https://registry.npmjs.org/@types%2fsockjs 93ms (from cache)
258 silly pacote tag manifest for @types/sockjs@ts3.6 fetched in 95ms
259 http fetch GET 304 https://registry.npmjs.org/@types%2fsource-list-map 91ms (from cache)
260 silly pacote tag manifest for @types/source-list-map@ts3.6 fetched in 93ms
261 http fetch GET 200 https://registry.npmjs.org/@types%2fsimple-swizzle 83ms
262 silly fetchPackageMetaData error for @types/simple-swizzle@ts3.6 No matching version found for @types/simple-swizzle@ts3.6.
263 http fetch GET 304 https://registry.npmjs.org/@types%2fspdx-correct 77ms (from cache)
264 silly pacote tag manifest for @types/spdx-correct@ts3.6 fetched in 80ms
265 http fetch GET 304 https://registry.npmjs.org/@types%2fspdx-expression-parse 79ms (from cache)
266 silly pacote tag manifest for @types/spdx-expression-parse@ts3.6 fetched in 81ms
267 http fetch GET 304 https://registry.npmjs.org/@types%2fsprintf 78ms (from cache)
268 silly pacote tag manifest for @types/sprintf@ts3.6 fetched in 80ms
269 http fetch GET 304 https://registry.npmjs.org/@types%2fsprintf-js 106ms (from cache)
270 silly pacote tag manifest for @types/sprintf-js@ts3.6 fetched in 108ms
271 http fetch GET 304 https://registry.npmjs.org/@types%2fsshpk 84ms (from cache)
272 silly pacote tag manifest for @types/sshpk@ts3.6 fetched in 86ms
273 http fetch GET 304 https://registry.npmjs.org/@types%2fstack-utils 88ms (from cache)
274 silly pacote tag manifest for @types/stack-utils@ts3.6 fetched in 90ms
275 http fetch GET 304 https://registry.npmjs.org/@types%2fstatuses 98ms (from cache)
276 silly pacote tag manifest for @types/statuses@ts3.6 fetched in 100ms
277 http fetch GET 304 https://registry.npmjs.org/@types%2fserialize-javascript 1330ms (from cache)
278 silly pacote tag manifest for @types/serialize-javascript@ts3.6 fetched in 1332ms
279 http fetch GET 304 https://registry.npmjs.org/@types%2fstream-each 85ms (from cache)
280 silly pacote tag manifest for @types/stream-each@ts3.6 fetched in 88ms
281 http fetch GET 304 https://registry.npmjs.org/@types%2fstrict-uri-encode 101ms (from cache)
282 http fetch GET 304 https://registry.npmjs.org/@types%2frun-parallel 2080ms (from cache)
283 silly pacote tag manifest for @types/strict-uri-encode@ts3.6 fetched in 103ms
284 silly pacote tag manifest for @types/run-parallel@ts3.6 fetched in 2085ms
285 http fetch GET 304 https://registry.npmjs.org/@types%2fstring-natural-compare 84ms (from cache)
286 silly pacote tag manifest for @types/string-natural-compare@ts3.6 fetched in 86ms
287 http fetch GET 304 https://registry.npmjs.org/@types%2fsax 2052ms (from cache)
288 silly pacote tag manifest for @types/sax@ts3.6 fetched in 2054ms
289 http fetch GET 304 https://registry.npmjs.org/@types%2fsemver-compare 2072ms (from cache)
290 silly pacote tag manifest for @types/semver-compare@ts3.6 fetched in 2075ms
291 http fetch GET 304 https://registry.npmjs.org/@types%2fsource-map-support 1323ms (from cache)
292 silly pacote tag manifest for @types/source-map-support@ts3.6 fetched in 1326ms
293 http fetch GET 304 https://registry.npmjs.org/@types%2fsupports-color 88ms (from cache)
294 silly pacote tag manifest for @types/supports-color@ts3.6 fetched in 90ms
295 http fetch GET 304 https://registry.npmjs.org/@types%2fsetimmediate 2083ms (from cache)
296 silly pacote tag manifest for @types/setimmediate@ts3.6 fetched in 2085ms
297 http fetch GET 304 https://registry.npmjs.org/@types%2fstream-shift 1365ms (from cache)
298 silly pacote tag manifest for @types/stream-shift@ts3.6 fetched in 1367ms
299 http fetch GET 304 https://registry.npmjs.org/@types%2fsvg-parser 634ms (from cache)
300 silly pacote tag manifest for @types/svg-parser@ts3.6 fetched in 636ms
301 http fetch GET 304 https://registry.npmjs.org/@types%2fsockjs-client 2099ms (from cache)
302 silly pacote tag manifest for @types/sockjs-client@ts3.6 fetched in 2102ms
303 http fetch GET 304 https://registry.npmjs.org/@types%2fspdy 2042ms (from cache)
304 silly pacote tag manifest for @types/spdy@ts3.6 fetched in 2044ms
305 http fetch GET 304 https://registry.npmjs.org/@types%2ftapable 86ms (from cache)
306 silly pacote tag manifest for @types/tapable@ts3.6 fetched in 88ms
307 http fetch GET 304 https://registry.npmjs.org/@types%2ftext-table 85ms (from cache)
308 silly pacote tag manifest for @types/text-table@ts3.6 fetched in 87ms
309 http fetch GET 304 https://registry.npmjs.org/@types%2fthrough 87ms (from cache)
310 silly pacote tag manifest for @types/through@ts3.6 fetched in 90ms
311 http fetch GET 304 https://registry.npmjs.org/@types%2fthrough2 80ms (from cache)
312 silly pacote tag manifest for @types/through2@ts3.6 fetched in 82ms
313 http fetch GET 304 https://registry.npmjs.org/@types%2fssri 2051ms (from cache)
314 silly pacote tag manifest for @types/ssri@ts3.6 fetched in 2052ms
315 http fetch GET 304 https://registry.npmjs.org/@types%2ftimsort 79ms (from cache)
316 silly pacote tag manifest for @types/timsort@ts3.6 fetched in 81ms
317 http fetch GET 304 https://registry.npmjs.org/@types%2ftmpl 91ms (from cache)
318 silly registry:manifest no matching version for @types/tmpl@ts3.6 in the cache. Forcing revalidation.
319 http fetch GET 304 https://registry.npmjs.org/@types%2fto-regex 86ms (from cache)
320 silly registry:manifest no matching version for @types/to-regex@ts3.6 in the cache. Forcing revalidation.
321 http fetch GET 200 https://registry.npmjs.org/@types%2ftmpl 85ms
322 silly fetchPackageMetaData error for @types/tmpl@ts3.6 No matching version found for @types/tmpl@ts3.6.
323 http fetch GET 304 https://registry.npmjs.org/@types%2fstring.prototype.matchall 2115ms (from cache)
324 silly pacote tag manifest for @types/string.prototype.matchall@ts3.6 fetched in 2118ms
325 http fetch GET 304 https://registry.npmjs.org/@types%2fstringify-object 2073ms (from cache)
326 silly pacote tag manifest for @types/stringify-object@ts3.6 fetched in 2075ms
327 http fetch GET 304 https://registry.npmjs.org/@types%2ftough-cookie 109ms (from cache)
328 silly pacote tag manifest for @types/tough-cookie@ts3.6 fetched in 115ms
329 http fetch GET 304 https://registry.npmjs.org/@types%2ftryer 91ms (from cache)
330 silly pacote tag manifest for @types/tryer@ts3.6 fetched in 94ms
331 http fetch GET 304 https://registry.npmjs.org/@types%2ftype-check 84ms (from cache)
332 silly pacote tag manifest for @types/type-check@ts3.6 fetched in 87ms
333 http fetch GET 304 https://registry.npmjs.org/@types%2ftype-detect 83ms (from cache)
334 silly pacote tag manifest for @types/type-detect@ts3.6 fetched in 85ms
335 http fetch GET 304 https://registry.npmjs.org/@types%2ftype-is 90ms (from cache)
336 silly pacote tag manifest for @types/type-is@ts3.6 fetched in 95ms
337 http fetch GET 304 https://registry.npmjs.org/@types%2ftypedarray-to-buffer 88ms (from cache)
338 silly registry:manifest no matching version for @types/typedarray-to-buffer@ts3.6 in the cache. Forcing revalidation.
339 http fetch GET 304 https://registry.npmjs.org/@types%2fstrip-comments 2142ms (from cache)
340 silly pacote tag manifest for @types/strip-comments@ts3.6 fetched in 2144ms
341 http fetch GET 304 https://registry.npmjs.org/@types%2funiversalify 92ms (from cache)
342 silly pacote tag manifest for @types/universalify@ts3.6 fetched in 94ms
343 http fetch GET 304 https://registry.npmjs.org/@types%2fstrip-final-newline 2043ms (from cache)
344 silly pacote tag manifest for @types/strip-final-newline@ts3.6 fetched in 2044ms
345 http fetch GET 304 https://registry.npmjs.org/@types%2fthunky 1357ms (from cache)
346 silly pacote tag manifest for @types/thunky@ts3.6 fetched in 1361ms
347 http fetch GET 304 https://registry.npmjs.org/@types%2futil-deprecate 89ms (from cache)
348 silly pacote tag manifest for @types/util-deprecate@ts3.6 fetched in 92ms
349 http fetch GET 304 https://registry.npmjs.org/@types%2fsvgo 2070ms (from cache)
350 silly pacote tag manifest for @types/svgo@ts3.6 fetched in 2072ms
351 http fetch GET 304 https://registry.npmjs.org/@types%2furix 590ms (from cache)
352 silly pacote tag manifest for @types/urix@ts3.6 fetched in 592ms
353 http fetch GET 200 https://registry.npmjs.org/@types%2fto-regex 1355ms
354 silly fetchPackageMetaData error for @types/to-regex@ts3.6 No matching version found for @types/to-regex@ts3.6.
355 http fetch GET 304 https://registry.npmjs.org/@types%2futils-merge 95ms (from cache)
356 silly pacote tag manifest for @types/utils-merge@ts3.6 fetched in 98ms
357 http fetch GET 304 https://registry.npmjs.org/@types%2fvary 96ms (from cache)
358 silly pacote tag manifest for @types/vary@ts3.6 fetched in 100ms
359 http fetch GET 304 https://registry.npmjs.org/@types%2fverror 92ms (from cache)
360 silly pacote tag manifest for @types/verror@ts3.6 fetched in 97ms
361 http fetch GET 304 https://registry.npmjs.org/@types%2fw3c-hr-time 84ms (from cache)
362 silly pacote tag manifest for @types/w3c-hr-time@ts3.6 fetched in 85ms
363 http fetch GET 304 https://registry.npmjs.org/@types%2fsymbol-tree 2120ms (from cache)
364 silly pacote tag manifest for @types/symbol-tree@ts3.6 fetched in 2123ms
365 http fetch GET 304 https://registry.npmjs.org/@types%2fwatchpack 86ms (from cache)
366 silly pacote tag manifest for @types/watchpack@ts3.6 fetched in 89ms
367 http fetch GET 304 https://registry.npmjs.org/@types%2fwebidl-conversions 86ms (from cache)
368 silly pacote tag manifest for @types/webidl-conversions@ts3.6 fetched in 88ms
369 http fetch GET 304 https://registry.npmjs.org/@types%2ftar 2098ms (from cache)
370 silly pacote tag manifest for @types/tar@ts3.6 fetched in 2100ms
371 http fetch GET 304 https://registry.npmjs.org/@types%2fwebpack 100ms (from cache)
372 silly pacote tag manifest for @types/webpack@ts3.6 fetched in 104ms
373 http fetch GET 304 https://registry.npmjs.org/@types%2fwebpack-sources 93ms (from cache)
374 silly pacote tag manifest for @types/webpack-sources@ts3.6 fetched in 95ms
375 http fetch GET 304 https://registry.npmjs.org/@types%2fwhatwg-encoding 93ms (from cache)
376 silly pacote tag manifest for @types/whatwg-encoding@ts3.6 fetched in 96ms
377 http fetch GET 304 https://registry.npmjs.org/@types%2fwhatwg-url 99ms (from cache)
378 silly pacote tag manifest for @types/whatwg-url@ts3.6 fetched in 102ms
379 http fetch GET 200 https://registry.npmjs.org/@types%2ftypedarray-to-buffer 1322ms
380 silly fetchPackageMetaData error for @types/typedarray-to-buffer@ts3.6 No matching version found for @types/typedarray-to-buffer@ts3.6.
381 http fetch GET 304 https://registry.npmjs.org/@types%2fwhich 98ms (from cache)
382 silly pacote tag manifest for @types/which@ts3.6 fetched in 100ms
383 http fetch GET 304 https://registry.npmjs.org/@types%2fwhich-pm-runs 87ms (from cache)
384 silly pacote tag manifest for @types/which-pm-runs@ts3.6 fetched in 91ms
385 http fetch GET 304 https://registry.npmjs.org/@types%2fworkbox-build 80ms (from cache)
386 silly pacote tag manifest for @types/workbox-build@ts3.6 fetched in 83ms
387 http fetch GET 304 https://registry.npmjs.org/@types%2fworkbox-sw 86ms (from cache)
388 silly pacote tag manifest for @types/workbox-sw@ts3.6 fetched in 88ms
389 http fetch GET 304 https://registry.npmjs.org/@types%2fworkbox-webpack-plugin 121ms (from cache)
390 silly pacote tag manifest for @types/workbox-webpack-plugin@ts3.6 fetched in 125ms
391 http fetch GET 304 https://registry.npmjs.org/@types%2fwrap-ansi 123ms (from cache)
392 http fetch GET 304 https://registry.npmjs.org/@types%2fto-regex-range 2228ms (from cache)
393 silly registry:manifest no matching version for @types/to-regex-range@ts3.6 in the cache. Forcing revalidation.
394 silly pacote tag manifest for @types/wrap-ansi@ts3.6 fetched in 127ms
395 http fetch GET 304 https://registry.npmjs.org/@types%2fwrite-file-atomic 79ms (from cache)
396 silly pacote tag manifest for @types/write-file-atomic@ts3.6 fetched in 81ms
397 http fetch GET 304 https://registry.npmjs.org/@types%2fws 93ms (from cache)
398 silly pacote tag manifest for @types/ws@ts3.6 fetched in 98ms
399 http fetch GET 304 https://registry.npmjs.org/@types%2fxml-name-validator 81ms (from cache)
400 silly registry:manifest no matching version for @types/xml-name-validator@ts3.6 in the cache. Forcing revalidation.
401 http fetch GET 304 https://registry.npmjs.org/@types%2fxtend 85ms (from cache)
402 silly pacote tag manifest for @types/xtend@ts3.6 fetched in 87ms
403 http fetch GET 304 https://registry.npmjs.org/@types%2funiq 2104ms (from cache)
404 http fetch GET 304 https://registry.npmjs.org/@types%2fvalidate-npm-package-license 1390ms (from cache)
405 silly pacote tag manifest for @types/uniq@ts3.6 fetched in 2107ms
406 silly pacote tag manifest for @types/validate-npm-package-license@ts3.6 fetched in 1394ms
407 http fetch GET 304 https://registry.npmjs.org/@types%2furl-parse 2043ms (from cache)
408 silly pacote tag manifest for @types/url-parse@ts3.6 fetched in 2046ms
409 http fetch GET 304 https://registry.npmjs.org/@types%2fyargs-parser 99ms (from cache)
410 http fetch GET 304 https://registry.npmjs.org/@types%2fyargs 102ms (from cache)
411 silly pacote tag manifest for @types/yargs-parser@ts3.6 fetched in 103ms
412 silly pacote tag manifest for @types/yargs@ts3.6 fetched in 106ms
413 http fetch GET 304 https://registry.npmjs.org/@types%2fwebpack-manifest-plugin 1377ms (from cache)
414 silly pacote tag manifest for @types/webpack-manifest-plugin@ts3.6 fetched in 1379ms
415 http fetch GET 304 https://registry.npmjs.org/@types%2fwhatwg-mimetype 1357ms (from cache)
416 silly pacote tag manifest for @types/whatwg-mimetype@ts3.6 fetched in 1361ms
417 http fetch GET 304 https://registry.npmjs.org/@types%2futil.promisify 2122ms (from cache)
418 silly pacote tag manifest for @types/util.promisify@ts3.6 fetched in 2126ms
419 http fetch GET 304 https://registry.npmjs.org/@types%2fw3c-xmlserializer 2087ms (from cache)
420 silly pacote tag manifest for @types/w3c-xmlserializer@ts3.6 fetched in 2093ms
421 http fetch GET 200 https://registry.npmjs.org/@types%2fto-regex-range 2051ms
422 silly fetchPackageMetaData error for @types/to-regex-range@ts3.6 No matching version found for @types/to-regex-range@ts3.6.
423 http fetch GET 200 https://registry.npmjs.org/@types%2fxml-name-validator 2119ms
424 silly fetchPackageMetaData error for @types/xml-name-validator@ts3.6 No matching version found for @types/xml-name-validator@ts3.6.
425 http fetch GET 304 https://registry.npmjs.org/@types%2fyallist 2090ms (from cache)
426 silly pacote tag manifest for @types/yallist@ts3.6 fetched in 2093ms
427 timing stage:rollbackFailedOptional Completed in 1ms
428 timing stage:runTopLevelLifecycles Completed in 17175ms
429 verbose type tag
430 verbose stack @types/postcss-preset-env: No matching version found for @types/postcss-preset-env@ts3.6.
430 verbose stack     at pickManifest (/usr/local/lib/node_modules/npm/node_modules/npm-pick-manifest/index.js:122:13)
430 verbose stack     at /usr/local/lib/node_modules/npm/node_modules/pacote/lib/fetchers/registry/manifest.js:24:14
430 verbose stack     at tryCatcher (/usr/local/lib/node_modules/npm/node_modules/bluebird/js/release/util.js:16:23)
430 verbose stack     at Promise._settlePromiseFromHandler (/usr/local/lib/node_modules/npm/node_modules/bluebird/js/release/promise.js:517:31)
430 verbose stack     at Promise._settlePromise (/usr/local/lib/node_modules/npm/node_modules/bluebird/js/release/promise.js:574:18)
430 verbose stack     at Promise._settlePromise0 (/usr/local/lib/node_modules/npm/node_modules/bluebird/js/release/promise.js:619:10)
430 verbose stack     at Promise._settlePromises (/usr/local/lib/node_modules/npm/node_modules/bluebird/js/release/promise.js:699:18)
430 verbose stack     at _drainQueueStep (/usr/local/lib/node_modules/npm/node_modules/bluebird/js/release/async.js:138:12)
430 verbose stack     at _drainQueue (/usr/local/lib/node_modules/npm/node_modules/bluebird/js/release/async.js:131:9)
430 verbose stack     at Async._drainQueues (/usr/local/lib/node_modules/npm/node_modules/bluebird/js/release/async.js:147:5)
430 verbose stack     at Immediate.Async.drainQueues [as _onImmediate] (/usr/local/lib/node_modules/npm/node_modules/bluebird/js/release/async.js:17:14)
430 verbose stack     at processImmediate (internal/timers.js:456:21)
431 verbose cwd /home/theia/.cache/typescript/3.6
432 verbose Linux 5.4.72-microsoft-standard-WSL2
433 verbose argv "/usr/local/bin/node" "/usr/local/bin/npm" "install" "--ignore-scripts" "@types/lodash.memoize@ts3.6" "@types/lodash.template@ts3.6" "@types/lodash.truncate@ts3.6" "@types/lodash.uniq@ts3.6" "@types/lz-string@ts3.6" "@types/media-typer@ts3.6" "@types/memory-fs@ts3.6" "@types/memorystream@ts3.6" "@types/merge-descriptors@ts3.6" "@types/merge-stream@ts3.6" "@types/merge2@ts3.6" "@types/methods@ts3.6" "@types/micromatch@ts3.6" "@types/mime@ts3.6" "@types/mime-db@ts3.6" "@types/mime-types@ts3.6" "@types/min-indent@ts3.6" "@types/minimalistic-assert@ts3.6" "@types/minimatch@ts3.6" "@types/minimist@ts3.6" "@types/minipass@ts3.6" "@types/minizlib@ts3.6" "@types/mkdirp@ts3.6" "@types/move-concurrently@ts3.6" "@types/ms@ts3.6" "@types/multicast-dns@ts3.6" "@types/natural-compare@ts3.6" "@types/negotiator@ts3.6" "@types/next-tick@ts3.6" "@types/nice-try@ts3.6" "@types/node-forge@ts3.6" "@types/node-int64@ts3.6" "@types/node-notifier@ts3.6" "@types/normalize-package-data@ts3.6" "@types/normalize-path@ts3.6" "@types/num2fraction@ts3.6" "@types/nwsapi@ts3.6" "@types/object-assign@ts3.6" "@types/object-inspect@ts3.6" "@types/object-keys@ts3.6" "@types/object.fromentries@ts3.6" "@types/object.getownpropertydescriptors@ts3.6" "@types/object.pick@ts3.6" "@types/on-finished@ts3.6" "@types/on-headers@ts3.6" "@types/once@ts3.6" "@types/optimize-css-assets-webpack-plugin@ts3.6" "@types/original@ts3.6" "@types/pako@ts3.6" "@types/parallel-transform@ts3.6" "@types/parse-json@ts3.6" "@types/parse5@ts3.6" "@types/parseurl@ts3.6" "@types/pascalcase@ts3.6" "@types/path-browserify@ts3.6" "@types/path-is-absolute@ts3.6" "@types/path-is-inside@ts3.6" "@types/path-parse@ts3.6" "@types/pbkdf2@ts3.6" "@types/picomatch@ts3.6" "@types/pify@ts3.6" "@types/postcss-flexbugs-fixes@ts3.6" "@types/postcss-gap-properties@ts3.6" "@types/postcss-modules-extract-imports@ts3.6" "@types/postcss-modules-local-by-default@ts3.6" "@types/postcss-modules-scope@ts3.6" "@types/postcss-modules-values@ts3.6" "@types/postcss-normalize@ts3.6" "@types/postcss-preset-env@ts3.6" "@types/postcss-safe-parser@ts3.6" "@types/prelude-ls@ts3.6" "@types/prettier-linter-helpers@ts3.6" "@types/progress@ts3.6" "@types/promise-inflight@ts3.6" "@types/prompts@ts3.6" "@types/prop-types@ts3.6" "@types/proxy-addr@ts3.6" "@types/psl@ts3.6" "@types/pump@ts3.6" "@types/pumpify@ts3.6" "@types/punycode@ts3.6" "@types/q@ts3.6" "@types/qs@ts3.6" "@types/querystringify@ts3.6" "@types/raf@ts3.6" "@types/randombytes@ts3.6" "@types/range-parser@ts3.6" "@types/react-dev-utils@ts3.6" "@types/react-is@ts3.6" "@types/react-router@ts3.6" "@types/readable-stream@ts3.6" "@types/recursive-readdir@ts3.6" "@types/regenerate@ts3.6" "@types/regenerator-runtime@ts3.6" "@types/regex-not@ts3.6" "@types/relateurl@ts3.6" "@types/repeat-element@ts3.6" "@types/repeat-string@ts3.6" "@types/request@ts3.6" "@types/request-promise-native@ts3.6" "@types/require-directory@ts3.6" "@types/require-from-string@ts3.6" "@types/requires-port@ts3.6" "@types/resolve@ts3.6" "@types/retry@ts3.6" "@types/rimraf@ts3.6" "@types/ripemd160@ts3.6" "@types/rsvp@ts3.6" "@types/run-parallel@ts3.6" "@types/safe-regex@ts3.6" "@types/safer-buffer@ts3.6" "@types/sane@ts3.6" "@types/sass-loader@ts3.6" "@types/sax@ts3.6" "@types/scheduler@ts3.6" "@types/selfsigned@ts3.6" "@types/semver@ts3.6" "@types/semver-compare@ts3.6" "@types/send@ts3.6" "@types/serialize-javascript@ts3.6" "@types/serve-index@ts3.6" "@types/serve-static@ts3.6" "@types/set-value@ts3.6" "@types/setimmediate@ts3.6" "@types/sha.js@ts3.6" "@types/shebang-command@ts3.6" "@types/shell-quote@ts3.6" "@types/signal-exit@ts3.6" "@types/simple-swizzle@ts3.6" "@types/slice-ansi@ts3.6" "@types/sockjs@ts3.6" "@types/sockjs-client@ts3.6" "@types/source-list-map@ts3.6" "@types/source-map-support@ts3.6" "@types/spdx-correct@ts3.6" "@types/spdx-expression-parse@ts3.6" "@types/spdy@ts3.6" "@types/sprintf@ts3.6" "@types/sprintf-js@ts3.6" "@types/sshpk@ts3.6" "@types/ssri@ts3.6" "@types/stack-utils@ts3.6" "@types/statuses@ts3.6" "@types/stream-each@ts3.6" "@types/stream-shift@ts3.6" "@types/strict-uri-encode@ts3.6" "@types/string-natural-compare@ts3.6" "@types/string.prototype.matchall@ts3.6" "@types/stringify-object@ts3.6" "@types/strip-comments@ts3.6" "@types/strip-final-newline@ts3.6" "@types/supports-color@ts3.6" "@types/svg-parser@ts3.6" "@types/svgo@ts3.6" "@types/symbol-tree@ts3.6" "@types/tapable@ts3.6" "@types/tar@ts3.6" "@types/text-table@ts3.6" "@types/through@ts3.6" "@types/through2@ts3.6" "@types/thunky@ts3.6" "@types/timsort@ts3.6" "@types/tmpl@ts3.6" "@types/to-regex@ts3.6" "@types/to-regex-range@ts3.6" "@types/tough-cookie@ts3.6" "@types/tryer@ts3.6" "@types/type-check@ts3.6" "@types/type-detect@ts3.6" "@types/type-is@ts3.6" "@types/typedarray-to-buffer@ts3.6" "@types/uniq@ts3.6" "@types/universalify@ts3.6" "@types/urix@ts3.6" "@types/url-parse@ts3.6" "@types/util-deprecate@ts3.6" "@types/util.promisify@ts3.6" "@types/utils-merge@ts3.6" "@types/validate-npm-package-license@ts3.6" "@types/vary@ts3.6" "@types/verror@ts3.6" "@types/w3c-hr-time@ts3.6" "@types/w3c-xmlserializer@ts3.6" "@types/watchpack@ts3.6" "@types/webidl-conversions@ts3.6" "@types/webpack@ts3.6" "@types/webpack-manifest-plugin@ts3.6" "@types/webpack-sources@ts3.6" "@types/whatwg-encoding@ts3.6" "@types/whatwg-mimetype@ts3.6" "@types/whatwg-url@ts3.6" "@types/which@ts3.6" "@types/which-pm-runs@ts3.6" "@types/workbox-build@ts3.6" "@types/workbox-sw@ts3.6" "@types/workbox-webpack-plugin@ts3.6" "@types/wrap-ansi@ts3.6" "@types/write-file-atomic@ts3.6" "@types/ws@ts3.6" "@types/xml-name-validator@ts3.6" "@types/xtend@ts3.6" "@types/yallist@ts3.6" "@types/yargs@ts3.6" "@types/yargs-parser@ts3.6" "--save-dev" "--user-agent=typesInstaller/3.6.3"
434 verbose node v12.18.3
435 verbose npm  v6.14.6
436 error code ETARGET
437 error notarget No matching version found for @types/postcss-preset-env@ts3.6.
438 error notarget In most cases you or one of your dependencies are requesting
438 error notarget a package version that doesn't exist.
439 verbose exit [ 1, true ]
